2026-01-21 15:20:35,341 - [INFO] - [DATA] Loaded 17 items.
2026-01-21 15:20:35,357 - [INFO] - [DATA] Loaded 110 tiles.
2026-01-21 15:20:35,357 - [INFO] - [DATA] Loaded 5 roles.
2026-01-21 15:20:35,619 - [INFO] - [SYSTEM] Game Engine Initializing...
2026-01-21 15:20:35,730 - [INFO] - [SYSTEM] Engine Loop Started
2026-01-21 15:20:42,826 - [INFO] - [PLAY] Entering PlayState...
2026-01-21 15:20:42,865 - [INFO] - [PLAYER] Initialized at (1600, 1600) Role: CITIZEN
2026-01-21 15:20:42,865 - [INFO] - [PLAYER] Role changed to SPECTATOR (None)
2026-01-21 15:20:42,915 - [INFO] - [NET] Auto-connecting to local server...
2026-01-21 15:20:42,917 - [INFO] - [NET] Connected! Initializing Spectator Mode...
2026-01-21 15:20:43,185 - [INFO] - [SYNC] Removed entity 1 (Not in server)
2026-01-21 15:20:43,190 - [INFO] - [SYNC] Removed entity 2 (Not in server)
2026-01-21 15:20:43,196 - [INFO] - [SYNC] Removed entity 3 (Not in server)
2026-01-21 15:20:43,201 - [INFO] - [SYNC] Removed entity 4 (Not in server)
2026-01-21 15:20:43,206 - [INFO] - [SYNC] Removed entity 5 (Not in server)
2026-01-21 15:20:43,212 - [INFO] - [SYNC] Removed entity 6 (Not in server)
2026-01-21 15:20:43,218 - [INFO] - [SYNC] Removed entity 7 (Not in server)
2026-01-21 15:20:43,224 - [INFO] - [SYNC] Removed entity 8 (Not in server)
2026-01-21 15:20:43,229 - [INFO] - [SYNC] Removed entity 9 (Not in server)
2026-01-21 15:20:43,235 - [INFO] - [SYNC] Removed entity 10 (Not in server)
2026-01-21 15:20:43,240 - [INFO] - [SYNC] Removed entity 11 (Not in server)
2026-01-21 15:20:43,245 - [INFO] - [SYNC] Removed entity 12 (Not in server)
2026-01-21 15:20:43,251 - [INFO] - [SYNC] Removed entity 13 (Not in server)
2026-01-21 15:20:43,257 - [INFO] - [SYNC] Removed entity 14 (Not in server)
2026-01-21 15:20:43,259 - [INFO] - [SYNC] Removed entity 15 (Not in server)
2026-01-21 15:20:43,264 - [INFO] - [SYNC] Added entity 0 (Player 1)
2026-01-21 15:20:43,266 - [INFO] - [SYNC] Added entity 0 (Player 1)
2026-01-21 15:20:43,267 - [INFO] - [SYNC] Added entity 1 (Bot 1)
2026-01-21 15:20:43,267 - [INFO] - [SYNC] Added entity 0 (Player 1)
2026-01-21 15:20:43,267 - [INFO] - [SYNC] Added entity 1 (Bot 1)
2026-01-21 15:20:43,267 - [INFO] - [SYNC] Added entity 2 (Bot 2)
2026-01-21 15:20:43,267 - [INFO] - [SYNC] Added entity 0 (Player 1)
2026-01-21 15:20:43,267 - [INFO] - [SYNC] Added entity 1 (Bot 1)
2026-01-21 15:20:43,268 - [INFO] - [SYNC] Added entity 2 (Bot 2)
2026-01-21 15:20:43,268 - [INFO] - [SYNC] Added entity 3 (Bot 3)
2026-01-21 15:20:43,268 - [INFO] - [SYNC] Added entity 0 (Player 1)
2026-01-21 15:20:43,268 - [INFO] - [SYNC] Added entity 1 (Bot 1)
2026-01-21 15:20:43,268 - [INFO] - [SYNC] Added entity 2 (Bot 2)
2026-01-21 15:20:43,269 - [INFO] - [SYNC] Added entity 3 (Bot 3)
2026-01-21 15:20:43,269 - [INFO] - [SYNC] Added entity 4 (Bot 4)
2026-01-21 15:20:43,270 - [INFO] - [SYNC] Added entity 0 (Player 1)
2026-01-21 15:20:43,270 - [INFO] - [SYNC] Added entity 1 (Bot 1)
2026-01-21 15:20:43,270 - [INFO] - [SYNC] Added entity 2 (Bot 2)
2026-01-21 15:20:43,271 - [INFO] - [SYNC] Added entity 3 (Bot 3)
2026-01-21 15:20:43,271 - [INFO] - [SYNC] Added entity 4 (Bot 4)
2026-01-21 15:20:43,271 - [INFO] - [SYNC] Added entity 5 (Bot 5)
2026-01-21 15:20:43,272 - [INFO] - [SYNC] Added entity 0 (Player 1)
2026-01-21 15:20:43,272 - [INFO] - [SYNC] Added entity 1 (Bot 1)
2026-01-21 15:20:43,272 - [INFO] - [SYNC] Added entity 2 (Bot 2)
2026-01-21 15:20:43,272 - [INFO] - [SYNC] Added entity 3 (Bot 3)
2026-01-21 15:20:43,272 - [INFO] - [SYNC] Added entity 4 (Bot 4)
2026-01-21 15:20:43,272 - [INFO] - [SYNC] Added entity 5 (Bot 5)
2026-01-21 15:20:43,272 - [INFO] - [SYNC] Added entity 6 (Bot 6)
2026-01-21 15:20:43,272 - [INFO] - [SYNC] Added entity 0 (Player 1)
2026-01-21 15:20:43,273 - [INFO] - [SYNC] Added entity 1 (Bot 1)
2026-01-21 15:20:43,273 - [INFO] - [SYNC] Added entity 2 (Bot 2)
2026-01-21 15:20:43,273 - [INFO] - [SYNC] Added entity 3 (Bot 3)
2026-01-21 15:20:43,273 - [INFO] - [SYNC] Added entity 4 (Bot 4)
2026-01-21 15:20:43,273 - [INFO] - [SYNC] Added entity 5 (Bot 5)
2026-01-21 15:20:43,273 - [INFO] - [SYNC] Added entity 6 (Bot 6)
2026-01-21 15:20:43,274 - [INFO] - [SYNC] Added entity 7 (Bot 7)
2026-01-21 15:20:43,274 - [INFO] - [SYNC] Added entity 0 (Player 1)
2026-01-21 15:20:43,274 - [INFO] - [SYNC] Added entity 1 (Bot 1)
2026-01-21 15:20:43,274 - [INFO] - [SYNC] Added entity 2 (Bot 2)
2026-01-21 15:20:43,274 - [INFO] - [SYNC] Added entity 3 (Bot 3)
2026-01-21 15:20:43,276 - [INFO] - [SYNC] Added entity 4 (Bot 4)
2026-01-21 15:20:43,276 - [INFO] - [SYNC] Added entity 5 (Bot 5)
2026-01-21 15:20:43,276 - [INFO] - [SYNC] Added entity 6 (Bot 6)
2026-01-21 15:20:43,276 - [INFO] - [SYNC] Added entity 7 (Bot 7)
2026-01-21 15:20:43,276 - [INFO] - [SYNC] Added entity 8 (Bot 8)
2026-01-21 15:20:43,277 - [INFO] - [SYNC] Added entity 0 (Player 1)
2026-01-21 15:20:43,278 - [INFO] - [SYNC] Added entity 1 (Bot 1)
2026-01-21 15:20:43,278 - [INFO] - [SYNC] Added entity 2 (Bot 2)
2026-01-21 15:20:43,278 - [INFO] - [SYNC] Added entity 3 (Bot 3)
2026-01-21 15:20:43,278 - [INFO] - [SYNC] Added entity 4 (Bot 4)
2026-01-21 15:20:43,279 - [INFO] - [SYNC] Added entity 5 (Bot 5)
2026-01-21 15:20:43,279 - [INFO] - [SYNC] Added entity 6 (Bot 6)
2026-01-21 15:20:43,279 - [INFO] - [SYNC] Added entity 7 (Bot 7)
2026-01-21 15:20:43,279 - [INFO] - [SYNC] Added entity 8 (Bot 8)
2026-01-21 15:20:43,279 - [INFO] - [SYNC] Added entity 9 (Bot 9)
2026-01-21 15:20:43,279 - [INFO] - [SYNC] Added entity 0 (Player 1)
2026-01-21 15:20:43,279 - [INFO] - [SYNC] Added entity 1 (Bot 1)
2026-01-21 15:20:43,279 - [INFO] - [SYNC] Added entity 2 (Bot 2)
2026-01-21 15:20:43,280 - [INFO] - [SYNC] Added entity 3 (Bot 3)
2026-01-21 15:20:43,280 - [INFO] - [SYNC] Added entity 4 (Bot 4)
2026-01-21 15:20:43,281 - [INFO] - [SYNC] Added entity 5 (Bot 5)
2026-01-21 15:20:43,281 - [INFO] - [SYNC] Added entity 6 (Bot 6)
2026-01-21 15:20:43,281 - [INFO] - [SYNC] Added entity 7 (Bot 7)
2026-01-21 15:20:43,281 - [INFO] - [SYNC] Added entity 8 (Bot 8)
2026-01-21 15:20:43,281 - [INFO] - [SYNC] Added entity 9 (Bot 9)
2026-01-21 15:20:43,282 - [INFO] - [SYNC] Added entity 10 (Bot 10)
2026-01-21 15:20:43,282 - [INFO] - [SYNC] Added entity 0 (Player 1)
2026-01-21 15:20:43,282 - [INFO] - [SYNC] Added entity 1 (Bot 1)
2026-01-21 15:20:43,282 - [INFO] - [SYNC] Added entity 2 (Bot 2)
2026-01-21 15:20:43,282 - [INFO] - [SYNC] Added entity 3 (Bot 3)
2026-01-21 15:20:43,282 - [INFO] - [SYNC] Added entity 4 (Bot 4)
2026-01-21 15:20:43,282 - [INFO] - [SYNC] Added entity 5 (Bot 5)
2026-01-21 15:20:43,282 - [INFO] - [SYNC] Added entity 6 (Bot 6)
2026-01-21 15:20:43,282 - [INFO] - [SYNC] Added entity 7 (Bot 7)
2026-01-21 15:20:43,284 - [INFO] - [SYNC] Added entity 8 (Bot 8)
2026-01-21 15:20:43,284 - [INFO] - [SYNC] Added entity 9 (Bot 9)
2026-01-21 15:20:43,284 - [INFO] - [SYNC] Added entity 10 (Bot 10)
2026-01-21 15:20:43,286 - [INFO] - [SYNC] Added entity 11 (Bot 11)
2026-01-21 15:20:43,286 - [INFO] - [SYNC] Added entity 0 (Player 1)
2026-01-21 15:20:43,286 - [INFO] - [SYNC] Added entity 1 (Bot 1)
2026-01-21 15:20:43,286 - [INFO] - [SYNC] Added entity 2 (Bot 2)
2026-01-21 15:20:43,286 - [INFO] - [SYNC] Added entity 3 (Bot 3)
2026-01-21 15:20:43,286 - [INFO] - [SYNC] Added entity 4 (Bot 4)
2026-01-21 15:20:43,287 - [INFO] - [SYNC] Added entity 5 (Bot 5)
2026-01-21 15:20:43,287 - [INFO] - [SYNC] Added entity 6 (Bot 6)
2026-01-21 15:20:43,287 - [INFO] - [SYNC] Added entity 7 (Bot 7)
2026-01-21 15:20:43,287 - [INFO] - [SYNC] Added entity 8 (Bot 8)
2026-01-21 15:20:43,287 - [INFO] - [SYNC] Added entity 9 (Bot 9)
2026-01-21 15:20:43,287 - [INFO] - [SYNC] Added entity 10 (Bot 10)
2026-01-21 15:20:43,288 - [INFO] - [SYNC] Added entity 11 (Bot 11)
2026-01-21 15:20:43,288 - [INFO] - [SYNC] Added entity 12 (Bot 12)
2026-01-21 15:20:43,288 - [INFO] - [SYNC] Added entity 0 (Player 1)
2026-01-21 15:20:43,288 - [INFO] - [SYNC] Added entity 1 (Bot 1)
2026-01-21 15:20:43,288 - [INFO] - [SYNC] Added entity 2 (Bot 2)
2026-01-21 15:20:43,288 - [INFO] - [SYNC] Added entity 3 (Bot 3)
2026-01-21 15:20:43,288 - [INFO] - [SYNC] Added entity 4 (Bot 4)
2026-01-21 15:20:43,288 - [INFO] - [SYNC] Added entity 5 (Bot 5)
2026-01-21 15:20:43,289 - [INFO] - [SYNC] Added entity 6 (Bot 6)
2026-01-21 15:20:43,289 - [INFO] - [SYNC] Added entity 7 (Bot 7)
2026-01-21 15:20:43,289 - [INFO] - [SYNC] Added entity 8 (Bot 8)
2026-01-21 15:20:43,289 - [INFO] - [SYNC] Added entity 9 (Bot 9)
2026-01-21 15:20:43,289 - [INFO] - [SYNC] Added entity 10 (Bot 10)
2026-01-21 15:20:43,289 - [INFO] - [SYNC] Added entity 11 (Bot 11)
2026-01-21 15:20:43,289 - [INFO] - [SYNC] Added entity 12 (Bot 12)
2026-01-21 15:20:43,289 - [INFO] - [SYNC] Added entity 13 (Bot 13)
2026-01-21 15:20:43,289 - [INFO] - [SYNC] Added entity 0 (Player 1)
2026-01-21 15:20:43,290 - [INFO] - [SYNC] Added entity 1 (Bot 1)
2026-01-21 15:20:43,290 - [INFO] - [SYNC] Added entity 2 (Bot 2)
2026-01-21 15:20:43,290 - [INFO] - [SYNC] Added entity 3 (Bot 3)
2026-01-21 15:20:43,290 - [INFO] - [SYNC] Added entity 4 (Bot 4)
2026-01-21 15:20:43,290 - [INFO] - [SYNC] Added entity 5 (Bot 5)
2026-01-21 15:20:43,290 - [INFO] - [SYNC] Added entity 6 (Bot 6)
2026-01-21 15:20:43,290 - [INFO] - [SYNC] Added entity 7 (Bot 7)
2026-01-21 15:20:43,290 - [INFO] - [SYNC] Added entity 8 (Bot 8)
2026-01-21 15:20:43,291 - [INFO] - [SYNC] Added entity 9 (Bot 9)
2026-01-21 15:20:43,291 - [INFO] - [SYNC] Added entity 10 (Bot 10)
2026-01-21 15:20:43,291 - [INFO] - [SYNC] Added entity 11 (Bot 11)
2026-01-21 15:20:43,291 - [INFO] - [SYNC] Added entity 12 (Bot 12)
2026-01-21 15:20:43,291 - [INFO] - [SYNC] Added entity 13 (Bot 13)
2026-01-21 15:20:43,291 - [INFO] - [SYNC] Added entity 14 (Bot 14)
2026-01-21 15:20:43,292 - [INFO] - [SYNC] Added entity 0 (Player 1)
2026-01-21 15:20:43,292 - [INFO] - [SYNC] Added entity 1 (Bot 1)
2026-01-21 15:20:43,292 - [INFO] - [SYNC] Added entity 2 (Bot 2)
2026-01-21 15:20:43,292 - [INFO] - [SYNC] Added entity 3 (Bot 3)
2026-01-21 15:20:43,292 - [INFO] - [SYNC] Added entity 4 (Bot 4)
2026-01-21 15:20:43,292 - [INFO] - [SYNC] Added entity 5 (Bot 5)
2026-01-21 15:20:43,292 - [INFO] - [SYNC] Added entity 6 (Bot 6)
2026-01-21 15:20:43,293 - [INFO] - [SYNC] Added entity 7 (Bot 7)
2026-01-21 15:20:43,293 - [INFO] - [SYNC] Added entity 8 (Bot 8)
2026-01-21 15:20:43,293 - [INFO] - [SYNC] Added entity 9 (Bot 9)
2026-01-21 15:20:43,293 - [INFO] - [SYNC] Added entity 10 (Bot 10)
2026-01-21 15:20:43,293 - [INFO] - [SYNC] Added entity 11 (Bot 11)
2026-01-21 15:20:43,294 - [INFO] - [SYNC] Added entity 12 (Bot 12)
2026-01-21 15:20:43,294 - [INFO] - [SYNC] Added entity 13 (Bot 13)
2026-01-21 15:20:43,294 - [INFO] - [SYNC] Added entity 14 (Bot 14)
2026-01-21 15:20:43,294 - [INFO] - [SYNC] Added entity 15 (Bot 15)
2026-01-21 15:20:43,369 - [INFO] - [NET] GAME_START: Syncing 16 entities.
2026-01-21 15:20:43,373 - [INFO] - [BOT_AI] [Player 1] Synchronizing role: CITIZEN -> MAFIA
2026-01-21 15:20:43,373 - [INFO] - [BOT_AI] [Player 1] AI Tree rebuilt for MAFIA(None)
2026-01-21 15:20:43,373 - [INFO] - [SYNC_SUCCESS] Synced Player 1: MAFIA
2026-01-21 15:20:43,373 - [INFO] - [BOT_AI] [Bot 1] Synchronizing role: RANDOM -> MINER
2026-01-21 15:20:43,373 - [INFO] - [BOT_AI] [Bot 1] AI Tree rebuilt for CITIZEN(MINER)
2026-01-21 15:20:43,374 - [INFO] - [SYNC_SUCCESS] Synced Bot 1: MINER
2026-01-21 15:20:43,374 - [INFO] - [BOT_AI] [Bot 2] Synchronizing role: RANDOM -> MINER
2026-01-21 15:20:43,374 - [INFO] - [BOT_AI] [Bot 2] AI Tree rebuilt for CITIZEN(MINER)
2026-01-21 15:20:43,374 - [INFO] - [SYNC_SUCCESS] Synced Bot 2: MINER
2026-01-21 15:20:43,374 - [INFO] - [BOT_AI] [Bot 3] Synchronizing role: RANDOM -> FARMER
2026-01-21 15:20:43,374 - [INFO] - [BOT_AI] [Bot 3] AI Tree rebuilt for CITIZEN(FARMER)
2026-01-21 15:20:43,375 - [INFO] - [SYNC_SUCCESS] Synced Bot 3: FARMER
2026-01-21 15:20:43,376 - [INFO] - [BOT_AI] [Bot 4] Synchronizing role: RANDOM -> FARMER
2026-01-21 15:20:43,382 - [INFO] - [BOT_AI] [Bot 4] AI Tree rebuilt for CITIZEN(FARMER)
2026-01-21 15:20:43,383 - [INFO] - [SYNC_SUCCESS] Synced Bot 4: FARMER
2026-01-21 15:20:43,383 - [INFO] - [BOT_AI] [Bot 5] Synchronizing role: RANDOM -> FISHER
2026-01-21 15:20:43,383 - [INFO] - [BOT_AI] [Bot 5] AI Tree rebuilt for CITIZEN(FISHER)
2026-01-21 15:20:43,383 - [INFO] - [SYNC_SUCCESS] Synced Bot 5: FISHER
2026-01-21 15:20:43,383 - [INFO] - [BOT_AI] [Bot 6] Synchronizing role: RANDOM -> POLICE
2026-01-21 15:20:43,389 - [INFO] - [BOT_AI] [Bot 6] AI Tree rebuilt for POLICE(None)
2026-01-21 15:20:43,394 - [INFO] - [SYNC_SUCCESS] Synced Bot 6: POLICE
2026-01-21 15:20:43,395 - [INFO] - [BOT_AI] [Bot 7] Synchronizing role: RANDOM -> FARMER
2026-01-21 15:20:43,395 - [INFO] - [BOT_AI] [Bot 7] AI Tree rebuilt for CITIZEN(FARMER)
2026-01-21 15:20:43,395 - [INFO] - [SYNC_SUCCESS] Synced Bot 7: FARMER
2026-01-21 15:20:43,395 - [INFO] - [BOT_AI] [Bot 8] Synchronizing role: RANDOM -> FARMER
2026-01-21 15:20:43,395 - [INFO] - [BOT_AI] [Bot 8] AI Tree rebuilt for CITIZEN(FARMER)
2026-01-21 15:20:43,395 - [INFO] - [SYNC_SUCCESS] Synced Bot 8: FARMER
2026-01-21 15:20:43,395 - [INFO] - [BOT_AI] [Bot 9] Synchronizing role: RANDOM -> FISHER
2026-01-21 15:20:43,402 - [INFO] - [BOT_AI] [Bot 9] AI Tree rebuilt for CITIZEN(FISHER)
2026-01-21 15:20:43,402 - [INFO] - [SYNC_SUCCESS] Synced Bot 9: FISHER
2026-01-21 15:20:43,403 - [INFO] - [BOT_AI] [Bot 10] Synchronizing role: RANDOM -> POLICE
2026-01-21 15:20:43,403 - [INFO] - [BOT_AI] [Bot 10] AI Tree rebuilt for POLICE(None)
2026-01-21 15:20:43,403 - [INFO] - [SYNC_SUCCESS] Synced Bot 10: POLICE
2026-01-21 15:20:43,409 - [INFO] - [BOT_AI] [Bot 11] Synchronizing role: RANDOM -> MAFIA
2026-01-21 15:20:43,413 - [INFO] - [BOT_AI] [Bot 11] AI Tree rebuilt for MAFIA(None)
2026-01-21 15:20:43,413 - [INFO] - [SYNC_SUCCESS] Synced Bot 11: MAFIA
2026-01-21 15:20:43,414 - [INFO] - [BOT_AI] [Bot 12] Synchronizing role: RANDOM -> POLICE
2026-01-21 15:20:43,414 - [INFO] - [BOT_AI] [Bot 12] AI Tree rebuilt for POLICE(None)
2026-01-21 15:20:43,414 - [INFO] - [SYNC_SUCCESS] Synced Bot 12: POLICE
2026-01-21 15:20:43,414 - [INFO] - [BOT_AI] [Bot 13] Synchronizing role: RANDOM -> FISHER
2026-01-21 15:20:43,414 - [INFO] - [BOT_AI] [Bot 13] AI Tree rebuilt for CITIZEN(FISHER)
2026-01-21 15:20:43,414 - [INFO] - [SYNC_SUCCESS] Synced Bot 13: FISHER
2026-01-21 15:20:43,415 - [INFO] - [BOT_AI] [Bot 14] Synchronizing role: RANDOM -> FARMER
2026-01-21 15:20:43,421 - [INFO] - [BOT_AI] [Bot 14] AI Tree rebuilt for CITIZEN(FARMER)
2026-01-21 15:20:43,421 - [INFO] - [SYNC_SUCCESS] Synced Bot 14: FARMER
2026-01-21 15:20:43,421 - [INFO] - [BOT_AI] [Bot 15] Synchronizing role: RANDOM -> DOCTOR
2026-01-21 15:20:43,421 - [INFO] - [BOT_AI] [Bot 15] AI Tree rebuilt for DOCTOR(None)
2026-01-21 15:20:43,421 - [INFO] - [SYNC_SUCCESS] Synced Bot 15: DOCTOR
2026-01-21 15:20:47,874 - [INFO] - [SYSTEM] Engine Shutting Down
