2026-01-21 19:27:04,259 - [INFO] - [SYSTEM] Game Engine Initializing...
2026-01-21 19:27:04,303 - [INFO] - [SYSTEM] Engine Loop Started
2026-01-21 19:27:10,651 - [INFO] - [PLAY] Entering PlayState...
2026-01-21 19:27:10,688 - [INFO] - [PLAYER] Initialized at (1504, 1536) Role: CITIZEN
2026-01-21 19:27:10,699 - [INFO] - [PLAYER] Role changed to SPECTATOR (None)
2026-01-21 19:27:10,715 - [DEBUG] - [AI_STATUS_Bot 10] Role: CITIZEN | Phase: DAWN | Pos: (1638, 1510) | State: Idle | HP: 100 AP: 100 Coins: 0
2026-01-21 19:27:10,716 - [DEBUG] - [AI_MOVE_Bot 10] Set Destination: (94, 30) | Reason: Go Home | CurrPos: (51, 47)
2026-01-21 19:27:10,727 - [DEBUG] - [AI_DECISION_Bot 10] Changed State:  -> Idle | Result: BTState.RUNNING
2026-01-21 19:27:10,854 - [DEBUG] - [AI_STATUS_Bot 7] Role: CITIZEN | Phase: DAWN | Pos: (1670, 1510) | State: Idle | HP: 100 AP: 100 Coins: 0
2026-01-21 19:27:10,854 - [DEBUG] - [AI_MOVE_Bot 7] Set Destination: (7, 42) | Reason: Go Home | CurrPos: (52, 47)
2026-01-21 19:27:10,863 - [DEBUG] - [AI_DECISION_Bot 7] Changed State:  -> Idle | Result: BTState.RUNNING
2026-01-21 19:27:10,868 - [DEBUG] - [AI_STATUS_Bot 11] Role: CITIZEN | Phase: DAWN | Pos: (1510, 1510) | State: Idle | HP: 100 AP: 100 Coins: 0
2026-01-21 19:27:10,868 - [DEBUG] - [AI_MOVE_Bot 11] Set Destination: (5, 42) | Reason: Go Home | CurrPos: (47, 47)
2026-01-21 19:27:10,875 - [DEBUG] - [AI_DECISION_Bot 11] Changed State:  -> Idle | Result: BTState.RUNNING
2026-01-21 19:27:10,912 - [DEBUG] - [AI_DECISION_Bot 7] Changed State: Idle -> Moving | Result: BTState.RUNNING
2026-01-21 19:27:10,912 - [DEBUG] - [AI_STATUS_Bot 8] Role: MAFIA | Phase: DAWN | Pos: (1702, 1670) | State: Idle | HP: 100 AP: 100 Coins: 0
2026-01-21 19:27:10,912 - [DEBUG] - [AI_MOVE_Bot 8] Set Destination: (54, 22) | Reason: Random Move | CurrPos: (53, 52)
2026-01-21 19:27:10,914 - [DEBUG] - [AI_DECISION_Bot 8] Changed State:  -> Idle | Result: BTState.RUNNING
2026-01-21 19:27:10,914 - [DEBUG] - [AI_STATUS_Bot 9] Role: MAFIA | Phase: DAWN | Pos: (1510, 1478) | State: Idle | HP: 100 AP: 100 Coins: 0
2026-01-21 19:27:10,914 - [DEBUG] - [AI_MOVE_Bot 9] Set Destination: (54, 23) | Reason: Random Move | CurrPos: (47, 46)
2026-01-21 19:27:10,915 - [DEBUG] - [AI_DECISION_Bot 9] Changed State:  -> Idle | Result: BTState.RUNNING
2026-01-21 19:27:10,915 - [DEBUG] - [AI_STATUS_Bot 14] Role: MAFIA | Phase: DAWN | Pos: (1638, 1638) | State: Idle | HP: 100 AP: 100 Coins: 0
2026-01-21 19:27:10,915 - [DEBUG] - [AI_MOVE_Bot 14] Set Destination: (12, 12) | Reason: Random Move | CurrPos: (51, 51)
2026-01-21 19:27:10,924 - [DEBUG] - [AI_DECISION_Bot 14] Changed State:  -> Idle | Result: BTState.RUNNING
2026-01-21 19:27:10,929 - [DEBUG] - [AI_STATUS_Bot 2] Role: CITIZEN | Phase: DAWN | Pos: (1702, 1702) | State: Idle | HP: 100 AP: 100 Coins: 0
2026-01-21 19:27:10,929 - [DEBUG] - [AI_MOVE_Bot 2] Set Destination: (39, 34) | Reason: Go Home | CurrPos: (53, 53)
2026-01-21 19:27:10,942 - [DEBUG] - [AI_DECISION_Bot 2] Changed State:  -> Idle | Result: BTState.RUNNING
2026-01-21 19:27:10,942 - [DEBUG] - [AI_DECISION_Bot 11] Changed State: Idle -> Moving | Result: BTState.RUNNING
2026-01-21 19:27:10,958 - [DEBUG] - [AI_STATUS_Bot 12] Role: CITIZEN | Phase: DAWN | Pos: (1574, 1542) | State: Idle | HP: 100 AP: 100 Coins: 0
2026-01-21 19:27:10,958 - [DEBUG] - [AI_MOVE_Bot 12] Set Destination: (74, 12) | Reason: Go Home | CurrPos: (49, 48)
2026-01-21 19:27:10,958 - [DEBUG] - [AI_DECISION_Bot 12] Changed State:  -> Idle | Result: BTState.RUNNING
2026-01-21 19:27:11,003 - [DEBUG] - [AI_MOVE_Bot 2] Set Destination: (39, 34) | Reason: Go Home | CurrPos: (53, 53)
2026-01-21 19:27:11,049 - [DEBUG] - [AI_STATUS_Bot 1] Role: DOCTOR | Phase: DAWN | Pos: (1606, 1478) | State: Idle | HP: 100 AP: 100 Coins: 0
2026-01-21 19:27:11,049 - [DEBUG] - [AI_MOVE_Bot 1] Set Destination: (27, 56) | Reason: Go Home | CurrPos: (50, 46)
2026-01-21 19:27:11,051 - [DEBUG] - [AI_DECISION_Bot 1] Changed State:  -> Idle | Result: BTState.RUNNING
2026-01-21 19:27:11,051 - [DEBUG] - [AI_STATUS_Bot 4] Role: CITIZEN | Phase: DAWN | Pos: (1574, 1638) | State: Idle | HP: 100 AP: 100 Coins: 0
2026-01-21 19:27:11,052 - [DEBUG] - [AI_MOVE_Bot 4] Set Destination: (46, 96) | Reason: Go Home | CurrPos: (49, 51)
2026-01-21 19:27:11,058 - [DEBUG] - [AI_DECISION_Bot 4] Changed State:  -> Idle | Result: BTState.RUNNING
2026-01-21 19:27:11,063 - [DEBUG] - [AI_MOVE_Bot 2] Set Destination: (39, 34) | Reason: Go Home | CurrPos: (53, 53)
2026-01-21 19:27:11,096 - [DEBUG] - [AI_DECISION_Bot 8] Changed State: Idle -> Moving | Result: BTState.RUNNING
2026-01-21 19:27:11,113 - [DEBUG] - [AI_DECISION_Bot 1] Changed State: Idle -> Moving | Result: BTState.RUNNING
2026-01-21 19:27:11,123 - [DEBUG] - [AI_MOVE_Bot 2] Set Destination: (39, 34) | Reason: Go Home | CurrPos: (53, 53)
2026-01-21 19:27:11,136 - [DEBUG] - [AI_DECISION_Bot 12] Changed State: Idle -> Moving | Result: BTState.RUNNING
2026-01-21 19:27:11,166 - [DEBUG] - [AI_DECISION_Bot 4] Changed State: Idle -> Moving | Result: BTState.RUNNING
2026-01-21 19:27:11,172 - [DEBUG] - [AI_STATUS_Bot 5] Role: POLICE | Phase: DAWN | Pos: (1670, 1574) | State: Idle | HP: 100 AP: 100 Coins: 0
2026-01-21 19:27:11,172 - [DEBUG] - [AI_DECISION_Bot 5] Changed State:  -> Idle | Result: BTState.SUCCESS
2026-01-21 19:27:11,198 - [DEBUG] - [AI_DECISION_Bot 10] Changed State: Idle -> Moving | Result: BTState.RUNNING
2026-01-21 19:27:11,199 - [DEBUG] - [AI_STATUS_Bot 13] Role: POLICE | Phase: DAWN | Pos: (1702, 1510) | State: Idle | HP: 100 AP: 100 Coins: 0
2026-01-21 19:27:11,199 - [DEBUG] - [AI_DECISION_Bot 13] Changed State:  -> Idle | Result: BTState.SUCCESS
2026-01-21 19:27:11,272 - [DEBUG] - [AI_MOVE_Bot 2] Set Destination: (39, 34) | Reason: Go Home | CurrPos: (53, 53)
2026-01-21 19:27:11,287 - [DEBUG] - [AI_STATUS_Bot 3] Role: CITIZEN | Phase: DAWN | Pos: (1574, 1638) | State: Idle | HP: 100 AP: 100 Coins: 0
2026-01-21 19:27:11,292 - [DEBUG] - [AI_MOVE_Bot 3] Set Destination: (91, 32) | Reason: Go Home | CurrPos: (49, 51)
2026-01-21 19:27:11,310 - [DEBUG] - [AI_DECISION_Bot 3] Changed State:  -> Idle | Result: BTState.RUNNING
2026-01-21 19:27:11,344 - [DEBUG] - [AI_DECISION_Bot 3] Changed State: Idle -> Moving | Result: BTState.RUNNING
2026-01-21 19:27:11,408 - [DEBUG] - [AI_DECISION_Bot 14] Changed State: Idle -> Moving | Result: BTState.RUNNING
2026-01-21 19:27:11,537 - [DEBUG] - [AI_MOVE_Bot 13] Set Destination: (53, 49) | Reason: Chasing | CurrPos: (53, 47)
2026-01-21 19:27:11,655 - [DEBUG] - [AI_DECISION_Bot 9] Changed State: Idle -> Moving | Result: BTState.RUNNING
2026-01-21 19:27:11,753 - [DEBUG] - [AI_MOVE_Bot 2] Set Destination: (39, 34) | Reason: Go Home | CurrPos: (53, 53)
2026-01-21 19:27:11,897 - [DEBUG] - [AI_STATUS_Bot 6] Role: CITIZEN | Phase: DAWN | Pos: (1638, 1638) | State: Idle | HP: 100 AP: 100 Coins: 0
2026-01-21 19:27:11,897 - [DEBUG] - [AI_MOVE_Bot 6] Set Destination: (73, 80) | Reason: Go Home | CurrPos: (51, 51)
2026-01-21 19:27:11,925 - [DEBUG] - [AI_DECISION_Bot 6] Changed State:  -> Idle | Result: BTState.RUNNING
2026-01-21 19:27:12,323 - [DEBUG] - [AI_MOVE_Bot 2] Set Destination: (39, 34) | Reason: Go Home | CurrPos: (53, 53)
2026-01-21 19:27:12,818 - [DEBUG] - [AI_MOVE_Bot 2] Set Destination: (39, 34) | Reason: Go Home | CurrPos: (53, 53)
2026-01-21 19:27:12,906 - [DEBUG] - [AI_DECISION_Bot 6] Changed State: Idle -> Moving | Result: BTState.RUNNING
2026-01-21 19:27:12,918 - [DEBUG] - [AI_STATUS_Bot 15] Role: POLICE | Phase: DAWN | Pos: (1542, 1670) | State: Idle | HP: 100 AP: 100 Coins: 0
2026-01-21 19:27:12,924 - [DEBUG] - [AI_DECISION_Bot 15] Changed State:  -> Idle | Result: BTState.SUCCESS
2026-01-21 19:27:13,015 - [DEBUG] - [AI_MOVE_Bot 5] Set Destination: (53, 46) | Reason: Chasing | CurrPos: (52, 49)
2026-01-21 19:27:13,146 - [DEBUG] - [AI_DECISION_Bot 5] Changed State: Idle -> Running | Result: BTState.RUNNING
2026-01-21 19:27:13,172 - [DEBUG] - [AI_MOVE_Bot 13] Set Destination: (53, 46) | Reason: Chasing | CurrPos: (53, 49)
2026-01-21 19:27:13,284 - [DEBUG] - [AI_MOVE_Bot 2] Set Destination: (39, 34) | Reason: Go Home | CurrPos: (53, 53)
2026-01-21 19:27:13,395 - [DEBUG] - [AI_MOVE_Bot 15] Set Destination: (52, 46) | Reason: Chasing | CurrPos: (48, 52)
2026-01-21 19:27:13,567 - [DEBUG] - [AI_DECISION_Bot 13] Changed State: Idle -> Running | Result: BTState.SUCCESS
2026-01-21 19:27:13,643 - [DEBUG] - [AI_MOVE_Bot 2] Set Destination: (39, 34) | Reason: Go Home | CurrPos: (53, 53)
2026-01-21 19:27:13,747 - [DEBUG] - [AI_MOVE_Bot 15] Set Destination: (51, 45) | Reason: Chasing | CurrPos: (48, 49)
2026-01-21 19:27:13,747 - [DEBUG] - [AI_DECISION_Bot 15] Changed State: Idle -> Running | Result: BTState.RUNNING
2026-01-21 19:27:13,810 - [DEBUG] - [AI_MOVE_Bot 5] Set Destination: (51, 45) | Reason: Chasing | CurrPos: (53, 46)
2026-01-21 19:27:13,816 - [DEBUG] - [AI_DECISION_Bot 5] Changed State: Running -> Idle | Result: BTState.RUNNING
2026-01-21 19:27:13,867 - [DEBUG] - [AI_MOVE_Bot 15] Set Destination: (51, 44) | Reason: Chasing | CurrPos: (48, 49)
2026-01-21 19:27:13,950 - [DEBUG] - [AI_MOVE_Bot 15] Set Destination: (51, 44) | Reason: Chasing | CurrPos: (48, 48)
2026-01-21 19:27:14,115 - [DEBUG] - [AI_MOVE_Bot 5] Set Destination: (51, 43) | Reason: Chasing | CurrPos: (51, 46)
2026-01-21 19:27:14,115 - [DEBUG] - [AI_DECISION_Bot 5] Changed State: Idle -> Running | Result: BTState.RUNNING
2026-01-21 19:27:14,231 - [DEBUG] - [AI_MOVE_Bot 5] Set Destination: (51, 43) | Reason: Chasing | CurrPos: (51, 45)
2026-01-21 19:27:14,237 - [DEBUG] - [AI_DECISION_Bot 5] Changed State: Running -> Idle | Result: BTState.RUNNING
2026-01-21 19:27:14,252 - [DEBUG] - [AI_MOVE_Bot 13] Set Destination: (53, 51) | Reason: Investigating | CurrPos: (53, 46)
2026-01-21 19:27:14,258 - [DEBUG] - [AI_DECISION_Bot 13] Changed State: Running -> Idle | Result: BTState.RUNNING
2026-01-21 19:27:14,557 - [DEBUG] - [AI_MOVE_Bot 2] Set Destination: (39, 34) | Reason: Go Home | CurrPos: (53, 53)
2026-01-21 19:27:14,626 - [DEBUG] - [AI_MOVE_Bot 15] Set Destination: (51, 40) | Reason: Chasing | CurrPos: (49, 44)
2026-01-21 19:27:14,678 - [DEBUG] - [AI_MOVE_Bot 2] Set Destination: (39, 34) | Reason: Go Home | CurrPos: (53, 53)
2026-01-21 19:27:14,950 - [DEBUG] - [AI_MOVE_Bot 5] Set Destination: (51, 38) | Reason: Chasing | CurrPos: (51, 43)
2026-01-21 19:27:15,002 - [DEBUG] - [AI_MOVE_Bot 13] Set Destination: (34, 23) | Reason: Random Move | CurrPos: (53, 51)
2026-01-21 19:27:15,045 - [DEBUG] - [AI_DECISION_Bot 5] Changed State: Idle -> Running | Result: BTState.RUNNING
2026-01-21 19:27:15,126 - [DEBUG] - [AI_MOVE_Bot 15] Set Destination: (51, 37) | Reason: Chasing | CurrPos: (49, 40)
2026-01-21 19:27:15,173 - [DEBUG] - [AI_MOVE_Bot 2] Set Destination: (39, 34) | Reason: Go Home | CurrPos: (53, 53)
2026-01-21 19:27:15,232 - [DEBUG] - [AI_DECISION_Bot 13] Changed State: Idle -> Moving | Result: BTState.RUNNING
2026-01-21 19:27:15,331 - [DEBUG] - [AI_MOVE_Bot 15] Set Destination: (51, 36) | Reason: Chasing | CurrPos: (51, 40)
2026-01-21 19:27:15,336 - [DEBUG] - [AI_DECISION_Bot 15] Changed State: Running -> Idle | Result: BTState.RUNNING
2026-01-21 19:27:15,519 - [DEBUG] - [AI_MOVE_Bot 5] Set Destination: (51, 35) | Reason: Chasing | CurrPos: (51, 38)
2026-01-21 19:27:15,636 - [DEBUG] - [AI_DECISION_Bot 15] Changed State: Idle -> Running | Result: BTState.SUCCESS
2026-01-21 19:27:15,706 - [DEBUG] - [AI_MOVE_Bot 5] Set Destination: (51, 34) | Reason: Chasing | CurrPos: (51, 37)
2026-01-21 19:27:15,751 - [DEBUG] - [AI_MOVE_Bot 5] Set Destination: (51, 34) | Reason: Chasing | CurrPos: (51, 36)
2026-01-21 19:27:15,802 - [DEBUG] - [AI_STATUS_Bot 10] Role: CITIZEN | Phase: DAWN | Pos: (1942, 1126) | State: Moving | HP: 100 AP: 100 Coins: 0
2026-01-21 19:27:15,848 - [DEBUG] - [AI_MOVE_Bot 2] Set Destination: (39, 34) | Reason: Go Home | CurrPos: (53, 53)
2026-01-21 19:27:15,892 - [DEBUG] - [AI_STATUS_Bot 11] Role: CITIZEN | Phase: DAWN | Pos: (850, 1542) | State: Moving | HP: 100 AP: 100 Coins: 0
2026-01-21 19:27:15,912 - [DEBUG] - [AI_STATUS_Bot 7] Role: CITIZEN | Phase: DAWN | Pos: (1258, 1222) | State: Moving | HP: 100 AP: 100 Coins: 0
2026-01-21 19:27:15,931 - [DEBUG] - [AI_STATUS_Bot 14] Role: MAFIA | Phase: DAWN | Pos: (958, 1638) | State: Moving | HP: 100 AP: 100 Coins: 0
2026-01-21 19:27:15,966 - [DEBUG] - [AI_STATUS_Bot 12] Role: CITIZEN | Phase: DAWN | Pos: (1574, 858) | State: Moving | HP: 100 AP: 100 Coins: 0
2026-01-21 19:27:16,016 - [DEBUG] - [AI_STATUS_Bot 8] Role: MAFIA | Phase: DAWN | Pos: (1638, 1030) | State: Moving | HP: 100 AP: 100 Coins: 0
2026-01-21 19:27:16,028 - [DEBUG] - [AI_STATUS_Bot 2] Role: CITIZEN | Phase: DAWN | Pos: (1702, 1702) | State: Idle | HP: 100 AP: 100 Coins: 0
2026-01-21 19:27:16,049 - [DEBUG] - [AI_MOVE_Bot 2] Set Destination: (39, 34) | Reason: Go Home | CurrPos: (53, 53)
2026-01-21 19:27:16,066 - [DEBUG] - [AI_MOVE_Bot 15] Set Destination: (51, 32) | Reason: Chasing | CurrPos: (51, 36)
2026-01-21 19:27:16,072 - [DEBUG] - [AI_DECISION_Bot 15] Changed State: Running -> Idle | Result: BTState.RUNNING
2026-01-21 19:27:16,184 - [DEBUG] - [AI_STATUS_Bot 4] Role: CITIZEN | Phase: DAWN | Pos: (1542, 2314) | State: Moving | HP: 100 AP: 100 Coins: 0
2026-01-21 19:27:16,184 - [DEBUG] - [AI_STATUS_Bot 5] Role: POLICE | Phase: DAWN | Pos: (1638, 1130) | State: Idle | HP: 100 AP: 96 Coins: 0
2026-01-21 19:27:16,184 - [DEBUG] - [AI_DECISION_Bot 5] Changed State: Running -> Idle | Result: BTState.SUCCESS
2026-01-21 19:27:16,314 - [DEBUG] - [AI_STATUS_Bot 13] Role: POLICE | Phase: DAWN | Pos: (1542, 1566) | State: Moving | HP: 100 AP: 97 Coins: 0
2026-01-21 19:27:16,358 - [DEBUG] - [AI_MOVE_Bot 2] Set Destination: (39, 34) | Reason: Go Home | CurrPos: (53, 53)
2026-01-21 19:27:16,370 - [DEBUG] - [AI_STATUS_Bot 3] Role: CITIZEN | Phase: DAWN | Pos: (1750, 1126) | State: Moving | HP: 100 AP: 100 Coins: 0
2026-01-21 19:27:16,402 - [DEBUG] - [AI_MOVE_Bot 15] Set Destination: (51, 30) | Reason: Chasing | CurrPos: (51, 34)
2026-01-21 19:27:16,402 - [DEBUG] - [AI_DECISION_Bot 15] Changed State: Idle -> Running | Result: BTState.RUNNING
2026-01-21 19:27:16,440 - [DEBUG] - [AI_STATUS_Bot 9] Role: MAFIA | Phase: DAWN | Pos: (1574, 774) | State: Moving | HP: 100 AP: 100 Coins: 0
2026-01-21 19:27:16,510 - [DEBUG] - [AI_MOVE_Bot 5] Set Destination: (51, 30) | Reason: Chasing | CurrPos: (51, 35)
2026-01-21 19:27:16,888 - [DEBUG] - [AI_STATUS_Bot 1] Role: DOCTOR | Phase: DAWN | Pos: (870, 1570) | State: Moving | HP: 100 AP: 100 Coins: 0
2026-01-21 19:27:16,898 - [DEBUG] - [AI_MOVE_Bot 2] Set Destination: (39, 34) | Reason: Go Home | CurrPos: (53, 53)
2026-01-21 19:27:16,956 - [DEBUG] - [AI_STATUS_Bot 6] Role: CITIZEN | Phase: DAWN | Pos: (1886, 2118) | State: Moving | HP: 100 AP: 100 Coins: 0
2026-01-21 19:27:16,956 - [DEBUG] - [AI_DECISION_Bot 15] Changed State: Running -> Idle | Result: BTState.SUCCESS
2026-01-21 19:27:17,049 - [DEBUG] - [AI_MOVE_Bot 5] Set Destination: (51, 27) | Reason: Chasing | CurrPos: (51, 31)
2026-01-21 19:27:17,055 - [DEBUG] - [AI_DECISION_Bot 5] Changed State: Idle -> Running | Result: BTState.RUNNING
2026-01-21 19:27:17,116 - [DEBUG] - [AI_MOVE_Bot 15] Set Destination: (51, 26) | Reason: Chasing | CurrPos: (51, 32)
2026-01-21 19:27:17,198 - [DEBUG] - [AI_MOVE_Bot 2] Set Destination: (39, 34) | Reason: Go Home | CurrPos: (53, 53)
2026-01-21 19:27:17,256 - [DEBUG] - [AI_MOVE_Bot 15] Set Destination: (51, 25) | Reason: Chasing | CurrPos: (51, 31)
2026-01-21 19:27:17,256 - [DEBUG] - [AI_DECISION_Bot 15] Changed State: Idle -> Running | Result: BTState.RUNNING
2026-01-21 19:27:17,333 - [DEBUG] - [AI_MOVE_Bot 2] Set Destination: (39, 34) | Reason: Go Home | CurrPos: (53, 53)
2026-01-21 19:27:17,438 - [DEBUG] - [AI_MOVE_Bot 2] Set Destination: (39, 34) | Reason: Go Home | CurrPos: (53, 53)
2026-01-21 19:27:17,550 - [DEBUG] - [AI_DECISION_Bot 5] Changed State: Running -> Idle | Result: BTState.SUCCESS
2026-01-21 19:27:17,664 - [DEBUG] - [AI_MOVE_Bot 9] Set Destination: (98, 4) | Reason: Random Move | CurrPos: (54, 23)
2026-01-21 19:27:17,674 - [DEBUG] - [AI_DECISION_Bot 9] Changed State: Moving -> Idle | Result: BTState.RUNNING
2026-01-21 19:27:17,881 - [DEBUG] - [AI_MOVE_Bot 15] Set Destination: (53, 24) | Reason: Chasing | CurrPos: (51, 27)
2026-01-21 19:27:17,933 - [DEBUG] - [AI_MOVE_Bot 2] Set Destination: (39, 34) | Reason: Go Home | CurrPos: (53, 53)
2026-01-21 19:27:18,052 - [DEBUG] - [AI_STATUS_Bot 15] Role: POLICE | Phase: DAWN | Pos: (1638, 836) | State: Running | HP: 100 AP: 91 Coins: 0
2026-01-21 19:27:18,202 - [DEBUG] - [AI_MOVE_Bot 15] Set Destination: (52, 24) | Reason: Chasing | CurrPos: (51, 25)
2026-01-21 19:27:18,382 - [DEBUG] - [AI_MOVE_Bot 15] Set Destination: (52, 23) | Reason: Chasing | CurrPos: (51, 24)
2026-01-21 19:27:18,428 - [DEBUG] - [AI_MOVE_Bot 2] Set Destination: (39, 34) | Reason: Go Home | CurrPos: (53, 53)
2026-01-21 19:27:18,615 - [DEBUG] - [AI_DECISION_Bot 9] Changed State: Idle -> Moving | Result: BTState.RUNNING
2026-01-21 19:27:18,871 - [DEBUG] - [AI_MOVE_Bot 15] Set Destination: (54, 23) | Reason: Chasing | CurrPos: (53, 24)
2026-01-21 19:27:18,877 - [DEBUG] - [AI_DECISION_Bot 15] Changed State: Running -> Idle | Result: BTState.RUNNING
2026-01-21 19:27:18,940 - [DEBUG] - [AI_MOVE_Bot 5] Set Destination: (54, 23) | Reason: Chasing | CurrPos: (51, 27)
2026-01-21 19:27:18,997 - [DEBUG] - [AI_DECISION_Bot 15] Changed State: Idle -> Running | Result: BTState.RUNNING
2026-01-21 19:27:19,231 - [DEBUG] - [AI_DECISION_Bot 5] Changed State: Idle -> Running | Result: BTState.RUNNING
2026-01-21 19:27:19,251 - [DEBUG] - [AI_DECISION_Bot 15] Changed State: Running -> Idle | Result: BTState.SUCCESS
2026-01-21 19:27:19,283 - [DEBUG] - [AI_MOVE_Bot 2] Set Destination: (39, 34) | Reason: Go Home | CurrPos: (53, 53)
2026-01-21 19:27:19,335 - [DEBUG] - [AI_MOVE_Bot 15] Set Destination: (54, 23) | Reason: Chasing | CurrPos: (54, 23)
2026-01-21 19:27:19,396 - [DEBUG] - [AI_MOVE_Bot 5] Set Destination: (52, 18) | Reason: Chasing | CurrPos: (51, 24)
2026-01-21 19:27:19,493 - [DEBUG] - [AI_MOVE_Bot 2] Set Destination: (39, 34) | Reason: Go Home | CurrPos: (53, 53)
2026-01-21 19:27:19,538 - [DEBUG] - [AI_MOVE_Bot 2] Set Destination: (39, 34) | Reason: Go Home | CurrPos: (53, 53)
2026-01-21 19:27:19,591 - [DEBUG] - [AI_MOVE_Bot 15] Set Destination: (54, 23) | Reason: Chasing | CurrPos: (54, 23)
2026-01-21 19:27:19,771 - [DEBUG] - [AI_MOVE_Bot 15] Set Destination: (54, 23) | Reason: Chasing | CurrPos: (54, 23)
2026-01-21 19:27:19,966 - [DEBUG] - [AI_MOVE_Bot 15] Set Destination: (54, 23) | Reason: Chasing | CurrPos: (54, 23)
2026-01-21 19:27:20,033 - [DEBUG] - [AI_MOVE_Bot 2] Set Destination: (39, 34) | Reason: Go Home | CurrPos: (53, 53)
2026-01-21 19:27:20,122 - [DEBUG] - [AI_DECISION_Bot 13] Changed State: Moving -> Running | Result: BTState.SUCCESS
2026-01-21 19:27:20,282 - [DEBUG] - [AI_MOVE_Bot 13] Set Destination: (54, 23) | Reason: Chasing | CurrPos: (45, 30)
2026-01-21 19:27:20,335 - [DEBUG] - [AI_MOVE_Bot 5] Set Destination: (54, 23) | Reason: Chasing | CurrPos: (54, 23)
2026-01-21 19:27:20,341 - [DEBUG] - [AI_DECISION_Bot 5] Changed State: Running -> Idle | Result: BTState.RUNNING
2026-01-21 19:27:20,726 - [DEBUG] - [AI_MOVE_Bot 5] Set Destination: (54, 23) | Reason: Chasing | CurrPos: (54, 23)
2026-01-21 19:27:20,755 - [DEBUG] - [AI_MOVE_Bot 5] Set Destination: (54, 23) | Reason: Chasing | CurrPos: (54, 23)
2026-01-21 19:27:20,814 - [DEBUG] - [AI_MOVE_Bot 2] Set Destination: (39, 34) | Reason: Go Home | CurrPos: (53, 53)
2026-01-21 19:27:20,888 - [DEBUG] - [AI_STATUS_Bot 10] Role: CITIZEN | Phase: DAWN | Pos: (2630, 998) | State: Moving | HP: 100 AP: 100 Coins: 0
2026-01-21 19:27:20,974 - [DEBUG] - [AI_STATUS_Bot 11] Role: CITIZEN | Phase: DAWN | Pos: (442, 1126) | State: Moving | HP: 100 AP: 100 Coins: 0
2026-01-21 19:27:20,981 - [DEBUG] - [AI_STATUS_Bot 12] Role: CITIZEN | Phase: DAWN | Pos: (2074, 550) | State: Moving | HP: 100 AP: 100 Coins: 0
2026-01-21 19:27:20,986 - [DEBUG] - [AI_MOVE_Bot 15] Set Destination: (54, 23) | Reason: Chasing | CurrPos: (54, 23)
2026-01-21 19:27:21,242 - [DEBUG] - [AI_STATUS_Bot 14] Role: MAFIA | Phase: DAWN | Pos: (742, 998) | State: Moving | HP: 100 AP: 100 Coins: 0
2026-01-21 19:27:21,361 - [DEBUG] - [AI_MOVE_Bot 15] Set Destination: (54, 23) | Reason: Chasing | CurrPos: (54, 23)
2026-01-21 19:27:21,421 - [DEBUG] - [AI_MOVE_Bot 15] Set Destination: (54, 23) | Reason: Chasing | CurrPos: (54, 23)
2026-01-21 19:27:21,448 - [DEBUG] - [AI_STATUS_Bot 7] Role: CITIZEN | Phase: DAWN | Pos: (458, 1126) | State: Moving | HP: 100 AP: 100 Coins: 0
2026-01-21 19:27:21,454 - [DEBUG] - [AI_STATUS_Bot 8] Role: MAFIA | Phase: DAWN | Pos: (1734, 736) | State: Moving | HP: 100 AP: 100 Coins: 0
2026-01-21 19:27:21,639 - [DEBUG] - [AI_STATUS_Bot 5] Role: POLICE | Phase: DAWN | Pos: (1734, 744) | State: Idle | HP: 100 AP: 91 Coins: 0
2026-01-21 19:27:21,639 - [DEBUG] - [AI_MOVE_Bot 5] Set Destination: (54, 23) | Reason: Chasing | CurrPos: (54, 23)
2026-01-21 19:27:21,869 - [DEBUG] - [AI_STATUS_Bot 9] Role: MAFIA | Phase: DAWN | Pos: (2010, 550) | State: Moving | HP: 100 AP: 100 Coins: 0
2026-01-21 19:27:21,890 - [DEBUG] - [AI_STATUS_Bot 3] Role: CITIZEN | Phase: DAWN | Pos: (2626, 1126) | State: Moving | HP: 100 AP: 100 Coins: 0
2026-01-21 19:27:22,036 - [DEBUG] - [AI_MOVE_Bot 15] Set Destination: (54, 23) | Reason: Chasing | CurrPos: (54, 23)
2026-01-21 19:27:22,102 - [DEBUG] - [AI_STATUS_Bot 13] Role: POLICE | Phase: DAWN | Pos: (1618, 774) | State: Running | HP: 100 AP: 91 Coins: 0
2026-01-21 19:27:22,164 - [DEBUG] - [AI_MOVE_Bot 5] Set Destination: (54, 23) | Reason: Chasing | CurrPos: (54, 23)
2026-01-21 19:27:22,201 - [DEBUG] - [AI_MOVE_Bot 15] Set Destination: (54, 23) | Reason: Chasing | CurrPos: (54, 23)
2026-01-21 19:27:22,314 - [DEBUG] - [AI_MOVE_Bot 5] Set Destination: (54, 23) | Reason: Chasing | CurrPos: (54, 23)
2026-01-21 19:27:22,336 - [DEBUG] - [AI_MOVE_Bot 15] Set Destination: (54, 23) | Reason: Chasing | CurrPos: (54, 23)
2026-01-21 19:27:22,403 - [DEBUG] - [AI_STATUS_Bot 2] Role: CITIZEN | Phase: DAWN | Pos: (1702, 1702) | State: Idle | HP: 100 AP: 100 Coins: 0
2026-01-21 19:27:22,403 - [DEBUG] - [AI_MOVE_Bot 2] Set Destination: (39, 34) | Reason: Go Home | CurrPos: (53, 53)
2026-01-21 19:27:22,441 - [DEBUG] - [AI_MOVE_Bot 15] Set Destination: (54, 23) | Reason: Chasing | CurrPos: (54, 23)
2026-01-21 19:27:22,598 - [DEBUG] - [AI_MOVE_Bot 2] Set Destination: (39, 34) | Reason: Go Home | CurrPos: (53, 53)
2026-01-21 19:27:22,663 - [DEBUG] - [AI_STATUS_Bot 1] Role: DOCTOR | Phase: DAWN | Pos: (870, 1698) | State: Moving | HP: 100 AP: 100 Coins: 0
2026-01-21 19:27:22,703 - [DEBUG] - [AI_MOVE_Bot 2] Set Destination: (39, 34) | Reason: Go Home | CurrPos: (53, 53)
2026-01-21 19:27:22,772 - [DEBUG] - [AI_MOVE_Bot 15] Set Destination: (54, 23) | Reason: Chasing | CurrPos: (54, 23)
2026-01-21 19:27:22,972 - [DEBUG] - [AI_MOVE_Bot 2] Set Destination: (39, 34) | Reason: Go Home | CurrPos: (53, 53)
2026-01-21 19:27:23,041 - [DEBUG] - [AI_MOVE_Bot 15] Set Destination: (54, 23) | Reason: Chasing | CurrPos: (54, 23)
2026-01-21 19:27:23,112 - [DEBUG] - [AI_DECISION_Bot 1] Changed State: Moving -> Hiding | Result: BTState.SUCCESS
2026-01-21 19:27:23,198 - [DEBUG] - [AI_MOVE_Bot 2] Set Destination: (39, 34) | Reason: Go Home | CurrPos: (53, 53)
2026-01-21 19:27:23,220 - [DEBUG] - [AI_MOVE_Bot 5] Set Destination: (54, 23) | Reason: Chasing | CurrPos: (54, 23)
2026-01-21 19:27:23,303 - [DEBUG] - [AI_MOVE_Bot 2] Set Destination: (39, 34) | Reason: Go Home | CurrPos: (53, 53)
2026-01-21 19:27:23,341 - [DEBUG] - [AI_STATUS_Bot 15] Role: POLICE | Phase: DAWN | Pos: (1734, 744) | State: Idle | HP: 100 AP: 86 Coins: 0
2026-01-21 19:27:23,341 - [DEBUG] - [AI_MOVE_Bot 15] Set Destination: (54, 23) | Reason: Chasing | CurrPos: (54, 23)
2026-01-21 19:27:23,395 - [DEBUG] - [AI_MOVE_Bot 5] Set Destination: (54, 23) | Reason: Chasing | CurrPos: (54, 23)
2026-01-21 19:27:23,632 - [DEBUG] - [AI_DECISION_Bot 13] Changed State: Running -> Idle | Result: BTState.SUCCESS
2026-01-21 19:27:23,708 - [DEBUG] - [AI_MOVE_Bot 2] Set Destination: (39, 34) | Reason: Go Home | CurrPos: (53, 53)
2026-01-21 19:27:23,762 - [DEBUG] - [AI_MOVE_Bot 13] Set Destination: (54, 23) | Reason: Chasing | CurrPos: (54, 23)
2026-01-21 19:27:23,935 - [DEBUG] - [AI_MOVE_Bot 5] Set Destination: (54, 23) | Reason: Chasing | CurrPos: (54, 23)
2026-01-21 19:27:24,052 - [DEBUG] - [AI_MOVE_Bot 2] Set Destination: (39, 34) | Reason: Go Home | CurrPos: (53, 53)
2026-01-21 19:27:24,121 - [DEBUG] - [AI_MOVE_Bot 15] Set Destination: (54, 23) | Reason: Chasing | CurrPos: (54, 23)
2026-01-21 19:27:24,188 - [DEBUG] - [AI_MOVE_Bot 2] Set Destination: (39, 34) | Reason: Go Home | CurrPos: (53, 53)
2026-01-21 19:27:24,241 - [DEBUG] - [AI_MOVE_Bot 15] Set Destination: (54, 23) | Reason: Chasing | CurrPos: (54, 23)
2026-01-21 19:27:24,317 - [DEBUG] - [AI_DECISION_Bot 10] Changed State: Moving -> Hiding | Result: BTState.SUCCESS
2026-01-21 19:27:24,317 - [DEBUG] - [AI_MOVE_Bot 13] Set Destination: (54, 23) | Reason: Chasing | CurrPos: (54, 23)
2026-01-21 19:27:24,352 - [DEBUG] - [AI_MOVE_Bot 2] Set Destination: (39, 34) | Reason: Go Home | CurrPos: (53, 53)
2026-01-21 19:27:24,406 - [DEBUG] - [AI_MOVE_Bot 15] Set Destination: (54, 23) | Reason: Chasing | CurrPos: (54, 23)
2026-01-21 19:27:24,491 - [DEBUG] - [AI_MOVE_Bot 5] Set Destination: (54, 23) | Reason: Chasing | CurrPos: (54, 23)
2026-01-21 19:27:24,699 - [DEBUG] - [AI_MOVE_Bot 5] Set Destination: (54, 23) | Reason: Chasing | CurrPos: (54, 23)
2026-01-21 19:27:24,751 - [DEBUG] - [AI_MOVE_Bot 15] Set Destination: (54, 23) | Reason: Chasing | CurrPos: (54, 23)
2026-01-21 19:27:24,860 - [DEBUG] - [AI_DECISION_Bot 3] Changed State: Moving -> Hiding | Result: BTState.SUCCESS
2026-01-21 19:27:24,962 - [DEBUG] - [AI_MOVE_Bot 13] Set Destination: (54, 23) | Reason: Chasing | CurrPos: (54, 23)
2026-01-21 19:27:25,116 - [DEBUG] - [AI_STATUS_Bot 6] Role: CITIZEN | Phase: DAWN | Pos: (2342, 2170) | State: Moving | HP: 100 AP: 100 Coins: 0
2026-01-21 19:27:25,253 - [DEBUG] - [AI_MOVE_Bot 2] Set Destination: (39, 34) | Reason: Go Home | CurrPos: (53, 53)
2026-01-21 19:27:25,336 - [DEBUG] - [AI_MOVE_Bot 13] Set Destination: (54, 23) | Reason: Chasing | CurrPos: (54, 23)
2026-01-21 19:27:25,442 - [DEBUG] - [AI_MOVE_Bot 13] Set Destination: (54, 23) | Reason: Chasing | CurrPos: (54, 23)
2026-01-21 19:27:25,546 - [DEBUG] - [AI_MOVE_Bot 15] Set Destination: (54, 23) | Reason: Chasing | CurrPos: (54, 23)
2026-01-21 19:27:25,666 - [DEBUG] - [AI_MOVE_Bot 13] Set Destination: (54, 23) | Reason: Chasing | CurrPos: (54, 23)
2026-01-21 19:27:25,831 - [DEBUG] - [AI_MOVE_Bot 15] Set Destination: (54, 23) | Reason: Chasing | CurrPos: (54, 23)
2026-01-21 19:27:25,951 - [DEBUG] - [AI_MOVE_Bot 15] Set Destination: (54, 23) | Reason: Chasing | CurrPos: (54, 23)
2026-01-21 19:27:26,034 - [DEBUG] - [AI_STATUS_Bot 4] Role: CITIZEN | Phase: DAWN | Pos: (1502, 3043) | State: Moving | HP: 100 AP: 100 Coins: 0
2026-01-21 19:27:26,034 - [DEBUG] - [AI_MOVE_Bot 5] Set Destination: (54, 23) | Reason: Chasing | CurrPos: (54, 23)
2026-01-21 19:27:26,296 - [DEBUG] - [AI_STATUS_Bot 14] Role: MAFIA | Phase: DAWN | Pos: (522, 390) | State: Moving | HP: 100 AP: 100 Coins: 0
2026-01-21 19:27:26,573 - [DEBUG] - [AI_MOVE_Bot 2] Set Destination: (39, 34) | Reason: Go Home | CurrPos: (53, 53)
2026-01-21 19:27:26,616 - [DEBUG] - [AI_STATUS_Bot 11] Role: CITIZEN | Phase: DAWN | Pos: (354, 1126) | State: Moving | HP: 100 AP: 100 Coins: 0
2026-01-21 19:27:26,632 - [DEBUG] - [AI_STATUS_Bot 10] Role: CITIZEN | Phase: DAWN | Pos: (2988, 966) | State: Hiding | HP: 100 AP: 100 Coins: 0
2026-01-21 19:27:26,835 - [DEBUG] - [AI_STATUS_Bot 5] Role: POLICE | Phase: DAWN | Pos: (1734, 744) | State: Idle | HP: 100 AP: 87 Coins: 0
2026-01-21 19:27:26,933 - [DEBUG] - [AI_MOVE_Bot 2] Set Destination: (39, 34) | Reason: Go Home | CurrPos: (53, 53)
2026-01-21 19:27:26,988 - [DEBUG] - [AI_MOVE_Bot 13] Set Destination: (54, 23) | Reason: Chasing | CurrPos: (54, 23)
2026-01-21 19:27:27,053 - [DEBUG] - [AI_MOVE_Bot 2] Set Destination: (39, 34) | Reason: Go Home | CurrPos: (53, 53)
2026-01-21 19:27:27,064 - [DEBUG] - [AI_STATUS_Bot 3] Role: CITIZEN | Phase: DAWN | Pos: (2892, 1028) | State: Hiding | HP: 100 AP: 100 Coins: 0
2026-01-21 19:27:27,165 - [DEBUG] - [AI_STATUS_Bot 9] Role: MAFIA | Phase: DAWN | Pos: (2818, 486) | State: Moving | HP: 100 AP: 100 Coins: 0
2026-01-21 19:27:27,193 - [DEBUG] - [AI_STATUS_Bot 8] Role: MAFIA | Phase: DAWN | Pos: (1734, 736) | State: Moving | HP: 100 AP: 100 Coins: 0
2026-01-21 19:27:27,295 - [DEBUG] - [AI_MOVE_Bot 5] Set Destination: (54, 23) | Reason: Chasing | CurrPos: (54, 23)
2026-01-21 19:27:27,353 - [DEBUG] - [AI_MOVE_Bot 2] Set Destination: (39, 34) | Reason: Go Home | CurrPos: (53, 53)
2026-01-21 19:27:27,451 - [DEBUG] - [AI_STATUS_Bot 13] Role: POLICE | Phase: DAWN | Pos: (1734, 744) | State: Idle | HP: 100 AP: 88 Coins: 0
2026-01-21 19:27:27,462 - [DEBUG] - [AI_MOVE_Bot 13] Set Destination: (54, 23) | Reason: Chasing | CurrPos: (54, 23)
2026-01-21 19:27:27,518 - [DEBUG] - [AI_STATUS_Bot 2] Role: CITIZEN | Phase: DAWN | Pos: (1702, 1702) | State: Idle | HP: 100 AP: 100 Coins: 0
2026-01-21 19:27:27,518 - [DEBUG] - [AI_MOVE_Bot 2] Set Destination: (39, 34) | Reason: Go Home | CurrPos: (53, 53)
2026-01-21 19:27:27,551 - [DEBUG] - [AI_MOVE_Bot 14] Set Destination: (74, 12) | Reason: Random Move | CurrPos: (12, 12)
2026-01-21 19:27:27,556 - [DEBUG] - [AI_DECISION_Bot 14] Changed State: Moving -> Idle | Result: BTState.RUNNING
2026-01-21 19:27:27,556 - [DEBUG] - [AI_MOVE_Bot 15] Set Destination: (54, 23) | Reason: Chasing | CurrPos: (54, 23)
2026-01-21 19:27:27,586 - [DEBUG] - [AI_MOVE_Bot 15] Set Destination: (54, 23) | Reason: Chasing | CurrPos: (54, 23)
2026-01-21 19:27:27,602 - [DEBUG] - [AI_MOVE_Bot 13] Set Destination: (54, 23) | Reason: Chasing | CurrPos: (54, 23)
2026-01-21 19:27:27,668 - [DEBUG] - [AI_MOVE_Bot 2] Set Destination: (39, 34) | Reason: Go Home | CurrPos: (53, 53)
2026-01-21 19:27:27,778 - [DEBUG] - [AI_STATUS_Bot 1] Role: DOCTOR | Phase: DAWN | Pos: (870, 1782) | State: Hiding | HP: 100 AP: 100 Coins: 0
2026-01-21 19:27:27,783 - [DEBUG] - [AI_STATUS_Bot 7] Role: CITIZEN | Phase: DAWN | Pos: (266, 1126) | State: Moving | HP: 100 AP: 100 Coins: 0
2026-01-21 19:27:27,796 - [DEBUG] - [AI_DECISION_Bot 14] Changed State: Idle -> Moving | Result: BTState.RUNNING
2026-01-21 19:27:27,847 - [DEBUG] - [AI_MOVE_Bot 2] Set Destination: (39, 34) | Reason: Go Home | CurrPos: (53, 53)
2026-01-21 19:27:27,886 - [DEBUG] - [AI_MOVE_Bot 13] Set Destination: (54, 23) | Reason: Chasing | CurrPos: (54, 23)
2026-01-21 19:27:28,103 - [DEBUG] - [AI_MOVE_Bot 2] Set Destination: (39, 34) | Reason: Go Home | CurrPos: (53, 53)
2026-01-21 19:27:28,156 - [DEBUG] - [AI_MOVE_Bot 15] Set Destination: (54, 23) | Reason: Chasing | CurrPos: (54, 23)
2026-01-21 19:27:28,193 - [DEBUG] - [AI_MOVE_Bot 2] Set Destination: (39, 34) | Reason: Go Home | CurrPos: (53, 53)
2026-01-21 19:27:28,261 - [DEBUG] - [AI_DECISION_Bot 6] Changed State: Moving -> Hiding | Result: BTState.SUCCESS
2026-01-21 19:27:28,262 - [DEBUG] - [AI_MOVE_Bot 13] Set Destination: (54, 23) | Reason: Chasing | CurrPos: (54, 23)
2026-01-21 19:27:28,427 - [DEBUG] - [AI_MOVE_Bot 13] Set Destination: (54, 23) | Reason: Chasing | CurrPos: (54, 23)
2026-01-21 19:27:28,561 - [DEBUG] - [AI_STATUS_Bot 15] Role: POLICE | Phase: DAWN | Pos: (1734, 744) | State: Idle | HP: 100 AP: 82 Coins: 0
2026-01-21 19:27:28,561 - [DEBUG] - [AI_MOVE_Bot 15] Set Destination: (54, 23) | Reason: Chasing | CurrPos: (54, 23)
2026-01-21 19:27:28,577 - [DEBUG] - [AI_MOVE_Bot 13] Set Destination: (54, 23) | Reason: Chasing | CurrPos: (54, 23)
2026-01-21 19:27:28,627 - [DEBUG] - [AI_MOVE_Bot 2] Set Destination: (39, 34) | Reason: Go Home | CurrPos: (53, 53)
2026-01-21 19:27:28,672 - [DEBUG] - [AI_MOVE_Bot 2] Set Destination: (39, 34) | Reason: Go Home | CurrPos: (53, 53)
2026-01-21 19:27:28,695 - [DEBUG] - [AI_MOVE_Bot 5] Set Destination: (54, 23) | Reason: Chasing | CurrPos: (54, 23)
2026-01-21 19:27:28,710 - [DEBUG] - [AI_MOVE_Bot 15] Set Destination: (54, 23) | Reason: Chasing | CurrPos: (54, 23)
2026-01-21 19:27:28,794 - [DEBUG] - [AI_MOVE_Bot 5] Set Destination: (54, 23) | Reason: Chasing | CurrPos: (54, 23)
2026-01-21 19:27:28,846 - [DEBUG] - [AI_MOVE_Bot 15] Set Destination: (54, 23) | Reason: Chasing | CurrPos: (54, 23)
2026-01-21 19:27:28,946 - [DEBUG] - [AI_MOVE_Bot 5] Set Destination: (54, 23) | Reason: Chasing | CurrPos: (54, 23)
2026-01-21 19:27:28,983 - [DEBUG] - [AI_STATUS_Bot 12] Role: CITIZEN | Phase: DAWN | Pos: (2531, 542) | State: Moving | HP: 100 AP: 100 Coins: 0
2026-01-21 19:27:28,996 - [DEBUG] - [AI_MOVE_Bot 15] Set Destination: (54, 23) | Reason: Chasing | CurrPos: (54, 23)
2026-01-21 19:27:29,012 - [DEBUG] - [AI_MOVE_Bot 13] Set Destination: (54, 23) | Reason: Chasing | CurrPos: (54, 23)
2026-01-21 19:27:29,110 - [DEBUG] - [AI_MOVE_Bot 5] Set Destination: (54, 23) | Reason: Chasing | CurrPos: (54, 23)
2026-01-21 19:27:29,228 - [DEBUG] - [AI_MOVE_Bot 2] Set Destination: (39, 34) | Reason: Go Home | CurrPos: (53, 53)
2026-01-21 19:27:29,342 - [DEBUG] - [AI_MOVE_Bot 13] Set Destination: (54, 23) | Reason: Chasing | CurrPos: (54, 23)
2026-01-21 19:27:29,408 - [DEBUG] - [AI_MOVE_Bot 2] Set Destination: (39, 34) | Reason: Go Home | CurrPos: (53, 53)
2026-01-21 19:27:29,470 - [DEBUG] - [AI_MOVE_Bot 5] Set Destination: (54, 23) | Reason: Chasing | CurrPos: (54, 23)
2026-01-21 19:27:29,521 - [DEBUG] - [AI_MOVE_Bot 15] Set Destination: (54, 23) | Reason: Chasing | CurrPos: (54, 23)
2026-01-21 19:27:29,537 - [DEBUG] - [AI_MOVE_Bot 13] Set Destination: (54, 23) | Reason: Chasing | CurrPos: (54, 23)
2026-01-21 19:27:29,618 - [DEBUG] - [AI_MOVE_Bot 2] Set Destination: (39, 34) | Reason: Go Home | CurrPos: (53, 53)
2026-01-21 19:27:29,718 - [DEBUG] - [AI_DECISION_Bot 11] Changed State: Moving -> Hiding | Result: BTState.SUCCESS
2026-01-21 19:27:29,731 - [DEBUG] - [AI_MOVE_Bot 13] Set Destination: (54, 23) | Reason: Chasing | CurrPos: (54, 23)
2026-01-21 19:27:29,979 - [DEBUG] - [AI_DECISION_Bot 7] Changed State: Moving -> Hiding | Result: BTState.SUCCESS
2026-01-21 19:27:29,994 - [DEBUG] - [AI_MOVE_Bot 2] Set Destination: (39, 34) | Reason: Go Home | CurrPos: (53, 53)
2026-01-21 19:27:30,076 - [DEBUG] - [AI_MOVE_Bot 15] Set Destination: (54, 23) | Reason: Chasing | CurrPos: (54, 23)
2026-01-21 19:27:30,160 - [DEBUG] - [AI_MOVE_Bot 5] Set Destination: (54, 23) | Reason: Chasing | CurrPos: (54, 23)
2026-01-21 19:27:30,215 - [DEBUG] - [AI_STATUS_Bot 6] Role: CITIZEN | Phase: DAWN | Pos: (2340, 2540) | State: Hiding | HP: 100 AP: 100 Coins: 0
2026-01-21 19:27:30,278 - [DEBUG] - [AI_MOVE_Bot 2] Set Destination: (39, 34) | Reason: Go Home | CurrPos: (53, 53)
2026-01-21 19:27:30,301 - [DEBUG] - [AI_MOVE_Bot 5] Set Destination: (54, 23) | Reason: Chasing | CurrPos: (54, 23)
2026-01-21 19:27:30,317 - [DEBUG] - [AI_MOVE_Bot 13] Set Destination: (54, 23) | Reason: Chasing | CurrPos: (54, 23)
2026-01-21 19:27:30,400 - [DEBUG] - [AI_MOVE_Bot 5] Set Destination: (54, 23) | Reason: Chasing | CurrPos: (54, 23)
2026-01-21 19:27:30,482 - [DEBUG] - [AI_MOVE_Bot 15] Set Destination: (54, 23) | Reason: Chasing | CurrPos: (54, 23)
2026-01-21 19:27:30,563 - [DEBUG] - [AI_MOVE_Bot 1] Set Destination: (70, 44) | Reason: Work Start | CurrPos: (27, 55)
2026-01-21 19:27:30,578 - [DEBUG] - [AI_MOVE_Bot 2] Set Destination: (74, 97) | Reason: Work Start | CurrPos: (53, 53)
2026-01-21 19:27:30,594 - [DEBUG] - [AI_MOVE_Bot 9] Set Destination: (59, 22) | Reason: Random Move | CurrPos: (97, 6)
2026-01-21 19:27:30,610 - [DEBUG] - [AI_DECISION_Bot 9] Changed State: Moving -> Idle | Result: BTState.RUNNING
2026-01-21 19:27:30,697 - [DEBUG] - [AI_MOVE_Bot 1] Set Destination: (57, 10) | Reason: Random Move | CurrPos: (27, 55)
2026-01-21 19:27:30,705 - [DEBUG] - [AI_MOVE_Bot 3] Set Destination: (84, 9) | Reason: Random Move | CurrPos: (90, 32)
2026-01-21 19:27:30,706 - [DEBUG] - [AI_DECISION_Bot 3] Changed State: Hiding -> Idle | Result: BTState.RUNNING
2026-01-21 19:27:30,706 - [DEBUG] - [AI_MOVE_Bot 6] Set Destination: (5, 11) | Reason: Work Start | CurrPos: (73, 79)
2026-01-21 19:27:30,714 - [DEBUG] - [AI_DECISION_Bot 6] Changed State: Hiding -> Idle | Result: BTState.RUNNING
2026-01-21 19:27:30,738 - [DEBUG] - [AI_DECISION_Bot 6] Changed State: Idle -> Moving | Result: BTState.RUNNING
2026-01-21 19:27:30,806 - [DEBUG] - [AI_DECISION_Bot 2] Changed State: Idle -> Moving | Result: BTState.RUNNING
2026-01-21 19:27:30,820 - [DEBUG] - [AI_MOVE_Bot 4] Set Destination: (89, 77) | Reason: Work Start | CurrPos: (46, 95)
2026-01-21 19:27:30,825 - [DEBUG] - [AI_DECISION_Bot 4] Changed State: Moving -> Idle | Result: BTState.RUNNING
2026-01-21 19:27:30,833 - [DEBUG] - [AI_MOVE_Bot 11] Set Destination: (91, 6) | Reason: Work Start | CurrPos: (5, 41)
2026-01-21 19:27:30,845 - [DEBUG] - [AI_DECISION_Bot 11] Changed State: Hiding -> Idle | Result: BTState.RUNNING
2026-01-21 19:27:30,864 - [DEBUG] - [AI_MOVE_Bot 9] Set Destination: (56, 84) | Reason: Random Move | CurrPos: (97, 6)
2026-01-21 19:27:30,875 - [DEBUG] - [AI_DECISION_Bot 11] Changed State: Idle -> Moving | Result: BTState.RUNNING
2026-01-21 19:27:30,887 - [DEBUG] - [AI_MOVE_Bot 12] Set Destination: (96, 7) | Reason: Work Start | CurrPos: (75, 12)
2026-01-21 19:27:30,894 - [DEBUG] - [AI_DECISION_Bot 12] Changed State: Moving -> Idle | Result: BTState.RUNNING
2026-01-21 19:27:30,932 - [DEBUG] - [AI_DECISION_Bot 3] Changed State: Idle -> Moving | Result: BTState.RUNNING
2026-01-21 19:27:30,932 - [DEBUG] - [AI_DECISION_Bot 12] Changed State: Idle -> Moving | Result: BTState.RUNNING
2026-01-21 19:27:30,946 - [DEBUG] - [AI_MOVE_Bot 15] Set Destination: (98, 5) | Reason: Random Move | CurrPos: (54, 23)
2026-01-21 19:27:31,012 - [DEBUG] - [AI_MOVE_Bot 1] Set Destination: (70, 43) | Reason: Work Start | CurrPos: (27, 55)
2026-01-21 19:27:31,027 - [DEBUG] - [AI_MOVE_Bot 1] Set Destination: (85, 88) | Reason: Random Move | CurrPos: (27, 55)
2026-01-21 19:27:31,046 - [DEBUG] - [AI_DECISION_Bot 9] Changed State: Idle -> Moving | Result: BTState.RUNNING
2026-01-21 19:27:31,063 - [DEBUG] - [AI_STATUS_Bot 4] Role: CITIZEN | Phase: MORNING | Pos: (1526, 3046) | State: Moving | HP: 100 AP: 100 Coins: 0
2026-01-21 19:27:31,063 - [DEBUG] - [AI_DECISION_Bot 4] Changed State: Idle -> Moving | Result: BTState.RUNNING
2026-01-21 19:27:31,127 - [DEBUG] - [AI_MOVE_Bot 10] Set Destination: (89, 81) | Reason: Work Start | CurrPos: (93, 30)
2026-01-21 19:27:31,135 - [DEBUG] - [AI_DECISION_Bot 10] Changed State: Hiding -> Idle | Result: BTState.RUNNING
2026-01-21 19:27:31,207 - [DEBUG] - [AI_MOVE_Bot 1] Set Destination: (70, 44) | Reason: Work Start | CurrPos: (27, 55)
2026-01-21 19:27:31,213 - [DEBUG] - [AI_MOVE_Bot 3] Set Destination: (92, 10) | Reason: Work Start | CurrPos: (88, 30)
2026-01-21 19:27:31,217 - [DEBUG] - [AI_DECISION_Bot 10] Changed State: Idle -> Moving | Result: BTState.RUNNING
2026-01-21 19:27:31,217 - [DEBUG] - [AI_MOVE_Bot 13] Set Destination: (88, 97) | Reason: Random Move | CurrPos: (54, 23)
2026-01-21 19:27:31,300 - [DEBUG] - [AI_MOVE_Bot 5] Set Destination: (10, 59) | Reason: Random Move | CurrPos: (54, 23)
2026-01-21 19:27:31,355 - [DEBUG] - [AI_DECISION_Bot 13] Changed State: Idle -> Moving | Result: BTState.RUNNING
2026-01-21 19:27:31,436 - [DEBUG] - [AI_DECISION_Bot 5] Changed State: Idle -> Moving | Result: BTState.RUNNING
2026-01-21 19:27:31,436 - [DEBUG] - [AI_STATUS_Bot 14] Role: MAFIA | Phase: MORNING | Pos: (986, 390) | State: Idle | HP: 100 AP: 100 Coins: 0
2026-01-21 19:27:31,439 - [DEBUG] - [AI_MOVE_Bot 14] Set Destination: (53, 40) | Reason: Random Move | CurrPos: (30, 12)
2026-01-21 19:27:31,443 - [DEBUG] - [AI_DECISION_Bot 14] Changed State: Moving -> Idle | Result: BTState.RUNNING
2026-01-21 19:27:31,553 - [DEBUG] - [AI_MOVE_Bot 1] Set Destination: (55, 12) | Reason: Random Move | CurrPos: (27, 55)
2026-01-21 19:27:31,624 - [DEBUG] - [AI_DECISION_Bot 15] Changed State: Idle -> Moving | Result: BTState.RUNNING
2026-01-21 19:27:31,672 - [DEBUG] - [AI_MOVE_Bot 7] Set Destination: (87, 10) | Reason: Random Move | CurrPos: (7, 41)
2026-01-21 19:27:31,688 - [DEBUG] - [AI_DECISION_Bot 7] Changed State: Hiding -> Idle | Result: BTState.RUNNING
2026-01-21 19:27:31,746 - [DEBUG] - [AI_STATUS_Bot 10] Role: CITIZEN | Phase: MORNING | Pos: (2860, 966) | State: Moving | HP: 100 AP: 100 Coins: 0
2026-01-21 19:27:31,879 - [DEBUG] - [AI_STATUS_Bot 11] Role: CITIZEN | Phase: MORNING | Pos: (102, 1222) | State: Moving | HP: 100 AP: 100 Coins: 0
2026-01-21 19:27:31,942 - [DEBUG] - [AI_MOVE_Bot 1] Set Destination: (70, 43) | Reason: Work Start | CurrPos: (27, 55)
2026-01-21 19:27:31,979 - [DEBUG] - [AI_STATUS_Bot 5] Role: POLICE | Phase: MORNING | Pos: (1622, 774) | State: Moving | HP: 100 AP: 84 Coins: 0
2026-01-21 19:27:32,129 - [DEBUG] - [AI_DECISION_Bot 14] Changed State: Idle -> Moving | Result: BTState.RUNNING
2026-01-21 19:27:32,242 - [DEBUG] - [AI_MOVE_Bot 1] Set Destination: (26, 7) | Reason: Random Move | CurrPos: (27, 55)
2026-01-21 19:27:32,248 - [DEBUG] - [AI_STATUS_Bot 9] Role: MAFIA | Phase: MORNING | Pos: (3046, 418) | State: Moving | HP: 100 AP: 100 Coins: 0
2026-01-21 19:27:32,555 - [DEBUG] - [AI_STATUS_Bot 13] Role: POLICE | Phase: MORNING | Pos: (1670, 962) | State: Moving | HP: 100 AP: 85 Coins: 0
2026-01-21 19:27:32,602 - [DEBUG] - [AI_MOVE_Bot 1] Set Destination: (70, 45) | Reason: Work Start | CurrPos: (27, 55)
2026-01-21 19:27:32,621 - [DEBUG] - [AI_STATUS_Bot 2] Role: CITIZEN | Phase: MORNING | Pos: (1638, 2066) | State: Moving | HP: 100 AP: 100 Coins: 0
2026-01-21 19:27:32,737 - [DEBUG] - [AI_MOVE_Bot 1] Set Destination: (2, 13) | Reason: Random Move | CurrPos: (27, 55)
2026-01-21 19:27:32,872 - [DEBUG] - [AI_STATUS_Bot 1] Role: DOCTOR | Phase: MORNING | Pos: (870, 1782) | State: Hiding | HP: 100 AP: 100 Coins: 0
2026-01-21 19:27:32,873 - [DEBUG] - [AI_MOVE_Bot 1] Set Destination: (70, 43) | Reason: Work Start | CurrPos: (27, 55)
2026-01-21 19:27:32,957 - [DEBUG] - [AI_STATUS_Bot 3] Role: CITIZEN | Phase: MORNING | Pos: (2818, 806) | State: Moving | HP: 100 AP: 100 Coins: 0
2026-01-21 19:27:33,036 - [DEBUG] - [AI_MOVE_Bot 1] Set Destination: (68, 43) | Reason: Random Move | CurrPos: (27, 55)
2026-01-21 19:27:33,202 - [DEBUG] - [AI_MOVE_Bot 1] Set Destination: (70, 43) | Reason: Work Start | CurrPos: (27, 55)
2026-01-21 19:27:33,353 - [DEBUG] - [AI_MOVE_Bot 1] Set Destination: (53, 20) | Reason: Random Move | CurrPos: (27, 55)
2026-01-21 19:27:33,712 - [DEBUG] - [AI_MOVE_Bot 1] Set Destination: (70, 43) | Reason: Work Start | CurrPos: (27, 55)
2026-01-21 19:27:34,371 - [DEBUG] - [AI_STATUS_Bot 15] Role: POLICE | Phase: MORNING | Pos: (1986, 550) | State: Moving | HP: 100 AP: 80 Coins: 0
2026-01-21 19:27:34,627 - [DEBUG] - [AI_MOVE_Bot 1] Set Destination: (76, 88) | Reason: Random Move | CurrPos: (27, 55)
2026-01-21 19:27:34,762 - [DEBUG] - [AI_MOVE_Bot 1] Set Destination: (70, 45) | Reason: Work Start | CurrPos: (27, 55)
2026-01-21 19:27:34,912 - [DEBUG] - [AI_STATUS_Bot 8] Role: MAFIA | Phase: MORNING | Pos: (1734, 736) | State: Idle | HP: 100 AP: 100 Coins: 0
2026-01-21 19:27:34,917 - [DEBUG] - [AI_MOVE_Bot 8] Set Destination: (17, 98) | Reason: Random Move | CurrPos: (54, 23)
2026-01-21 19:27:34,927 - [DEBUG] - [AI_DECISION_Bot 8] Changed State: Moving -> Idle | Result: BTState.RUNNING
2026-01-21 19:27:35,122 - [DEBUG] - [AI_MOVE_Bot 1] Set Destination: (41, 40) | Reason: Random Move | CurrPos: (27, 55)
2026-01-21 19:27:35,240 - [DEBUG] - [AI_STATUS_Bot 6] Role: CITIZEN | Phase: MORNING | Pos: (2034, 2118) | State: Moving | HP: 100 AP: 100 Coins: 0
2026-01-21 19:27:35,306 - [DEBUG] - [AI_DECISION_Bot 8] Changed State: Idle -> Moving | Result: BTState.RUNNING
2026-01-21 19:27:35,467 - [DEBUG] - [AI_MOVE_Bot 1] Set Destination: (70, 45) | Reason: Work Start | CurrPos: (27, 55)
2026-01-21 19:27:35,601 - [DEBUG] - [AI_MOVE_Bot 1] Set Destination: (8, 78) | Reason: Random Move | CurrPos: (27, 55)
2026-01-21 19:27:35,736 - [DEBUG] - [AI_MOVE_Bot 1] Set Destination: (70, 45) | Reason: Work Start | CurrPos: (27, 55)
2026-01-21 19:27:35,856 - [DEBUG] - [AI_MOVE_Bot 1] Set Destination: (58, 23) | Reason: Random Move | CurrPos: (27, 55)
2026-01-21 19:27:36,022 - [DEBUG] - [AI_MOVE_Bot 1] Set Destination: (70, 43) | Reason: Work Start | CurrPos: (27, 55)
2026-01-21 19:27:36,142 - [DEBUG] - [AI_MOVE_Bot 1] Set Destination: (90, 5) | Reason: Random Move | CurrPos: (27, 55)
2026-01-21 19:27:36,184 - [DEBUG] - [AI_STATUS_Bot 4] Role: CITIZEN | Phase: MORNING | Pos: (2082, 2758) | State: Moving | HP: 100 AP: 100 Coins: 0
