2026-01-22 01:27:11,215 - [INFO] - [DATA] Loaded 17 items.
2026-01-22 01:27:11,215 - [INFO] - [DATA] Loaded 110 tiles.
2026-01-22 01:27:11,215 - [INFO] - [DATA] Loaded 5 roles.
2026-01-22 01:27:11,375 - [INFO] - [SYSTEM] Game Engine Initializing...
2026-01-22 01:27:11,375 - [INFO] - [SYSTEM] Game Engine Initializing...
2026-01-22 01:27:11,406 - [INFO] - [SYSTEM] Engine Loop Started
2026-01-22 01:27:11,406 - [INFO] - [SYSTEM] Engine Loop Started
2026-01-22 01:27:11,525 - [INFO] - [DATA] Loaded 17 items.
2026-01-22 01:27:11,525 - [INFO] - [DATA] Loaded 110 tiles.
2026-01-22 01:27:11,534 - [INFO] - [DATA] Loaded 5 roles.
2026-01-22 01:27:20,201 - [INFO] - [PLAY] Entering PlayState...
2026-01-22 01:27:20,201 - [INFO] - [PLAY] Entering PlayState...
2026-01-22 01:27:20,220 - [INFO] - [PLAYER] Initialized at (1600, 1728) Role: CITIZEN
2026-01-22 01:27:20,220 - [INFO] - [PLAYER] Initialized at (1600, 1728) Role: CITIZEN
2026-01-22 01:27:20,223 - [INFO] - [PLAYER] Role changed to SPECTATOR (None)
2026-01-22 01:27:20,223 - [INFO] - [PLAYER] Role changed to SPECTATOR (None)
2026-01-22 01:27:20,305 - [DEBUG] - [AI_MOVE_Bot 6] Set Destination: (6, 45) | Reason: Go Home | CurrPos: (50, 53)
2026-01-22 01:27:20,305 - [DEBUG] - [AI_MOVE_Bot 6] Set Destination: (6, 45) | Reason: Go Home | CurrPos: (50, 53)
2026-01-22 01:27:20,354 - [DEBUG] - [AI_MOVE_Bot 5] Set Destination: (91, 39) | Reason: Go Home | CurrPos: (46, 50)
2026-01-22 01:27:20,354 - [DEBUG] - [AI_MOVE_Bot 5] Set Destination: (91, 39) | Reason: Go Home | CurrPos: (46, 50)
2026-01-22 01:27:20,356 - [DEBUG] - [AI_MOVE_Bot 10] Set Destination: (58, 43) | Reason: Random Move | CurrPos: (45, 52)
2026-01-22 01:27:20,356 - [DEBUG] - [AI_MOVE_Bot 10] Set Destination: (58, 43) | Reason: Random Move | CurrPos: (45, 52)
2026-01-22 01:27:20,358 - [DEBUG] - [AI_MOVE_Bot 14] Set Destination: (34, 22) | Reason: Go Home | CurrPos: (46, 47)
2026-01-22 01:27:20,358 - [DEBUG] - [AI_MOVE_Bot 14] Set Destination: (34, 22) | Reason: Go Home | CurrPos: (46, 47)
2026-01-22 01:27:20,552 - [DEBUG] - [AI_MOVE_Bot 2] Set Destination: (3, 40) | Reason: Go Home | CurrPos: (51, 52)
2026-01-22 01:27:20,552 - [DEBUG] - [AI_MOVE_Bot 2] Set Destination: (3, 40) | Reason: Go Home | CurrPos: (51, 52)
2026-01-22 01:27:20,635 - [DEBUG] - [AI_MOVE_Bot 8] Set Destination: (80, 53) | Reason: Random Move | CurrPos: (46, 46)
2026-01-22 01:27:20,635 - [DEBUG] - [AI_MOVE_Bot 8] Set Destination: (80, 53) | Reason: Random Move | CurrPos: (46, 46)
2026-01-22 01:27:20,801 - [DEBUG] - [AI_MOVE_Bot 12] Set Destination: (75, 69) | Reason: Go Home | CurrPos: (49, 46)
2026-01-22 01:27:20,801 - [DEBUG] - [AI_MOVE_Bot 12] Set Destination: (75, 69) | Reason: Go Home | CurrPos: (49, 46)
2026-01-22 01:27:20,850 - [DEBUG] - [AI_MOVE_Bot 9] Set Destination: (3, 45) | Reason: Go Home | CurrPos: (46, 48)
2026-01-22 01:27:20,850 - [DEBUG] - [AI_MOVE_Bot 9] Set Destination: (3, 45) | Reason: Go Home | CurrPos: (46, 48)
2026-01-22 01:27:20,853 - [DEBUG] - [AI_MOVE_Bot 11] Set Destination: (44, 62) | Reason: Go Home | CurrPos: (46, 49)
2026-01-22 01:27:20,853 - [DEBUG] - [AI_MOVE_Bot 11] Set Destination: (44, 62) | Reason: Go Home | CurrPos: (46, 49)
2026-01-22 01:27:20,866 - [DEBUG] - [AI_MOVE_Bot 4] Set Destination: (71, 21) | Reason: Go Home | CurrPos: (54, 50)
2026-01-22 01:27:20,866 - [DEBUG] - [AI_MOVE_Bot 4] Set Destination: (71, 21) | Reason: Go Home | CurrPos: (54, 50)
2026-01-22 01:27:21,013 - [DEBUG] - [AI_MOVE_Bot 15] Set Destination: (59, 31) | Reason: Random Move | CurrPos: (48, 52)
2026-01-22 01:27:21,013 - [DEBUG] - [AI_MOVE_Bot 15] Set Destination: (59, 31) | Reason: Random Move | CurrPos: (48, 52)
2026-01-22 01:27:21,079 - [DEBUG] - [AI_MOVE_Bot 1] Set Destination: (70, 40) | Reason: Random Move | CurrPos: (45, 51)
2026-01-22 01:27:21,079 - [DEBUG] - [AI_MOVE_Bot 1] Set Destination: (70, 40) | Reason: Random Move | CurrPos: (45, 51)
2026-01-22 01:27:21,130 - [DEBUG] - [AI_MOVE_Bot 13] Set Destination: (56, 33) | Reason: Random Move | CurrPos: (46, 46)
2026-01-22 01:27:21,130 - [DEBUG] - [AI_MOVE_Bot 13] Set Destination: (56, 33) | Reason: Random Move | CurrPos: (46, 46)
2026-01-22 01:27:21,379 - [DEBUG] - [AI_MOVE_Bot 3] Set Destination: (97, 39) | Reason: Go Home | CurrPos: (49, 49)
2026-01-22 01:27:21,379 - [DEBUG] - [AI_MOVE_Bot 3] Set Destination: (97, 39) | Reason: Go Home | CurrPos: (49, 49)
2026-01-22 01:27:21,544 - [DEBUG] - [AI_MOVE_Bot 7] Set Destination: (78, 46) | Reason: Random Move | CurrPos: (46, 46)
2026-01-22 01:27:21,544 - [DEBUG] - [AI_MOVE_Bot 7] Set Destination: (78, 46) | Reason: Random Move | CurrPos: (46, 46)
2026-01-22 01:27:24,991 - [DEBUG] - [AI_MOVE_Bot 10] Set Destination: (80, 45) | Reason: Random Move | CurrPos: (58, 43)
2026-01-22 01:27:24,991 - [DEBUG] - [AI_MOVE_Bot 10] Set Destination: (80, 45) | Reason: Random Move | CurrPos: (58, 43)
2026-01-22 01:27:28,023 - [DEBUG] - [AI_MOVE_Bot 1] Set Destination: (92, 26) | Reason: Random Move | CurrPos: (70, 40)
2026-01-22 01:27:28,023 - [DEBUG] - [AI_MOVE_Bot 1] Set Destination: (92, 26) | Reason: Random Move | CurrPos: (70, 40)
2026-01-22 01:27:28,088 - [DEBUG] - [AI_MOVE_Bot 6] Set Destination: (15, 4) | Reason: Work Start | CurrPos: (21, 40)
2026-01-22 01:27:28,088 - [DEBUG] - [AI_MOVE_Bot 6] Set Destination: (15, 4) | Reason: Work Start | CurrPos: (21, 40)
2026-01-22 01:27:28,089 - [DEBUG] - [AI_MOVE_Bot 8] Set Destination: (61, 13) | Reason: Random Move | CurrPos: (79, 52)
2026-01-22 01:27:28,089 - [DEBUG] - [AI_MOVE_Bot 8] Set Destination: (61, 13) | Reason: Random Move | CurrPos: (79, 52)
2026-01-22 01:27:28,124 - [DEBUG] - [AI_MOVE_Bot 5] Set Destination: (95, 7) | Reason: Work Start | CurrPos: (78, 48)
2026-01-22 01:27:28,124 - [DEBUG] - [AI_MOVE_Bot 5] Set Destination: (95, 7) | Reason: Work Start | CurrPos: (78, 48)
2026-01-22 01:27:28,140 - [DEBUG] - [AI_MOVE_Bot 2] Set Destination: (95, 76) | Reason: Work Start | CurrPos: (21, 41)
2026-01-22 01:27:28,140 - [DEBUG] - [AI_MOVE_Bot 2] Set Destination: (95, 76) | Reason: Work Start | CurrPos: (21, 41)
2026-01-22 01:27:28,240 - [DEBUG] - [AI_MOVE_Bot 12] Set Destination: (83, 84) | Reason: Work Start | CurrPos: (67, 66)
2026-01-22 01:27:28,240 - [DEBUG] - [AI_MOVE_Bot 12] Set Destination: (83, 84) | Reason: Work Start | CurrPos: (67, 66)
2026-01-22 01:27:28,321 - [DEBUG] - [AI_MOVE_Bot 10] Set Destination: (93, 46) | Reason: Random Move | CurrPos: (73, 47)
2026-01-22 01:27:28,321 - [DEBUG] - [AI_MOVE_Bot 10] Set Destination: (93, 46) | Reason: Random Move | CurrPos: (73, 47)
2026-01-22 01:27:28,322 - [DEBUG] - [AI_MOVE_Bot 14] Set Destination: (3, 3) | Reason: Work Start | CurrPos: (25, 28)
2026-01-22 01:27:28,322 - [DEBUG] - [AI_MOVE_Bot 14] Set Destination: (3, 3) | Reason: Work Start | CurrPos: (25, 28)
2026-01-22 01:27:28,338 - [DEBUG] - [AI_MOVE_Bot 11] Set Destination: (11, 7) | Reason: Work Start | CurrPos: (35, 52)
2026-01-22 01:27:28,338 - [DEBUG] - [AI_MOVE_Bot 11] Set Destination: (11, 7) | Reason: Work Start | CurrPos: (35, 52)
2026-01-22 01:27:28,420 - [DEBUG] - [AI_MOVE_Bot 13] Set Destination: (21, 70) | Reason: Random Move | CurrPos: (56, 32)
2026-01-22 01:27:28,420 - [DEBUG] - [AI_MOVE_Bot 13] Set Destination: (21, 70) | Reason: Random Move | CurrPos: (56, 32)
2026-01-22 01:27:28,440 - [DEBUG] - [AI_MOVE_Bot 4] Set Destination: (70, 44) | Reason: Work Start | CurrPos: (61, 25)
2026-01-22 01:27:28,440 - [DEBUG] - [AI_MOVE_Bot 4] Set Destination: (70, 44) | Reason: Work Start | CurrPos: (61, 25)
2026-01-22 01:27:28,489 - [DEBUG] - [AI_MOVE_Bot 1] Set Destination: (90, 41) | Reason: Random Move | CurrPos: (69, 40)
2026-01-22 01:27:28,489 - [DEBUG] - [AI_MOVE_Bot 1] Set Destination: (90, 41) | Reason: Random Move | CurrPos: (69, 40)
2026-01-22 01:27:28,588 - [DEBUG] - [AI_MOVE_Bot 9] Set Destination: (91, 77) | Reason: Work Start | CurrPos: (21, 35)
2026-01-22 01:27:28,588 - [DEBUG] - [AI_MOVE_Bot 9] Set Destination: (91, 77) | Reason: Work Start | CurrPos: (21, 35)
2026-01-22 01:27:28,608 - [DEBUG] - [AI_MOVE_Bot 3] Set Destination: (3, 8) | Reason: Work Start | CurrPos: (78, 48)
2026-01-22 01:27:28,608 - [DEBUG] - [AI_MOVE_Bot 3] Set Destination: (3, 8) | Reason: Work Start | CurrPos: (78, 48)
2026-01-22 01:27:28,723 - [DEBUG] - [AI_MOVE_Bot 15] Set Destination: (61, 6) | Reason: Random Move | CurrPos: (59, 30)
2026-01-22 01:27:28,723 - [DEBUG] - [AI_MOVE_Bot 15] Set Destination: (61, 6) | Reason: Random Move | CurrPos: (59, 30)
2026-01-22 01:27:28,804 - [DEBUG] - [AI_MOVE_Bot 7] Set Destination: (28, 57) | Reason: Random Move | CurrPos: (77, 48)
2026-01-22 01:27:28,804 - [DEBUG] - [AI_MOVE_Bot 7] Set Destination: (28, 57) | Reason: Random Move | CurrPos: (77, 48)
2026-01-22 01:27:33,419 - [DEBUG] - [AI_MOVE_Bot 15] Set Destination: (57, 5) | Reason: Random Move | CurrPos: (61, 6)
2026-01-22 01:27:33,419 - [DEBUG] - [AI_MOVE_Bot 15] Set Destination: (57, 5) | Reason: Random Move | CurrPos: (61, 6)
2026-01-22 01:27:33,554 - [DEBUG] - [AI_ACTION_Bot 12] Started Working at (83, 84)
2026-01-22 01:27:33,554 - [DEBUG] - [AI_ACTION_Bot 12] Started Working at (83, 84)
2026-01-22 01:27:34,889 - [DEBUG] - [AI_ACTION_Bot 6] Started Working at (15, 4)
2026-01-22 01:27:34,889 - [DEBUG] - [AI_ACTION_Bot 6] Started Working at (15, 4)
2026-01-22 01:27:35,347 - [DEBUG] - [AI_ACTION_Bot 14] Started Working at (3, 3)
2026-01-22 01:27:35,347 - [DEBUG] - [AI_ACTION_Bot 14] Started Working at (3, 3)
2026-01-22 01:27:35,495 - [DEBUG] - [AI_ACTION_Bot 4] Started Working at (70, 44)
2026-01-22 01:27:35,495 - [DEBUG] - [AI_ACTION_Bot 4] Started Working at (70, 44)
2026-01-22 01:27:36,880 - [DEBUG] - [AI_MOVE_Bot 12] Set Destination: (93, 77) | Reason: Work Start | CurrPos: (83, 84)
2026-01-22 01:27:36,880 - [DEBUG] - [AI_MOVE_Bot 12] Set Destination: (93, 77) | Reason: Work Start | CurrPos: (83, 84)
2026-01-22 01:27:36,947 - [DEBUG] - [AI_MOVE_Bot 10] Set Destination: (26, 60) | Reason: Random Move | CurrPos: (93, 46)
2026-01-22 01:27:36,947 - [DEBUG] - [AI_MOVE_Bot 10] Set Destination: (26, 60) | Reason: Random Move | CurrPos: (93, 46)
2026-01-22 01:27:37,699 - [DEBUG] - [AI_ACTION_Bot 5] Started Working at (95, 7)
2026-01-22 01:27:37,699 - [DEBUG] - [AI_ACTION_Bot 5] Started Working at (95, 7)
2026-01-22 01:27:38,020 - [DEBUG] - [AI_MOVE_Bot 8] Set Destination: (18, 60) | Reason: Random Move | CurrPos: (61, 13)
2026-01-22 01:27:38,020 - [DEBUG] - [AI_MOVE_Bot 8] Set Destination: (18, 60) | Reason: Random Move | CurrPos: (61, 13)
2026-01-22 01:27:38,319 - [DEBUG] - [AI_MOVE_Bot 6] Set Destination: (13, 11) | Reason: Work Start | CurrPos: (15, 4)
2026-01-22 01:27:38,319 - [DEBUG] - [AI_MOVE_Bot 6] Set Destination: (13, 11) | Reason: Work Start | CurrPos: (15, 4)
2026-01-22 01:27:38,434 - [DEBUG] - [AI_MOVE_Bot 7] Set Destination: (2, 34) | Reason: Random Move | CurrPos: (28, 57)
2026-01-22 01:27:38,434 - [DEBUG] - [AI_MOVE_Bot 7] Set Destination: (2, 34) | Reason: Random Move | CurrPos: (28, 57)
2026-01-22 01:27:38,551 - [DEBUG] - [AI_MOVE_Bot 4] Set Destination: (70, 43) | Reason: Work Start | CurrPos: (70, 44)
2026-01-22 01:27:38,551 - [DEBUG] - [AI_MOVE_Bot 4] Set Destination: (70, 43) | Reason: Work Start | CurrPos: (70, 44)
2026-01-22 01:27:38,720 - [DEBUG] - [AI_ACTION_Bot 4] Started Working at (70, 43)
2026-01-22 01:27:38,720 - [DEBUG] - [AI_ACTION_Bot 4] Started Working at (70, 43)
2026-01-22 01:27:38,881 - [DEBUG] - [AI_MOVE_Bot 14] Set Destination: (11, 2) | Reason: Work Start | CurrPos: (3, 3)
2026-01-22 01:27:38,881 - [DEBUG] - [AI_MOVE_Bot 14] Set Destination: (11, 2) | Reason: Work Start | CurrPos: (3, 3)
2026-01-22 01:27:38,919 - [DEBUG] - [AI_ACTION_Bot 11] Started Working at (11, 7)
2026-01-22 01:27:38,919 - [DEBUG] - [AI_ACTION_Bot 11] Started Working at (11, 7)
2026-01-22 01:27:39,599 - [DEBUG] - [AI_ACTION_Bot 6] Started Working at (13, 11)
2026-01-22 01:27:39,599 - [DEBUG] - [AI_ACTION_Bot 6] Started Working at (13, 11)
2026-01-22 01:27:39,795 - [DEBUG] - [AI_ACTION_Bot 12] Started Working at (93, 77)
2026-01-22 01:27:39,795 - [DEBUG] - [AI_ACTION_Bot 12] Started Working at (93, 77)
2026-01-22 01:27:40,192 - [DEBUG] - [AI_ACTION_Bot 14] Started Working at (11, 2)
2026-01-22 01:27:40,192 - [DEBUG] - [AI_ACTION_Bot 14] Started Working at (11, 2)
2026-01-22 01:27:41,264 - [DEBUG] - [AI_MOVE_Bot 5] Set Destination: (72, 71) | Reason: Random Move | CurrPos: (95, 7)
2026-01-22 01:27:41,264 - [DEBUG] - [AI_MOVE_Bot 5] Set Destination: (72, 71) | Reason: Random Move | CurrPos: (95, 7)
2026-01-22 01:27:41,410 - [DEBUG] - [AI_MOVE_Bot 13] Set Destination: (56, 82) | Reason: Random Move | CurrPos: (21, 70)
2026-01-22 01:27:41,410 - [DEBUG] - [AI_MOVE_Bot 13] Set Destination: (56, 82) | Reason: Random Move | CurrPos: (21, 70)
2026-01-22 01:27:41,629 - [DEBUG] - [AI_MOVE_Bot 5] Set Destination: (97, 6) | Reason: Work Start | CurrPos: (96, 8)
2026-01-22 01:27:41,629 - [DEBUG] - [AI_MOVE_Bot 5] Set Destination: (97, 6) | Reason: Work Start | CurrPos: (96, 8)
2026-01-22 01:27:42,170 - [DEBUG] - [AI_ACTION_Bot 4] Started Working at (70, 43)
2026-01-22 01:27:42,170 - [DEBUG] - [AI_ACTION_Bot 4] Started Working at (70, 43)
2026-01-22 01:27:42,574 - [DEBUG] - [AI_MOVE_Bot 11] Set Destination: (12, 7) | Reason: Work Start | CurrPos: (11, 7)
2026-01-22 01:27:42,574 - [DEBUG] - [AI_MOVE_Bot 11] Set Destination: (12, 7) | Reason: Work Start | CurrPos: (11, 7)
2026-01-22 01:27:42,759 - [DEBUG] - [AI_ACTION_Bot 11] Started Working at (12, 7)
2026-01-22 01:27:42,759 - [DEBUG] - [AI_ACTION_Bot 11] Started Working at (12, 7)
2026-01-22 01:27:42,954 - [DEBUG] - [AI_MOVE_Bot 6] Set Destination: (14, 7) | Reason: Work Start | CurrPos: (13, 10)
2026-01-22 01:27:42,954 - [DEBUG] - [AI_MOVE_Bot 6] Set Destination: (14, 7) | Reason: Work Start | CurrPos: (13, 10)
2026-01-22 01:27:43,134 - [DEBUG] - [AI_MOVE_Bot 12] Set Destination: (73, 97) | Reason: Work Start | CurrPos: (93, 77)
2026-01-22 01:27:43,134 - [DEBUG] - [AI_MOVE_Bot 12] Set Destination: (73, 97) | Reason: Work Start | CurrPos: (93, 77)
2026-01-22 01:27:43,619 - [DEBUG] - [AI_ACTION_Bot 6] Started Working at (14, 7)
2026-01-22 01:27:43,619 - [DEBUG] - [AI_ACTION_Bot 6] Started Working at (14, 7)
2026-01-22 01:27:44,236 - [DEBUG] - [AI_MOVE_Bot 14] Set Destination: (2, 9) | Reason: Work Start | CurrPos: (10, 2)
2026-01-22 01:27:44,236 - [DEBUG] - [AI_MOVE_Bot 14] Set Destination: (2, 9) | Reason: Work Start | CurrPos: (10, 2)
2026-01-22 01:27:44,420 - [DEBUG] - [AI_ACTION_Bot 2] Started Working at (95, 76)
2026-01-22 01:27:44,420 - [DEBUG] - [AI_ACTION_Bot 2] Started Working at (95, 76)
2026-01-22 01:27:45,092 - [DEBUG] - [AI_ACTION_Bot 9] Started Working at (91, 77)
2026-01-22 01:27:45,092 - [DEBUG] - [AI_ACTION_Bot 9] Started Working at (91, 77)
2026-01-22 01:27:45,421 - [DEBUG] - [AI_MOVE_Bot 4] Set Destination: (70, 44) | Reason: Work Start | CurrPos: (70, 43)
2026-01-22 01:27:45,421 - [DEBUG] - [AI_MOVE_Bot 4] Set Destination: (70, 44) | Reason: Work Start | CurrPos: (70, 43)
2026-01-22 01:27:45,458 - [DEBUG] - [AI_ACTION_Bot 3] Started Working at (3, 8)
2026-01-22 01:27:45,458 - [DEBUG] - [AI_ACTION_Bot 3] Started Working at (3, 8)
2026-01-22 01:27:45,770 - [DEBUG] - [AI_ACTION_Bot 4] Started Working at (70, 44)
2026-01-22 01:27:45,770 - [DEBUG] - [AI_ACTION_Bot 4] Started Working at (70, 44)
2026-01-22 01:27:45,798 - [DEBUG] - [AI_MOVE_Bot 7] Set Destination: (28, 70) | Reason: Random Move | CurrPos: (2, 34)
2026-01-22 01:27:45,798 - [DEBUG] - [AI_MOVE_Bot 7] Set Destination: (28, 70) | Reason: Random Move | CurrPos: (2, 34)
2026-01-22 01:27:46,279 - [DEBUG] - [AI_MOVE_Bot 11] Set Destination: (3, 9) | Reason: Work Start | CurrPos: (12, 7)
2026-01-22 01:27:46,279 - [DEBUG] - [AI_MOVE_Bot 11] Set Destination: (3, 9) | Reason: Work Start | CurrPos: (12, 7)
2026-01-22 01:27:46,822 - [DEBUG] - [AI_ACTION_Bot 14] Started Working at (2, 9)
2026-01-22 01:27:46,822 - [DEBUG] - [AI_ACTION_Bot 14] Started Working at (2, 9)
2026-01-22 01:27:47,078 - [DEBUG] - [AI_MOVE_Bot 6] Set Destination: (9, 5) | Reason: Work Start | CurrPos: (14, 7)
2026-01-22 01:27:47,078 - [DEBUG] - [AI_MOVE_Bot 6] Set Destination: (9, 5) | Reason: Work Start | CurrPos: (14, 7)
2026-01-22 01:27:47,566 - [DEBUG] - [AI_MOVE_Bot 2] Set Destination: (87, 83) | Reason: Work Start | CurrPos: (95, 76)
2026-01-22 01:27:47,566 - [DEBUG] - [AI_MOVE_Bot 2] Set Destination: (87, 83) | Reason: Work Start | CurrPos: (95, 76)
2026-01-22 01:27:47,933 - [DEBUG] - [AI_ACTION_Bot 11] Started Working at (3, 9)
2026-01-22 01:27:47,933 - [DEBUG] - [AI_ACTION_Bot 11] Started Working at (3, 9)
2026-01-22 01:27:47,999 - [DEBUG] - [AI_ACTION_Bot 6] Started Working at (9, 5)
2026-01-22 01:27:47,999 - [DEBUG] - [AI_ACTION_Bot 6] Started Working at (9, 5)
2026-01-22 01:27:48,614 - [DEBUG] - [AI_MOVE_Bot 9] Set Destination: (97, 75) | Reason: Work Start | CurrPos: (91, 77)
2026-01-22 01:27:48,614 - [DEBUG] - [AI_MOVE_Bot 9] Set Destination: (97, 75) | Reason: Work Start | CurrPos: (91, 77)
2026-01-22 01:27:48,664 - [DEBUG] - [AI_MOVE_Bot 3] Set Destination: (18, 3) | Reason: Work Start | CurrPos: (3, 8)
2026-01-22 01:27:48,664 - [DEBUG] - [AI_MOVE_Bot 3] Set Destination: (18, 3) | Reason: Work Start | CurrPos: (3, 8)
2026-01-22 01:27:48,989 - [DEBUG] - [AI_ACTION_Bot 12] Started Working at (73, 97)
2026-01-22 01:27:48,989 - [DEBUG] - [AI_ACTION_Bot 12] Started Working at (73, 97)
2026-01-22 01:27:49,036 - [DEBUG] - [AI_MOVE_Bot 10] Set Destination: (36, 54) | Reason: Random Move | CurrPos: (26, 60)
2026-01-22 01:27:49,036 - [DEBUG] - [AI_MOVE_Bot 10] Set Destination: (36, 54) | Reason: Random Move | CurrPos: (26, 60)
2026-01-22 01:27:49,375 - [DEBUG] - [AI_ACTION_Bot 4] Started Working at (70, 44)
2026-01-22 01:27:49,375 - [DEBUG] - [AI_ACTION_Bot 4] Started Working at (70, 44)
2026-01-22 01:27:49,984 - [DEBUG] - [AI_ACTION_Bot 9] Started Working at (97, 75)
2026-01-22 01:27:49,984 - [DEBUG] - [AI_ACTION_Bot 9] Started Working at (97, 75)
2026-01-22 01:27:50,097 - [DEBUG] - [AI_ACTION_Bot 2] Started Working at (87, 83)
2026-01-22 01:27:50,097 - [DEBUG] - [AI_ACTION_Bot 2] Started Working at (87, 83)
2026-01-22 01:27:51,182 - [DEBUG] - [AI_MOVE_Bot 14] Set Destination: (7, 10) | Reason: Work Start | CurrPos: (2, 9)
2026-01-22 01:27:51,182 - [DEBUG] - [AI_MOVE_Bot 14] Set Destination: (7, 10) | Reason: Work Start | CurrPos: (2, 9)
2026-01-22 01:27:51,198 - [DEBUG] - [AI_MOVE_Bot 11] Set Destination: (7, 3) | Reason: Work Start | CurrPos: (3, 9)
2026-01-22 01:27:51,198 - [DEBUG] - [AI_MOVE_Bot 11] Set Destination: (7, 3) | Reason: Work Start | CurrPos: (3, 9)
2026-01-22 01:27:51,263 - [DEBUG] - [AI_MOVE_Bot 6] Set Destination: (13, 5) | Reason: Work Start | CurrPos: (9, 5)
2026-01-22 01:27:51,263 - [DEBUG] - [AI_MOVE_Bot 6] Set Destination: (13, 5) | Reason: Work Start | CurrPos: (9, 5)
2026-01-22 01:27:51,594 - [DEBUG] - [AI_MOVE_Bot 8] Set Destination: (81, 76) | Reason: Random Move | CurrPos: (18, 60)
2026-01-22 01:27:51,594 - [DEBUG] - [AI_MOVE_Bot 8] Set Destination: (81, 76) | Reason: Random Move | CurrPos: (18, 60)
2026-01-22 01:27:51,960 - [DEBUG] - [AI_ACTION_Bot 6] Started Working at (13, 5)
2026-01-22 01:27:51,960 - [DEBUG] - [AI_ACTION_Bot 6] Started Working at (13, 5)
2026-01-22 01:27:52,074 - [DEBUG] - [AI_ACTION_Bot 3] Started Working at (18, 3)
2026-01-22 01:27:52,074 - [DEBUG] - [AI_ACTION_Bot 3] Started Working at (18, 3)
2026-01-22 01:27:52,221 - [DEBUG] - [AI_ACTION_Bot 14] Started Working at (7, 10)
2026-01-22 01:27:52,221 - [DEBUG] - [AI_ACTION_Bot 14] Started Working at (7, 10)
2026-01-22 01:27:52,665 - [DEBUG] - [AI_MOVE_Bot 4] Set Destination: (14, 81) | Reason: Random Move | CurrPos: (70, 44)
2026-01-22 01:27:52,665 - [DEBUG] - [AI_MOVE_Bot 4] Set Destination: (14, 81) | Reason: Random Move | CurrPos: (70, 44)
2026-01-22 01:27:52,764 - [DEBUG] - [AI_MOVE_Bot 12] Set Destination: (75, 95) | Reason: Work Start | CurrPos: (73, 96)
2026-01-22 01:27:52,764 - [DEBUG] - [AI_MOVE_Bot 12] Set Destination: (75, 95) | Reason: Work Start | CurrPos: (73, 96)
2026-01-22 01:27:53,050 - [DEBUG] - [AI_ACTION_Bot 11] Started Working at (7, 3)
2026-01-22 01:27:53,050 - [DEBUG] - [AI_ACTION_Bot 11] Started Working at (7, 3)
2026-01-22 01:27:53,143 - [DEBUG] - [AI_MOVE_Bot 9] Set Destination: (84, 84) | Reason: Work Start | CurrPos: (96, 75)
2026-01-22 01:27:53,143 - [DEBUG] - [AI_MOVE_Bot 9] Set Destination: (84, 84) | Reason: Work Start | CurrPos: (96, 75)
2026-01-22 01:27:53,341 - [DEBUG] - [AI_MOVE_Bot 2] Set Destination: (94, 76) | Reason: Work Start | CurrPos: (87, 83)
2026-01-22 01:27:53,341 - [DEBUG] - [AI_MOVE_Bot 2] Set Destination: (94, 76) | Reason: Work Start | CurrPos: (87, 83)
2026-01-22 01:27:53,447 - [DEBUG] - [AI_ACTION_Bot 12] Started Working at (75, 95)
2026-01-22 01:27:53,447 - [DEBUG] - [AI_ACTION_Bot 12] Started Working at (75, 95)
2026-01-22 01:27:53,950 - [DEBUG] - [AI_MOVE_Bot 13] Set Destination: (21, 66) | Reason: Random Move | CurrPos: (56, 82)
2026-01-22 01:27:53,950 - [DEBUG] - [AI_MOVE_Bot 13] Set Destination: (21, 66) | Reason: Random Move | CurrPos: (56, 82)
2026-01-22 01:27:55,370 - [DEBUG] - [AI_ACTION_Bot 2] Started Working at (94, 76)
2026-01-22 01:27:55,370 - [DEBUG] - [AI_ACTION_Bot 2] Started Working at (94, 76)
2026-01-22 01:27:55,398 - [DEBUG] - [AI_MOVE_Bot 3] Set Destination: (12, 4) | Reason: Work Start | CurrPos: (18, 3)
2026-01-22 01:27:55,398 - [DEBUG] - [AI_MOVE_Bot 3] Set Destination: (12, 4) | Reason: Work Start | CurrPos: (18, 3)
2026-01-22 01:27:55,463 - [DEBUG] - [AI_MOVE_Bot 6] Set Destination: (96, 40) | Reason: Random Move | CurrPos: (13, 5)
2026-01-22 01:27:55,463 - [DEBUG] - [AI_MOVE_Bot 6] Set Destination: (96, 40) | Reason: Random Move | CurrPos: (13, 5)
2026-01-22 01:27:56,011 - [DEBUG] - [AI_MOVE_Bot 14] Set Destination: (2, 6) | Reason: Work Start | CurrPos: (7, 10)
2026-01-22 01:27:56,011 - [DEBUG] - [AI_MOVE_Bot 14] Set Destination: (2, 6) | Reason: Work Start | CurrPos: (7, 10)
2026-01-22 01:27:56,329 - [DEBUG] - [AI_ACTION_Bot 9] Started Working at (84, 84)
2026-01-22 01:27:56,329 - [DEBUG] - [AI_ACTION_Bot 9] Started Working at (84, 84)
2026-01-22 01:27:56,619 - [DEBUG] - [AI_MOVE_Bot 12] Set Destination: (76, 96) | Reason: Work Start | CurrPos: (75, 95)
2026-01-22 01:27:56,619 - [DEBUG] - [AI_MOVE_Bot 12] Set Destination: (76, 96) | Reason: Work Start | CurrPos: (75, 95)
2026-01-22 01:27:56,733 - [DEBUG] - [AI_ACTION_Bot 3] Started Working at (12, 4)
2026-01-22 01:27:56,733 - [DEBUG] - [AI_ACTION_Bot 3] Started Working at (12, 4)
2026-01-22 01:27:56,733 - [DEBUG] - [AI_MOVE_Bot 7] Set Destination: (69, 43) | Reason: Random Move | CurrPos: (28, 70)
2026-01-22 01:27:56,733 - [DEBUG] - [AI_MOVE_Bot 7] Set Destination: (69, 43) | Reason: Random Move | CurrPos: (28, 70)
2026-01-22 01:27:56,913 - [DEBUG] - [AI_MOVE_Bot 11] Set Destination: (20, 7) | Reason: Work Start | CurrPos: (7, 3)
2026-01-22 01:27:56,913 - [DEBUG] - [AI_MOVE_Bot 11] Set Destination: (20, 7) | Reason: Work Start | CurrPos: (7, 3)
2026-01-22 01:27:57,195 - [DEBUG] - [AI_ACTION_Bot 12] Started Working at (76, 96)
2026-01-22 01:27:57,195 - [DEBUG] - [AI_ACTION_Bot 12] Started Working at (76, 96)
2026-01-22 01:27:57,466 - [DEBUG] - [AI_MOVE_Bot 10] Set Destination: (74, 91) | Reason: Random Move | CurrPos: (36, 54)
2026-01-22 01:27:57,466 - [DEBUG] - [AI_MOVE_Bot 10] Set Destination: (74, 91) | Reason: Random Move | CurrPos: (36, 54)
2026-01-22 01:27:57,682 - [DEBUG] - [AI_ACTION_Bot 14] Started Working at (2, 6)
2026-01-22 01:27:57,682 - [DEBUG] - [AI_ACTION_Bot 14] Started Working at (2, 6)
2026-01-22 01:27:58,650 - [DEBUG] - [AI_MOVE_Bot 2] Set Destination: (86, 83) | Reason: Work Start | CurrPos: (94, 76)
2026-01-22 01:27:58,650 - [DEBUG] - [AI_MOVE_Bot 2] Set Destination: (86, 83) | Reason: Work Start | CurrPos: (94, 76)
2026-01-22 01:27:59,379 - [DEBUG] - [AI_ACTION_Bot 11] Started Working at (20, 7)
2026-01-22 01:27:59,379 - [DEBUG] - [AI_ACTION_Bot 11] Started Working at (20, 7)
2026-01-22 01:27:59,804 - [DEBUG] - [AI_MOVE_Bot 9] Set Destination: (91, 77) | Reason: Work Start | CurrPos: (84, 84)
2026-01-22 01:27:59,804 - [DEBUG] - [AI_MOVE_Bot 9] Set Destination: (91, 77) | Reason: Work Start | CurrPos: (84, 84)
2026-01-22 01:28:00,184 - [DEBUG] - [AI_MOVE_Bot 3] Set Destination: (8, 6) | Reason: Work Start | CurrPos: (12, 4)
2026-01-22 01:28:00,184 - [DEBUG] - [AI_MOVE_Bot 3] Set Destination: (8, 6) | Reason: Work Start | CurrPos: (12, 4)
2026-01-22 01:28:00,415 - [DEBUG] - [AI_MOVE_Bot 12] Set Destination: (57, 22) | Reason: Random Move | CurrPos: (76, 96)
2026-01-22 01:28:00,415 - [DEBUG] - [AI_MOVE_Bot 12] Set Destination: (57, 22) | Reason: Random Move | CurrPos: (76, 96)
2026-01-22 01:28:00,685 - [DEBUG] - [AI_MOVE_Bot 12] Set Destination: (17, 35) | Reason: Random Move | CurrPos: (76, 96)
2026-01-22 01:28:00,685 - [DEBUG] - [AI_MOVE_Bot 12] Set Destination: (17, 35) | Reason: Random Move | CurrPos: (76, 96)
2026-01-22 01:28:00,933 - [DEBUG] - [AI_ACTION_Bot 2] Started Working at (86, 83)
2026-01-22 01:28:00,933 - [DEBUG] - [AI_ACTION_Bot 2] Started Working at (86, 83)
2026-01-22 01:28:00,968 - [DEBUG] - [AI_ACTION_Bot 3] Started Working at (8, 6)
2026-01-22 01:28:00,968 - [DEBUG] - [AI_ACTION_Bot 3] Started Working at (8, 6)
2026-01-22 01:28:01,247 - [DEBUG] - [AI_MOVE_Bot 14] Set Destination: (81, 83) | Reason: Random Move | CurrPos: (2, 6)
2026-01-22 01:28:01,247 - [DEBUG] - [AI_MOVE_Bot 14] Set Destination: (81, 83) | Reason: Random Move | CurrPos: (2, 6)
2026-01-22 01:28:01,922 - [DEBUG] - [AI_ACTION_Bot 9] Started Working at (91, 77)
2026-01-22 01:28:01,922 - [DEBUG] - [AI_ACTION_Bot 9] Started Working at (91, 77)
2026-01-22 01:28:03,033 - [DEBUG] - [AI_MOVE_Bot 11] Set Destination: (82, 96) | Reason: Random Move | CurrPos: (19, 7)
2026-01-22 01:28:03,033 - [DEBUG] - [AI_MOVE_Bot 11] Set Destination: (82, 96) | Reason: Random Move | CurrPos: (19, 7)
2026-01-22 01:28:04,368 - [DEBUG] - [AI_MOVE_Bot 3] Set Destination: (17, 6) | Reason: Work Start | CurrPos: (8, 5)
2026-01-22 01:28:04,368 - [DEBUG] - [AI_MOVE_Bot 3] Set Destination: (17, 6) | Reason: Work Start | CurrPos: (8, 5)
2026-01-22 01:28:04,486 - [DEBUG] - [AI_MOVE_Bot 2] Set Destination: (96, 73) | Reason: Work Start | CurrPos: (86, 83)
2026-01-22 01:28:04,486 - [DEBUG] - [AI_MOVE_Bot 2] Set Destination: (96, 73) | Reason: Work Start | CurrPos: (86, 83)
2026-01-22 01:28:05,653 - [DEBUG] - [AI_MOVE_Bot 9] Set Destination: (90, 81) | Reason: Work Start | CurrPos: (91, 77)
2026-01-22 01:28:05,653 - [DEBUG] - [AI_MOVE_Bot 9] Set Destination: (90, 81) | Reason: Work Start | CurrPos: (91, 77)
2026-01-22 01:28:05,841 - [DEBUG] - [AI_ACTION_Bot 3] Started Working at (17, 6)
2026-01-22 01:28:05,841 - [DEBUG] - [AI_ACTION_Bot 3] Started Working at (17, 6)
2026-01-22 01:28:06,603 - [DEBUG] - [AI_ACTION_Bot 9] Started Working at (90, 81)
2026-01-22 01:28:06,603 - [DEBUG] - [AI_ACTION_Bot 9] Started Working at (90, 81)
2026-01-22 01:28:07,385 - [DEBUG] - [AI_ACTION_Bot 2] Started Working at (96, 73)
2026-01-22 01:28:07,385 - [DEBUG] - [AI_ACTION_Bot 2] Started Working at (96, 73)
2026-01-22 01:28:09,181 - [DEBUG] - [AI_MOVE_Bot 4] Set Destination: (41, 61) | Reason: Random Move | CurrPos: (14, 81)
2026-01-22 01:28:09,181 - [DEBUG] - [AI_MOVE_Bot 4] Set Destination: (41, 61) | Reason: Random Move | CurrPos: (14, 81)
2026-01-22 01:28:09,376 - [DEBUG] - [AI_MOVE_Bot 10] Set Destination: (26, 59) | Reason: Random Move | CurrPos: (74, 91)
2026-01-22 01:28:09,376 - [DEBUG] - [AI_MOVE_Bot 10] Set Destination: (26, 59) | Reason: Random Move | CurrPos: (74, 91)
2026-01-22 01:28:09,764 - [DEBUG] - [AI_MOVE_Bot 9] Set Destination: (83, 9) | Reason: Random Move | CurrPos: (90, 81)
2026-01-22 01:28:09,764 - [DEBUG] - [AI_MOVE_Bot 9] Set Destination: (83, 9) | Reason: Random Move | CurrPos: (90, 81)
2026-01-22 01:28:09,813 - [DEBUG] - [AI_MOVE_Bot 3] Set Destination: (87, 85) | Reason: Random Move | CurrPos: (17, 6)
2026-01-22 01:28:09,813 - [DEBUG] - [AI_MOVE_Bot 3] Set Destination: (87, 85) | Reason: Random Move | CurrPos: (17, 6)
2026-01-22 01:28:10,726 - [DEBUG] - [AI_MOVE_Bot 2] Set Destination: (15, 24) | Reason: Random Move | CurrPos: (95, 73)
2026-01-22 01:28:10,726 - [DEBUG] - [AI_MOVE_Bot 2] Set Destination: (15, 24) | Reason: Random Move | CurrPos: (95, 73)
2026-01-22 01:28:15,428 - [DEBUG] - [AI_MOVE_Bot 6] Set Destination: (94, 46) | Reason: Random Move | CurrPos: (96, 40)
2026-01-22 01:28:15,428 - [DEBUG] - [AI_MOVE_Bot 6] Set Destination: (94, 46) | Reason: Random Move | CurrPos: (96, 40)
2026-01-22 01:28:18,249 - [DEBUG] - [AI_MOVE_Bot 12] Set Destination: (37, 66) | Reason: Random Move | CurrPos: (17, 35)
2026-01-22 01:28:18,249 - [DEBUG] - [AI_MOVE_Bot 12] Set Destination: (37, 66) | Reason: Random Move | CurrPos: (17, 35)
2026-01-22 01:28:20,336 - [DEBUG] - [AI_MOVE_Bot 12] Set Destination: (34, 77) | Reason: Go Home | CurrPos: (21, 45)
2026-01-22 01:28:20,336 - [DEBUG] - [AI_MOVE_Bot 12] Set Destination: (34, 77) | Reason: Go Home | CurrPos: (21, 45)
2026-01-22 01:28:20,385 - [DEBUG] - [AI_MOVE_Bot 5] Set Destination: (5, 55) | Reason: Go Home | CurrPos: (72, 70)
2026-01-22 01:28:20,385 - [DEBUG] - [AI_MOVE_Bot 5] Set Destination: (5, 55) | Reason: Go Home | CurrPos: (72, 70)
2026-01-22 01:28:20,390 - [DEBUG] - [AI_MOVE_Bot 11] Set Destination: (32, 83) | Reason: Go Home | CurrPos: (67, 78)
2026-01-22 01:28:20,390 - [DEBUG] - [AI_MOVE_Bot 11] Set Destination: (32, 83) | Reason: Go Home | CurrPos: (67, 78)
2026-01-22 01:28:20,401 - [DEBUG] - [AI_MOVE_Bot 2] Set Destination: (11, 60) | Reason: Go Home | CurrPos: (39, 64)
2026-01-22 01:28:20,401 - [DEBUG] - [AI_MOVE_Bot 2] Set Destination: (11, 60) | Reason: Go Home | CurrPos: (39, 64)
2026-01-22 01:28:20,404 - [DEBUG] - [AI_MOVE_Bot 3] Set Destination: (3, 40) | Reason: Go Home | CurrPos: (31, 64)
2026-01-22 01:28:20,404 - [DEBUG] - [AI_MOVE_Bot 3] Set Destination: (3, 40) | Reason: Go Home | CurrPos: (31, 64)
2026-01-22 01:28:20,470 - [DEBUG] - [AI_MOVE_Bot 6] Set Destination: (32, 22) | Reason: Go Home | CurrPos: (92, 46)
2026-01-22 01:28:20,470 - [DEBUG] - [AI_MOVE_Bot 6] Set Destination: (32, 22) | Reason: Go Home | CurrPos: (92, 46)
2026-01-22 01:28:20,477 - [DEBUG] - [AI_MOVE_Bot 14] Set Destination: (6, 45) | Reason: Go Home | CurrPos: (66, 73)
2026-01-22 01:28:20,477 - [DEBUG] - [AI_MOVE_Bot 14] Set Destination: (6, 45) | Reason: Go Home | CurrPos: (66, 73)
2026-01-22 01:28:20,624 - [DEBUG] - [AI_MOVE_Bot 9] Set Destination: (94, 61) | Reason: Go Home | CurrPos: (76, 21)
2026-01-22 01:28:20,624 - [DEBUG] - [AI_MOVE_Bot 9] Set Destination: (94, 61) | Reason: Go Home | CurrPos: (76, 21)
2026-01-22 01:28:21,542 - [DEBUG] - [AI_MOVE_Bot 4] Set Destination: (87, 55) | Reason: Go Home | CurrPos: (39, 61)
2026-01-22 01:28:21,542 - [DEBUG] - [AI_MOVE_Bot 4] Set Destination: (87, 55) | Reason: Go Home | CurrPos: (39, 61)
2026-01-22 01:28:23,536 - [DEBUG] - [AI_MOVE_Bot 10] Set Destination: (89, 75) | Reason: Random Move | CurrPos: (26, 59)
2026-01-22 01:28:23,536 - [DEBUG] - [AI_MOVE_Bot 10] Set Destination: (89, 75) | Reason: Random Move | CurrPos: (26, 59)
2026-01-22 01:28:37,217 - [DEBUG] - [AI_MOVE_Bot 10] Set Destination: (38, 96) | Reason: Random Move | CurrPos: (89, 75)
2026-01-22 01:28:37,217 - [DEBUG] - [AI_MOVE_Bot 10] Set Destination: (38, 96) | Reason: Random Move | CurrPos: (89, 75)
2026-01-22 01:28:40,378 - [DEBUG] - [AI_MOVE_Bot 15] Set Destination: (95, 60) | Reason: Killing | CurrPos: (57, 6)
2026-01-22 01:28:40,378 - [DEBUG] - [AI_MOVE_Bot 15] Set Destination: (95, 60) | Reason: Killing | CurrPos: (57, 6)
2026-01-22 01:28:40,442 - [DEBUG] - [AI_MOVE_Bot 10] Set Destination: (70, 43) | Reason: Chasing | CurrPos: (74, 82)
2026-01-22 01:28:40,442 - [DEBUG] - [AI_MOVE_Bot 10] Set Destination: (70, 43) | Reason: Chasing | CurrPos: (74, 82)
2026-01-22 01:28:40,459 - [DEBUG] - [AI_MOVE_Bot 1] Set Destination: (70, 43) | Reason: Chasing | CurrPos: (90, 42)
2026-01-22 01:28:40,459 - [DEBUG] - [AI_MOVE_Bot 1] Set Destination: (70, 43) | Reason: Chasing | CurrPos: (90, 42)
2026-01-22 01:28:40,609 - [DEBUG] - [AI_MOVE_Bot 7] Set Destination: (95, 60) | Reason: Killing | CurrPos: (70, 43)
2026-01-22 01:28:40,609 - [DEBUG] - [AI_MOVE_Bot 7] Set Destination: (95, 60) | Reason: Killing | CurrPos: (70, 43)
2026-01-22 01:28:40,675 - [DEBUG] - [AI_MOVE_Bot 8] Set Destination: (71, 43) | Reason: Chasing | CurrPos: (82, 76)
2026-01-22 01:28:40,675 - [DEBUG] - [AI_MOVE_Bot 8] Set Destination: (71, 43) | Reason: Chasing | CurrPos: (82, 76)
2026-01-22 01:28:40,762 - [DEBUG] - [AI_MOVE_Bot 10] Set Destination: (71, 43) | Reason: Chasing | CurrPos: (77, 82)
2026-01-22 01:28:40,762 - [DEBUG] - [AI_MOVE_Bot 10] Set Destination: (71, 43) | Reason: Chasing | CurrPos: (77, 82)
2026-01-22 01:28:40,824 - [DEBUG] - [AI_MOVE_Bot 13] Set Destination: (95, 60) | Reason: Killing | CurrPos: (54, 95)
2026-01-22 01:28:40,824 - [DEBUG] - [AI_MOVE_Bot 13] Set Destination: (95, 60) | Reason: Killing | CurrPos: (54, 95)
2026-01-22 01:28:40,911 - [DEBUG] - [AI_MOVE_Bot 10] Set Destination: (71, 41) | Reason: Chasing | CurrPos: (77, 80)
2026-01-22 01:28:40,911 - [DEBUG] - [AI_MOVE_Bot 10] Set Destination: (71, 41) | Reason: Chasing | CurrPos: (77, 80)
2026-01-22 01:28:40,927 - [DEBUG] - [AI_MOVE_Bot 10] Set Destination: (71, 41) | Reason: Chasing | CurrPos: (77, 80)
2026-01-22 01:28:40,927 - [DEBUG] - [AI_MOVE_Bot 10] Set Destination: (71, 41) | Reason: Chasing | CurrPos: (77, 80)
2026-01-22 01:28:40,943 - [DEBUG] - [AI_MOVE_Bot 1] Set Destination: (71, 41) | Reason: Chasing | CurrPos: (86, 43)
2026-01-22 01:28:40,943 - [DEBUG] - [AI_MOVE_Bot 1] Set Destination: (71, 41) | Reason: Chasing | CurrPos: (86, 43)
2026-01-22 01:28:41,010 - [DEBUG] - [AI_MOVE_Bot 8] Set Destination: (70, 41) | Reason: Chasing | CurrPos: (82, 73)
2026-01-22 01:28:41,010 - [DEBUG] - [AI_MOVE_Bot 8] Set Destination: (70, 41) | Reason: Chasing | CurrPos: (82, 73)
2026-01-22 01:28:41,086 - [DEBUG] - [AI_MOVE_Bot 10] Set Destination: (69, 41) | Reason: Chasing | CurrPos: (77, 79)
2026-01-22 01:28:41,086 - [DEBUG] - [AI_MOVE_Bot 10] Set Destination: (69, 41) | Reason: Chasing | CurrPos: (77, 79)
2026-01-22 01:28:41,118 - [DEBUG] - [AI_MOVE_Bot 1] Set Destination: (69, 41) | Reason: Chasing | CurrPos: (85, 43)
2026-01-22 01:28:41,118 - [DEBUG] - [AI_MOVE_Bot 1] Set Destination: (69, 41) | Reason: Chasing | CurrPos: (85, 43)
2026-01-22 01:28:41,185 - [DEBUG] - [AI_MOVE_Bot 8] Set Destination: (68, 41) | Reason: Chasing | CurrPos: (82, 71)
2026-01-22 01:28:41,185 - [DEBUG] - [AI_MOVE_Bot 8] Set Destination: (68, 41) | Reason: Chasing | CurrPos: (82, 71)
2026-01-22 01:28:41,257 - [DEBUG] - [AI_MOVE_Bot 10] Set Destination: (67, 41) | Reason: Chasing | CurrPos: (77, 77)
2026-01-22 01:28:41,257 - [DEBUG] - [AI_MOVE_Bot 10] Set Destination: (67, 41) | Reason: Chasing | CurrPos: (77, 77)
2026-01-22 01:28:41,273 - [DEBUG] - [AI_MOVE_Bot 1] Set Destination: (67, 41) | Reason: Chasing | CurrPos: (83, 43)
2026-01-22 01:28:41,273 - [DEBUG] - [AI_MOVE_Bot 1] Set Destination: (67, 41) | Reason: Chasing | CurrPos: (83, 43)
2026-01-22 01:28:41,422 - [DEBUG] - [AI_MOVE_Bot 10] Set Destination: (65, 41) | Reason: Chasing | CurrPos: (77, 76)
2026-01-22 01:28:41,422 - [DEBUG] - [AI_MOVE_Bot 10] Set Destination: (65, 41) | Reason: Chasing | CurrPos: (77, 76)
2026-01-22 01:28:41,589 - [DEBUG] - [AI_MOVE_Bot 1] Set Destination: (64, 41) | Reason: Chasing | CurrPos: (80, 43)
2026-01-22 01:28:41,589 - [DEBUG] - [AI_MOVE_Bot 1] Set Destination: (64, 41) | Reason: Chasing | CurrPos: (80, 43)
2026-01-22 01:28:41,747 - [DEBUG] - [AI_MOVE_Bot 10] Set Destination: (62, 41) | Reason: Chasing | CurrPos: (77, 72)
2026-01-22 01:28:41,747 - [DEBUG] - [AI_MOVE_Bot 10] Set Destination: (62, 41) | Reason: Chasing | CurrPos: (77, 72)
2026-01-22 01:28:41,764 - [DEBUG] - [AI_MOVE_Bot 1] Set Destination: (62, 41) | Reason: Chasing | CurrPos: (78, 43)
2026-01-22 01:28:41,764 - [DEBUG] - [AI_MOVE_Bot 1] Set Destination: (62, 41) | Reason: Chasing | CurrPos: (78, 43)
2026-01-22 01:28:41,917 - [DEBUG] - [AI_MOVE_Bot 1] Set Destination: (61, 42) | Reason: Chasing | CurrPos: (78, 43)
2026-01-22 01:28:41,917 - [DEBUG] - [AI_MOVE_Bot 1] Set Destination: (61, 42) | Reason: Chasing | CurrPos: (78, 43)
2026-01-22 01:28:41,965 - [DEBUG] - [AI_MOVE_Bot 8] Set Destination: (61, 43) | Reason: Chasing | CurrPos: (80, 65)
2026-01-22 01:28:41,965 - [DEBUG] - [AI_MOVE_Bot 8] Set Destination: (61, 43) | Reason: Chasing | CurrPos: (80, 65)
2026-01-22 01:28:42,067 - [DEBUG] - [AI_MOVE_Bot 1] Set Destination: (61, 43) | Reason: Chasing | CurrPos: (78, 45)
2026-01-22 01:28:42,067 - [DEBUG] - [AI_MOVE_Bot 1] Set Destination: (61, 43) | Reason: Chasing | CurrPos: (78, 45)
2026-01-22 01:28:42,117 - [DEBUG] - [AI_MOVE_Bot 8] Set Destination: (61, 44) | Reason: Chasing | CurrPos: (79, 65)
2026-01-22 01:28:42,117 - [DEBUG] - [AI_MOVE_Bot 8] Set Destination: (61, 44) | Reason: Chasing | CurrPos: (79, 65)
2026-01-22 01:28:42,202 - [DEBUG] - [AI_MOVE_Bot 1] Set Destination: (61, 45) | Reason: Chasing | CurrPos: (78, 46)
2026-01-22 01:28:42,202 - [DEBUG] - [AI_MOVE_Bot 1] Set Destination: (61, 45) | Reason: Chasing | CurrPos: (78, 46)
2026-01-22 01:28:42,332 - [DEBUG] - [AI_MOVE_Bot 10] Set Destination: (61, 47) | Reason: Chasing | CurrPos: (77, 67)
2026-01-22 01:28:42,332 - [DEBUG] - [AI_MOVE_Bot 10] Set Destination: (61, 47) | Reason: Chasing | CurrPos: (77, 67)
2026-01-22 01:28:42,364 - [DEBUG] - [AI_MOVE_Bot 1] Set Destination: (61, 47) | Reason: Chasing | CurrPos: (78, 48)
2026-01-22 01:28:42,364 - [DEBUG] - [AI_MOVE_Bot 1] Set Destination: (61, 47) | Reason: Chasing | CurrPos: (78, 48)
2026-01-22 01:28:42,433 - [DEBUG] - [AI_MOVE_Bot 8] Set Destination: (61, 48) | Reason: Chasing | CurrPos: (76, 65)
2026-01-22 01:28:42,433 - [DEBUG] - [AI_MOVE_Bot 8] Set Destination: (61, 48) | Reason: Chasing | CurrPos: (76, 65)
2026-01-22 01:28:42,515 - [DEBUG] - [AI_MOVE_Bot 10] Set Destination: (61, 48) | Reason: Chasing | CurrPos: (76, 66)
2026-01-22 01:28:42,515 - [DEBUG] - [AI_MOVE_Bot 10] Set Destination: (61, 48) | Reason: Chasing | CurrPos: (76, 66)
2026-01-22 01:28:42,548 - [DEBUG] - [AI_MOVE_Bot 1] Set Destination: (61, 49) | Reason: Chasing | CurrPos: (76, 48)
2026-01-22 01:28:42,548 - [DEBUG] - [AI_MOVE_Bot 1] Set Destination: (61, 49) | Reason: Chasing | CurrPos: (76, 48)
2026-01-22 01:28:42,774 - [DEBUG] - [AI_MOVE_Bot 8] Set Destination: (61, 51) | Reason: Chasing | CurrPos: (74, 64)
2026-01-22 01:28:42,774 - [DEBUG] - [AI_MOVE_Bot 8] Set Destination: (61, 51) | Reason: Chasing | CurrPos: (74, 64)
2026-01-22 01:28:43,094 - [DEBUG] - [AI_MOVE_Bot 8] Set Destination: (65, 51) | Reason: Chasing | CurrPos: (74, 61)
2026-01-22 01:28:43,094 - [DEBUG] - [AI_MOVE_Bot 8] Set Destination: (65, 51) | Reason: Chasing | CurrPos: (74, 61)
2026-01-22 01:28:43,172 - [DEBUG] - [AI_MOVE_Bot 10] Set Destination: (66, 51) | Reason: Chasing | CurrPos: (74, 62)
2026-01-22 01:28:43,172 - [DEBUG] - [AI_MOVE_Bot 10] Set Destination: (66, 51) | Reason: Chasing | CurrPos: (74, 62)
2026-01-22 01:28:43,219 - [DEBUG] - [AI_MOVE_Bot 1] Set Destination: (66, 51) | Reason: Chasing | CurrPos: (70, 48)
2026-01-22 01:28:43,219 - [DEBUG] - [AI_MOVE_Bot 1] Set Destination: (66, 51) | Reason: Chasing | CurrPos: (70, 48)
2026-01-22 01:28:43,371 - [DEBUG] - [AI_MOVE_Bot 10] Set Destination: (68, 51) | Reason: Chasing | CurrPos: (74, 60)
2026-01-22 01:28:43,371 - [DEBUG] - [AI_MOVE_Bot 10] Set Destination: (68, 51) | Reason: Chasing | CurrPos: (74, 60)
2026-01-22 01:28:43,555 - [DEBUG] - [AI_MOVE_Bot 1] Set Destination: (69, 51) | Reason: Chasing | CurrPos: (66, 48)
2026-01-22 01:28:43,555 - [DEBUG] - [AI_MOVE_Bot 1] Set Destination: (69, 51) | Reason: Chasing | CurrPos: (66, 48)
2026-01-22 01:28:43,703 - [DEBUG] - [AI_MOVE_Bot 1] Set Destination: (71, 51) | Reason: Chasing | CurrPos: (66, 48)
2026-01-22 01:28:43,703 - [DEBUG] - [AI_MOVE_Bot 1] Set Destination: (71, 51) | Reason: Chasing | CurrPos: (66, 48)
2026-01-22 01:28:43,863 - [DEBUG] - [AI_MOVE_Bot 1] Set Destination: (73, 51) | Reason: Chasing | CurrPos: (66, 50)
2026-01-22 01:28:43,863 - [DEBUG] - [AI_MOVE_Bot 1] Set Destination: (73, 51) | Reason: Chasing | CurrPos: (66, 50)
2026-01-22 01:28:44,026 - [DEBUG] - [AI_MOVE_Bot 10] Set Destination: (75, 51) | Reason: Chasing | CurrPos: (74, 54)
2026-01-22 01:28:44,026 - [DEBUG] - [AI_MOVE_Bot 10] Set Destination: (75, 51) | Reason: Chasing | CurrPos: (74, 54)
2026-01-22 01:28:44,110 - [DEBUG] - [AI_MOVE_Bot 8] Set Destination: (76, 51) | Reason: Chasing | CurrPos: (73, 52)
2026-01-22 01:28:44,110 - [DEBUG] - [AI_MOVE_Bot 8] Set Destination: (76, 51) | Reason: Chasing | CurrPos: (73, 52)
2026-01-22 01:28:44,181 - [DEBUG] - [AI_MOVE_Bot 10] Set Destination: (77, 51) | Reason: Chasing | CurrPos: (74, 52)
2026-01-22 01:28:44,181 - [DEBUG] - [AI_MOVE_Bot 10] Set Destination: (77, 51) | Reason: Chasing | CurrPos: (74, 52)
2026-01-22 01:28:44,199 - [DEBUG] - [AI_MOVE_Bot 1] Set Destination: (77, 51) | Reason: Chasing | CurrPos: (68, 51)
2026-01-22 01:28:44,199 - [DEBUG] - [AI_MOVE_Bot 1] Set Destination: (77, 51) | Reason: Chasing | CurrPos: (68, 51)
2026-01-22 01:28:44,216 - [DEBUG] - [AI_MOVE_Bot 1] Set Destination: (77, 51) | Reason: Chasing | CurrPos: (68, 51)
2026-01-22 01:28:44,216 - [DEBUG] - [AI_MOVE_Bot 1] Set Destination: (77, 51) | Reason: Chasing | CurrPos: (68, 51)
2026-01-22 01:28:44,264 - [DEBUG] - [AI_MOVE_Bot 8] Set Destination: (77, 51) | Reason: Chasing | CurrPos: (73, 51)
2026-01-22 01:28:44,264 - [DEBUG] - [AI_MOVE_Bot 8] Set Destination: (77, 51) | Reason: Chasing | CurrPos: (73, 51)
2026-01-22 01:28:44,374 - [DEBUG] - [AI_MOVE_Bot 1] Set Destination: (78, 51) | Reason: Chasing | CurrPos: (70, 51)
2026-01-22 01:28:44,374 - [DEBUG] - [AI_MOVE_Bot 1] Set Destination: (78, 51) | Reason: Chasing | CurrPos: (70, 51)
2026-01-22 01:28:44,498 - [DEBUG] - [AI_MOVE_Bot 1] Set Destination: (80, 51) | Reason: Chasing | CurrPos: (71, 51)
2026-01-22 01:28:44,498 - [DEBUG] - [AI_MOVE_Bot 1] Set Destination: (80, 51) | Reason: Chasing | CurrPos: (71, 51)
2026-01-22 01:28:44,559 - [DEBUG] - [AI_MOVE_Bot 1] Set Destination: (80, 51) | Reason: Chasing | CurrPos: (71, 51)
2026-01-22 01:28:44,559 - [DEBUG] - [AI_MOVE_Bot 1] Set Destination: (80, 51) | Reason: Chasing | CurrPos: (71, 51)
2026-01-22 01:28:44,612 - [DEBUG] - [AI_MOVE_Bot 10] Set Destination: (81, 51) | Reason: Chasing | CurrPos: (75, 51)
2026-01-22 01:28:44,612 - [DEBUG] - [AI_MOVE_Bot 10] Set Destination: (81, 51) | Reason: Chasing | CurrPos: (75, 51)
2026-01-22 01:28:44,677 - [DEBUG] - [AI_MOVE_Bot 10] Set Destination: (82, 51) | Reason: Chasing | CurrPos: (75, 51)
2026-01-22 01:28:44,677 - [DEBUG] - [AI_MOVE_Bot 10] Set Destination: (82, 51) | Reason: Chasing | CurrPos: (75, 51)
2026-01-22 01:28:44,796 - [DEBUG] - [AI_MOVE_Bot 10] Set Destination: (82, 52) | Reason: Chasing | CurrPos: (76, 51)
2026-01-22 01:28:44,796 - [DEBUG] - [AI_MOVE_Bot 10] Set Destination: (82, 52) | Reason: Chasing | CurrPos: (76, 51)
2026-01-22 01:28:45,034 - [DEBUG] - [AI_MOVE_Bot 1] Set Destination: (84, 52) | Reason: Chasing | CurrPos: (75, 51)
2026-01-22 01:28:45,034 - [DEBUG] - [AI_MOVE_Bot 1] Set Destination: (84, 52) | Reason: Chasing | CurrPos: (75, 51)
2026-01-22 01:28:45,054 - [DEBUG] - [AI_MOVE_Bot 8] Set Destination: (84, 52) | Reason: Chasing | CurrPos: (76, 51)
2026-01-22 01:28:45,054 - [DEBUG] - [AI_MOVE_Bot 8] Set Destination: (84, 52) | Reason: Chasing | CurrPos: (76, 51)
2026-01-22 01:28:45,151 - [DEBUG] - [AI_MOVE_Bot 10] Set Destination: (85, 52) | Reason: Chasing | CurrPos: (79, 51)
2026-01-22 01:28:45,151 - [DEBUG] - [AI_MOVE_Bot 10] Set Destination: (85, 52) | Reason: Chasing | CurrPos: (79, 51)
2026-01-22 01:28:45,368 - [DEBUG] - [AI_MOVE_Bot 1] Set Destination: (87, 52) | Reason: Chasing | CurrPos: (78, 51)
2026-01-22 01:28:45,368 - [DEBUG] - [AI_MOVE_Bot 1] Set Destination: (87, 52) | Reason: Chasing | CurrPos: (78, 51)
2026-01-22 01:28:45,543 - [DEBUG] - [AI_MOVE_Bot 1] Set Destination: (89, 52) | Reason: Chasing | CurrPos: (79, 51)
2026-01-22 01:28:45,543 - [DEBUG] - [AI_MOVE_Bot 1] Set Destination: (89, 52) | Reason: Chasing | CurrPos: (79, 51)
2026-01-22 01:28:45,887 - [DEBUG] - [AI_MOVE_Bot 10] Set Destination: (91, 54) | Reason: Chasing | CurrPos: (85, 52)
2026-01-22 01:28:45,887 - [DEBUG] - [AI_MOVE_Bot 10] Set Destination: (91, 54) | Reason: Chasing | CurrPos: (85, 52)
2026-01-22 01:28:45,924 - [DEBUG] - [AI_MOVE_Bot 1] Set Destination: (91, 54) | Reason: Chasing | CurrPos: (82, 52)
2026-01-22 01:28:45,924 - [DEBUG] - [AI_MOVE_Bot 1] Set Destination: (91, 54) | Reason: Chasing | CurrPos: (82, 52)
2026-01-22 01:28:46,056 - [DEBUG] - [AI_MOVE_Bot 10] Set Destination: (91, 55) | Reason: Chasing | CurrPos: (86, 52)
2026-01-22 01:28:46,056 - [DEBUG] - [AI_MOVE_Bot 10] Set Destination: (91, 55) | Reason: Chasing | CurrPos: (86, 52)
2026-01-22 01:28:46,253 - [DEBUG] - [AI_MOVE_Bot 10] Set Destination: (93, 55) | Reason: Chasing | CurrPos: (88, 52)
2026-01-22 01:28:46,253 - [DEBUG] - [AI_MOVE_Bot 10] Set Destination: (93, 55) | Reason: Chasing | CurrPos: (88, 52)
2026-01-22 01:28:46,411 - [DEBUG] - [AI_MOVE_Bot 10] Set Destination: (95, 55) | Reason: Chasing | CurrPos: (90, 52)
2026-01-22 01:28:46,411 - [DEBUG] - [AI_MOVE_Bot 10] Set Destination: (95, 55) | Reason: Chasing | CurrPos: (90, 52)
2026-01-22 01:28:46,443 - [DEBUG] - [AI_MOVE_Bot 1] Set Destination: (95, 55) | Reason: Chasing | CurrPos: (87, 52)
2026-01-22 01:28:46,443 - [DEBUG] - [AI_MOVE_Bot 1] Set Destination: (95, 55) | Reason: Chasing | CurrPos: (87, 52)
2026-01-22 01:28:46,540 - [DEBUG] - [AI_MOVE_Bot 8] Set Destination: (95, 57) | Reason: Chasing | CurrPos: (84, 52)
2026-01-22 01:28:46,540 - [DEBUG] - [AI_MOVE_Bot 8] Set Destination: (95, 57) | Reason: Chasing | CurrPos: (84, 52)
2026-01-22 01:28:46,679 - [DEBUG] - [AI_MOVE_Bot 8] Set Destination: (95, 58) | Reason: Chasing | CurrPos: (85, 52)
2026-01-22 01:28:46,679 - [DEBUG] - [AI_MOVE_Bot 8] Set Destination: (95, 58) | Reason: Chasing | CurrPos: (85, 52)
2026-01-22 01:28:46,724 - [DEBUG] - [AI_MOVE_Bot 9] Set Destination: (95, 63) | Reason: Fleeing | CurrPos: (95, 60)
2026-01-22 01:28:46,724 - [DEBUG] - [AI_MOVE_Bot 9] Set Destination: (95, 63) | Reason: Fleeing | CurrPos: (95, 60)
2026-01-22 01:28:46,794 - [DEBUG] - [AI_MOVE_Bot 1] Set Destination: (95, 59) | Reason: Chasing | CurrPos: (91, 52)
2026-01-22 01:28:46,794 - [DEBUG] - [AI_MOVE_Bot 1] Set Destination: (95, 59) | Reason: Chasing | CurrPos: (91, 52)
2026-01-22 01:28:46,904 - [DEBUG] - [AI_MOVE_Bot 9] Set Destination: (95, 55) | Reason: Fleeing | CurrPos: (95, 58)
2026-01-22 01:28:46,904 - [DEBUG] - [AI_MOVE_Bot 9] Set Destination: (95, 55) | Reason: Fleeing | CurrPos: (95, 58)
2026-01-22 01:28:46,911 - [DEBUG] - [AI_MOVE_Bot 15] Set Destination: (95, 58) | Reason: Killing | CurrPos: (81, 51)
2026-01-22 01:28:46,911 - [DEBUG] - [AI_MOVE_Bot 15] Set Destination: (95, 58) | Reason: Killing | CurrPos: (81, 51)
2026-01-22 01:28:46,969 - [DEBUG] - [AI_MOVE_Bot 1] Set Destination: (95, 60) | Reason: Chasing | CurrPos: (91, 54)
2026-01-22 01:28:46,969 - [DEBUG] - [AI_MOVE_Bot 1] Set Destination: (95, 60) | Reason: Chasing | CurrPos: (91, 54)
2026-01-22 01:28:47,089 - [DEBUG] - [AI_MOVE_Bot 15] Set Destination: (95, 56) | Reason: Killing | CurrPos: (82, 52)
2026-01-22 01:28:47,089 - [DEBUG] - [AI_MOVE_Bot 15] Set Destination: (95, 56) | Reason: Killing | CurrPos: (82, 52)
2026-01-22 01:28:47,199 - [DEBUG] - [AI_MOVE_Bot 8] Set Destination: (95, 60) | Reason: Chasing | CurrPos: (90, 52)
2026-01-22 01:28:47,199 - [DEBUG] - [AI_MOVE_Bot 8] Set Destination: (95, 60) | Reason: Chasing | CurrPos: (90, 52)
2026-01-22 01:28:47,199 - [DEBUG] - [AI_MOVE_Bot 13] Set Destination: (95, 55) | Reason: Killing | CurrPos: (85, 63)
2026-01-22 01:28:47,199 - [DEBUG] - [AI_MOVE_Bot 13] Set Destination: (95, 55) | Reason: Killing | CurrPos: (85, 63)
2026-01-22 01:28:47,269 - [DEBUG] - [AI_MOVE_Bot 15] Set Destination: (95, 55) | Reason: Killing | CurrPos: (84, 52)
2026-01-22 01:28:47,269 - [DEBUG] - [AI_MOVE_Bot 15] Set Destination: (95, 55) | Reason: Killing | CurrPos: (84, 52)
2026-01-22 01:28:47,297 - [DEBUG] - [AI_MOVE_Bot 10] Set Destination: (95, 60) | Reason: Chasing | CurrPos: (95, 55)
2026-01-22 01:28:47,297 - [DEBUG] - [AI_MOVE_Bot 10] Set Destination: (95, 60) | Reason: Chasing | CurrPos: (95, 55)
2026-01-22 01:28:47,314 - [DEBUG] - [AI_MOVE_Bot 7] Set Destination: (94, 55) | Reason: Killing | CurrPos: (95, 60)
2026-01-22 01:28:47,314 - [DEBUG] - [AI_MOVE_Bot 7] Set Destination: (94, 55) | Reason: Killing | CurrPos: (95, 60)
2026-01-22 01:28:47,413 - [DEBUG] - [AI_MOVE_Bot 15] Set Destination: (93, 55) | Reason: Killing | CurrPos: (86, 52)
2026-01-22 01:28:47,413 - [DEBUG] - [AI_MOVE_Bot 15] Set Destination: (93, 55) | Reason: Killing | CurrPos: (86, 52)
2026-01-22 01:28:47,452 - [DEBUG] - [AI_MOVE_Bot 10] Set Destination: (95, 58) | Reason: Chasing | CurrPos: (95, 56)
2026-01-22 01:28:47,452 - [DEBUG] - [AI_MOVE_Bot 10] Set Destination: (95, 58) | Reason: Chasing | CurrPos: (95, 56)
2026-01-22 01:28:47,478 - [DEBUG] - [AI_MOVE_Bot 1] Set Destination: (95, 58) | Reason: Chasing | CurrPos: (94, 55)
2026-01-22 01:28:47,478 - [DEBUG] - [AI_MOVE_Bot 1] Set Destination: (95, 58) | Reason: Chasing | CurrPos: (94, 55)
2026-01-22 01:28:47,484 - [DEBUG] - [AI_MOVE_Bot 7] Set Destination: (93, 55) | Reason: Killing | CurrPos: (95, 58)
2026-01-22 01:28:47,484 - [DEBUG] - [AI_MOVE_Bot 7] Set Destination: (93, 55) | Reason: Killing | CurrPos: (95, 58)
2026-01-22 01:28:47,565 - [DEBUG] - [AI_MOVE_Bot 8] Set Destination: (95, 57) | Reason: Chasing | CurrPos: (91, 55)
2026-01-22 01:28:47,565 - [DEBUG] - [AI_MOVE_Bot 8] Set Destination: (95, 57) | Reason: Chasing | CurrPos: (91, 55)
2026-01-22 01:28:47,570 - [DEBUG] - [AI_MOVE_Bot 13] Set Destination: (92, 55) | Reason: Killing | CurrPos: (90, 63)
2026-01-22 01:28:47,570 - [DEBUG] - [AI_MOVE_Bot 13] Set Destination: (92, 55) | Reason: Killing | CurrPos: (90, 63)
2026-01-22 01:28:47,633 - [DEBUG] - [AI_MOVE_Bot 10] Set Destination: (95, 57) | Reason: Chasing | CurrPos: (95, 58)
2026-01-22 01:28:47,633 - [DEBUG] - [AI_MOVE_Bot 10] Set Destination: (95, 57) | Reason: Chasing | CurrPos: (95, 58)
2026-01-22 01:28:47,665 - [DEBUG] - [AI_MOVE_Bot 1] Set Destination: (95, 57) | Reason: Chasing | CurrPos: (95, 56)
2026-01-22 01:28:47,665 - [DEBUG] - [AI_MOVE_Bot 1] Set Destination: (95, 57) | Reason: Chasing | CurrPos: (95, 56)
2026-01-22 01:28:47,669 - [DEBUG] - [AI_MOVE_Bot 7] Set Destination: (92, 56) | Reason: Killing | CurrPos: (95, 56)
2026-01-22 01:28:47,669 - [DEBUG] - [AI_MOVE_Bot 7] Set Destination: (92, 56) | Reason: Killing | CurrPos: (95, 56)
2026-01-22 01:28:47,793 - [DEBUG] - [AI_MOVE_Bot 15] Set Destination: (92, 57) | Reason: Killing | CurrPos: (90, 52)
2026-01-22 01:28:47,793 - [DEBUG] - [AI_MOVE_Bot 15] Set Destination: (92, 57) | Reason: Killing | CurrPos: (90, 52)
2026-01-22 01:28:47,949 - [DEBUG] - [AI_MOVE_Bot 8] Set Destination: (94, 55) | Reason: Chasing | CurrPos: (94, 55)
2026-01-22 01:28:47,949 - [DEBUG] - [AI_MOVE_Bot 8] Set Destination: (94, 55) | Reason: Chasing | CurrPos: (94, 55)
2026-01-22 01:28:47,998 - [DEBUG] - [AI_MOVE_Bot 15] Set Destination: (92, 59) | Reason: Killing | CurrPos: (91, 53)
2026-01-22 01:28:47,998 - [DEBUG] - [AI_MOVE_Bot 15] Set Destination: (92, 59) | Reason: Killing | CurrPos: (91, 53)
2026-01-22 01:28:48,049 - [DEBUG] - [AI_MOVE_Bot 1] Set Destination: (94, 55) | Reason: Chasing | CurrPos: (95, 58)
2026-01-22 01:28:48,049 - [DEBUG] - [AI_MOVE_Bot 1] Set Destination: (94, 55) | Reason: Chasing | CurrPos: (95, 58)
2026-01-22 01:28:48,130 - [DEBUG] - [AI_MOVE_Bot 13] Set Destination: (92, 61) | Reason: Killing | CurrPos: (91, 58)
2026-01-22 01:28:48,130 - [DEBUG] - [AI_MOVE_Bot 13] Set Destination: (92, 61) | Reason: Killing | CurrPos: (91, 58)
2026-01-22 01:28:48,184 - [DEBUG] - [AI_MOVE_Bot 15] Set Destination: (92, 61) | Reason: Killing | CurrPos: (91, 55)
2026-01-22 01:28:48,184 - [DEBUG] - [AI_MOVE_Bot 15] Set Destination: (92, 61) | Reason: Killing | CurrPos: (91, 55)
2026-01-22 01:28:48,212 - [DEBUG] - [AI_MOVE_Bot 10] Set Destination: (94, 55) | Reason: Chasing | CurrPos: (95, 60)
2026-01-22 01:28:48,212 - [DEBUG] - [AI_MOVE_Bot 10] Set Destination: (94, 55) | Reason: Chasing | CurrPos: (95, 60)
2026-01-22 01:28:48,229 - [DEBUG] - [AI_MOVE_Bot 7] Set Destination: (92, 62) | Reason: Killing | CurrPos: (94, 55)
2026-01-22 01:28:48,229 - [DEBUG] - [AI_MOVE_Bot 7] Set Destination: (92, 62) | Reason: Killing | CurrPos: (94, 55)
2026-01-22 01:28:48,334 - [DEBUG] - [AI_MOVE_Bot 15] Set Destination: (92, 63) | Reason: Killing | CurrPos: (91, 57)
2026-01-22 01:28:48,334 - [DEBUG] - [AI_MOVE_Bot 15] Set Destination: (92, 63) | Reason: Killing | CurrPos: (91, 57)
2026-01-22 01:28:48,368 - [DEBUG] - [AI_MOVE_Bot 10] Set Destination: (92, 55) | Reason: Chasing | CurrPos: (95, 58)
2026-01-22 01:28:48,368 - [DEBUG] - [AI_MOVE_Bot 10] Set Destination: (92, 55) | Reason: Chasing | CurrPos: (95, 58)
2026-01-22 01:28:48,399 - [DEBUG] - [AI_MOVE_Bot 1] Set Destination: (92, 55) | Reason: Chasing | CurrPos: (95, 55)
2026-01-22 01:28:48,399 - [DEBUG] - [AI_MOVE_Bot 1] Set Destination: (92, 55) | Reason: Chasing | CurrPos: (95, 55)
2026-01-22 01:28:48,404 - [DEBUG] - [AI_MOVE_Bot 7] Set Destination: (92, 63) | Reason: Killing | CurrPos: (92, 55)
2026-01-22 01:28:48,404 - [DEBUG] - [AI_MOVE_Bot 7] Set Destination: (92, 63) | Reason: Killing | CurrPos: (92, 55)
2026-01-22 01:28:48,509 - [DEBUG] - [AI_MOVE_Bot 15] Set Destination: (94, 63) | Reason: Killing | CurrPos: (91, 59)
2026-01-22 01:28:48,509 - [DEBUG] - [AI_MOVE_Bot 15] Set Destination: (94, 63) | Reason: Killing | CurrPos: (91, 59)
2026-01-22 01:28:48,547 - [DEBUG] - [AI_MOVE_Bot 10] Set Destination: (92, 56) | Reason: Chasing | CurrPos: (95, 57)
2026-01-22 01:28:48,547 - [DEBUG] - [AI_MOVE_Bot 10] Set Destination: (92, 56) | Reason: Chasing | CurrPos: (95, 57)
2026-01-22 01:28:48,559 - [DEBUG] - [AI_MOVE_Bot 1] Set Destination: (92, 56) | Reason: Chasing | CurrPos: (94, 55)
2026-01-22 01:28:48,559 - [DEBUG] - [AI_MOVE_Bot 1] Set Destination: (92, 56) | Reason: Chasing | CurrPos: (94, 55)
2026-01-22 01:28:48,679 - [DEBUG] - [AI_MOVE_Bot 15] Set Destination: (95, 63) | Reason: Killing | CurrPos: (91, 60)
2026-01-22 01:28:48,679 - [DEBUG] - [AI_MOVE_Bot 15] Set Destination: (95, 63) | Reason: Killing | CurrPos: (91, 60)
2026-01-22 01:28:48,729 - [DEBUG] - [AI_MOVE_Bot 1] Set Destination: (92, 58) | Reason: Chasing | CurrPos: (92, 55)
2026-01-22 01:28:48,729 - [DEBUG] - [AI_MOVE_Bot 1] Set Destination: (92, 58) | Reason: Chasing | CurrPos: (92, 55)
2026-01-22 01:28:48,729 - [DEBUG] - [AI_MOVE_Bot 7] Set Destination: (95, 63) | Reason: Killing | CurrPos: (92, 58)
2026-01-22 01:28:48,729 - [DEBUG] - [AI_MOVE_Bot 7] Set Destination: (95, 63) | Reason: Killing | CurrPos: (92, 58)
2026-01-22 01:28:48,805 - [DEBUG] - [AI_MOVE_Bot 8] Set Destination: (92, 59) | Reason: Chasing | CurrPos: (94, 55)
2026-01-22 01:28:48,805 - [DEBUG] - [AI_MOVE_Bot 8] Set Destination: (92, 59) | Reason: Chasing | CurrPos: (94, 55)
2026-01-22 01:28:48,805 - [DEBUG] - [AI_MOVE_Bot 13] Set Destination: (95, 63) | Reason: Killing | CurrPos: (92, 61)
2026-01-22 01:28:48,805 - [DEBUG] - [AI_MOVE_Bot 13] Set Destination: (95, 63) | Reason: Killing | CurrPos: (92, 61)
2026-01-22 01:28:48,901 - [DEBUG] - [AI_MOVE_Bot 10] Set Destination: (92, 61) | Reason: Chasing | CurrPos: (94, 55)
2026-01-22 01:28:48,901 - [DEBUG] - [AI_MOVE_Bot 10] Set Destination: (92, 61) | Reason: Chasing | CurrPos: (94, 55)
2026-01-22 01:28:48,933 - [DEBUG] - [AI_MOVE_Bot 1] Set Destination: (92, 61) | Reason: Chasing | CurrPos: (92, 56)
2026-01-22 01:28:48,933 - [DEBUG] - [AI_MOVE_Bot 1] Set Destination: (92, 61) | Reason: Chasing | CurrPos: (92, 56)
2026-01-22 01:28:48,989 - [DEBUG] - [AI_MOVE_Bot 8] Set Destination: (92, 61) | Reason: Chasing | CurrPos: (92, 55)
2026-01-22 01:28:48,989 - [DEBUG] - [AI_MOVE_Bot 8] Set Destination: (92, 61) | Reason: Chasing | CurrPos: (92, 55)
2026-01-22 01:28:49,005 - [DEBUG] - [AI_MOVE_Bot 8] Set Destination: (92, 61) | Reason: Chasing | CurrPos: (92, 55)
2026-01-22 01:28:49,005 - [DEBUG] - [AI_MOVE_Bot 8] Set Destination: (92, 61) | Reason: Chasing | CurrPos: (92, 55)
2026-01-22 01:28:49,034 - [DEBUG] - [AI_MOVE_Bot 15] Set Destination: (95, 63) | Reason: Killing | CurrPos: (93, 63)
2026-01-22 01:28:49,034 - [DEBUG] - [AI_MOVE_Bot 15] Set Destination: (95, 63) | Reason: Killing | CurrPos: (93, 63)
2026-01-22 01:28:49,199 - [DEBUG] - [AI_MOVE_Bot 9] Set Destination: (98, 63) | Reason: Fleeing | CurrPos: (95, 63)
2026-01-22 01:28:49,199 - [DEBUG] - [AI_MOVE_Bot 9] Set Destination: (98, 63) | Reason: Fleeing | CurrPos: (95, 63)
2026-01-22 01:28:49,264 - [DEBUG] - [AI_MOVE_Bot 7] Set Destination: (96, 63) | Reason: Killing | CurrPos: (92, 62)
2026-01-22 01:28:49,264 - [DEBUG] - [AI_MOVE_Bot 7] Set Destination: (96, 63) | Reason: Killing | CurrPos: (92, 62)
2026-01-22 01:28:49,315 - [DEBUG] - [AI_MOVE_Bot 8] Set Destination: (92, 63) | Reason: Chasing | CurrPos: (92, 58)
2026-01-22 01:28:49,315 - [DEBUG] - [AI_MOVE_Bot 8] Set Destination: (92, 63) | Reason: Chasing | CurrPos: (92, 58)
2026-01-22 01:28:49,349 - [DEBUG] - [AI_MOVE_Bot 9] Set Destination: (99, 63) | Reason: Fleeing | CurrPos: (96, 63)
2026-01-22 01:28:49,349 - [DEBUG] - [AI_MOVE_Bot 9] Set Destination: (99, 63) | Reason: Fleeing | CurrPos: (96, 63)
2026-01-22 01:28:49,349 - [DEBUG] - [AI_MOVE_Bot 15] Set Destination: (96, 63) | Reason: Killing | CurrPos: (95, 63)
2026-01-22 01:28:49,349 - [DEBUG] - [AI_MOVE_Bot 15] Set Destination: (96, 63) | Reason: Killing | CurrPos: (95, 63)
2026-01-22 01:28:49,387 - [DEBUG] - [AI_MOVE_Bot 10] Set Destination: (92, 63) | Reason: Chasing | CurrPos: (92, 57)
2026-01-22 01:28:49,387 - [DEBUG] - [AI_MOVE_Bot 10] Set Destination: (92, 63) | Reason: Chasing | CurrPos: (92, 57)
2026-01-22 01:28:49,403 - [DEBUG] - [AI_MOVE_Bot 1] Set Destination: (93, 63) | Reason: Chasing | CurrPos: (92, 60)
2026-01-22 01:28:49,403 - [DEBUG] - [AI_MOVE_Bot 1] Set Destination: (93, 63) | Reason: Chasing | CurrPos: (92, 60)
2026-01-22 01:28:49,409 - [DEBUG] - [AI_MOVE_Bot 7] Set Destination: (97, 63) | Reason: Killing | CurrPos: (92, 63)
2026-01-22 01:28:49,409 - [DEBUG] - [AI_MOVE_Bot 7] Set Destination: (97, 63) | Reason: Killing | CurrPos: (92, 63)
2026-01-22 01:28:49,419 - [DEBUG] - [AI_MOVE_Bot 1] Set Destination: (93, 63) | Reason: Chasing | CurrPos: (92, 60)
2026-01-22 01:28:49,419 - [DEBUG] - [AI_MOVE_Bot 1] Set Destination: (93, 63) | Reason: Chasing | CurrPos: (92, 60)
2026-01-22 01:28:49,426 - [DEBUG] - [AI_MOVE_Bot 7] Set Destination: (97, 63) | Reason: Killing | CurrPos: (92, 63)
2026-01-22 01:28:49,426 - [DEBUG] - [AI_MOVE_Bot 7] Set Destination: (97, 63) | Reason: Killing | CurrPos: (92, 63)
2026-01-22 01:28:49,464 - [DEBUG] - [AI_MOVE_Bot 8] Set Destination: (93, 63) | Reason: Chasing | CurrPos: (92, 59)
2026-01-22 01:28:49,464 - [DEBUG] - [AI_MOVE_Bot 8] Set Destination: (93, 63) | Reason: Chasing | CurrPos: (92, 59)
2026-01-22 01:28:49,470 - [DEBUG] - [AI_MOVE_Bot 13] Set Destination: (98, 63) | Reason: Killing | CurrPos: (95, 63)
2026-01-22 01:28:49,470 - [DEBUG] - [AI_MOVE_Bot 13] Set Destination: (98, 63) | Reason: Killing | CurrPos: (95, 63)
2026-01-22 01:28:49,621 - [DEBUG] - [AI_MOVE_Bot 8] Set Destination: (95, 63) | Reason: Chasing | CurrPos: (92, 60)
2026-01-22 01:28:49,621 - [DEBUG] - [AI_MOVE_Bot 8] Set Destination: (95, 63) | Reason: Chasing | CurrPos: (92, 60)
2026-01-22 01:28:49,899 - [DEBUG] - [AI_MOVE_Bot 8] Set Destination: (96, 63) | Reason: Chasing | CurrPos: (92, 63)
2026-01-22 01:28:49,899 - [DEBUG] - [AI_MOVE_Bot 8] Set Destination: (96, 63) | Reason: Chasing | CurrPos: (92, 63)
2026-01-22 01:28:49,949 - [DEBUG] - [AI_MOVE_Bot 9] Set Destination: (95, 63) | Reason: Fleeing | CurrPos: (98, 63)
2026-01-22 01:28:49,949 - [DEBUG] - [AI_MOVE_Bot 9] Set Destination: (95, 63) | Reason: Fleeing | CurrPos: (98, 63)
2026-01-22 01:28:49,981 - [DEBUG] - [AI_MOVE_Bot 10] Set Destination: (96, 63) | Reason: Chasing | CurrPos: (92, 61)
2026-01-22 01:28:49,981 - [DEBUG] - [AI_MOVE_Bot 10] Set Destination: (96, 63) | Reason: Chasing | CurrPos: (92, 61)
2026-01-22 01:28:50,013 - [DEBUG] - [AI_MOVE_Bot 1] Set Destination: (96, 63) | Reason: Chasing | CurrPos: (92, 61)
2026-01-22 01:28:50,013 - [DEBUG] - [AI_MOVE_Bot 1] Set Destination: (96, 63) | Reason: Chasing | CurrPos: (92, 61)
2026-01-22 01:28:50,080 - [DEBUG] - [AI_MOVE_Bot 13] Set Destination: (96, 63) | Reason: Killing | CurrPos: (98, 63)
2026-01-22 01:28:50,080 - [DEBUG] - [AI_MOVE_Bot 13] Set Destination: (96, 63) | Reason: Killing | CurrPos: (98, 63)
2026-01-22 01:28:50,133 - [DEBUG] - [AI_MOVE_Bot 9] Set Destination: (99, 63) | Reason: Fleeing | CurrPos: (96, 63)
2026-01-22 01:28:50,133 - [DEBUG] - [AI_MOVE_Bot 9] Set Destination: (99, 63) | Reason: Fleeing | CurrPos: (96, 63)
2026-01-22 01:28:50,150 - [DEBUG] - [AI_MOVE_Bot 9] Set Destination: (99, 63) | Reason: Fleeing | CurrPos: (96, 63)
2026-01-22 01:28:50,150 - [DEBUG] - [AI_MOVE_Bot 9] Set Destination: (99, 63) | Reason: Fleeing | CurrPos: (96, 63)
