2026-01-22 23:06:30,820 - [INFO] - [DATA] Loaded 17 items.
2026-01-22 23:06:30,820 - [INFO] - [DATA] Loaded 110 tiles.
2026-01-22 23:06:30,820 - [INFO] - [DATA] Loaded 5 roles.
2026-01-22 23:06:31,093 - [INFO] - [SYSTEM] Game Engine Initializing...
2026-01-22 23:06:31,130 - [INFO] - [SYSTEM] Engine Loop Started
2026-01-22 23:06:38,968 - [INFO] - [PLAY] Entering PlayState...
2026-01-22 23:06:38,998 - [INFO] - [PLAYER] Initialized at (1536, 1696) Role: CITIZEN
2026-01-22 23:06:38,999 - [INFO] - [PLAYER] Role changed to CITIZEN (FARMER)
2026-01-22 23:06:39,007 - [DEBUG] - [AI_MOVE_Bot 4] Set Destination: (90, 59) | Reason: Go Home | CurrPos: (51, 46)
2026-01-22 23:06:39,017 - [DEBUG] - [AI_MOVE_Bot 13] Set Destination: (29, 24) | Reason: Go Home | CurrPos: (46, 51)
2026-01-22 23:06:39,061 - [DEBUG] - [AI_MOVE_Bot 2] Set Destination: (19, 81) | Reason: Random Move | CurrPos: (53, 53)
2026-01-22 23:06:39,071 - [DEBUG] - [AI_MOVE_Bot 4] Set Destination: (89, 59) | Reason: Go Home | CurrPos: (51, 46)
2026-01-22 23:06:39,121 - [DEBUG] - [AI_MOVE_Bot 6] Set Destination: (62, 12) | Reason: Random Move | CurrPos: (45, 48)
2026-01-22 23:06:39,233 - [DEBUG] - [AI_MOVE_Bot 8] Set Destination: (73, 66) | Reason: Go Home | CurrPos: (51, 51)
2026-01-22 23:06:39,256 - [DEBUG] - [AI_MOVE_Bot 11] Set Destination: (12, 7) | Reason: Random Move | CurrPos: (52, 52)
2026-01-22 23:06:39,294 - [DEBUG] - [AI_MOVE_Bot 4] Set Destination: (4, 39) | Reason: Go Home | CurrPos: (51, 47)
2026-01-22 23:06:39,308 - [DEBUG] - [AI_MOVE_Bot 10] Set Destination: (73, 77) | Reason: Random Move | CurrPos: (48, 46)
2026-01-22 23:06:39,361 - [DEBUG] - [AI_MOVE_Bot 9] Set Destination: (44, 61) | Reason: Go Home | CurrPos: (50, 53)
2026-01-22 23:06:39,430 - [DEBUG] - [AI_MOVE_Bot 14] Set Destination: (88, 61) | Reason: Go Home | CurrPos: (51, 54)
2026-01-22 23:06:39,512 - [DEBUG] - [AI_MOVE_Bot 12] Set Destination: (97, 98) | Reason: Random Move | CurrPos: (49, 45)
2026-01-22 23:06:39,535 - [DEBUG] - [AI_MOVE_Bot 3] Set Destination: (40, 81) | Reason: Random Move | CurrPos: (50, 53)
2026-01-22 23:06:39,640 - [DEBUG] - [AI_MOVE_Bot 8] Set Destination: (74, 67) | Reason: Go Home | CurrPos: (51, 53)
2026-01-22 23:06:39,657 - [DEBUG] - [AI_MOVE_Bot 7] Set Destination: (71, 75) | Reason: Go Home | CurrPos: (45, 49)
2026-01-22 23:06:39,663 - [DEBUG] - [AI_MOVE_Bot 9] Set Destination: (45, 61) | Reason: Go Home | CurrPos: (48, 53)
2026-01-22 23:06:39,871 - [DEBUG] - [AI_MOVE_Bot 9] Set Destination: (7, 95) | Reason: Go Home | CurrPos: (46, 53)
2026-01-22 23:06:39,983 - [DEBUG] - [AI_MOVE_Bot 13] Set Destination: (28, 24) | Reason: Go Home | CurrPos: (40, 51)
2026-01-22 23:06:40,057 - [DEBUG] - [AI_MOVE_Bot 4] Set Destination: (71, 68) | Reason: Go Home | CurrPos: (52, 51)
2026-01-22 23:06:40,061 - [DEBUG] - [AI_MOVE_Bot 13] Set Destination: (29, 24) | Reason: Go Home | CurrPos: (40, 51)
2026-01-22 23:06:40,112 - [DEBUG] - [AI_MOVE_Bot 9] Set Destination: (8, 96) | Reason: Go Home | CurrPos: (48, 53)
2026-01-22 23:06:40,178 - [DEBUG] - [AI_MOVE_Bot 4] Set Destination: (70, 68) | Reason: Go Home | CurrPos: (52, 51)
2026-01-22 23:06:40,193 - [DEBUG] - [AI_MOVE_Bot 8] Set Destination: (9, 46) | Reason: Go Home | CurrPos: (51, 57)
2026-01-22 23:06:40,390 - [DEBUG] - [AI_MOVE_Bot 8] Set Destination: (9, 45) | Reason: Go Home | CurrPos: (51, 57)
2026-01-22 23:06:40,405 - [DEBUG] - [AI_MOVE_Bot 7] Set Destination: (71, 76) | Reason: Go Home | CurrPos: (46, 53)
2026-01-22 23:06:40,479 - [DEBUG] - [AI_MOVE_Bot 4] Set Destination: (11, 90) | Reason: Go Home | CurrPos: (52, 53)
2026-01-22 23:06:40,494 - [DEBUG] - [AI_MOVE_Bot 8] Set Destination: (96, 45) | Reason: Go Home | CurrPos: (51, 58)
2026-01-22 23:06:40,495 - [DEBUG] - [AI_MOVE_Bot 13] Set Destination: (4, 42) | Reason: Go Home | CurrPos: (37, 51)
2026-01-22 23:06:40,587 - [DEBUG] - [AI_MOVE_Bot 7] Set Destination: (71, 75) | Reason: Go Home | CurrPos: (47, 53)
2026-01-22 23:06:40,687 - [DEBUG] - [AI_MOVE_Bot 4] Set Destination: (94, 60) | Reason: Go Home | CurrPos: (51, 54)
2026-01-22 23:06:40,692 - [DEBUG] - [AI_MOVE_Bot 13] Set Destination: (5, 42) | Reason: Go Home | CurrPos: (36, 51)
2026-01-22 23:06:40,708 - [DEBUG] - [AI_MOVE_Bot 7] Set Destination: (80, 16) | Reason: Go Home | CurrPos: (47, 53)
2026-01-22 23:06:40,723 - [DEBUG] - [AI_MOVE_Bot 7] Set Destination: (6, 43) | Reason: Go Home | CurrPos: (48, 53)
2026-01-22 23:06:40,837 - [DEBUG] - [AI_MOVE_Bot 5] Set Destination: (7, 90) | Reason: Go Home | CurrPos: (46, 51)
2026-01-22 23:06:40,851 - [DEBUG] - [AI_MOVE_Bot 9] Set Destination: (8, 39) | Reason: Go Home | CurrPos: (48, 57)
2026-01-22 23:06:40,899 - [DEBUG] - [AI_MOVE_Bot 5] Set Destination: (8, 89) | Reason: Go Home | CurrPos: (46, 51)
2026-01-22 23:06:40,915 - [DEBUG] - [AI_MOVE_Bot 8] Set Destination: (40, 96) | Reason: Go Home | CurrPos: (51, 61)
2026-01-22 23:06:41,080 - [DEBUG] - [AI_MOVE_Bot 5] Set Destination: (59, 69) | Reason: Go Home | CurrPos: (46, 52)
2026-01-22 23:06:41,096 - [DEBUG] - [AI_MOVE_Bot 13] Set Destination: (20, 95) | Reason: Go Home | CurrPos: (34, 51)
2026-01-22 23:06:41,141 - [DEBUG] - [AI_MOVE_Bot 7] Set Destination: (40, 87) | Reason: Go Home | CurrPos: (48, 55)
2026-01-22 23:06:41,184 - [DEBUG] - [AI_MOVE_Bot 4] Set Destination: (94, 61) | Reason: Go Home | CurrPos: (54, 54)
2026-01-22 23:06:41,323 - [DEBUG] - [AI_MOVE_Bot 7] Set Destination: (42, 87) | Reason: Go Home | CurrPos: (48, 56)
2026-01-22 23:06:41,343 - [DEBUG] - [AI_MOVE_Bot 9] Set Destination: (8, 40) | Reason: Go Home | CurrPos: (45, 57)
2026-01-22 23:06:41,476 - [DEBUG] - [AI_MOVE_Bot 9] Set Destination: (81, 39) | Reason: Go Home | CurrPos: (44, 57)
2026-01-22 23:06:41,512 - [DEBUG] - [AI_MOVE_Bot 4] Set Destination: (9, 45) | Reason: Go Home | CurrPos: (54, 52)
2026-01-22 23:06:41,618 - [DEBUG] - [AI_MOVE_Bot 14] Set Destination: (89, 61) | Reason: Go Home | CurrPos: (61, 51)
2026-01-22 23:06:41,648 - [DEBUG] - [AI_MOVE_Bot 13] Set Destination: (19, 95) | Reason: Go Home | CurrPos: (31, 51)
2026-01-22 23:06:41,704 - [DEBUG] - [AI_MOVE_Bot 13] Set Destination: (20, 95) | Reason: Go Home | CurrPos: (30, 51)
2026-01-22 23:06:41,704 - [DEBUG] - [AI_MOVE_Bot 14] Set Destination: (88, 60) | Reason: Go Home | CurrPos: (61, 51)
2026-01-22 23:06:41,767 - [DEBUG] - [AI_MOVE_Bot 5] Set Destination: (70, 74) | Reason: Go Home | CurrPos: (48, 54)
2026-01-22 23:06:41,771 - [DEBUG] - [AI_MOVE_Bot 13] Set Destination: (43, 35) | Reason: Go Home | CurrPos: (30, 51)
2026-01-22 23:06:41,933 - [DEBUG] - [AI_MOVE_Bot 8] Set Destination: (41, 96) | Reason: Go Home | CurrPos: (48, 64)
2026-01-22 23:06:41,936 - [DEBUG] - [AI_MOVE_Bot 13] Set Destination: (45, 61) | Reason: Go Home | CurrPos: (29, 51)
2026-01-22 23:06:41,951 - [DEBUG] - [AI_MOVE_Bot 7] Set Destination: (4, 43) | Reason: Go Home | CurrPos: (48, 60)
2026-01-22 23:06:42,021 - [DEBUG] - [AI_MOVE_Bot 4] Set Destination: (9, 46) | Reason: Go Home | CurrPos: (51, 52)
2026-01-22 23:06:42,073 - [DEBUG] - [AI_MOVE_Bot 13] Set Destination: (17, 90) | Reason: Go Home | CurrPos: (28, 51)
2026-01-22 23:06:42,188 - [DEBUG] - [AI_MOVE_Bot 5] Set Destination: (71, 74) | Reason: Go Home | CurrPos: (48, 57)
2026-01-22 23:06:42,207 - [DEBUG] - [AI_MOVE_Bot 8] Set Destination: (40, 96) | Reason: Go Home | CurrPos: (48, 65)
2026-01-22 23:06:42,281 - [DEBUG] - [AI_MOVE_Bot 8] Set Destination: (79, 16) | Reason: Go Home | CurrPos: (48, 66)
2026-01-22 23:06:42,281 - [DEBUG] - [AI_MOVE_Bot 13] Set Destination: (6, 53) | Reason: Go Home | CurrPos: (27, 51)
2026-01-22 23:06:42,387 - [DEBUG] - [AI_MOVE_Bot 8] Set Destination: (8, 95) | Reason: Go Home | CurrPos: (48, 66)
2026-01-22 23:06:42,487 - [DEBUG] - [AI_MOVE_Bot 4] Set Destination: (10, 45) | Reason: Go Home | CurrPos: (48, 52)
2026-01-22 23:06:42,488 - [DEBUG] - [AI_MOVE_Bot 5] Set Destination: (39, 33) | Reason: Go Home | CurrPos: (48, 59)
2026-01-22 23:06:42,491 - [DEBUG] - [AI_MOVE_Bot 13] Set Destination: (5, 53) | Reason: Go Home | CurrPos: (25, 51)
2026-01-22 23:06:42,491 - [DEBUG] - [AI_MOVE_Bot 14] Set Destination: (27, 55) | Reason: Go Home | CurrPos: (66, 51)
2026-01-22 23:06:42,594 - [DEBUG] - [AI_MOVE_Bot 8] Set Destination: (46, 96) | Reason: Go Home | CurrPos: (48, 68)
2026-01-22 23:06:42,599 - [DEBUG] - [AI_MOVE_Bot 13] Set Destination: (59, 23) | Reason: Go Home | CurrPos: (25, 51)
2026-01-22 23:06:42,712 - [DEBUG] - [AI_MOVE_Bot 4] Set Destination: (73, 67) | Reason: Go Home | CurrPos: (46, 52)
2026-01-22 23:06:42,717 - [DEBUG] - [AI_MOVE_Bot 13] Set Destination: (6, 41) | Reason: Go Home | CurrPos: (24, 51)
2026-01-22 23:06:42,732 - [DEBUG] - [AI_MOVE_Bot 13] Set Destination: (75, 77) | Reason: Go Home | CurrPos: (24, 51)
2026-01-22 23:06:42,820 - [DEBUG] - [AI_MOVE_Bot 13] Set Destination: (11, 14) | Reason: Go Home | CurrPos: (23, 51)
2026-01-22 23:06:42,893 - [DEBUG] - [AI_MOVE_Bot 5] Set Destination: (38, 33) | Reason: Go Home | CurrPos: (48, 56)
2026-01-22 23:06:43,080 - [DEBUG] - [AI_MOVE_Bot 9] Set Destination: (80, 39) | Reason: Go Home | CurrPos: (48, 50)
2026-01-22 23:06:43,297 - [DEBUG] - [AI_MOVE_Bot 5] Set Destination: (17, 90) | Reason: Go Home | CurrPos: (48, 54)
2026-01-22 23:06:43,343 - [DEBUG] - [AI_MOVE_Bot 14] Set Destination: (27, 56) | Reason: Go Home | CurrPos: (61, 51)
2026-01-22 23:06:43,413 - [DEBUG] - [AI_MOVE_Bot 9] Set Destination: (81, 39) | Reason: Go Home | CurrPos: (48, 48)
2026-01-22 23:06:43,509 - [DEBUG] - [AI_MOVE_Bot 13] Set Destination: (10, 13) | Reason: Go Home | CurrPos: (23, 45)
2026-01-22 23:06:43,632 - [DEBUG] - [AI_MOVE_Bot 13] Set Destination: (11, 14) | Reason: Go Home | CurrPos: (23, 44)
2026-01-22 23:06:43,636 - [DEBUG] - [AI_MOVE_Bot 14] Set Destination: (27, 55) | Reason: Go Home | CurrPos: (59, 51)
2026-01-22 23:06:43,742 - [DEBUG] - [AI_MOVE_Bot 9] Set Destination: (73, 80) | Reason: Go Home | CurrPos: (50, 48)
2026-01-22 23:06:43,856 - [DEBUG] - [AI_MOVE_Bot 13] Set Destination: (74, 73) | Reason: Go Home | CurrPos: (23, 43)
2026-01-22 23:06:43,898 - [DEBUG] - [AI_MOVE_Bot 8] Set Destination: (47, 96) | Reason: Go Home | CurrPos: (47, 75)
2026-01-22 23:06:43,903 - [DEBUG] - [AI_MOVE_Bot 13] Set Destination: (28, 83) | Reason: Go Home | CurrPos: (23, 43)
2026-01-22 23:06:44,016 - [DEBUG] - [AI_MOVE_Bot 5] Set Destination: (17, 89) | Reason: Go Home | CurrPos: (48, 57)
2026-01-22 23:06:44,043 - [DEBUG] - [AI_MOVE_Bot 9] Set Destination: (72, 80) | Reason: Go Home | CurrPos: (50, 49)
2026-01-22 23:06:44,126 - [DEBUG] - [AI_MOVE_Bot 13] Set Destination: (87, 57) | Reason: Go Home | CurrPos: (23, 41)
2026-01-22 23:06:44,189 - [DEBUG] - [AI_MOVE_Bot 5] Set Destination: (18, 90) | Reason: Go Home | CurrPos: (48, 59)
2026-01-22 23:06:44,275 - [DEBUG] - [AI_MOVE_Bot 5] Set Destination: (72, 73) | Reason: Go Home | CurrPos: (48, 59)
2026-01-22 23:06:44,275 - [DEBUG] - [AI_MOVE_Bot 8] Set Destination: (46, 97) | Reason: Go Home | CurrPos: (47, 77)
2026-01-22 23:06:44,289 - [DEBUG] - [AI_MOVE_Bot 8] Set Destination: (91, 42) | Reason: Go Home | CurrPos: (47, 77)
2026-01-22 23:06:44,294 - [DEBUG] - [AI_MOVE_Bot 14] Set Destination: (71, 69) | Reason: Go Home | CurrPos: (55, 51)
2026-01-22 23:06:44,341 - [DEBUG] - [AI_MOVE_Bot 9] Set Destination: (95, 45) | Reason: Go Home | CurrPos: (50, 51)
2026-01-22 23:06:44,396 - [DEBUG] - [AI_MOVE_Bot 8] Set Destination: (80, 17) | Reason: Go Home | CurrPos: (47, 78)
2026-01-22 23:06:44,402 - [DEBUG] - [AI_MOVE_Bot 13] Set Destination: (88, 57) | Reason: Go Home | CurrPos: (23, 43)
2026-01-22 23:06:44,402 - [DEBUG] - [AI_MOVE_Bot 14] Set Destination: (71, 68) | Reason: Go Home | CurrPos: (55, 51)
2026-01-22 23:06:44,425 - [DEBUG] - [AI_MOVE_Bot 7] Set Destination: (3, 43) | Reason: Go Home | CurrPos: (39, 54)
2026-01-22 23:06:44,496 - [DEBUG] - [AI_MOVE_Bot 4] Set Destination: (73, 66) | Reason: Go Home | CurrPos: (48, 61)
2026-01-22 23:06:44,861 - [DEBUG] - [AI_MOVE_Bot 13] Set Destination: (4, 43) | Reason: Go Home | CurrPos: (23, 46)
2026-01-22 23:06:44,923 - [DEBUG] - [AI_MOVE_Bot 7] Set Destination: (4, 43) | Reason: Go Home | CurrPos: (37, 52)
2026-01-22 23:06:45,057 - [DEBUG] - [AI_MOVE_Bot 7] Set Destination: (26, 56) | Reason: Go Home | CurrPos: (37, 52)
2026-01-22 23:06:45,087 - [DEBUG] - [AI_MOVE_Bot 13] Set Destination: (4, 42) | Reason: Go Home | CurrPos: (22, 46)
2026-01-22 23:06:45,092 - [DEBUG] - [AI_MOVE_Bot 14] Set Destination: (73, 67) | Reason: Go Home | CurrPos: (59, 52)
2026-01-22 23:06:45,185 - [DEBUG] - [AI_MOVE_Bot 4] Set Destination: (73, 67) | Reason: Go Home | CurrPos: (48, 66)
2026-01-22 23:06:45,315 - [DEBUG] - [AI_MOVE_Bot 13] Set Destination: (42, 34) | Reason: Go Home | CurrPos: (21, 45)
2026-01-22 23:06:45,429 - [DEBUG] - [AI_MOVE_Bot 8] Set Destination: (27, 25) | Reason: Go Home | CurrPos: (47, 84)
2026-01-22 23:06:45,490 - [DEBUG] - [AI_MOVE_Bot 13] Set Destination: (95, 42) | Reason: Go Home | CurrPos: (21, 44)
2026-01-22 23:06:45,607 - [DEBUG] - [AI_MOVE_Bot 5] Set Destination: (66, 56) | Reason: Go Home | CurrPos: (48, 67)
2026-01-22 23:06:45,938 - [DEBUG] - [AI_MOVE_Bot 8] Set Destination: (28, 25) | Reason: Go Home | CurrPos: (47, 81)
2026-01-22 23:06:46,178 - [DEBUG] - [AI_MOVE_Bot 14] Set Destination: (74, 67) | Reason: Go Home | CurrPos: (66, 52)
2026-01-22 23:06:46,196 - [DEBUG] - [AI_MOVE_Bot 14] Set Destination: (73, 68) | Reason: Go Home | CurrPos: (66, 52)
2026-01-22 23:06:46,311 - [DEBUG] - [AI_MOVE_Bot 4] Set Destination: (72, 66) | Reason: Go Home | CurrPos: (55, 66)
2026-01-22 23:06:46,331 - [DEBUG] - [AI_MOVE_Bot 14] Set Destination: (83, 42) | Reason: Go Home | CurrPos: (67, 52)
2026-01-22 23:06:46,513 - [DEBUG] - [AI_MOVE_Bot 4] Set Destination: (73, 67) | Reason: Go Home | CurrPos: (56, 66)
2026-01-22 23:06:46,524 - [DEBUG] - [AI_MOVE_Bot 13] Set Destination: (95, 41) | Reason: Go Home | CurrPos: (24, 47)
2026-01-22 23:06:46,575 - [DEBUG] - [AI_MOVE_Bot 9] Set Destination: (95, 46) | Reason: Go Home | CurrPos: (60, 48)
2026-01-22 23:06:46,592 - [DEBUG] - [AI_MOVE_Bot 9] Set Destination: (95, 45) | Reason: Go Home | CurrPos: (60, 48)
2026-01-22 23:06:46,690 - [DEBUG] - [AI_MOVE_Bot 13] Set Destination: (95, 42) | Reason: Go Home | CurrPos: (25, 47)
2026-01-22 23:06:46,690 - [DEBUG] - [AI_MOVE_Bot 14] Set Destination: (89, 61) | Reason: Go Home | CurrPos: (69, 52)
2026-01-22 23:06:46,837 - [DEBUG] - [AI_MOVE_Bot 4] Set Destination: (25, 45) | Reason: Go Home | CurrPos: (58, 66)
2026-01-22 23:06:46,986 - [DEBUG] - [AI_MOVE_Bot 5] Set Destination: (65, 56) | Reason: Go Home | CurrPos: (52, 63)
2026-01-22 23:06:46,988 - [DEBUG] - [AI_MOVE_Bot 8] Set Destination: (28, 26) | Reason: Go Home | CurrPos: (47, 75)
2026-01-22 23:06:46,992 - [DEBUG] - [AI_MOVE_Bot 13] Set Destination: (35, 53) | Reason: Go Home | CurrPos: (27, 47)
2026-01-22 23:06:47,273 - [DEBUG] - [AI_MOVE_Bot 5] Set Destination: (67, 55) | Reason: Go Home | CurrPos: (53, 63)
2026-01-22 23:06:47,295 - [DEBUG] - [AI_MOVE_Bot 8] Set Destination: (28, 25) | Reason: Go Home | CurrPos: (48, 73)
2026-01-22 23:06:47,305 - [DEBUG] - [AI_MOVE_Bot 13] Set Destination: (55, 22) | Reason: Go Home | CurrPos: (29, 47)
2026-01-22 23:06:47,437 - [DEBUG] - [AI_MOVE_Bot 4] Set Destination: (25, 44) | Reason: Go Home | CurrPos: (54, 66)
2026-01-22 23:06:47,542 - [DEBUG] - [AI_MOVE_Bot 4] Set Destination: (25, 45) | Reason: Go Home | CurrPos: (53, 66)
2026-01-22 23:06:47,544 - [DEBUG] - [AI_MOVE_Bot 5] Set Destination: (90, 33) | Reason: Go Home | CurrPos: (55, 63)
2026-01-22 23:06:47,595 - [DEBUG] - [AI_MOVE_Bot 9] Set Destination: (27, 60) | Reason: Go Home | CurrPos: (67, 48)
2026-01-22 23:06:47,635 - [DEBUG] - [AI_MOVE_Bot 8] Set Destination: (33, 83) | Reason: Go Home | CurrPos: (48, 71)
2026-01-22 23:06:47,755 - [DEBUG] - [AI_MOVE_Bot 8] Set Destination: (34, 83) | Reason: Go Home | CurrPos: (48, 71)
2026-01-22 23:06:47,768 - [DEBUG] - [AI_MOVE_Bot 14] Set Destination: (89, 62) | Reason: Go Home | CurrPos: (74, 54)
2026-01-22 23:06:47,844 - [DEBUG] - [AI_MOVE_Bot 8] Set Destination: (2, 13) | Reason: Go Home | CurrPos: (48, 72)
2026-01-22 23:06:47,844 - [DEBUG] - [AI_MOVE_Bot 13] Set Destination: (54, 22) | Reason: Go Home | CurrPos: (30, 44)
2026-01-22 23:06:47,951 - [DEBUG] - [AI_MOVE_Bot 8] Set Destination: (74, 9) | Reason: Go Home | CurrPos: (48, 73)
2026-01-22 23:06:48,112 - [DEBUG] - [AI_MOVE_Bot 4] Set Destination: (46, 81) | Reason: Go Home | CurrPos: (50, 66)
2026-01-22 23:06:48,115 - [DEBUG] - [AI_MOVE_Bot 8] Set Destination: (90, 32) | Reason: Go Home | CurrPos: (48, 74)
2026-01-22 23:06:48,116 - [DEBUG] - [AI_MOVE_Bot 13] Set Destination: (55, 22) | Reason: Go Home | CurrPos: (32, 44)
2026-01-22 23:06:48,122 - [DEBUG] - [AI_MOVE_Bot 14] Set Destination: (89, 61) | Reason: Go Home | CurrPos: (74, 56)
2026-01-22 23:06:48,132 - [DEBUG] - [AI_MOVE_Bot 8] Set Destination: (5, 90) | Reason: Go Home | CurrPos: (48, 74)
2026-01-22 23:06:48,267 - [DEBUG] - [AI_MOVE_Bot 13] Set Destination: (5, 69) | Reason: Go Home | CurrPos: (33, 44)
2026-01-22 23:06:48,368 - [DEBUG] - [AI_MOVE_Bot 4] Set Destination: (45, 81) | Reason: Go Home | CurrPos: (48, 66)
2026-01-22 23:06:48,400 - [DEBUG] - [AI_MOVE_Bot 13] Set Destination: (44, 62) | Reason: Go Home | CurrPos: (34, 43)
2026-01-22 23:06:48,637 - [DEBUG] - [AI_MOVE_Bot 4] Set Destination: (91, 42) | Reason: Go Home | CurrPos: (48, 67)
2026-01-22 23:06:49,000 - [DEBUG] - [AI_MOVE_Bot 8] Set Destination: (96, 55) | Reason: Go Home | CurrPos: (43, 75)
2026-01-22 23:06:49,165 - [DEBUG] - [AI_MOVE_Bot 14] Set Destination: (95, 45) | Reason: Go Home | CurrPos: (75, 62)
2026-01-22 23:06:49,426 - [DEBUG] - [AI_MOVE_Bot 11] Set Destination: (67, 29) | Reason: Random Move | CurrPos: (12, 7)
2026-01-22 23:06:49,599 - [DEBUG] - [AI_MOVE_Bot 8] Set Destination: (96, 54) | Reason: Go Home | CurrPos: (46, 75)
2026-01-22 23:06:49,702 - [DEBUG] - [AI_MOVE_Bot 10] Set Destination: (16, 33) | Reason: Random Move | CurrPos: (73, 77)
2026-01-22 23:06:49,720 - [DEBUG] - [AI_MOVE_Bot 3] Set Destination: (93, 9) | Reason: Random Move | CurrPos: (40, 81)
2026-01-22 23:06:49,725 - [DEBUG] - [AI_MOVE_Bot 9] Set Destination: (27, 59) | Reason: Go Home | CurrPos: (54, 48)
2026-01-22 23:06:49,780 - [DEBUG] - [AI_MOVE_Bot 8] Set Destination: (96, 55) | Reason: Go Home | CurrPos: (48, 75)
2026-01-22 23:06:49,866 - [DEBUG] - [AI_MOVE_Bot 4] Set Destination: (91, 43) | Reason: Go Home | CurrPos: (48, 61)
2026-01-22 23:06:49,988 - [DEBUG] - [AI_MOVE_Bot 4] Set Destination: (91, 42) | Reason: Go Home | CurrPos: (48, 60)
2026-01-22 23:06:50,004 - [DEBUG] - [AI_MOVE_Bot 8] Set Destination: (91, 39) | Reason: Go Home | CurrPos: (48, 73)
2026-01-22 23:06:50,005 - [DEBUG] - [AI_MOVE_Bot 14] Set Destination: (95, 46) | Reason: Go Home | CurrPos: (75, 57)
2026-01-22 23:06:50,109 - [DEBUG] - [AI_MOVE_Bot 4] Set Destination: (5, 39) | Reason: Go Home | CurrPos: (48, 59)
2026-01-22 23:06:50,124 - [DEBUG] - [AI_MOVE_Bot 8] Set Destination: (46, 96) | Reason: Go Home | CurrPos: (48, 73)
2026-01-22 23:06:50,352 - [DEBUG] - [AI_MOVE_Bot 14] Set Destination: (95, 45) | Reason: Go Home | CurrPos: (75, 55)
2026-01-22 23:06:50,422 - [DEBUG] - [AI_MOVE_Bot 4] Set Destination: (9, 60) | Reason: Go Home | CurrPos: (48, 57)
2026-01-22 23:06:50,503 - [DEBUG] - [AI_MOVE_Bot 14] Set Destination: (95, 42) | Reason: Go Home | CurrPos: (75, 54)
2026-01-22 23:06:50,535 - [DEBUG] - [AI_MOVE_Bot 9] Set Destination: (27, 60) | Reason: Go Home | CurrPos: (49, 48)
2026-01-22 23:06:50,576 - [DEBUG] - [AI_MOVE_Bot 14] Set Destination: (57, 96) | Reason: Go Home | CurrPos: (75, 54)
2026-01-22 23:06:50,627 - [DEBUG] - [AI_MOVE_Bot 9] Set Destination: (27, 61) | Reason: Go Home | CurrPos: (48, 48)
2026-01-22 23:06:50,664 - [DEBUG] - [AI_MOVE_Bot 4] Set Destination: (8, 60) | Reason: Go Home | CurrPos: (46, 57)
2026-01-22 23:06:50,718 - [DEBUG] - [AI_MOVE_Bot 9] Set Destination: (28, 59) | Reason: Go Home | CurrPos: (48, 48)
2026-01-22 23:06:50,802 - [DEBUG] - [AI_MOVE_Bot 14] Set Destination: (57, 97) | Reason: Go Home | CurrPos: (74, 54)
2026-01-22 23:06:50,894 - [DEBUG] - [AI_MOVE_Bot 4] Set Destination: (90, 55) | Reason: Go Home | CurrPos: (45, 57)
2026-01-22 23:06:50,907 - [DEBUG] - [AI_MOVE_Bot 14] Set Destination: (26, 62) | Reason: Go Home | CurrPos: (74, 55)
2026-01-22 23:06:50,956 - [DEBUG] - [AI_MOVE_Bot 2] Set Destination: (25, 23) | Reason: Random Move | CurrPos: (19, 81)
2026-01-22 23:06:51,067 - [DEBUG] - [AI_MOVE_Bot 4] Set Destination: (8, 45) | Reason: Go Home | CurrPos: (44, 57)
2026-01-22 23:06:51,121 - [DEBUG] - [AI_MOVE_Bot 9] Set Destination: (7, 42) | Reason: Go Home | CurrPos: (45, 48)
2026-01-22 23:06:51,310 - [DEBUG] - [AI_MOVE_Bot 14] Set Destination: (10, 55) | Reason: Go Home | CurrPos: (74, 57)
2026-01-22 23:06:51,518 - [DEBUG] - [AI_MOVE_Bot 8] Set Destination: (45, 96) | Reason: Go Home | CurrPos: (47, 81)
2026-01-22 23:06:51,521 - [DEBUG] - [AI_MOVE_Bot 14] Set Destination: (10, 56) | Reason: Go Home | CurrPos: (74, 56)
2026-01-22 23:06:51,636 - [DEBUG] - [AI_MOVE_Bot 4] Set Destination: (7, 45) | Reason: Go Home | CurrPos: (40, 57)
2026-01-22 23:06:51,673 - [DEBUG] - [INPUT] E Key Pressed
2026-01-22 23:06:51,789 - [DEBUG] - [AI_MOVE_Bot 4] Set Destination: (8, 46) | Reason: Go Home | CurrPos: (39, 57)
2026-01-22 23:06:51,810 - [DEBUG] - [INPUT] E Key Released (Hold: 133ms) Target: (73, 67)
2026-01-22 23:06:51,810 - [INFO] - [PLAYER] Interact with 5310005 at (73, 67) Mode: short
2026-01-22 23:06:51,810 - [DEBUG] - [AI_MOVE_Bot 8] Set Destination: (46, 96) | Reason: Go Home | CurrPos: (47, 83)
2026-01-22 23:06:51,821 - [DEBUG] - [AI_MOVE_Bot 14] Set Destination: (60, 58) | Reason: Go Home | CurrPos: (74, 54)
2026-01-22 23:06:51,950 - [DEBUG] - [AI_MOVE_Bot 5] Set Destination: (91, 33) | Reason: Go Home | CurrPos: (74, 54)
2026-01-22 23:06:51,956 - [DEBUG] - [AI_MOVE_Bot 8] Set Destination: (40, 35) | Reason: Go Home | CurrPos: (47, 84)
2026-01-22 23:06:51,971 - [DEBUG] - [AI_MOVE_Bot 8] Set Destination: (97, 45) | Reason: Go Home | CurrPos: (47, 84)
2026-01-22 23:06:52,074 - [DEBUG] - [AI_MOVE_Bot 4] Set Destination: (42, 95) | Reason: Go Home | CurrPos: (39, 55)
2026-01-22 23:06:52,229 - [DEBUG] - [AI_MOVE_Bot 9] Set Destination: (7, 43) | Reason: Go Home | CurrPos: (38, 48)
2026-01-22 23:06:52,292 - [DEBUG] - [AI_MOVE_Bot 9] Set Destination: (7, 42) | Reason: Go Home | CurrPos: (38, 48)
2026-01-22 23:06:52,383 - [DEBUG] - [AI_MOVE_Bot 9] Set Destination: (71, 75) | Reason: Go Home | CurrPos: (37, 48)
2026-01-22 23:06:52,447 - [DEBUG] - [AI_MOVE_Bot 4] Set Destination: (67, 21) | Reason: Go Home | CurrPos: (39, 53)
2026-01-22 23:06:52,523 - [DEBUG] - [AI_MOVE_Bot 8] Set Destination: (5, 55) | Reason: Go Home | CurrPos: (47, 87)
2026-01-22 23:06:52,641 - [DEBUG] - [AI_MOVE_Bot 5] Set Destination: (90, 34) | Reason: Go Home | CurrPos: (74, 49)
2026-01-22 23:06:52,644 - [DEBUG] - [AI_MOVE_Bot 14] Set Destination: (59, 58) | Reason: Go Home | CurrPos: (70, 56)
2026-01-22 23:06:52,718 - [DEBUG] - [AI_MOVE_Bot 9] Set Destination: (44, 35) | Reason: Go Home | CurrPos: (35, 48)
2026-01-22 23:06:52,796 - [DEBUG] - [AI_MOVE_Bot 14] Set Destination: (60, 58) | Reason: Go Home | CurrPos: (70, 56)
2026-01-22 23:06:52,973 - [DEBUG] - [AI_MOVE_Bot 5] Set Destination: (90, 33) | Reason: Go Home | CurrPos: (74, 47)
2026-01-22 23:06:53,072 - [DEBUG] - [AI_MOVE_Bot 9] Set Destination: (5, 43) | Reason: Go Home | CurrPos: (33, 48)
2026-01-22 23:06:53,098 - [DEBUG] - [AI_MOVE_Bot 5] Set Destination: (90, 33) | Reason: Go Home | CurrPos: (74, 47)
2026-01-22 23:06:53,201 - [DEBUG] - [AI_MOVE_Bot 14] Set Destination: (4, 43) | Reason: Go Home | CurrPos: (70, 58)
2026-01-22 23:06:53,242 - [DEBUG] - [AI_MOVE_Bot 8] Set Destination: (6, 55) | Reason: Go Home | CurrPos: (47, 83)
2026-01-22 23:06:53,283 - [DEBUG] - [AI_MOVE_Bot 9] Set Destination: (4, 44) | Reason: Go Home | CurrPos: (32, 48)
2026-01-22 23:06:53,367 - [DEBUG] - [AI_MOVE_Bot 8] Set Destination: (5, 55) | Reason: Go Home | CurrPos: (47, 82)
2026-01-22 23:06:53,539 - [DEBUG] - [AI_MOVE_Bot 9] Set Destination: (33, 77) | Reason: Go Home | CurrPos: (30, 48)
2026-01-22 23:06:53,555 - [DEBUG] - [AI_MOVE_Bot 4] Set Destination: (66, 21) | Reason: Go Home | CurrPos: (39, 47)
2026-01-22 23:06:53,611 - [DEBUG] - [AI_MOVE_Bot 9] Set Destination: (3, 39) | Reason: Go Home | CurrPos: (30, 48)
2026-01-22 23:06:53,697 - [DEBUG] - [AI_MOVE_Bot 14] Set Destination: (5, 43) | Reason: Go Home | CurrPos: (70, 56)
2026-01-22 23:06:53,778 - [DEBUG] - [AI_MOVE_Bot 9] Set Destination: (3, 40) | Reason: Go Home | CurrPos: (29, 48)
2026-01-22 23:06:53,827 - [DEBUG] - [AI_MOVE_Bot 4] Set Destination: (67, 21) | Reason: Go Home | CurrPos: (41, 47)
2026-01-22 23:06:53,827 - [DEBUG] - [AI_MOVE_Bot 5] Set Destination: (9, 90) | Reason: Go Home | CurrPos: (74, 42)
2026-01-22 23:06:53,913 - [DEBUG] - [AI_MOVE_Bot 9] Set Destination: (5, 43) | Reason: Go Home | CurrPos: (28, 48)
2026-01-22 23:06:53,966 - [DEBUG] - [AI_MOVE_Bot 4] Set Destination: (26, 62) | Reason: Go Home | CurrPos: (42, 47)
2026-01-22 23:06:53,971 - [DEBUG] - [AI_MOVE_Bot 8] Set Destination: (5, 95) | Reason: Go Home | CurrPos: (47, 79)
2026-01-22 23:06:54,131 - [DEBUG] - [AI_MOVE_Bot 14] Set Destination: (28, 17) | Reason: Go Home | CurrPos: (72, 56)
2026-01-22 23:06:54,181 - [DEBUG] - [AI_MOVE_Bot 9] Set Destination: (60, 23) | Reason: Go Home | CurrPos: (26, 48)
2026-01-22 23:06:54,473 - [DEBUG] - [AI_MOVE_Bot 4] Set Destination: (26, 56) | Reason: Go Home | CurrPos: (43, 44)
2026-01-22 23:06:54,582 - [DEBUG] - [AI_MOVE_Bot 14] Set Destination: (29, 17) | Reason: Go Home | CurrPos: (74, 54)
2026-01-22 23:06:54,618 - [DEBUG] - [AI_MOVE_Bot 9] Set Destination: (59, 23) | Reason: Go Home | CurrPos: (28, 47)
2026-01-22 23:06:54,636 - [DEBUG] - [AI_MOVE_Bot 9] Set Destination: (93, 45) | Reason: Go Home | CurrPos: (28, 47)
2026-01-22 23:06:54,729 - [DEBUG] - [AI_MOVE_Bot 14] Set Destination: (40, 33) | Reason: Go Home | CurrPos: (74, 53)
2026-01-22 23:06:54,822 - [DEBUG] - [AI_MOVE_Bot 14] Set Destination: (39, 33) | Reason: Go Home | CurrPos: (74, 53)
2026-01-22 23:06:54,930 - [DEBUG] - [AI_MOVE_Bot 14] Set Destination: (74, 12) | Reason: Go Home | CurrPos: (74, 52)
2026-01-22 23:06:54,961 - [DEBUG] - [AI_MOVE_Bot 9] Set Destination: (27, 65) | Reason: Go Home | CurrPos: (30, 46)
2026-01-22 23:06:54,997 - [DEBUG] - [AI_MOVE_Bot 4] Set Destination: (27, 55) | Reason: Go Home | CurrPos: (42, 47)
2026-01-22 23:06:55,017 - [DEBUG] - [AI_MOVE_Bot 14] Set Destination: (95, 56) | Reason: Go Home | CurrPos: (74, 52)
2026-01-22 23:06:55,033 - [DEBUG] - [AI_MOVE_Bot 14] Set Destination: (43, 32) | Reason: Go Home | CurrPos: (73, 52)
2026-01-22 23:06:55,232 - [DEBUG] - [AI_MOVE_Bot 9] Set Destination: (26, 65) | Reason: Go Home | CurrPos: (29, 47)
2026-01-22 23:06:55,296 - [DEBUG] - [AI_MOVE_Bot 5] Set Destination: (8, 90) | Reason: Go Home | CurrPos: (76, 36)
2026-01-22 23:06:55,389 - [DEBUG] - [AI_MOVE_Bot 14] Set Destination: (39, 78) | Reason: Go Home | CurrPos: (71, 52)
2026-01-22 23:06:55,562 - [DEBUG] - [AI_MOVE_Bot 9] Set Destination: (10, 34) | Reason: Go Home | CurrPos: (27, 47)
2026-01-22 23:06:55,598 - [DEBUG] - [AI_MOVE_Bot 5] Set Destination: (8, 90) | Reason: Go Home | CurrPos: (78, 36)
2026-01-22 23:06:55,613 - [DEBUG] - [AI_MOVE_Bot 8] Set Destination: (5, 96) | Reason: Go Home | CurrPos: (45, 73)
2026-01-22 23:06:55,655 - [DEBUG] - [AI_MOVE_Bot 9] Set Destination: (10, 35) | Reason: Go Home | CurrPos: (26, 47)
2026-01-22 23:06:55,690 - [DEBUG] - [AI_MOVE_Bot 5] Set Destination: (8, 40) | Reason: Go Home | CurrPos: (78, 36)
2026-01-22 23:06:55,702 - [DEBUG] - [AI_MOVE_Bot 8] Set Destination: (5, 95) | Reason: Go Home | CurrPos: (44, 73)
2026-01-22 23:06:55,712 - [DEBUG] - [AI_MOVE_Bot 13] Set Destination: (45, 62) | Reason: Go Home | CurrPos: (35, 56)
2026-01-22 23:06:55,773 - [DEBUG] - [AI_MOVE_Bot 9] Set Destination: (33, 34) | Reason: Go Home | CurrPos: (26, 47)
2026-01-22 23:06:55,987 - [DEBUG] - [AI_MOVE_Bot 5] Set Destination: (74, 8) | Reason: Go Home | CurrPos: (80, 36)
2026-01-22 23:06:55,992 - [DEBUG] - [AI_MOVE_Bot 13] Set Destination: (44, 62) | Reason: Go Home | CurrPos: (35, 54)
2026-01-22 23:06:56,047 - [DEBUG] - [AI_MOVE_Bot 9] Set Destination: (8, 95) | Reason: Go Home | CurrPos: (24, 47)
2026-01-22 23:06:56,113 - [DEBUG] - [AI_MOVE_Bot 8] Set Destination: (93, 45) | Reason: Go Home | CurrPos: (42, 72)
2026-01-22 23:06:56,131 - [DEBUG] - [AI_MOVE_Bot 9] Set Destination: (88, 56) | Reason: Go Home | CurrPos: (23, 47)
2026-01-22 23:06:56,208 - [DEBUG] - [AI_MOVE_Bot 9] Set Destination: (89, 56) | Reason: Go Home | CurrPos: (23, 47)
2026-01-22 23:06:56,230 - [DEBUG] - [AI_MOVE_Bot 13] Set Destination: (73, 72) | Reason: Go Home | CurrPos: (35, 53)
2026-01-22 23:06:56,269 - [DEBUG] - [AI_MOVE_Bot 9] Set Destination: (3, 60) | Reason: Go Home | CurrPos: (24, 47)
2026-01-22 23:06:56,304 - [DEBUG] - [AI_MOVE_Bot 5] Set Destination: (75, 8) | Reason: Go Home | CurrPos: (79, 36)
2026-01-22 23:06:56,318 - [DEBUG] - [AI_MOVE_Bot 8] Set Destination: (6, 40) | Reason: Go Home | CurrPos: (42, 71)
2026-01-22 23:06:56,328 - [DEBUG] - [AI_MOVE_Bot 9] Set Destination: (87, 59) | Reason: Go Home | CurrPos: (24, 48)
2026-01-22 23:06:56,371 - [DEBUG] - [AI_MOVE_Bot 5] Set Destination: (87, 61) | Reason: Go Home | CurrPos: (78, 36)
2026-01-22 23:06:56,398 - [DEBUG] - [AI_MOVE_Bot 13] Set Destination: (73, 73) | Reason: Go Home | CurrPos: (35, 52)
2026-01-22 23:06:56,514 - [DEBUG] - [AI_MOVE_Bot 5] Set Destination: (76, 79) | Reason: Go Home | CurrPos: (77, 36)
2026-01-22 23:06:56,595 - [DEBUG] - [AI_MOVE_Bot 5] Set Destination: (75, 79) | Reason: Go Home | CurrPos: (77, 36)
2026-01-22 23:06:56,607 - [DEBUG] - [AI_MOVE_Bot 13] Set Destination: (87, 57) | Reason: Go Home | CurrPos: (36, 52)
2026-01-22 23:06:56,656 - [DEBUG] - [AI_MOVE_Bot 9] Set Destination: (85, 46) | Reason: Go Home | CurrPos: (24, 50)
2026-01-22 23:06:56,725 - [DEBUG] - [AI_MOVE_Bot 5] Set Destination: (4, 43) | Reason: Go Home | CurrPos: (76, 36)
2026-01-22 23:06:56,741 - [DEBUG] - [AI_MOVE_Bot 8] Set Destination: (7, 40) | Reason: Go Home | CurrPos: (44, 72)
2026-01-22 23:06:56,756 - [DEBUG] - [AI_MOVE_Bot 13] Set Destination: (26, 32) | Reason: Go Home | CurrPos: (37, 52)
2026-01-22 23:06:56,814 - [DEBUG] - [AI_MOVE_Bot 5] Set Destination: (37, 32) | Reason: Go Home | CurrPos: (76, 36)
2026-01-22 23:06:56,847 - [DEBUG] - [AI_MOVE_Bot 13] Set Destination: (26, 33) | Reason: Go Home | CurrPos: (37, 52)
2026-01-22 23:06:56,973 - [DEBUG] - [AI_MOVE_Bot 9] Set Destination: (84, 45) | Reason: Go Home | CurrPos: (24, 48)
2026-01-22 23:06:57,102 - [DEBUG] - [AI_MOVE_Bot 13] Set Destination: (89, 46) | Reason: Go Home | CurrPos: (36, 52)
2026-01-22 23:06:57,196 - [DEBUG] - [AI_MOVE_Bot 9] Set Destination: (24, 83) | Reason: Go Home | CurrPos: (24, 48)
2026-01-22 23:06:57,339 - [DEBUG] - [AI_MOVE_Bot 13] Set Destination: (43, 26) | Reason: Go Home | CurrPos: (35, 52)
2026-01-22 23:06:57,382 - [DEBUG] - [AI_MOVE_Bot 5] Set Destination: (8, 67) | Reason: Go Home | CurrPos: (76, 39)
2026-01-22 23:06:57,445 - [DEBUG] - [AI_MOVE_Bot 14] Set Destination: (38, 77) | Reason: Go Home | CurrPos: (60, 52)
2026-01-22 23:06:57,610 - [DEBUG] - [AI_MOVE_Bot 8] Set Destination: (71, 73) | Reason: Go Home | CurrPos: (48, 71)
2026-01-22 23:06:57,730 - [DEBUG] - [AI_MOVE_Bot 8] Set Destination: (72, 73) | Reason: Go Home | CurrPos: (48, 71)
2026-01-22 23:06:57,748 - [DEBUG] - [AI_MOVE_Bot 8] Set Destination: (95, 39) | Reason: Go Home | CurrPos: (48, 71)
2026-01-22 23:06:57,748 - [DEBUG] - [AI_MOVE_Bot 14] Set Destination: (39, 78) | Reason: Go Home | CurrPos: (58, 52)
2026-01-22 23:06:57,848 - [DEBUG] - [AI_MOVE_Bot 5] Set Destination: (9, 67) | Reason: Go Home | CurrPos: (74, 39)
2026-01-22 23:06:57,883 - [DEBUG] - [AI_MOVE_Bot 8] Set Destination: (45, 24) | Reason: Go Home | CurrPos: (49, 71)
2026-01-22 23:06:57,888 - [DEBUG] - [AI_MOVE_Bot 14] Set Destination: (69, 8) | Reason: Go Home | CurrPos: (57, 52)
2026-01-22 23:06:58,012 - [DEBUG] - [AI_MOVE_Bot 5] Set Destination: (34, 23) | Reason: Go Home | CurrPos: (74, 40)
2026-01-22 23:06:58,107 - [DEBUG] - [AI_MOVE_Bot 8] Set Destination: (87, 55) | Reason: Go Home | CurrPos: (51, 71)
2026-01-22 23:06:58,215 - [DEBUG] - [AI_MOVE_Bot 9] Set Destination: (24, 82) | Reason: Go Home | CurrPos: (26, 52)
2026-01-22 23:06:58,268 - [DEBUG] - [AI_MOVE_Bot 5] Set Destination: (34, 22) | Reason: Go Home | CurrPos: (74, 39)
2026-01-22 23:06:58,368 - [DEBUG] - [AI_MOVE_Bot 9] Set Destination: (25, 83) | Reason: Go Home | CurrPos: (28, 52)
2026-01-22 23:06:58,449 - [DEBUG] - [AI_MOVE_Bot 14] Set Destination: (87, 55) | Reason: Go Home | CurrPos: (56, 54)
2026-01-22 23:06:58,555 - [DEBUG] - [AI_MOVE_Bot 13] Set Destination: (42, 26) | Reason: Go Home | CurrPos: (35, 45)
2026-01-22 23:06:58,689 - [DEBUG] - [AI_MOVE_Bot 8] Set Destination: (28, 45) | Reason: Go Home | CurrPos: (54, 71)
2026-01-22 23:06:58,740 - [DEBUG] - [AI_MOVE_Bot 9] Set Destination: (23, 96) | Reason: Go Home | CurrPos: (30, 52)
2026-01-22 23:06:58,766 - [DEBUG] - [AI_MOVE_Bot 13] Set Destination: (43, 26) | Reason: Go Home | CurrPos: (35, 43)
2026-01-22 23:06:58,766 - [DEBUG] - [AI_MOVE_Bot 14] Set Destination: (86, 55) | Reason: Go Home | CurrPos: (56, 52)
2026-01-22 23:06:58,912 - [INFO] - [PLAYER] Morning Process Complete
2026-01-22 23:06:58,926 - [DEBUG] - [AI_MOVE_Bot 4] Set Destination: (21, 2) | Reason: Work Start | CurrPos: (27, 54)
2026-01-22 23:06:58,941 - [DEBUG] - [AI_MOVE_Bot 5] Set Destination: (70, 43) | Reason: Work Start | CurrPos: (71, 38)
2026-01-22 23:06:58,943 - [DEBUG] - [AI_MOVE_Bot 8] Set Destination: (72, 96) | Reason: Work Start | CurrPos: (53, 71)
2026-01-22 23:06:58,943 - [DEBUG] - [AI_MOVE_Bot 13] Set Destination: (18, 9) | Reason: Work Start | CurrPos: (35, 42)
2026-01-22 23:06:58,959 - [DEBUG] - [AI_MOVE_Bot 3] Set Destination: (88, 11) | Reason: Random Move | CurrPos: (54, 17)
2026-01-22 23:06:58,999 - [DEBUG] - [AI_MOVE_Bot 1] Set Destination: (87, 83) | Reason: Work Start | CurrPos: (46, 45)
2026-01-22 23:06:59,003 - [DEBUG] - [AI_MOVE_Bot 14] Set Destination: (89, 82) | Reason: Work Start | CurrPos: (57, 52)
2026-01-22 23:06:59,026 - [DEBUG] - [AI_MOVE_Bot 6] Set Destination: (9, 22) | Reason: Random Move | CurrPos: (61, 12)
2026-01-22 23:06:59,109 - [DEBUG] - [AI_MOVE_Bot 7] Set Destination: (97, 2) | Reason: Random Move | CurrPos: (26, 56)
2026-01-22 23:06:59,221 - [DEBUG] - [AI_MOVE_Bot 2] Set Destination: (16, 62) | Reason: Random Move | CurrPos: (21, 52)
2026-01-22 23:06:59,222 - [DEBUG] - [AI_MOVE_Bot 12] Set Destination: (58, 40) | Reason: Random Move | CurrPos: (74, 98)
2026-01-22 23:06:59,400 - [DEBUG] - [AI_MOVE_Bot 6] Set Destination: (58, 9) | Reason: Random Move | CurrPos: (61, 12)
2026-01-22 23:06:59,400 - [DEBUG] - [AI_MOVE_Bot 9] Set Destination: (73, 33) | Reason: Random Move | CurrPos: (29, 52)
2026-01-22 23:06:59,438 - [DEBUG] - [AI_MOVE_Bot 10] Set Destination: (66, 41) | Reason: Random Move | CurrPos: (34, 64)
2026-01-22 23:06:59,641 - [DEBUG] - [AI_MOVE_Bot 11] Set Destination: (61, 43) | Reason: Random Move | CurrPos: (74, 26)
2026-01-22 23:07:01,196 - [DEBUG] - [INPUT] E Key Pressed
2026-01-22 23:07:01,260 - [DEBUG] - [AI_MOVE_Bot 6] Set Destination: (82, 94) | Reason: Random Move | CurrPos: (58, 9)
2026-01-22 23:07:01,296 - [DEBUG] - [INPUT] E Key Released (Hold: 103ms) Target: (56, 96)
2026-01-22 23:07:01,299 - [INFO] - [PLAYER] Interact with 5321206 at (56, 96) Mode: short
2026-01-22 23:07:01,486 - [DEBUG] - [AI_MOVE_Bot 2] Set Destination: (58, 34) | Reason: Random Move | CurrPos: (16, 62)
2026-01-22 23:07:02,545 - [DEBUG] - [AI_MOVE_Bot 7] Set Destination: (92, 10) | Reason: Work Start | CurrPos: (34, 41)
2026-01-22 23:07:04,005 - [DEBUG] - [AI_MOVE_Bot 9] Set Destination: (94, 7) | Reason: Work Start | CurrPos: (43, 37)
2026-01-22 23:07:04,966 - [DEBUG] - [AI_MOVE_Bot 11] Set Destination: (89, 14) | Reason: Random Move | CurrPos: (61, 43)
2026-01-22 23:07:05,888 - [DEBUG] - [AI_ACTION_Bot 5] Started Working at (70, 43)
2026-01-22 23:07:05,907 - [DEBUG] - [AI_ACTION_Bot 8] Started Working at (72, 96)
2026-01-22 23:07:07,287 - [DEBUG] - [AI_ACTION_Bot 13] Started Working at (18, 9)
