2026-01-21 12:28:27,805 - [INFO] - [DATA] Loaded 17 items.
2026-01-21 12:28:27,805 - [INFO] - [DATA] Loaded 110 tiles.
2026-01-21 12:28:27,805 - [INFO] - [DATA] Loaded 5 roles.
2026-01-21 12:28:28,126 - [INFO] - [SYSTEM] Game Engine Initializing...
2026-01-21 12:28:28,273 - [INFO] - [SYSTEM] Engine Loop Started
2026-01-21 12:28:34,954 - [INFO] - [PLAY] Entering PlayState...
2026-01-21 12:28:34,992 - [INFO] - [PLAYER] Initialized at (1568, 1568) Role: CITIZEN
2026-01-21 12:28:34,993 - [INFO] - [PLAYER] Role changed to SPECTATOR (None)
2026-01-21 12:28:35,035 - [INFO] - [NET] Auto-connecting to local server...
2026-01-21 12:28:35,037 - [INFO] - [NET] Connected! Initializing Spectator Mode...
2026-01-21 12:28:35,298 - [INFO] - [SYNC] Removed entity 1 (Not in server)
2026-01-21 12:28:35,304 - [INFO] - [SYNC] Removed entity 2 (Not in server)
2026-01-21 12:28:35,309 - [INFO] - [SYNC] Removed entity 3 (Not in server)
2026-01-21 12:28:35,315 - [INFO] - [SYNC] Removed entity 4 (Not in server)
2026-01-21 12:28:35,320 - [INFO] - [SYNC] Removed entity 5 (Not in server)
2026-01-21 12:28:35,326 - [INFO] - [SYNC] Removed entity 6 (Not in server)
2026-01-21 12:28:35,331 - [INFO] - [SYNC] Removed entity 7 (Not in server)
2026-01-21 12:28:35,342 - [INFO] - [SYNC] Removed entity 8 (Not in server)
2026-01-21 12:28:35,347 - [INFO] - [SYNC] Removed entity 9 (Not in server)
2026-01-21 12:28:35,352 - [INFO] - [SYNC] Removed entity 10 (Not in server)
2026-01-21 12:28:35,358 - [INFO] - [SYNC] Added entity 0 (Player 1)
2026-01-21 12:28:35,362 - [INFO] - [SYNC] Added entity 0 (Player 1)
2026-01-21 12:28:35,367 - [INFO] - [SYNC] Added entity 1 (Bot 1)
2026-01-21 12:28:35,369 - [INFO] - [SYNC] Added entity 0 (Player 1)
2026-01-21 12:28:35,369 - [INFO] - [SYNC] Added entity 1 (Bot 1)
2026-01-21 12:28:35,369 - [INFO] - [SYNC] Added entity 2 (Bot 2)
2026-01-21 12:28:35,370 - [INFO] - [SYNC] Added entity 0 (Player 1)
2026-01-21 12:28:35,370 - [INFO] - [SYNC] Added entity 1 (Bot 1)
2026-01-21 12:28:35,370 - [INFO] - [SYNC] Added entity 2 (Bot 2)
2026-01-21 12:28:35,370 - [INFO] - [SYNC] Added entity 3 (Bot 3)
2026-01-21 12:28:35,370 - [INFO] - [SYNC] Added entity 0 (Player 1)
2026-01-21 12:28:35,370 - [INFO] - [SYNC] Added entity 1 (Bot 1)
2026-01-21 12:28:35,370 - [INFO] - [SYNC] Added entity 2 (Bot 2)
2026-01-21 12:28:35,370 - [INFO] - [SYNC] Added entity 3 (Bot 3)
2026-01-21 12:28:35,370 - [INFO] - [SYNC] Added entity 4 (Bot 4)
2026-01-21 12:28:35,370 - [INFO] - [SYNC] Added entity 0 (Player 1)
2026-01-21 12:28:35,371 - [INFO] - [SYNC] Added entity 1 (Bot 1)
2026-01-21 12:28:35,371 - [INFO] - [SYNC] Added entity 2 (Bot 2)
2026-01-21 12:28:35,371 - [INFO] - [SYNC] Added entity 3 (Bot 3)
2026-01-21 12:28:35,372 - [INFO] - [SYNC] Added entity 4 (Bot 4)
2026-01-21 12:28:35,372 - [INFO] - [SYNC] Added entity 5 (Bot 5)
2026-01-21 12:28:35,372 - [INFO] - [SYNC] Added entity 0 (Player 1)
2026-01-21 12:28:35,372 - [INFO] - [SYNC] Added entity 1 (Bot 1)
2026-01-21 12:28:35,372 - [INFO] - [SYNC] Added entity 2 (Bot 2)
2026-01-21 12:28:35,372 - [INFO] - [SYNC] Added entity 3 (Bot 3)
2026-01-21 12:28:35,373 - [INFO] - [SYNC] Added entity 4 (Bot 4)
2026-01-21 12:28:35,373 - [INFO] - [SYNC] Added entity 5 (Bot 5)
2026-01-21 12:28:35,374 - [INFO] - [SYNC] Added entity 6 (Bot 6)
2026-01-21 12:28:35,374 - [INFO] - [SYNC] Added entity 0 (Player 1)
2026-01-21 12:28:35,374 - [INFO] - [SYNC] Added entity 1 (Bot 1)
2026-01-21 12:28:35,374 - [INFO] - [SYNC] Added entity 2 (Bot 2)
2026-01-21 12:28:35,374 - [INFO] - [SYNC] Added entity 3 (Bot 3)
2026-01-21 12:28:35,374 - [INFO] - [SYNC] Added entity 4 (Bot 4)
2026-01-21 12:28:35,374 - [INFO] - [SYNC] Added entity 5 (Bot 5)
2026-01-21 12:28:35,374 - [INFO] - [SYNC] Added entity 6 (Bot 6)
2026-01-21 12:28:35,374 - [INFO] - [SYNC] Added entity 7 (Bot 7)
2026-01-21 12:28:35,375 - [INFO] - [SYNC] Added entity 0 (Player 1)
2026-01-21 12:28:35,375 - [INFO] - [SYNC] Added entity 1 (Bot 1)
2026-01-21 12:28:35,375 - [INFO] - [SYNC] Added entity 2 (Bot 2)
2026-01-21 12:28:35,375 - [INFO] - [SYNC] Added entity 3 (Bot 3)
2026-01-21 12:28:35,375 - [INFO] - [SYNC] Added entity 4 (Bot 4)
2026-01-21 12:28:35,375 - [INFO] - [SYNC] Added entity 5 (Bot 5)
2026-01-21 12:28:35,375 - [INFO] - [SYNC] Added entity 6 (Bot 6)
2026-01-21 12:28:35,375 - [INFO] - [SYNC] Added entity 7 (Bot 7)
2026-01-21 12:28:35,375 - [INFO] - [SYNC] Added entity 8 (Bot 8)
2026-01-21 12:28:35,375 - [INFO] - [SYNC] Added entity 0 (Player 1)
2026-01-21 12:28:35,375 - [INFO] - [SYNC] Added entity 1 (Bot 1)
2026-01-21 12:28:35,377 - [INFO] - [SYNC] Added entity 2 (Bot 2)
2026-01-21 12:28:35,377 - [INFO] - [SYNC] Added entity 3 (Bot 3)
2026-01-21 12:28:35,377 - [INFO] - [SYNC] Added entity 4 (Bot 4)
2026-01-21 12:28:35,377 - [INFO] - [SYNC] Added entity 5 (Bot 5)
2026-01-21 12:28:35,377 - [INFO] - [SYNC] Added entity 6 (Bot 6)
2026-01-21 12:28:35,377 - [INFO] - [SYNC] Added entity 7 (Bot 7)
2026-01-21 12:28:35,379 - [INFO] - [SYNC] Added entity 8 (Bot 8)
2026-01-21 12:28:35,379 - [INFO] - [SYNC] Added entity 9 (Bot 9)
2026-01-21 12:28:35,379 - [INFO] - [SYNC] Added entity 0 (Player 1)
2026-01-21 12:28:35,379 - [INFO] - [SYNC] Added entity 1 (Bot 1)
2026-01-21 12:28:35,379 - [INFO] - [SYNC] Added entity 2 (Bot 2)
2026-01-21 12:28:35,379 - [INFO] - [SYNC] Added entity 3 (Bot 3)
2026-01-21 12:28:35,381 - [INFO] - [SYNC] Added entity 4 (Bot 4)
2026-01-21 12:28:35,381 - [INFO] - [SYNC] Added entity 5 (Bot 5)
2026-01-21 12:28:35,381 - [INFO] - [SYNC] Added entity 6 (Bot 6)
2026-01-21 12:28:35,381 - [INFO] - [SYNC] Added entity 7 (Bot 7)
2026-01-21 12:28:35,381 - [INFO] - [SYNC] Added entity 8 (Bot 8)
2026-01-21 12:28:35,381 - [INFO] - [SYNC] Added entity 9 (Bot 9)
2026-01-21 12:28:35,381 - [INFO] - [SYNC] Added entity 10 (Bot 10)
2026-01-21 12:28:35,381 - [INFO] - [SYNC] Added entity 0 (Player 1)
2026-01-21 12:28:35,381 - [INFO] - [SYNC] Added entity 1 (Bot 1)
2026-01-21 12:28:35,381 - [INFO] - [SYNC] Added entity 2 (Bot 2)
2026-01-21 12:28:35,381 - [INFO] - [SYNC] Added entity 3 (Bot 3)
2026-01-21 12:28:35,383 - [INFO] - [SYNC] Added entity 4 (Bot 4)
2026-01-21 12:28:35,383 - [INFO] - [SYNC] Added entity 5 (Bot 5)
2026-01-21 12:28:35,383 - [INFO] - [SYNC] Added entity 6 (Bot 6)
2026-01-21 12:28:35,383 - [INFO] - [SYNC] Added entity 7 (Bot 7)
2026-01-21 12:28:35,383 - [INFO] - [SYNC] Added entity 8 (Bot 8)
2026-01-21 12:28:35,384 - [INFO] - [SYNC] Added entity 9 (Bot 9)
2026-01-21 12:28:35,384 - [INFO] - [SYNC] Added entity 10 (Bot 10)
2026-01-21 12:28:35,384 - [INFO] - [SYNC] Added entity 11 (Bot 11)
2026-01-21 12:28:35,384 - [INFO] - [SYNC] Added entity 0 (Player 1)
2026-01-21 12:28:35,385 - [INFO] - [SYNC] Added entity 1 (Bot 1)
2026-01-21 12:28:35,385 - [INFO] - [SYNC] Added entity 2 (Bot 2)
2026-01-21 12:28:35,385 - [INFO] - [SYNC] Added entity 3 (Bot 3)
2026-01-21 12:28:35,385 - [INFO] - [SYNC] Added entity 4 (Bot 4)
2026-01-21 12:28:35,385 - [INFO] - [SYNC] Added entity 5 (Bot 5)
2026-01-21 12:28:35,385 - [INFO] - [SYNC] Added entity 6 (Bot 6)
2026-01-21 12:28:35,385 - [INFO] - [SYNC] Added entity 7 (Bot 7)
2026-01-21 12:28:35,387 - [INFO] - [SYNC] Added entity 8 (Bot 8)
2026-01-21 12:28:35,387 - [INFO] - [SYNC] Added entity 9 (Bot 9)
2026-01-21 12:28:35,387 - [INFO] - [SYNC] Added entity 10 (Bot 10)
2026-01-21 12:28:35,387 - [INFO] - [SYNC] Added entity 11 (Bot 11)
2026-01-21 12:28:35,387 - [INFO] - [SYNC] Added entity 12 (Bot 12)
2026-01-21 12:28:35,387 - [INFO] - [SYNC] Added entity 0 (Player 1)
2026-01-21 12:28:35,387 - [INFO] - [SYNC] Added entity 1 (Bot 1)
2026-01-21 12:28:35,388 - [INFO] - [SYNC] Added entity 2 (Bot 2)
2026-01-21 12:28:35,388 - [INFO] - [SYNC] Added entity 3 (Bot 3)
2026-01-21 12:28:35,388 - [INFO] - [SYNC] Added entity 4 (Bot 4)
2026-01-21 12:28:35,388 - [INFO] - [SYNC] Added entity 5 (Bot 5)
2026-01-21 12:28:35,388 - [INFO] - [SYNC] Added entity 6 (Bot 6)
2026-01-21 12:28:35,388 - [INFO] - [SYNC] Added entity 7 (Bot 7)
2026-01-21 12:28:35,388 - [INFO] - [SYNC] Added entity 8 (Bot 8)
2026-01-21 12:28:35,388 - [INFO] - [SYNC] Added entity 9 (Bot 9)
2026-01-21 12:28:35,389 - [INFO] - [SYNC] Added entity 10 (Bot 10)
2026-01-21 12:28:35,389 - [INFO] - [SYNC] Added entity 11 (Bot 11)
2026-01-21 12:28:35,389 - [INFO] - [SYNC] Added entity 12 (Bot 12)
2026-01-21 12:28:35,389 - [INFO] - [SYNC] Added entity 13 (Bot 13)
2026-01-21 12:28:35,389 - [INFO] - [SYNC] Added entity 0 (Player 1)
2026-01-21 12:28:35,389 - [INFO] - [SYNC] Added entity 1 (Bot 1)
2026-01-21 12:28:35,389 - [INFO] - [SYNC] Added entity 2 (Bot 2)
2026-01-21 12:28:35,389 - [INFO] - [SYNC] Added entity 3 (Bot 3)
2026-01-21 12:28:35,390 - [INFO] - [SYNC] Added entity 4 (Bot 4)
2026-01-21 12:28:35,390 - [INFO] - [SYNC] Added entity 5 (Bot 5)
2026-01-21 12:28:35,390 - [INFO] - [SYNC] Added entity 6 (Bot 6)
2026-01-21 12:28:35,390 - [INFO] - [SYNC] Added entity 7 (Bot 7)
2026-01-21 12:28:35,390 - [INFO] - [SYNC] Added entity 8 (Bot 8)
2026-01-21 12:28:35,390 - [INFO] - [SYNC] Added entity 9 (Bot 9)
2026-01-21 12:28:35,390 - [INFO] - [SYNC] Added entity 10 (Bot 10)
2026-01-21 12:28:35,390 - [INFO] - [SYNC] Added entity 11 (Bot 11)
2026-01-21 12:28:35,391 - [INFO] - [SYNC] Added entity 12 (Bot 12)
2026-01-21 12:28:35,391 - [INFO] - [SYNC] Added entity 13 (Bot 13)
2026-01-21 12:28:35,391 - [INFO] - [SYNC] Added entity 14 (Bot 14)
2026-01-21 12:28:35,391 - [INFO] - [SYNC] Added entity 0 (Player 1)
2026-01-21 12:28:35,391 - [INFO] - [SYNC] Added entity 1 (Bot 1)
2026-01-21 12:28:35,391 - [INFO] - [SYNC] Added entity 2 (Bot 2)
2026-01-21 12:28:35,391 - [INFO] - [SYNC] Added entity 3 (Bot 3)
2026-01-21 12:28:35,391 - [INFO] - [SYNC] Added entity 4 (Bot 4)
2026-01-21 12:28:35,391 - [INFO] - [SYNC] Added entity 5 (Bot 5)
2026-01-21 12:28:35,391 - [INFO] - [SYNC] Added entity 6 (Bot 6)
2026-01-21 12:28:35,392 - [INFO] - [SYNC] Added entity 7 (Bot 7)
2026-01-21 12:28:35,392 - [INFO] - [SYNC] Added entity 8 (Bot 8)
2026-01-21 12:28:35,392 - [INFO] - [SYNC] Added entity 9 (Bot 9)
2026-01-21 12:28:35,392 - [INFO] - [SYNC] Added entity 10 (Bot 10)
2026-01-21 12:28:35,392 - [INFO] - [SYNC] Added entity 11 (Bot 11)
2026-01-21 12:28:35,392 - [INFO] - [SYNC] Added entity 12 (Bot 12)
2026-01-21 12:28:35,393 - [INFO] - [SYNC] Added entity 13 (Bot 13)
2026-01-21 12:28:35,393 - [INFO] - [SYNC] Added entity 14 (Bot 14)
2026-01-21 12:28:35,393 - [INFO] - [SYNC] Added entity 15 (Bot 15)
2026-01-21 12:28:35,459 - [INFO] - [NET] GAME_START: Syncing 16 entities.
2026-01-21 12:28:35,459 - [INFO] - [BOT_AI] [Player 1] Synchronizing role: CITIZEN -> FARMER
2026-01-21 12:28:35,459 - [INFO] - [BOT_AI] [Player 1] AI Tree rebuilt for CITIZEN(FARMER)
2026-01-21 12:28:35,459 - [INFO] - [SYNC_SUCCESS] Synced Player 1: FARMER
2026-01-21 12:28:35,459 - [INFO] - [BOT_AI] [Bot 1] Synchronizing role: RANDOM -> FARMER
2026-01-21 12:28:35,460 - [INFO] - [BOT_AI] [Bot 1] AI Tree rebuilt for CITIZEN(FARMER)
2026-01-21 12:28:35,460 - [INFO] - [SYNC_SUCCESS] Synced Bot 1: FARMER
2026-01-21 12:28:35,460 - [INFO] - [BOT_AI] [Bot 2] Synchronizing role: RANDOM -> MINER
2026-01-21 12:28:35,460 - [INFO] - [BOT_AI] [Bot 2] AI Tree rebuilt for CITIZEN(MINER)
2026-01-21 12:28:35,460 - [INFO] - [SYNC_SUCCESS] Synced Bot 2: MINER
2026-01-21 12:28:35,460 - [INFO] - [BOT_AI] [Bot 3] Synchronizing role: RANDOM -> POLICE
