2026-01-21 19:41:23,081 - [INFO] - [SYSTEM] Game Engine Initializing...
2026-01-21 19:41:23,134 - [INFO] - [SYSTEM] Engine Loop Started
2026-01-21 19:41:27,094 - [INFO] - [PLAY] Entering PlayState...
2026-01-21 19:41:27,132 - [INFO] - [PLAYER] Initialized at (1472, 1440) Role: CITIZEN
2026-01-21 19:41:27,142 - [INFO] - [PLAYER] Role changed to CITIZEN (FISHER)
2026-01-21 19:41:27,154 - [DEBUG] - [AI_MOVE_Bot 3] Set Destination: (71, 68) | Reason: Go Home | CurrPos: (50, 47)
2026-01-21 19:41:27,159 - [DEBUG] - [AI_DECISION_Bot 3] Changed State:  -> Idle | Result: BTState.RUNNING
2026-01-21 19:41:27,169 - [DEBUG] - [AI_MOVE_Bot 13] Set Destination: (85, 9) | Reason: Random Move | CurrPos: (53, 48)
2026-01-21 19:41:27,175 - [DEBUG] - [AI_DECISION_Bot 13] Changed State:  -> Idle | Result: BTState.RUNNING
2026-01-21 19:41:27,267 - [DEBUG] - [AI_STATUS_Bot 8] Role: MAFIA | Phase: DAWN | Pos: (1446, 1606) | State: Idle | HP: 100 AP: 100 Coins: 0
2026-01-21 19:41:27,268 - [DEBUG] - [AI_MOVE_Bot 8] Set Destination: (54, 24) | Reason: Random Move | CurrPos: (45, 50)
2026-01-21 19:41:27,268 - [DEBUG] - [AI_DECISION_Bot 8] Changed State:  -> Idle | Result: BTState.RUNNING
2026-01-21 19:41:27,269 - [DEBUG] - [AI_STATUS_Bot 14] Role: MAFIA | Phase: DAWN | Pos: (1606, 1606) | State: Idle | HP: 100 AP: 100 Coins: 0
2026-01-21 19:41:27,269 - [DEBUG] - [AI_MOVE_Bot 14] Set Destination: (10, 38) | Reason: Random Move | CurrPos: (50, 50)
2026-01-21 19:41:27,276 - [DEBUG] - [AI_DECISION_Bot 14] Changed State:  -> Idle | Result: BTState.RUNNING
2026-01-21 19:41:27,317 - [DEBUG] - [AI_STATUS_Bot 12] Role: MAFIA | Phase: DAWN | Pos: (1510, 1478) | State: Idle | HP: 100 AP: 100 Coins: 0
2026-01-21 19:41:27,318 - [DEBUG] - [AI_MOVE_Bot 12] Set Destination: (94, 4) | Reason: Random Move | CurrPos: (47, 46)
2026-01-21 19:41:27,329 - [DEBUG] - [AI_DECISION_Bot 12] Changed State:  -> Idle | Result: BTState.RUNNING
2026-01-21 19:41:27,340 - [DEBUG] - [AI_STATUS_Bot 13] Role: POLICE | Phase: DAWN | Pos: (1702, 1542) | State: Idle | HP: 100 AP: 100 Coins: 0
2026-01-21 19:41:27,340 - [DEBUG] - [AI_MOVE_Bot 13] Set Destination: (69, 41) | Reason: Random Move | CurrPos: (53, 48)
2026-01-21 19:41:27,347 - [DEBUG] - [AI_MOVE_Bot 12] Set Destination: (70, 33) | Reason: Random Move | CurrPos: (47, 46)
2026-01-21 19:41:27,418 - [DEBUG] - [AI_STATUS_Bot 1] Role: CITIZEN | Phase: DAWN | Pos: (1734, 1478) | State: Hiding | HP: 100 AP: 100 Coins: 0
2026-01-21 19:41:27,420 - [DEBUG] - [AI_DECISION_Bot 1] Changed State:  -> Hiding | Result: BTState.SUCCESS
2026-01-21 19:41:27,420 - [DEBUG] - [AI_DECISION_Bot 13] Changed State: Idle -> Moving | Result: BTState.RUNNING
2026-01-21 19:41:27,464 - [DEBUG] - [AI_STATUS_Bot 4] Role: CITIZEN | Phase: DAWN | Pos: (1574, 1638) | State: Idle | HP: 100 AP: 100 Coins: 0
2026-01-21 19:41:27,464 - [DEBUG] - [AI_MOVE_Bot 4] Set Destination: (96, 59) | Reason: Go Home | CurrPos: (49, 51)
2026-01-21 19:41:27,468 - [DEBUG] - [AI_DECISION_Bot 4] Changed State:  -> Idle | Result: BTState.RUNNING
2026-01-21 19:41:27,468 - [DEBUG] - [AI_STATUS_Bot 11] Role: CITIZEN | Phase: DAWN | Pos: (1606, 1606) | State: Idle | HP: 100 AP: 100 Coins: 0
2026-01-21 19:41:27,470 - [DEBUG] - [AI_MOVE_Bot 11] Set Destination: (94, 30) | Reason: Go Home | CurrPos: (50, 50)
2026-01-21 19:41:27,473 - [DEBUG] - [AI_DECISION_Bot 11] Changed State:  -> Idle | Result: BTState.RUNNING
2026-01-21 19:41:27,499 - [DEBUG] - [AI_STATUS_Bot 3] Role: CITIZEN | Phase: DAWN | Pos: (1606, 1562) | State: Moving | HP: 100 AP: 100 Coins: 0
2026-01-21 19:41:27,500 - [DEBUG] - [AI_DECISION_Bot 3] Changed State: Idle -> Moving | Result: BTState.RUNNING
2026-01-21 19:41:27,500 - [DEBUG] - [AI_DECISION_Bot 11] Changed State: Idle -> Moving | Result: BTState.RUNNING
2026-01-21 19:41:27,597 - [DEBUG] - [AI_STATUS_Bot 10] Role: CITIZEN | Phase: DAWN | Pos: (1606, 1478) | State: Idle | HP: 100 AP: 100 Coins: 0
2026-01-21 19:41:27,597 - [DEBUG] - [AI_MOVE_Bot 10] Set Destination: (87, 45) | Reason: Go Home | CurrPos: (50, 46)
2026-01-21 19:41:27,601 - [DEBUG] - [AI_DECISION_Bot 10] Changed State:  -> Idle | Result: BTState.RUNNING
2026-01-21 19:41:27,635 - [DEBUG] - [AI_DECISION_Bot 8] Changed State: Idle -> Moving | Result: BTState.RUNNING
2026-01-21 19:41:27,766 - [DEBUG] - [AI_DECISION_Bot 10] Changed State: Idle -> Moving | Result: BTState.RUNNING
2026-01-21 19:41:27,841 - [DEBUG] - [AI_STATUS_Bot 2] Role: DOCTOR | Phase: DAWN | Pos: (1702, 1702) | State: Idle | HP: 100 AP: 100 Coins: 0
2026-01-21 19:41:27,842 - [DEBUG] - [AI_MOVE_Bot 2] Set Destination: (38, 34) | Reason: Go Home | CurrPos: (53, 53)
2026-01-21 19:41:27,851 - [DEBUG] - [AI_DECISION_Bot 2] Changed State:  -> Idle | Result: BTState.RUNNING
2026-01-21 19:41:27,946 - [DEBUG] - [AI_DECISION_Bot 4] Changed State: Idle -> Moving | Result: BTState.RUNNING
2026-01-21 19:41:27,946 - [DEBUG] - [AI_STATUS_Bot 6] Role: CITIZEN | Phase: DAWN | Pos: (1446, 1542) | State: Idle | HP: 100 AP: 100 Coins: 0
2026-01-21 19:41:27,946 - [DEBUG] - [AI_MOVE_Bot 6] Set Destination: (60, 58) | Reason: Go Home | CurrPos: (45, 48)
2026-01-21 19:41:27,957 - [DEBUG] - [AI_DECISION_Bot 6] Changed State:  -> Idle | Result: BTState.RUNNING
2026-01-21 19:41:28,117 - [DEBUG] - [AI_DECISION_Bot 12] Changed State: Idle -> Moving | Result: BTState.RUNNING
2026-01-21 19:41:28,378 - [DEBUG] - [AI_DECISION_Bot 6] Changed State: Idle -> Moving | Result: BTState.RUNNING
2026-01-21 19:41:28,378 - [DEBUG] - [AI_STATUS_Bot 7] Role: CITIZEN | Phase: DAWN | Pos: (1702, 1734) | State: Hiding | HP: 100 AP: 100 Coins: 0
2026-01-21 19:41:28,378 - [DEBUG] - [AI_DECISION_Bot 7] Changed State:  -> Hiding | Result: BTState.SUCCESS
2026-01-21 19:41:28,378 - [DEBUG] - [AI_STATUS_Bot 9] Role: POLICE | Phase: DAWN | Pos: (1670, 1670) | State: Idle | HP: 100 AP: 100 Coins: 0
2026-01-21 19:41:28,378 - [DEBUG] - [AI_MOVE_Bot 9] Set Destination: (68, 32) | Reason: Random Move | CurrPos: (52, 52)
2026-01-21 19:41:28,385 - [DEBUG] - [AI_DECISION_Bot 9] Changed State:  -> Idle | Result: BTState.RUNNING
2026-01-21 19:41:28,410 - [DEBUG] - [AI_DECISION_Bot 2] Changed State: Idle -> Moving | Result: BTState.RUNNING
2026-01-21 19:41:28,414 - [DEBUG] - [AI_STATUS_Bot 5] Role: POLICE | Phase: DAWN | Pos: (1542, 1702) | State: Idle | HP: 100 AP: 100 Coins: 0
2026-01-21 19:41:28,416 - [DEBUG] - [AI_MOVE_Bot 5] Set Destination: (66, 44) | Reason: Random Move | CurrPos: (48, 53)
2026-01-21 19:41:28,417 - [DEBUG] - [AI_DECISION_Bot 5] Changed State:  -> Idle | Result: BTState.RUNNING
2026-01-21 19:41:28,592 - [DEBUG] - [AI_DECISION_Bot 9] Changed State: Idle -> Moving | Result: BTState.RUNNING
2026-01-21 19:41:28,609 - [DEBUG] - [AI_DECISION_Bot 5] Changed State: Idle -> Moving | Result: BTState.RUNNING
2026-01-21 19:41:28,610 - [DEBUG] - [AI_DECISION_Bot 14] Changed State: Idle -> Moving | Result: BTState.RUNNING
2026-01-21 19:41:31,224 - [DEBUG] - [AI_MOVE_Bot 13] Set Destination: (28, 81) | Reason: Random Move | CurrPos: (69, 41)
2026-01-21 19:41:31,232 - [DEBUG] - [AI_DECISION_Bot 13] Changed State: Moving -> Idle | Result: BTState.RUNNING
2026-01-21 19:41:31,812 - [DEBUG] - [AI_DECISION_Bot 13] Changed State: Idle -> Moving | Result: BTState.RUNNING
2026-01-21 19:41:32,374 - [DEBUG] - [AI_STATUS_Bot 8] Role: MAFIA | Phase: DAWN | Pos: (1678, 774) | State: Moving | HP: 100 AP: 100 Coins: 0
2026-01-21 19:41:32,421 - [DEBUG] - [AI_STATUS_Bot 12] Role: MAFIA | Phase: DAWN | Pos: (2222, 1126) | State: Moving | HP: 100 AP: 100 Coins: 0
2026-01-21 19:41:32,474 - [DEBUG] - [AI_STATUS_Bot 1] Role: CITIZEN | Phase: DAWN | Pos: (1734, 1478) | State: Hiding | HP: 100 AP: 100 Coins: 0
2026-01-21 19:41:32,492 - [DEBUG] - [AI_STATUS_Bot 4] Role: CITIZEN | Phase: DAWN | Pos: (2618, 1638) | State: Moving | HP: 100 AP: 100 Coins: 0
2026-01-21 19:41:32,674 - [DEBUG] - [AI_STATUS_Bot 14] Role: MAFIA | Phase: DAWN | Pos: (678, 1410) | State: Moving | HP: 100 AP: 100 Coins: 0
2026-01-21 19:41:32,692 - [DEBUG] - [AI_STATUS_Bot 3] Role: CITIZEN | Phase: DAWN | Pos: (2134, 2118) | State: Moving | HP: 100 AP: 100 Coins: 0
2026-01-21 19:41:32,697 - [DEBUG] - [AI_STATUS_Bot 11] Role: CITIZEN | Phase: DAWN | Pos: (2214, 1126) | State: Moving | HP: 100 AP: 100 Coins: 0
2026-01-21 19:41:32,865 - [DEBUG] - [AI_STATUS_Bot 13] Role: POLICE | Phase: DAWN | Pos: (1874, 1318) | State: Moving | HP: 100 AP: 100 Coins: 0
2026-01-21 19:41:33,134 - [DEBUG] - [AI_MOVE_Bot 8] Set Destination: (26, 57) | Reason: Random Move | CurrPos: (54, 24)
2026-01-21 19:41:33,144 - [DEBUG] - [AI_DECISION_Bot 8] Changed State: Moving -> Idle | Result: BTState.RUNNING
2026-01-21 19:41:33,258 - [DEBUG] - [AI_DECISION_Bot 8] Changed State: Idle -> Moving | Result: BTState.RUNNING
2026-01-21 19:41:33,394 - [DEBUG] - [AI_STATUS_Bot 6] Role: CITIZEN | Phase: DAWN | Pos: (2374, 1758) | State: Moving | HP: 100 AP: 100 Coins: 0
2026-01-21 19:41:33,398 - [DEBUG] - [AI_STATUS_Bot 7] Role: CITIZEN | Phase: DAWN | Pos: (1702, 1734) | State: Hiding | HP: 100 AP: 100 Coins: 0
2026-01-21 19:41:33,398 - [DEBUG] - [AI_STATUS_Bot 9] Role: POLICE | Phase: DAWN | Pos: (2374, 1322) | State: Moving | HP: 100 AP: 100 Coins: 0
2026-01-21 19:41:33,420 - [DEBUG] - [AI_STATUS_Bot 5] Role: POLICE | Phase: DAWN | Pos: (2118, 1410) | State: Idle | HP: 100 AP: 100 Coins: 0
2026-01-21 19:41:33,420 - [DEBUG] - [AI_MOVE_Bot 5] Set Destination: (81, 25) | Reason: Random Move | CurrPos: (66, 44)
2026-01-21 19:41:33,427 - [DEBUG] - [AI_DECISION_Bot 5] Changed State: Moving -> Idle | Result: BTState.RUNNING
2026-01-21 19:41:33,888 - [DEBUG] - [AI_DECISION_Bot 5] Changed State: Idle -> Moving | Result: BTState.RUNNING
2026-01-21 19:41:34,052 - [DEBUG] - [AI_MOVE_Bot 12] Set Destination: (27, 71) | Reason: Random Move | CurrPos: (70, 33)
2026-01-21 19:41:34,076 - [DEBUG] - [AI_DECISION_Bot 12] Changed State: Moving -> Idle | Result: BTState.RUNNING
2026-01-21 19:41:34,238 - [DEBUG] - [AI_DECISION_Bot 12] Changed State: Idle -> Moving | Result: BTState.RUNNING
2026-01-21 19:41:35,742 - [DEBUG] - [AI_MOVE_Bot 9] Set Destination: (56, 6) | Reason: Random Move | CurrPos: (68, 32)
2026-01-21 19:41:35,751 - [DEBUG] - [AI_DECISION_Bot 9] Changed State: Moving -> Idle | Result: BTState.RUNNING
2026-01-21 19:41:35,897 - [DEBUG] - [AI_DECISION_Bot 9] Changed State: Idle -> Moving | Result: BTState.RUNNING
2026-01-21 19:41:36,094 - [DEBUG] - [AI_DECISION_Bot 4] Changed State: Moving -> Hiding | Result: BTState.SUCCESS
2026-01-21 19:41:36,707 - [DEBUG] - [AI_DECISION_Bot 6] Changed State: Moving -> Idle | Result: BTState.SUCCESS
2026-01-21 19:41:37,412 - [DEBUG] - [AI_STATUS_Bot 10] Role: CITIZEN | Phase: DAWN | Pos: (2502, 1506) | State: Moving | HP: 100 AP: 100 Coins: 0
2026-01-21 19:41:37,471 - [DEBUG] - [AI_STATUS_Bot 8] Role: MAFIA | Phase: DAWN | Pos: (1250, 1190) | State: Moving | HP: 100 AP: 100 Coins: 0
2026-01-21 19:41:37,507 - [DEBUG] - [AI_STATUS_Bot 12] Role: MAFIA | Phase: DAWN | Pos: (1854, 1126) | State: Moving | HP: 100 AP: 100 Coins: 0
2026-01-21 19:41:37,593 - [DEBUG] - [AI_STATUS_Bot 4] Role: CITIZEN | Phase: DAWN | Pos: (3052, 1892) | State: Hiding | HP: 100 AP: 100 Coins: 0
2026-01-21 19:41:37,686 - [DEBUG] - [AI_DECISION_Bot 11] Changed State: Moving -> Hiding | Result: BTState.SUCCESS
2026-01-21 19:41:37,770 - [DEBUG] - [AI_STATUS_Bot 2] Role: DOCTOR | Phase: DAWN | Pos: (1417, 974) | State: Moving | HP: 100 AP: 100 Coins: 0
2026-01-21 19:41:37,770 - [DEBUG] - [AI_STATUS_Bot 14] Role: MAFIA | Phase: DAWN | Pos: (322, 1222) | State: Idle | HP: 100 AP: 100 Coins: 0
2026-01-21 19:41:37,770 - [DEBUG] - [AI_MOVE_Bot 14] Set Destination: (3, 63) | Reason: Random Move | CurrPos: (10, 38)
2026-01-21 19:41:37,778 - [DEBUG] - [AI_DECISION_Bot 14] Changed State: Moving -> Idle | Result: BTState.RUNNING
2026-01-21 19:41:37,927 - [DEBUG] - [AI_STATUS_Bot 11] Role: CITIZEN | Phase: DAWN | Pos: (2988, 966) | State: Hiding | HP: 100 AP: 100 Coins: 0
2026-01-21 19:41:38,277 - [DEBUG] - [AI_STATUS_Bot 13] Role: POLICE | Phase: DAWN | Pos: (1542, 2098) | State: Moving | HP: 100 AP: 100 Coins: 0
2026-01-21 19:41:38,368 - [DEBUG] - [AI_STATUS_Bot 1] Role: CITIZEN | Phase: DAWN | Pos: (1734, 1478) | State: Hiding | HP: 100 AP: 100 Coins: 0
2026-01-21 19:41:38,479 - [DEBUG] - [AI_STATUS_Bot 5] Role: POLICE | Phase: DAWN | Pos: (2374, 1326) | State: Moving | HP: 100 AP: 100 Coins: 0
2026-01-21 19:41:38,583 - [DEBUG] - [AI_STATUS_Bot 6] Role: CITIZEN | Phase: DAWN | Pos: (1929, 1886) | State: Idle | HP: 100 AP: 100 Coins: 0
2026-01-21 19:41:38,583 - [DEBUG] - [AI_STATUS_Bot 7] Role: CITIZEN | Phase: DAWN | Pos: (1702, 1734) | State: Hiding | HP: 100 AP: 100 Coins: 0
2026-01-21 19:41:38,588 - [DEBUG] - [AI_STATUS_Bot 9] Role: POLICE | Phase: DAWN | Pos: (2226, 838) | State: Moving | HP: 100 AP: 100 Coins: 0
2026-01-21 19:41:38,705 - [DEBUG] - [AI_DECISION_Bot 14] Changed State: Idle -> Moving | Result: BTState.RUNNING
2026-01-21 19:41:38,796 - [DEBUG] - [AI_STATUS_Bot 3] Role: CITIZEN | Phase: DAWN | Pos: (2340, 2134) | State: Moving | HP: 100 AP: 100 Coins: 0
2026-01-21 19:41:39,224 - [DEBUG] - [AI_DECISION_Bot 10] Changed State: Moving -> Hiding | Result: BTState.SUCCESS
2026-01-21 19:41:39,442 - [DEBUG] - [AI_DECISION_Bot 3] Changed State: Moving -> Hiding | Result: BTState.SUCCESS
2026-01-21 19:41:39,725 - [DEBUG] - [AI_DECISION_Bot 2] Changed State: Moving -> Hiding | Result: BTState.SUCCESS
2026-01-21 19:41:40,427 - [DEBUG] - [INPUT] E Key Pressed
2026-01-21 19:41:40,494 - [DEBUG] - [INPUT] E Key Released (Hold: 72ms) Target: (53, 40)
2026-01-21 19:41:40,494 - [INFO] - [PLAYER] Interact with 5321008 at (53, 40) Mode: short
2026-01-21 19:41:42,496 - [DEBUG] - [AI_STATUS_Bot 10] Role: CITIZEN | Phase: DAWN | Pos: (2786, 1446) | State: Hiding | HP: 100 AP: 100 Coins: 0
2026-01-21 19:41:42,533 - [DEBUG] - [AI_STATUS_Bot 12] Role: MAFIA | Phase: DAWN | Pos: (1542, 1826) | State: Moving | HP: 100 AP: 100 Coins: 0
2026-01-21 19:41:42,604 - [DEBUG] - [AI_STATUS_Bot 4] Role: CITIZEN | Phase: DAWN | Pos: (3052, 1892) | State: Hiding | HP: 100 AP: 100 Coins: 0
2026-01-21 19:41:42,928 - [DEBUG] - [AI_STATUS_Bot 8] Role: MAFIA | Phase: DAWN | Pos: (838, 1826) | State: Idle | HP: 100 AP: 100 Coins: 0
2026-01-21 19:41:42,928 - [DEBUG] - [AI_MOVE_Bot 8] Set Destination: (57, 23) | Reason: Random Move | CurrPos: (26, 57)
2026-01-21 19:41:42,940 - [DEBUG] - [AI_DECISION_Bot 8] Changed State: Moving -> Idle | Result: BTState.RUNNING
2026-01-21 19:41:43,026 - [DEBUG] - [AI_STATUS_Bot 2] Role: DOCTOR | Phase: DAWN | Pos: (1222, 1068) | State: Hiding | HP: 100 AP: 100 Coins: 0
2026-01-21 19:41:43,030 - [DEBUG] - [AI_STATUS_Bot 14] Role: MAFIA | Phase: DAWN | Pos: (678, 1486) | State: Moving | HP: 100 AP: 100 Coins: 0
2026-01-21 19:41:43,188 - [DEBUG] - [AI_DECISION_Bot 8] Changed State: Idle -> Moving | Result: BTState.RUNNING
2026-01-21 19:41:43,342 - [DEBUG] - [AI_STATUS_Bot 11] Role: CITIZEN | Phase: DAWN | Pos: (2988, 966) | State: Hiding | HP: 100 AP: 100 Coins: 0
2026-01-21 19:41:43,669 - [DEBUG] - [AI_STATUS_Bot 6] Role: CITIZEN | Phase: DAWN | Pos: (1929, 1886) | State: Idle | HP: 100 AP: 100 Coins: 0
2026-01-21 19:41:43,669 - [DEBUG] - [AI_STATUS_Bot 7] Role: CITIZEN | Phase: DAWN | Pos: (1702, 1734) | State: Hiding | HP: 100 AP: 100 Coins: 0
2026-01-21 19:41:43,702 - [DEBUG] - [AI_STATUS_Bot 5] Role: POLICE | Phase: DAWN | Pos: (2624, 808) | State: Moving | HP: 100 AP: 100 Coins: 0
2026-01-21 19:41:43,767 - [DEBUG] - [AI_STATUS_Bot 1] Role: CITIZEN | Phase: DAWN | Pos: (1734, 1478) | State: Hiding | HP: 100 AP: 100 Coins: 0
2026-01-21 19:41:43,770 - [DEBUG] - [AI_STATUS_Bot 13] Role: POLICE | Phase: DAWN | Pos: (905, 2572) | State: Moving | HP: 100 AP: 100 Coins: 0
2026-01-21 19:41:44,047 - [DEBUG] - [AI_STATUS_Bot 3] Role: CITIZEN | Phase: DAWN | Pos: (2282, 2182) | State: Hiding | HP: 100 AP: 100 Coins: 0
2026-01-21 19:41:46,997 - [INFO] - [PLAYER] Morning Process Complete
2026-01-21 19:41:47,008 - [DEBUG] - [AI_MOVE_Bot 8] Set Destination: (57, 4) | Reason: Random Move | CurrPos: (34, 38)
2026-01-21 19:41:47,011 - [DEBUG] - [AI_DECISION_Bot 8] Changed State: Moving -> Idle | Result: BTState.RUNNING
2026-01-21 19:41:47,024 - [DEBUG] - [AI_MOVE_Bot 11] Set Destination: (37, 58) | Reason: Random Move | CurrPos: (93, 30)
2026-01-21 19:41:47,024 - [DEBUG] - [AI_DECISION_Bot 11] Changed State: Hiding -> Idle | Result: BTState.RUNNING
2026-01-21 19:41:47,063 - [DEBUG] - [AI_MOVE_Bot 1] Set Destination: (89, 2) | Reason: Work Start | CurrPos: (54, 46)
2026-01-21 19:41:47,072 - [DEBUG] - [AI_DECISION_Bot 8] Changed State: Idle -> Moving | Result: BTState.RUNNING
2026-01-21 19:41:47,079 - [DEBUG] - [AI_MOVE_Bot 14] Set Destination: (7, 33) | Reason: Random Move | CurrPos: (7, 57)
2026-01-21 19:41:47,080 - [DEBUG] - [AI_DECISION_Bot 14] Changed State: Moving -> Idle | Result: BTState.RUNNING
2026-01-21 19:41:47,103 - [DEBUG] - [AI_MOVE_Bot 12] Set Destination: (54, 25) | Reason: Random Move | CurrPos: (38, 68)
2026-01-21 19:41:47,111 - [DEBUG] - [AI_DECISION_Bot 12] Changed State: Moving -> Idle | Result: BTState.RUNNING
2026-01-21 19:41:47,169 - [DEBUG] - [AI_MOVE_Bot 10] Set Destination: (71, 98) | Reason: Work Start | CurrPos: (87, 45)
2026-01-21 19:41:47,217 - [DEBUG] - [AI_MOVE_Bot 4] Set Destination: (91, 4) | Reason: Work Start | CurrPos: (95, 59)
2026-01-21 19:41:47,230 - [DEBUG] - [AI_DECISION_Bot 4] Changed State: Hiding -> Idle | Result: BTState.RUNNING
2026-01-21 19:41:47,258 - [DEBUG] - [AI_DECISION_Bot 12] Changed State: Idle -> Moving | Result: BTState.RUNNING
2026-01-21 19:41:47,284 - [DEBUG] - [AI_DECISION_Bot 4] Changed State: Idle -> Moving | Result: BTState.RUNNING
2026-01-21 19:41:47,294 - [DEBUG] - [AI_MOVE_Bot 2] Set Destination: (70, 44) | Reason: Work Start | CurrPos: (38, 33)
2026-01-21 19:41:47,303 - [DEBUG] - [AI_DECISION_Bot 2] Changed State: Hiding -> Idle | Result: BTState.RUNNING
2026-01-21 19:41:47,311 - [DEBUG] - [AI_MOVE_Bot 3] Set Destination: (79, 42) | Reason: Random Move | CurrPos: (71, 68)
2026-01-21 19:41:47,379 - [DEBUG] - [AI_MOVE_Bot 10] Set Destination: (42, 95) | Reason: Random Move | CurrPos: (87, 45)
2026-01-21 19:41:47,427 - [DEBUG] - [AI_MOVE_Bot 6] Set Destination: (6, 8) | Reason: Work Start | CurrPos: (60, 58)
2026-01-21 19:41:47,436 - [DEBUG] - [AI_MOVE_Bot 11] Set Destination: (93, 7) | Reason: Work Start | CurrPos: (90, 30)
2026-01-21 19:41:47,439 - [DEBUG] - [AI_DECISION_Bot 11] Changed State: Idle -> Moving | Result: BTState.RUNNING
2026-01-21 19:41:47,544 - [DEBUG] - [AI_STATUS_Bot 10] Role: CITIZEN | Phase: MORNING | Pos: (2786, 1446) | State: Hiding | HP: 100 AP: 100 Coins: 0
2026-01-21 19:41:47,544 - [DEBUG] - [AI_MOVE_Bot 10] Set Destination: (89, 81) | Reason: Work Start | CurrPos: (87, 45)
2026-01-21 19:41:47,578 - [DEBUG] - [AI_DECISION_Bot 6] Changed State: Idle -> Moving | Result: BTState.RUNNING
2026-01-21 19:41:47,578 - [DEBUG] - [AI_MOVE_Bot 7] Set Destination: (87, 83) | Reason: Work Start | CurrPos: (53, 54)
2026-01-21 19:41:47,598 - [DEBUG] - [AI_DECISION_Bot 14] Changed State: Idle -> Moving | Result: BTState.RUNNING
2026-01-21 19:41:47,627 - [DEBUG] - [AI_MOVE_Bot 3] Set Destination: (86, 13) | Reason: Random Move | CurrPos: (71, 68)
2026-01-21 19:41:47,693 - [DEBUG] - [AI_MOVE_Bot 1] Set Destination: (4, 83) | Reason: Random Move | CurrPos: (54, 46)
2026-01-21 19:41:47,705 - [DEBUG] - [AI_DECISION_Bot 2] Changed State: Idle -> Moving | Result: BTState.RUNNING
2026-01-21 19:41:47,710 - [DEBUG] - [AI_MOVE_Bot 5] Set Destination: (9, 99) | Reason: Random Move | CurrPos: (82, 25)
2026-01-21 19:41:47,720 - [DEBUG] - [AI_DECISION_Bot 5] Changed State: Moving -> Idle | Result: BTState.RUNNING
2026-01-21 19:41:47,755 - [DEBUG] - [AI_MOVE_Bot 10] Set Destination: (57, 24) | Reason: Random Move | CurrPos: (87, 45)
2026-01-21 19:41:47,803 - [DEBUG] - [AI_STATUS_Bot 4] Role: CITIZEN | Phase: MORNING | Pos: (3046, 1776) | State: Moving | HP: 100 AP: 100 Coins: 0
2026-01-21 19:41:47,804 - [DEBUG] - [AI_MOVE_Bot 7] Set Destination: (78, 40) | Reason: Random Move | CurrPos: (53, 54)
2026-01-21 19:41:47,824 - [DEBUG] - [AI_DECISION_Bot 5] Changed State: Idle -> Moving | Result: BTState.RUNNING
2026-01-21 19:41:47,837 - [DEBUG] - [AI_MOVE_Bot 3] Set Destination: (90, 11) | Reason: Work Start | CurrPos: (71, 68)
2026-01-21 19:41:47,904 - [DEBUG] - [AI_MOVE_Bot 1] Set Destination: (53, 5) | Reason: Random Move | CurrPos: (54, 46)
2026-01-21 19:41:47,905 - [DEBUG] - [AI_MOVE_Bot 10] Set Destination: (89, 78) | Reason: Work Start | CurrPos: (87, 45)
2026-01-21 19:41:47,942 - [DEBUG] - [AI_STATUS_Bot 8] Role: MAFIA | Phase: MORNING | Pos: (1230, 1190) | State: Moving | HP: 100 AP: 100 Coins: 0
2026-01-21 19:41:47,987 - [DEBUG] - [AI_MOVE_Bot 3] Set Destination: (4, 40) | Reason: Random Move | CurrPos: (71, 68)
2026-01-21 19:41:48,002 - [DEBUG] - [AI_MOVE_Bot 7] Set Destination: (97, 72) | Reason: Work Start | CurrPos: (53, 54)
2026-01-21 19:41:48,021 - [DEBUG] - [AI_STATUS_Bot 12] Role: MAFIA | Phase: MORNING | Pos: (1378, 2246) | State: Moving | HP: 100 AP: 100 Coins: 0
2026-01-21 19:41:48,084 - [DEBUG] - [AI_MOVE_Bot 1] Set Destination: (75, 39) | Reason: Random Move | CurrPos: (54, 46)
2026-01-21 19:41:48,158 - [DEBUG] - [AI_MOVE_Bot 13] Set Destination: (1, 37) | Reason: Random Move | CurrPos: (28, 80)
2026-01-21 19:41:48,169 - [DEBUG] - [AI_DECISION_Bot 13] Changed State: Moving -> Idle | Result: BTState.RUNNING
2026-01-21 19:41:48,204 - [DEBUG] - [AI_MOVE_Bot 1] Set Destination: (56, 88) | Reason: Random Move | CurrPos: (54, 46)
2026-01-21 19:41:48,215 - [DEBUG] - [AI_STATUS_Bot 14] Role: MAFIA | Phase: MORNING | Pos: (230, 1630) | State: Moving | HP: 100 AP: 100 Coins: 0
2026-01-21 19:41:48,263 - [DEBUG] - [AI_MOVE_Bot 1] Set Destination: (84, 44) | Reason: Random Move | CurrPos: (54, 46)
2026-01-21 19:41:48,275 - [DEBUG] - [AI_MOVE_Bot 10] Set Destination: (14, 44) | Reason: Random Move | CurrPos: (87, 45)
2026-01-21 19:41:48,353 - [DEBUG] - [AI_MOVE_Bot 1] Set Destination: (92, 10) | Reason: Work Start | CurrPos: (54, 46)
2026-01-21 19:41:48,428 - [DEBUG] - [AI_MOVE_Bot 13] Set Destination: (86, 87) | Reason: Random Move | CurrPos: (28, 80)
2026-01-21 19:41:48,504 - [DEBUG] - [AI_MOVE_Bot 1] Set Destination: (59, 5) | Reason: Random Move | CurrPos: (54, 46)
2026-01-21 19:41:48,559 - [DEBUG] - [AI_MOVE_Bot 7] Set Destination: (49, 88) | Reason: Random Move | CurrPos: (53, 54)
2026-01-21 19:41:48,564 - [DEBUG] - [AI_MOVE_Bot 10] Set Destination: (76, 95) | Reason: Work Start | CurrPos: (87, 45)
2026-01-21 19:41:48,624 - [DEBUG] - [AI_MOVE_Bot 1] Set Destination: (92, 7) | Reason: Work Start | CurrPos: (54, 46)
2026-01-21 19:41:48,684 - [DEBUG] - [AI_MOVE_Bot 1] Set Destination: (25, 81) | Reason: Random Move | CurrPos: (54, 46)
2026-01-21 19:41:48,717 - [DEBUG] - [AI_STATUS_Bot 6] Role: CITIZEN | Phase: MORNING | Pos: (1868, 1884) | State: Moving | HP: 100 AP: 100 Coins: 0
2026-01-21 19:41:48,717 - [DEBUG] - [AI_STATUS_Bot 7] Role: CITIZEN | Phase: MORNING | Pos: (1702, 1734) | State: Hiding | HP: 100 AP: 100 Coins: 0
2026-01-21 19:41:48,719 - [DEBUG] - [AI_MOVE_Bot 7] Set Destination: (90, 77) | Reason: Work Start | CurrPos: (53, 54)
2026-01-21 19:41:48,849 - [DEBUG] - [AI_STATUS_Bot 1] Role: CITIZEN | Phase: MORNING | Pos: (1734, 1478) | State: Hiding | HP: 100 AP: 100 Coins: 0
2026-01-21 19:41:48,849 - [DEBUG] - [AI_MOVE_Bot 1] Set Destination: (89, 99) | Reason: Random Move | CurrPos: (54, 46)
2026-01-21 19:41:48,860 - [DEBUG] - [AI_STATUS_Bot 5] Role: POLICE | Phase: MORNING | Pos: (2630, 1020) | State: Moving | HP: 100 AP: 100 Coins: 0
2026-01-21 19:41:48,947 - [DEBUG] - [AI_MOVE_Bot 3] Set Destination: (91, 6) | Reason: Work Start | CurrPos: (71, 68)
2026-01-21 19:41:48,968 - [DEBUG] - [AI_MOVE_Bot 1] Set Destination: (90, 5) | Reason: Work Start | CurrPos: (54, 46)
2026-01-21 19:41:49,006 - [DEBUG] - [AI_MOVE_Bot 3] Set Destination: (84, 82) | Reason: Random Move | CurrPos: (71, 68)
2026-01-21 19:41:49,062 - [DEBUG] - [AI_MOVE_Bot 7] Set Destination: (56, 25) | Reason: Random Move | CurrPos: (53, 54)
2026-01-21 19:41:49,081 - [DEBUG] - [AI_STATUS_Bot 3] Role: CITIZEN | Phase: MORNING | Pos: (2282, 2182) | State: Hiding | HP: 100 AP: 100 Coins: 0
2026-01-21 19:41:49,092 - [DEBUG] - [AI_MOVE_Bot 3] Set Destination: (96, 1) | Reason: Random Move | CurrPos: (71, 68)
2026-01-21 19:41:49,119 - [DEBUG] - [AI_MOVE_Bot 1] Set Destination: (74, 79) | Reason: Random Move | CurrPos: (54, 46)
2026-01-21 19:41:49,270 - [DEBUG] - [AI_MOVE_Bot 10] Set Destination: (59, 43) | Reason: Random Move | CurrPos: (87, 45)
2026-01-21 19:41:49,296 - [DEBUG] - [AI_STATUS_Bot 11] Role: CITIZEN | Phase: MORNING | Pos: (2630, 1042) | State: Moving | HP: 100 AP: 100 Coins: 0
2026-01-21 19:41:49,329 - [DEBUG] - [AI_MOVE_Bot 10] Set Destination: (89, 82) | Reason: Work Start | CurrPos: (87, 45)
2026-01-21 19:41:49,390 - [DEBUG] - [AI_MOVE_Bot 10] Set Destination: (91, 0) | Reason: Random Move | CurrPos: (87, 45)
2026-01-21 19:41:49,449 - [DEBUG] - [AI_MOVE_Bot 10] Set Destination: (83, 86) | Reason: Work Start | CurrPos: (87, 45)
2026-01-21 19:41:49,467 - [DEBUG] - [AI_MOVE_Bot 7] Set Destination: (79, 87) | Reason: Work Start | CurrPos: (53, 54)
2026-01-21 19:41:49,483 - [DEBUG] - [AI_MOVE_Bot 7] Set Destination: (83, 92) | Reason: Random Move | CurrPos: (53, 54)
2026-01-21 19:41:49,584 - [DEBUG] - [AI_MOVE_Bot 1] Set Destination: (89, 2) | Reason: Work Start | CurrPos: (54, 46)
2026-01-21 19:41:49,659 - [DEBUG] - [AI_MOVE_Bot 1] Set Destination: (59, 90) | Reason: Random Move | CurrPos: (54, 46)
2026-01-21 19:41:49,692 - [DEBUG] - [AI_MOVE_Bot 7] Set Destination: (73, 95) | Reason: Work Start | CurrPos: (53, 54)
2026-01-21 19:41:49,749 - [DEBUG] - [AI_MOVE_Bot 10] Set Destination: (33, 30) | Reason: Random Move | CurrPos: (87, 45)
2026-01-21 19:41:49,817 - [DEBUG] - [AI_MOVE_Bot 3] Set Destination: (90, 11) | Reason: Work Start | CurrPos: (71, 68)
2026-01-21 19:41:49,842 - [DEBUG] - [AI_MOVE_Bot 7] Set Destination: (74, 97) | Reason: Random Move | CurrPos: (53, 54)
2026-01-21 19:41:49,858 - [DEBUG] - [AI_MOVE_Bot 7] Set Destination: (81, 90) | Reason: Work Start | CurrPos: (53, 54)
2026-01-21 19:41:50,087 - [DEBUG] - [AI_MOVE_Bot 3] Set Destination: (56, 85) | Reason: Random Move | CurrPos: (71, 68)
2026-01-21 19:41:50,138 - [DEBUG] - [AI_MOVE_Bot 1] Set Destination: (41, 6) | Reason: Random Move | CurrPos: (54, 46)
2026-01-21 19:41:50,139 - [DEBUG] - [AI_MOVE_Bot 10] Set Destination: (80, 84) | Reason: Work Start | CurrPos: (87, 45)
2026-01-21 19:41:50,154 - [DEBUG] - [AI_MOVE_Bot 10] Set Destination: (86, 12) | Reason: Random Move | CurrPos: (87, 45)
2026-01-21 19:41:50,278 - [DEBUG] - [AI_STATUS_Bot 13] Role: POLICE | Phase: MORNING | Pos: (1190, 2502) | State: Moving | HP: 100 AP: 100 Coins: 0
2026-01-21 19:41:50,278 - [DEBUG] - [AI_DECISION_Bot 13] Changed State: Idle -> Moving | Result: BTState.RUNNING
2026-01-21 19:41:50,290 - [DEBUG] - [AI_MOVE_Bot 10] Set Destination: (95, 76) | Reason: Work Start | CurrPos: (87, 45)
2026-01-21 19:41:50,364 - [DEBUG] - [AI_MOVE_Bot 1] Set Destination: (89, 5) | Reason: Random Move | CurrPos: (54, 46)
2026-01-21 19:41:50,461 - [DEBUG] - [AI_MOVE_Bot 3] Set Destination: (77, 74) | Reason: Random Move | CurrPos: (71, 68)
2026-01-21 19:41:50,529 - [DEBUG] - [AI_MOVE_Bot 1] Set Destination: (73, 23) | Reason: Random Move | CurrPos: (54, 46)
2026-01-21 19:41:50,532 - [DEBUG] - [AI_MOVE_Bot 7] Set Destination: (94, 69) | Reason: Random Move | CurrPos: (53, 54)
2026-01-21 19:41:50,548 - [DEBUG] - [AI_MOVE_Bot 7] Set Destination: (90, 81) | Reason: Work Start | CurrPos: (53, 54)
2026-01-21 19:41:50,597 - [DEBUG] - [AI_MOVE_Bot 3] Set Destination: (63, 85) | Reason: Random Move | CurrPos: (71, 68)
2026-01-21 19:41:50,732 - [DEBUG] - [AI_MOVE_Bot 3] Set Destination: (9, 0) | Reason: Random Move | CurrPos: (71, 68)
2026-01-21 19:41:50,783 - [DEBUG] - [AI_MOVE_Bot 1] Set Destination: (62, 14) | Reason: Random Move | CurrPos: (54, 46)
2026-01-21 19:41:50,963 - [DEBUG] - [AI_MOVE_Bot 1] Set Destination: (91, 4) | Reason: Work Start | CurrPos: (54, 46)
2026-01-21 19:41:51,025 - [DEBUG] - [AI_MOVE_Bot 10] Set Destination: (68, 35) | Reason: Random Move | CurrPos: (87, 45)
2026-01-21 19:41:51,115 - [DEBUG] - [AI_MOVE_Bot 10] Set Destination: (85, 84) | Reason: Work Start | CurrPos: (87, 45)
2026-01-21 19:41:51,136 - [DEBUG] - [AI_MOVE_Bot 3] Set Destination: (3, 35) | Reason: Random Move | CurrPos: (71, 68)
2026-01-21 19:41:51,222 - [DEBUG] - [AI_MOVE_Bot 7] Set Destination: (51, 99) | Reason: Random Move | CurrPos: (53, 54)
2026-01-21 19:41:51,257 - [DEBUG] - [AI_MOVE_Bot 3] Set Destination: (92, 91) | Reason: Random Move | CurrPos: (71, 68)
2026-01-21 19:41:51,297 - [DEBUG] - [AI_MOVE_Bot 7] Set Destination: (83, 89) | Reason: Work Start | CurrPos: (53, 54)
2026-01-21 19:41:51,398 - [DEBUG] - [AI_MOVE_Bot 1] Set Destination: (80, 7) | Reason: Random Move | CurrPos: (54, 46)
2026-01-21 19:41:51,512 - [DEBUG] - [AI_MOVE_Bot 3] Set Destination: (83, 9) | Reason: Random Move | CurrPos: (71, 68)
2026-01-21 19:41:51,579 - [DEBUG] - [AI_MOVE_Bot 1] Set Destination: (59, 22) | Reason: Random Move | CurrPos: (54, 46)
2026-01-21 19:41:51,647 - [DEBUG] - [AI_MOVE_Bot 3] Set Destination: (79, 40) | Reason: Random Move | CurrPos: (71, 68)
2026-01-21 19:41:51,713 - [DEBUG] - [AI_MOVE_Bot 1] Set Destination: (90, 11) | Reason: Work Start | CurrPos: (54, 46)
2026-01-21 19:41:51,793 - [DEBUG] - [AI_MOVE_Bot 7] Set Destination: (71, 43) | Reason: Random Move | CurrPos: (53, 54)
2026-01-21 19:41:51,879 - [DEBUG] - [AI_MOVE_Bot 10] Set Destination: (44, 82) | Reason: Random Move | CurrPos: (87, 45)
2026-01-21 19:41:51,898 - [DEBUG] - [AI_MOVE_Bot 7] Set Destination: (92, 78) | Reason: Work Start | CurrPos: (53, 54)
2026-01-21 19:41:51,938 - [DEBUG] - [AI_MOVE_Bot 1] Set Destination: (74, 99) | Reason: Random Move | CurrPos: (54, 46)
2026-01-21 19:41:51,942 - [DEBUG] - [AI_MOVE_Bot 7] Set Destination: (76, 88) | Reason: Random Move | CurrPos: (53, 54)
2026-01-21 19:41:52,006 - [DEBUG] - [AI_MOVE_Bot 3] Set Destination: (53, 45) | Reason: Random Move | CurrPos: (71, 68)
2026-01-21 19:41:52,063 - [DEBUG] - [AI_MOVE_Bot 7] Set Destination: (95, 75) | Reason: Work Start | CurrPos: (53, 54)
2026-01-21 19:41:52,104 - [DEBUG] - [AI_MOVE_Bot 10] Set Destination: (87, 81) | Reason: Work Start | CurrPos: (87, 45)
2026-01-21 19:41:52,122 - [DEBUG] - [AI_MOVE_Bot 7] Set Destination: (10, 76) | Reason: Random Move | CurrPos: (53, 54)
2026-01-21 19:41:52,157 - [DEBUG] - [AI_MOVE_Bot 3] Set Destination: (59, 60) | Reason: Random Move | CurrPos: (71, 68)
2026-01-21 19:41:52,225 - [DEBUG] - [AI_MOVE_Bot 10] Set Destination: (95, 2) | Reason: Random Move | CurrPos: (87, 45)
2026-01-21 19:41:52,345 - [DEBUG] - [AI_MOVE_Bot 10] Set Destination: (78, 94) | Reason: Work Start | CurrPos: (87, 45)
2026-01-21 19:41:52,362 - [DEBUG] - [AI_MOVE_Bot 7] Set Destination: (88, 81) | Reason: Work Start | CurrPos: (53, 54)
2026-01-21 19:41:52,396 - [DEBUG] - [AI_MOVE_Bot 3] Set Destination: (80, 27) | Reason: Random Move | CurrPos: (71, 68)
2026-01-21 19:41:52,480 - [DEBUG] - [AI_MOVE_Bot 10] Set Destination: (55, 93) | Reason: Random Move | CurrPos: (87, 45)
2026-01-21 19:41:52,568 - [DEBUG] - [AI_MOVE_Bot 1] Set Destination: (96, 43) | Reason: Random Move | CurrPos: (54, 46)
2026-01-21 19:41:52,570 - [DEBUG] - [AI_STATUS_Bot 10] Role: CITIZEN | Phase: MORNING | Pos: (2786, 1446) | State: Hiding | HP: 100 AP: 100 Coins: 0
2026-01-21 19:41:52,570 - [DEBUG] - [AI_MOVE_Bot 10] Set Destination: (80, 90) | Reason: Work Start | CurrPos: (87, 45)
2026-01-21 19:41:52,584 - [DEBUG] - [AI_MOVE_Bot 10] Set Destination: (6, 32) | Reason: Random Move | CurrPos: (87, 45)
2026-01-21 19:41:52,600 - [DEBUG] - [AI_MOVE_Bot 10] Set Destination: (83, 86) | Reason: Work Start | CurrPos: (87, 45)
2026-01-21 19:41:52,667 - [DEBUG] - [AI_MOVE_Bot 3] Set Destination: (91, 4) | Reason: Work Start | CurrPos: (71, 68)
2026-01-21 19:41:52,719 - [DEBUG] - [AI_MOVE_Bot 1] Set Destination: (90, 11) | Reason: Work Start | CurrPos: (54, 46)
2026-01-21 19:41:52,779 - [DEBUG] - [AI_MOVE_Bot 1] Set Destination: (70, 96) | Reason: Random Move | CurrPos: (54, 46)
2026-01-21 19:41:52,782 - [DEBUG] - [AI_MOVE_Bot 7] Set Destination: (59, 11) | Reason: Random Move | CurrPos: (53, 54)
2026-01-21 19:41:52,869 - [DEBUG] - [AI_MOVE_Bot 1] Set Destination: (98, 1) | Reason: Random Move | CurrPos: (54, 46)
2026-01-21 19:41:52,872 - [DEBUG] - [AI_STATUS_Bot 4] Role: CITIZEN | Phase: MORNING | Pos: (2438, 1410) | State: Moving | HP: 100 AP: 100 Coins: 0
2026-01-21 19:41:52,877 - [DEBUG] - [AI_MOVE_Bot 7] Set Destination: (78, 93) | Reason: Work Start | CurrPos: (53, 54)
2026-01-21 19:41:52,888 - [DEBUG] - [AI_MOVE_Bot 7] Set Destination: (38, 45) | Reason: Random Move | CurrPos: (53, 54)
