2026-01-21 12:56:56,569 - [INFO] - [DATA] Loaded 17 items.
2026-01-21 12:56:56,569 - [INFO] - [DATA] Loaded 110 tiles.
2026-01-21 12:56:56,569 - [INFO] - [DATA] Loaded 5 roles.
2026-01-21 12:56:56,908 - [INFO] - [SYSTEM] Game Engine Initializing...
2026-01-21 12:56:57,008 - [INFO] - [SYSTEM] Engine Loop Started
2026-01-21 12:57:10,274 - [INFO] - [PLAY] Entering PlayState...
2026-01-21 12:57:10,316 - [INFO] - [PLAYER] Initialized at (1504, 1696) Role: CITIZEN
2026-01-21 12:57:10,316 - [INFO] - [PLAYER] Role changed to SPECTATOR (None)
2026-01-21 12:57:10,364 - [INFO] - [NET] Auto-connecting to local server...
2026-01-21 12:57:10,367 - [INFO] - [NET] Connected! Initializing Spectator Mode...
2026-01-21 12:57:10,629 - [INFO] - [SYNC] Removed entity 1 (Not in server)
2026-01-21 12:57:10,635 - [INFO] - [SYNC] Removed entity 2 (Not in server)
2026-01-21 12:57:10,640 - [INFO] - [SYNC] Removed entity 3 (Not in server)
2026-01-21 12:57:10,647 - [INFO] - [SYNC] Removed entity 4 (Not in server)
2026-01-21 12:57:10,652 - [INFO] - [SYNC] Removed entity 5 (Not in server)
2026-01-21 12:57:10,657 - [INFO] - [SYNC] Removed entity 6 (Not in server)
2026-01-21 12:57:10,674 - [INFO] - [SYNC] Removed entity 7 (Not in server)
2026-01-21 12:57:10,679 - [INFO] - [SYNC] Removed entity 8 (Not in server)
2026-01-21 12:57:10,685 - [INFO] - [SYNC] Removed entity 9 (Not in server)
2026-01-21 12:57:10,691 - [INFO] - [SYNC] Removed entity 10 (Not in server)
2026-01-21 12:57:10,696 - [INFO] - [SYNC] Removed entity 11 (Not in server)
2026-01-21 12:57:10,701 - [INFO] - [SYNC] Removed entity 12 (Not in server)
2026-01-21 12:57:10,707 - [INFO] - [SYNC] Removed entity 13 (Not in server)
2026-01-21 12:57:10,709 - [INFO] - [SYNC] Removed entity 14 (Not in server)
2026-01-21 12:57:10,715 - [INFO] - [SYNC] Removed entity 15 (Not in server)
2026-01-21 12:57:10,717 - [INFO] - [SYNC] Added entity 0 (Player 1)
2026-01-21 12:57:10,717 - [INFO] - [SYNC] Added entity 0 (Player 1)
2026-01-21 12:57:10,718 - [INFO] - [SYNC] Added entity 1 (Bot 1)
2026-01-21 12:57:10,718 - [INFO] - [SYNC] Added entity 0 (Player 1)
2026-01-21 12:57:10,718 - [INFO] - [SYNC] Added entity 1 (Bot 1)
2026-01-21 12:57:10,718 - [INFO] - [SYNC] Added entity 2 (Bot 2)
2026-01-21 12:57:10,718 - [INFO] - [SYNC] Added entity 0 (Player 1)
2026-01-21 12:57:10,718 - [INFO] - [SYNC] Added entity 1 (Bot 1)
2026-01-21 12:57:10,718 - [INFO] - [SYNC] Added entity 2 (Bot 2)
2026-01-21 12:57:10,718 - [INFO] - [SYNC] Added entity 3 (Bot 3)
2026-01-21 12:57:10,719 - [INFO] - [SYNC] Added entity 0 (Player 1)
2026-01-21 12:57:10,719 - [INFO] - [SYNC] Added entity 1 (Bot 1)
2026-01-21 12:57:10,720 - [INFO] - [SYNC] Added entity 2 (Bot 2)
2026-01-21 12:57:10,720 - [INFO] - [SYNC] Added entity 3 (Bot 3)
2026-01-21 12:57:10,721 - [INFO] - [SYNC] Added entity 4 (Bot 4)
2026-01-21 12:57:10,721 - [INFO] - [SYNC] Added entity 0 (Player 1)
2026-01-21 12:57:10,721 - [INFO] - [SYNC] Added entity 1 (Bot 1)
2026-01-21 12:57:10,721 - [INFO] - [SYNC] Added entity 2 (Bot 2)
2026-01-21 12:57:10,722 - [INFO] - [SYNC] Added entity 3 (Bot 3)
2026-01-21 12:57:10,722 - [INFO] - [SYNC] Added entity 4 (Bot 4)
2026-01-21 12:57:10,723 - [INFO] - [SYNC] Added entity 5 (Bot 5)
2026-01-21 12:57:10,723 - [INFO] - [SYNC] Added entity 0 (Player 1)
2026-01-21 12:57:10,723 - [INFO] - [SYNC] Added entity 1 (Bot 1)
2026-01-21 12:57:10,723 - [INFO] - [SYNC] Added entity 2 (Bot 2)
2026-01-21 12:57:10,723 - [INFO] - [SYNC] Added entity 3 (Bot 3)
2026-01-21 12:57:10,723 - [INFO] - [SYNC] Added entity 4 (Bot 4)
2026-01-21 12:57:10,723 - [INFO] - [SYNC] Added entity 5 (Bot 5)
2026-01-21 12:57:10,724 - [INFO] - [SYNC] Added entity 6 (Bot 6)
2026-01-21 12:57:10,724 - [INFO] - [SYNC] Added entity 0 (Player 1)
2026-01-21 12:57:10,724 - [INFO] - [SYNC] Added entity 1 (Bot 1)
2026-01-21 12:57:10,724 - [INFO] - [SYNC] Added entity 2 (Bot 2)
2026-01-21 12:57:10,724 - [INFO] - [SYNC] Added entity 3 (Bot 3)
2026-01-21 12:57:10,724 - [INFO] - [SYNC] Added entity 4 (Bot 4)
2026-01-21 12:57:10,724 - [INFO] - [SYNC] Added entity 5 (Bot 5)
2026-01-21 12:57:10,725 - [INFO] - [SYNC] Added entity 6 (Bot 6)
2026-01-21 12:57:10,726 - [INFO] - [SYNC] Added entity 7 (Bot 7)
2026-01-21 12:57:10,726 - [INFO] - [SYNC] Added entity 0 (Player 1)
2026-01-21 12:57:10,726 - [INFO] - [SYNC] Added entity 1 (Bot 1)
2026-01-21 12:57:10,726 - [INFO] - [SYNC] Added entity 2 (Bot 2)
2026-01-21 12:57:10,727 - [INFO] - [SYNC] Added entity 3 (Bot 3)
2026-01-21 12:57:10,727 - [INFO] - [SYNC] Added entity 4 (Bot 4)
2026-01-21 12:57:10,727 - [INFO] - [SYNC] Added entity 5 (Bot 5)
2026-01-21 12:57:10,727 - [INFO] - [SYNC] Added entity 6 (Bot 6)
2026-01-21 12:57:10,727 - [INFO] - [SYNC] Added entity 7 (Bot 7)
2026-01-21 12:57:10,729 - [INFO] - [SYNC] Added entity 8 (Bot 8)
2026-01-21 12:57:10,730 - [INFO] - [SYNC] Added entity 0 (Player 1)
2026-01-21 12:57:10,730 - [INFO] - [SYNC] Added entity 1 (Bot 1)
2026-01-21 12:57:10,730 - [INFO] - [SYNC] Added entity 2 (Bot 2)
2026-01-21 12:57:10,730 - [INFO] - [SYNC] Added entity 3 (Bot 3)
2026-01-21 12:57:10,730 - [INFO] - [SYNC] Added entity 4 (Bot 4)
2026-01-21 12:57:10,730 - [INFO] - [SYNC] Added entity 5 (Bot 5)
2026-01-21 12:57:10,730 - [INFO] - [SYNC] Added entity 6 (Bot 6)
2026-01-21 12:57:10,731 - [INFO] - [SYNC] Added entity 7 (Bot 7)
2026-01-21 12:57:10,731 - [INFO] - [SYNC] Added entity 8 (Bot 8)
2026-01-21 12:57:10,731 - [INFO] - [SYNC] Added entity 9 (Bot 9)
2026-01-21 12:57:10,732 - [INFO] - [SYNC] Added entity 0 (Player 1)
2026-01-21 12:57:10,732 - [INFO] - [SYNC] Added entity 1 (Bot 1)
2026-01-21 12:57:10,732 - [INFO] - [SYNC] Added entity 2 (Bot 2)
2026-01-21 12:57:10,732 - [INFO] - [SYNC] Added entity 3 (Bot 3)
2026-01-21 12:57:10,733 - [INFO] - [SYNC] Added entity 4 (Bot 4)
2026-01-21 12:57:10,733 - [INFO] - [SYNC] Added entity 5 (Bot 5)
2026-01-21 12:57:10,733 - [INFO] - [SYNC] Added entity 6 (Bot 6)
2026-01-21 12:57:10,733 - [INFO] - [SYNC] Added entity 7 (Bot 7)
2026-01-21 12:57:10,733 - [INFO] - [SYNC] Added entity 8 (Bot 8)
2026-01-21 12:57:10,734 - [INFO] - [SYNC] Added entity 9 (Bot 9)
2026-01-21 12:57:10,734 - [INFO] - [SYNC] Added entity 10 (Bot 10)
2026-01-21 12:57:10,734 - [INFO] - [SYNC] Added entity 0 (Player 1)
2026-01-21 12:57:10,734 - [INFO] - [SYNC] Added entity 1 (Bot 1)
2026-01-21 12:57:10,734 - [INFO] - [SYNC] Added entity 2 (Bot 2)
2026-01-21 12:57:10,736 - [INFO] - [SYNC] Added entity 3 (Bot 3)
2026-01-21 12:57:10,736 - [INFO] - [SYNC] Added entity 4 (Bot 4)
2026-01-21 12:57:10,736 - [INFO] - [SYNC] Added entity 5 (Bot 5)
2026-01-21 12:57:10,736 - [INFO] - [SYNC] Added entity 6 (Bot 6)
2026-01-21 12:57:10,736 - [INFO] - [SYNC] Added entity 7 (Bot 7)
2026-01-21 12:57:10,736 - [INFO] - [SYNC] Added entity 8 (Bot 8)
2026-01-21 12:57:10,737 - [INFO] - [SYNC] Added entity 9 (Bot 9)
2026-01-21 12:57:10,737 - [INFO] - [SYNC] Added entity 10 (Bot 10)
2026-01-21 12:57:10,737 - [INFO] - [SYNC] Added entity 11 (Bot 11)
2026-01-21 12:57:10,738 - [INFO] - [SYNC] Added entity 0 (Player 1)
2026-01-21 12:57:10,738 - [INFO] - [SYNC] Added entity 1 (Bot 1)
2026-01-21 12:57:10,738 - [INFO] - [SYNC] Added entity 2 (Bot 2)
2026-01-21 12:57:10,738 - [INFO] - [SYNC] Added entity 3 (Bot 3)
2026-01-21 12:57:10,738 - [INFO] - [SYNC] Added entity 4 (Bot 4)
2026-01-21 12:57:10,738 - [INFO] - [SYNC] Added entity 5 (Bot 5)
2026-01-21 12:57:10,738 - [INFO] - [SYNC] Added entity 6 (Bot 6)
2026-01-21 12:57:10,738 - [INFO] - [SYNC] Added entity 7 (Bot 7)
2026-01-21 12:57:10,738 - [INFO] - [SYNC] Added entity 8 (Bot 8)
2026-01-21 12:57:10,739 - [INFO] - [SYNC] Added entity 9 (Bot 9)
2026-01-21 12:57:10,739 - [INFO] - [SYNC] Added entity 10 (Bot 10)
2026-01-21 12:57:10,739 - [INFO] - [SYNC] Added entity 11 (Bot 11)
2026-01-21 12:57:10,739 - [INFO] - [SYNC] Added entity 12 (Bot 12)
2026-01-21 12:57:10,739 - [INFO] - [SYNC] Added entity 0 (Player 1)
2026-01-21 12:57:10,739 - [INFO] - [SYNC] Added entity 1 (Bot 1)
2026-01-21 12:57:10,739 - [INFO] - [SYNC] Added entity 2 (Bot 2)
2026-01-21 12:57:10,739 - [INFO] - [SYNC] Added entity 3 (Bot 3)
2026-01-21 12:57:10,740 - [INFO] - [SYNC] Added entity 4 (Bot 4)
2026-01-21 12:57:10,740 - [INFO] - [SYNC] Added entity 5 (Bot 5)
2026-01-21 12:57:10,740 - [INFO] - [SYNC] Added entity 6 (Bot 6)
2026-01-21 12:57:10,740 - [INFO] - [SYNC] Added entity 7 (Bot 7)
2026-01-21 12:57:10,740 - [INFO] - [SYNC] Added entity 8 (Bot 8)
2026-01-21 12:57:10,740 - [INFO] - [SYNC] Added entity 9 (Bot 9)
2026-01-21 12:57:10,740 - [INFO] - [SYNC] Added entity 10 (Bot 10)
2026-01-21 12:57:10,740 - [INFO] - [SYNC] Added entity 11 (Bot 11)
2026-01-21 12:57:10,741 - [INFO] - [SYNC] Added entity 12 (Bot 12)
2026-01-21 12:57:10,741 - [INFO] - [SYNC] Added entity 13 (Bot 13)
2026-01-21 12:57:10,741 - [INFO] - [SYNC] Added entity 0 (Player 1)
2026-01-21 12:57:10,741 - [INFO] - [SYNC] Added entity 1 (Bot 1)
2026-01-21 12:57:10,742 - [INFO] - [SYNC] Added entity 2 (Bot 2)
2026-01-21 12:57:10,742 - [INFO] - [SYNC] Added entity 3 (Bot 3)
2026-01-21 12:57:10,742 - [INFO] - [SYNC] Added entity 4 (Bot 4)
2026-01-21 12:57:10,742 - [INFO] - [SYNC] Added entity 5 (Bot 5)
2026-01-21 12:57:10,743 - [INFO] - [SYNC] Added entity 6 (Bot 6)
2026-01-21 12:57:10,743 - [INFO] - [SYNC] Added entity 7 (Bot 7)
2026-01-21 12:57:10,743 - [INFO] - [SYNC] Added entity 8 (Bot 8)
2026-01-21 12:57:10,743 - [INFO] - [SYNC] Added entity 9 (Bot 9)
2026-01-21 12:57:10,743 - [INFO] - [SYNC] Added entity 10 (Bot 10)
2026-01-21 12:57:10,743 - [INFO] - [SYNC] Added entity 11 (Bot 11)
2026-01-21 12:57:10,744 - [INFO] - [SYNC] Added entity 12 (Bot 12)
2026-01-21 12:57:10,744 - [INFO] - [SYNC] Added entity 13 (Bot 13)
2026-01-21 12:57:10,744 - [INFO] - [SYNC] Added entity 14 (Bot 14)
2026-01-21 12:57:10,745 - [INFO] - [SYNC] Added entity 0 (Player 1)
2026-01-21 12:57:10,745 - [INFO] - [SYNC] Added entity 1 (Bot 1)
2026-01-21 12:57:10,745 - [INFO] - [SYNC] Added entity 2 (Bot 2)
2026-01-21 12:57:10,745 - [INFO] - [SYNC] Added entity 3 (Bot 3)
2026-01-21 12:57:10,745 - [INFO] - [SYNC] Added entity 4 (Bot 4)
2026-01-21 12:57:10,745 - [INFO] - [SYNC] Added entity 5 (Bot 5)
2026-01-21 12:57:10,746 - [INFO] - [SYNC] Added entity 6 (Bot 6)
2026-01-21 12:57:10,746 - [INFO] - [SYNC] Added entity 7 (Bot 7)
2026-01-21 12:57:10,746 - [INFO] - [SYNC] Added entity 8 (Bot 8)
2026-01-21 12:57:10,747 - [INFO] - [SYNC] Added entity 9 (Bot 9)
2026-01-21 12:57:10,747 - [INFO] - [SYNC] Added entity 10 (Bot 10)
2026-01-21 12:57:10,747 - [INFO] - [SYNC] Added entity 11 (Bot 11)
2026-01-21 12:57:10,747 - [INFO] - [SYNC] Added entity 12 (Bot 12)
2026-01-21 12:57:10,747 - [INFO] - [SYNC] Added entity 13 (Bot 13)
2026-01-21 12:57:10,748 - [INFO] - [SYNC] Added entity 14 (Bot 14)
2026-01-21 12:57:10,748 - [INFO] - [SYNC] Added entity 15 (Bot 15)
2026-01-21 12:57:10,821 - [INFO] - [NET] GAME_START: Syncing 16 entities.
2026-01-21 12:57:10,826 - [INFO] - [BOT_AI] [Player 1] Synchronizing role: CITIZEN -> FARMER
2026-01-21 12:57:10,826 - [INFO] - [BOT_AI] [Player 1] AI Tree rebuilt for CITIZEN(FARMER)
2026-01-21 12:57:10,826 - [INFO] - [SYNC_SUCCESS] Synced Player 1: FARMER
2026-01-21 12:57:10,827 - [INFO] - [BOT_AI] [Bot 1] Synchronizing role: RANDOM -> FARMER
2026-01-21 12:57:10,827 - [INFO] - [BOT_AI] [Bot 1] AI Tree rebuilt for CITIZEN(FARMER)
2026-01-21 12:57:10,830 - [INFO] - [SYNC_SUCCESS] Synced Bot 1: FARMER
2026-01-21 12:57:10,835 - [INFO] - [BOT_AI] [Bot 2] Synchronizing role: RANDOM -> MAFIA
2026-01-21 12:57:10,835 - [INFO] - [BOT_AI] [Bot 2] AI Tree rebuilt for MAFIA(None)
2026-01-21 12:57:10,836 - [INFO] - [SYNC_SUCCESS] Synced Bot 2: MAFIA
2026-01-21 12:57:10,836 - [INFO] - [BOT_AI] [Bot 3] Synchronizing role: RANDOM -> FISHER
2026-01-21 12:57:10,836 - [INFO] - [BOT_AI] [Bot 3] AI Tree rebuilt for CITIZEN(FISHER)
2026-01-21 12:57:10,836 - [INFO] - [SYNC_SUCCESS] Synced Bot 3: FISHER
2026-01-21 12:57:10,836 - [INFO] - [BOT_AI] [Bot 4] Synchronizing role: RANDOM -> FISHER
2026-01-21 12:57:10,841 - [INFO] - [BOT_AI] [Bot 4] AI Tree rebuilt for CITIZEN(FISHER)
2026-01-21 12:57:10,845 - [INFO] - [SYNC_SUCCESS] Synced Bot 4: FISHER
2026-01-21 12:57:10,845 - [INFO] - [BOT_AI] [Bot 5] Synchronizing role: RANDOM -> MINER
2026-01-21 12:57:10,845 - [INFO] - [BOT_AI] [Bot 5] AI Tree rebuilt for CITIZEN(MINER)
2026-01-21 12:57:10,845 - [INFO] - [SYNC_SUCCESS] Synced Bot 5: MINER
2026-01-21 12:57:10,845 - [INFO] - [BOT_AI] [Bot 6] Synchronizing role: RANDOM -> FISHER
2026-01-21 12:57:10,845 - [INFO] - [BOT_AI] [Bot 6] AI Tree rebuilt for CITIZEN(FISHER)
2026-01-21 12:57:10,845 - [INFO] - [SYNC_SUCCESS] Synced Bot 6: FISHER
2026-01-21 12:57:10,847 - [INFO] - [BOT_AI] [Bot 7] Synchronizing role: RANDOM -> MAFIA
2026-01-21 12:57:10,847 - [INFO] - [BOT_AI] [Bot 7] AI Tree rebuilt for MAFIA(None)
2026-01-21 12:57:10,848 - [INFO] - [SYNC_SUCCESS] Synced Bot 7: MAFIA
2026-01-21 12:57:10,853 - [INFO] - [BOT_AI] [Bot 8] Synchronizing role: RANDOM -> FISHER
2026-01-21 12:57:10,854 - [INFO] - [BOT_AI] [Bot 8] AI Tree rebuilt for CITIZEN(FISHER)
2026-01-21 12:57:10,854 - [INFO] - [SYNC_SUCCESS] Synced Bot 8: FISHER
2026-01-21 12:57:10,854 - [INFO] - [BOT_AI] [Bot 9] Synchronizing role: RANDOM -> FISHER
2026-01-21 12:57:10,854 - [INFO] - [BOT_AI] [Bot 9] AI Tree rebuilt for CITIZEN(FISHER)
2026-01-21 12:57:10,860 - [INFO] - [SYNC_SUCCESS] Synced Bot 9: FISHER
2026-01-21 12:57:10,864 - [INFO] - [BOT_AI] [Bot 10] Synchronizing role: RANDOM -> MINER
2026-01-21 12:57:10,865 - [INFO] - [BOT_AI] [Bot 10] AI Tree rebuilt for CITIZEN(MINER)
2026-01-21 12:57:10,865 - [INFO] - [SYNC_SUCCESS] Synced Bot 10: MINER
2026-01-21 12:57:10,865 - [INFO] - [BOT_AI] [Bot 11] Synchronizing role: RANDOM -> FARMER
2026-01-21 12:57:10,865 - [INFO] - [BOT_AI] [Bot 11] AI Tree rebuilt for CITIZEN(FARMER)
2026-01-21 12:57:10,867 - [INFO] - [SYNC_SUCCESS] Synced Bot 11: FARMER
2026-01-21 12:57:10,872 - [INFO] - [BOT_AI] [Bot 12] Synchronizing role: RANDOM -> FARMER
2026-01-21 12:57:10,873 - [INFO] - [BOT_AI] [Bot 12] AI Tree rebuilt for CITIZEN(FARMER)
2026-01-21 12:57:10,873 - [INFO] - [SYNC_SUCCESS] Synced Bot 12: FARMER
2026-01-21 12:57:10,873 - [INFO] - [BOT_AI] [Bot 13] Synchronizing role: RANDOM -> FISHER
2026-01-21 12:57:10,873 - [INFO] - [BOT_AI] [Bot 13] AI Tree rebuilt for CITIZEN(FISHER)
2026-01-21 12:57:10,873 - [INFO] - [SYNC_SUCCESS] Synced Bot 13: FISHER
2026-01-21 12:57:10,873 - [INFO] - [BOT_AI] [Bot 14] Synchronizing role: RANDOM -> MAFIA
2026-01-21 12:57:10,879 - [INFO] - [BOT_AI] [Bot 14] AI Tree rebuilt for MAFIA(None)
2026-01-21 12:57:10,885 - [INFO] - [SYNC_SUCCESS] Synced Bot 14: MAFIA
2026-01-21 12:57:10,885 - [INFO] - [BOT_AI] [Bot 15] Synchronizing role: RANDOM -> MAFIA
2026-01-21 12:57:10,885 - [INFO] - [BOT_AI] [Bot 15] AI Tree rebuilt for MAFIA(None)
2026-01-21 12:57:10,885 - [INFO] - [SYNC_SUCCESS] Synced Bot 15: MAFIA
2026-01-21 12:57:10,886 - [INFO] - [BOT_AI] [Player 1] Synchronizing role: CITIZEN -> FARMER
2026-01-21 12:57:10,886 - [INFO] - [BOT_AI] [Player 1] AI Tree rebuilt for CITIZEN(FARMER)
2026-01-21 12:57:10,886 - [INFO] - [REALTIME_SYNC] Entity Player 1 -> FARMER
2026-01-21 12:57:10,886 - [INFO] - [BOT_AI] [Bot 1] Synchronizing role: CITIZEN -> FARMER
2026-01-21 12:57:10,886 - [INFO] - [BOT_AI] [Bot 1] AI Tree rebuilt for CITIZEN(FARMER)
2026-01-21 12:57:10,892 - [INFO] - [REALTIME_SYNC] Entity Bot 1 -> FARMER
2026-01-21 12:57:10,892 - [INFO] - [BOT_AI] [Bot 3] Synchronizing role: CITIZEN -> FISHER
2026-01-21 12:57:10,892 - [INFO] - [BOT_AI] [Bot 3] AI Tree rebuilt for CITIZEN(FISHER)
2026-01-21 12:57:10,893 - [INFO] - [REALTIME_SYNC] Entity Bot 3 -> FISHER
2026-01-21 12:57:10,893 - [INFO] - [BOT_AI] [Bot 4] Synchronizing role: CITIZEN -> FISHER
2026-01-21 12:57:10,899 - [INFO] - [BOT_AI] [Bot 4] AI Tree rebuilt for CITIZEN(FISHER)
2026-01-21 12:57:10,903 - [INFO] - [REALTIME_SYNC] Entity Bot 4 -> FISHER
2026-01-21 12:57:10,903 - [INFO] - [BOT_AI] [Bot 5] Synchronizing role: CITIZEN -> MINER
2026-01-21 12:57:10,903 - [INFO] - [BOT_AI] [Bot 5] AI Tree rebuilt for CITIZEN(MINER)
2026-01-21 12:57:10,903 - [INFO] - [REALTIME_SYNC] Entity Bot 5 -> MINER
2026-01-21 12:57:10,903 - [INFO] - [BOT_AI] [Bot 6] Synchronizing role: CITIZEN -> FISHER
2026-01-21 12:57:10,904 - [INFO] - [BOT_AI] [Bot 6] AI Tree rebuilt for CITIZEN(FISHER)
2026-01-21 12:57:10,904 - [INFO] - [REALTIME_SYNC] Entity Bot 6 -> FISHER
2026-01-21 12:57:10,904 - [INFO] - [BOT_AI] [Bot 8] Synchronizing role: CITIZEN -> FISHER
2026-01-21 12:57:10,904 - [INFO] - [BOT_AI] [Bot 8] AI Tree rebuilt for CITIZEN(FISHER)
2026-01-21 12:57:10,910 - [INFO] - [REALTIME_SYNC] Entity Bot 8 -> FISHER
2026-01-21 12:57:10,911 - [INFO] - [BOT_AI] [Bot 9] Synchronizing role: CITIZEN -> FISHER
2026-01-21 12:57:10,911 - [INFO] - [BOT_AI] [Bot 9] AI Tree rebuilt for CITIZEN(FISHER)
2026-01-21 12:57:10,911 - [INFO] - [REALTIME_SYNC] Entity Bot 9 -> FISHER
2026-01-21 12:57:10,911 - [INFO] - [BOT_AI] [Bot 10] Synchronizing role: CITIZEN -> MINER
2026-01-21 12:57:10,911 - [INFO] - [BOT_AI] [Bot 10] AI Tree rebuilt for CITIZEN(MINER)
2026-01-21 12:57:10,917 - [INFO] - [REALTIME_SYNC] Entity Bot 10 -> MINER
2026-01-21 12:57:10,921 - [INFO] - [BOT_AI] [Bot 11] Synchronizing role: CITIZEN -> FARMER
2026-01-21 12:57:10,922 - [INFO] - [BOT_AI] [Bot 11] AI Tree rebuilt for CITIZEN(FARMER)
2026-01-21 12:57:10,922 - [INFO] - [REALTIME_SYNC] Entity Bot 11 -> FARMER
2026-01-21 12:57:10,922 - [INFO] - [BOT_AI] [Bot 12] Synchronizing role: CITIZEN -> FARMER
2026-01-21 12:57:10,922 - [INFO] - [BOT_AI] [Bot 12] AI Tree rebuilt for CITIZEN(FARMER)
2026-01-21 12:57:10,922 - [INFO] - [REALTIME_SYNC] Entity Bot 12 -> FARMER
2026-01-21 12:57:10,922 - [INFO] - [BOT_AI] [Bot 13] Synchronizing role: CITIZEN -> FISHER
2026-01-21 12:57:10,922 - [INFO] - [BOT_AI] [Bot 13] AI Tree rebuilt for CITIZEN(FISHER)
2026-01-21 12:57:10,924 - [INFO] - [REALTIME_SYNC] Entity Bot 13 -> FISHER
2026-01-21 12:57:11,647 - [INFO] - [BOT_AI] [Player 1] Synchronizing role: CITIZEN -> FARMER
2026-01-21 12:57:11,653 - [INFO] - [BOT_AI] [Player 1] AI Tree rebuilt for CITIZEN(FARMER)
2026-01-21 12:57:11,653 - [INFO] - [REALTIME_SYNC] Entity Player 1 -> FARMER
2026-01-21 12:57:11,653 - [INFO] - [BOT_AI] [Bot 1] Synchronizing role: CITIZEN -> FARMER
2026-01-21 12:57:11,653 - [INFO] - [BOT_AI] [Bot 1] AI Tree rebuilt for CITIZEN(FARMER)
2026-01-21 12:57:11,653 - [INFO] - [REALTIME_SYNC] Entity Bot 1 -> FARMER
2026-01-21 12:57:11,654 - [INFO] - [BOT_AI] [Bot 3] Synchronizing role: CITIZEN -> FISHER
2026-01-21 12:57:11,654 - [INFO] - [BOT_AI] [Bot 3] AI Tree rebuilt for CITIZEN(FISHER)
2026-01-21 12:57:11,659 - [INFO] - [REALTIME_SYNC] Entity Bot 3 -> FISHER
2026-01-21 12:57:11,659 - [INFO] - [BOT_AI] [Bot 4] Synchronizing role: CITIZEN -> FISHER
2026-01-21 12:57:11,659 - [INFO] - [BOT_AI] [Bot 4] AI Tree rebuilt for CITIZEN(FISHER)
2026-01-21 12:57:11,659 - [INFO] - [REALTIME_SYNC] Entity Bot 4 -> FISHER
2026-01-21 12:57:11,664 - [INFO] - [BOT_AI] [Bot 5] Synchronizing role: CITIZEN -> MINER
2026-01-21 12:57:11,670 - [INFO] - [BOT_AI] [Bot 5] AI Tree rebuilt for CITIZEN(MINER)
2026-01-21 12:57:11,671 - [INFO] - [REALTIME_SYNC] Entity Bot 5 -> MINER
2026-01-21 12:57:11,671 - [INFO] - [BOT_AI] [Bot 6] Synchronizing role: CITIZEN -> FISHER
2026-01-21 12:57:11,671 - [INFO] - [BOT_AI] [Bot 6] AI Tree rebuilt for CITIZEN(FISHER)
2026-01-21 12:57:11,671 - [INFO] - [REALTIME_SYNC] Entity Bot 6 -> FISHER
2026-01-21 12:57:11,671 - [INFO] - [BOT_AI] [Bot 8] Synchronizing role: CITIZEN -> FISHER
2026-01-21 12:57:11,671 - [INFO] - [BOT_AI] [Bot 8] AI Tree rebuilt for CITIZEN(FISHER)
2026-01-21 12:57:11,676 - [INFO] - [REALTIME_SYNC] Entity Bot 8 -> FISHER
2026-01-21 12:57:11,676 - [INFO] - [BOT_AI] [Bot 9] Synchronizing role: CITIZEN -> FISHER
2026-01-21 12:57:11,676 - [INFO] - [BOT_AI] [Bot 9] AI Tree rebuilt for CITIZEN(FISHER)
2026-01-21 12:57:11,676 - [INFO] - [REALTIME_SYNC] Entity Bot 9 -> FISHER
2026-01-21 12:57:11,681 - [INFO] - [BOT_AI] [Bot 10] Synchronizing role: CITIZEN -> MINER
2026-01-21 12:57:11,687 - [INFO] - [BOT_AI] [Bot 10] AI Tree rebuilt for CITIZEN(MINER)
2026-01-21 12:57:11,689 - [INFO] - [REALTIME_SYNC] Entity Bot 10 -> MINER
2026-01-21 12:57:11,689 - [INFO] - [BOT_AI] [Bot 11] Synchronizing role: CITIZEN -> FARMER
2026-01-21 12:57:11,689 - [INFO] - [BOT_AI] [Bot 11] AI Tree rebuilt for CITIZEN(FARMER)
2026-01-21 12:57:11,689 - [INFO] - [REALTIME_SYNC] Entity Bot 11 -> FARMER
2026-01-21 12:57:11,689 - [INFO] - [BOT_AI] [Bot 12] Synchronizing role: CITIZEN -> FARMER
2026-01-21 12:57:11,689 - [INFO] - [BOT_AI] [Bot 12] AI Tree rebuilt for CITIZEN(FARMER)
2026-01-21 12:57:11,689 - [INFO] - [REALTIME_SYNC] Entity Bot 12 -> FARMER
2026-01-21 12:57:11,690 - [INFO] - [BOT_AI] [Bot 13] Synchronizing role: CITIZEN -> FISHER
2026-01-21 12:57:11,690 - [INFO] - [BOT_AI] [Bot 13] AI Tree rebuilt for CITIZEN(FISHER)
2026-01-21 12:57:11,695 - [INFO] - [REALTIME_SYNC] Entity Bot 13 -> FISHER
2026-01-21 12:57:12,664 - [INFO] - [BOT_AI] [Player 1] Synchronizing role: CITIZEN -> FARMER
2026-01-21 12:57:12,670 - [INFO] - [BOT_AI] [Player 1] AI Tree rebuilt for CITIZEN(FARMER)
2026-01-21 12:57:12,675 - [INFO] - [REALTIME_SYNC] Entity Player 1 -> FARMER
2026-01-21 12:57:12,680 - [INFO] - [BOT_AI] [Bot 1] Synchronizing role: CITIZEN -> FARMER
2026-01-21 12:57:12,687 - [INFO] - [BOT_AI] [Bot 1] AI Tree rebuilt for CITIZEN(FARMER)
2026-01-21 12:57:12,692 - [INFO] - [REALTIME_SYNC] Entity Bot 1 -> FARMER
2026-01-21 12:57:12,697 - [INFO] - [BOT_AI] [Bot 3] Synchronizing role: CITIZEN -> FISHER
2026-01-21 12:57:12,697 - [INFO] - [BOT_AI] [Bot 3] AI Tree rebuilt for CITIZEN(FISHER)
2026-01-21 12:57:12,697 - [INFO] - [REALTIME_SYNC] Entity Bot 3 -> FISHER
2026-01-21 12:57:12,698 - [INFO] - [BOT_AI] [Bot 4] Synchronizing role: CITIZEN -> FISHER
2026-01-21 12:57:12,698 - [INFO] - [BOT_AI] [Bot 4] AI Tree rebuilt for CITIZEN(FISHER)
2026-01-21 12:57:12,698 - [INFO] - [REALTIME_SYNC] Entity Bot 4 -> FISHER
2026-01-21 12:57:12,698 - [INFO] - [BOT_AI] [Bot 5] Synchronizing role: CITIZEN -> MINER
2026-01-21 12:57:12,698 - [INFO] - [BOT_AI] [Bot 5] AI Tree rebuilt for CITIZEN(MINER)
2026-01-21 12:57:12,698 - [INFO] - [REALTIME_SYNC] Entity Bot 5 -> MINER
2026-01-21 12:57:12,698 - [INFO] - [BOT_AI] [Bot 6] Synchronizing role: CITIZEN -> FISHER
2026-01-21 12:57:12,698 - [INFO] - [BOT_AI] [Bot 6] AI Tree rebuilt for CITIZEN(FISHER)
2026-01-21 12:57:12,698 - [INFO] - [REALTIME_SYNC] Entity Bot 6 -> FISHER
2026-01-21 12:57:12,698 - [INFO] - [BOT_AI] [Bot 8] Synchronizing role: CITIZEN -> FISHER
2026-01-21 12:57:12,698 - [INFO] - [BOT_AI] [Bot 8] AI Tree rebuilt for CITIZEN(FISHER)
2026-01-21 12:57:12,698 - [INFO] - [REALTIME_SYNC] Entity Bot 8 -> FISHER
2026-01-21 12:57:12,698 - [INFO] - [BOT_AI] [Bot 9] Synchronizing role: CITIZEN -> FISHER
2026-01-21 12:57:12,699 - [INFO] - [BOT_AI] [Bot 9] AI Tree rebuilt for CITIZEN(FISHER)
2026-01-21 12:57:12,699 - [INFO] - [REALTIME_SYNC] Entity Bot 9 -> FISHER
2026-01-21 12:57:12,699 - [INFO] - [BOT_AI] [Bot 10] Synchronizing role: CITIZEN -> MINER
2026-01-21 12:57:12,699 - [INFO] - [BOT_AI] [Bot 10] AI Tree rebuilt for CITIZEN(MINER)
2026-01-21 12:57:12,699 - [INFO] - [REALTIME_SYNC] Entity Bot 10 -> MINER
2026-01-21 12:57:12,699 - [INFO] - [BOT_AI] [Bot 11] Synchronizing role: CITIZEN -> FARMER
2026-01-21 12:57:12,699 - [INFO] - [BOT_AI] [Bot 11] AI Tree rebuilt for CITIZEN(FARMER)
2026-01-21 12:57:12,699 - [INFO] - [REALTIME_SYNC] Entity Bot 11 -> FARMER
2026-01-21 12:57:12,699 - [INFO] - [BOT_AI] [Bot 12] Synchronizing role: CITIZEN -> FARMER
2026-01-21 12:57:12,699 - [INFO] - [BOT_AI] [Bot 12] AI Tree rebuilt for CITIZEN(FARMER)
2026-01-21 12:57:12,705 - [INFO] - [REALTIME_SYNC] Entity Bot 12 -> FARMER
2026-01-21 12:57:12,705 - [INFO] - [BOT_AI] [Bot 13] Synchronizing role: CITIZEN -> FISHER
2026-01-21 12:57:12,705 - [INFO] - [BOT_AI] [Bot 13] AI Tree rebuilt for CITIZEN(FISHER)
2026-01-21 12:57:12,705 - [INFO] - [REALTIME_SYNC] Entity Bot 13 -> FISHER
2026-01-21 12:57:13,657 - [INFO] - [BOT_AI] [Player 1] Synchronizing role: CITIZEN -> FARMER
2026-01-21 12:57:13,662 - [INFO] - [BOT_AI] [Player 1] AI Tree rebuilt for CITIZEN(FARMER)
2026-01-21 12:57:13,668 - [INFO] - [REALTIME_SYNC] Entity Player 1 -> FARMER
2026-01-21 12:57:13,674 - [INFO] - [BOT_AI] [Bot 1] Synchronizing role: CITIZEN -> FARMER
2026-01-21 12:57:13,679 - [INFO] - [BOT_AI] [Bot 1] AI Tree rebuilt for CITIZEN(FARMER)
2026-01-21 12:57:13,685 - [INFO] - [REALTIME_SYNC] Entity Bot 1 -> FARMER
2026-01-21 12:57:13,689 - [INFO] - [BOT_AI] [Bot 3] Synchronizing role: CITIZEN -> FISHER
2026-01-21 12:57:13,689 - [INFO] - [BOT_AI] [Bot 3] AI Tree rebuilt for CITIZEN(FISHER)
2026-01-21 12:57:13,689 - [INFO] - [REALTIME_SYNC] Entity Bot 3 -> FISHER
2026-01-21 12:57:13,689 - [INFO] - [BOT_AI] [Bot 4] Synchronizing role: CITIZEN -> FISHER
2026-01-21 12:57:13,689 - [INFO] - [BOT_AI] [Bot 4] AI Tree rebuilt for CITIZEN(FISHER)
2026-01-21 12:57:13,690 - [INFO] - [REALTIME_SYNC] Entity Bot 4 -> FISHER
2026-01-21 12:57:13,690 - [INFO] - [BOT_AI] [Bot 5] Synchronizing role: CITIZEN -> MINER
2026-01-21 12:57:13,690 - [INFO] - [BOT_AI] [Bot 5] AI Tree rebuilt for CITIZEN(MINER)
2026-01-21 12:57:13,690 - [INFO] - [REALTIME_SYNC] Entity Bot 5 -> MINER
2026-01-21 12:57:13,690 - [INFO] - [BOT_AI] [Bot 6] Synchronizing role: CITIZEN -> FISHER
2026-01-21 12:57:13,690 - [INFO] - [BOT_AI] [Bot 6] AI Tree rebuilt for CITIZEN(FISHER)
2026-01-21 12:57:13,690 - [INFO] - [REALTIME_SYNC] Entity Bot 6 -> FISHER
2026-01-21 12:57:13,690 - [INFO] - [BOT_AI] [Bot 8] Synchronizing role: CITIZEN -> FISHER
2026-01-21 12:57:13,690 - [INFO] - [BOT_AI] [Bot 8] AI Tree rebuilt for CITIZEN(FISHER)
2026-01-21 12:57:13,690 - [INFO] - [REALTIME_SYNC] Entity Bot 8 -> FISHER
2026-01-21 12:57:13,690 - [INFO] - [BOT_AI] [Bot 9] Synchronizing role: CITIZEN -> FISHER
2026-01-21 12:57:13,691 - [INFO] - [BOT_AI] [Bot 9] AI Tree rebuilt for CITIZEN(FISHER)
2026-01-21 12:57:13,691 - [INFO] - [REALTIME_SYNC] Entity Bot 9 -> FISHER
2026-01-21 12:57:13,691 - [INFO] - [BOT_AI] [Bot 10] Synchronizing role: CITIZEN -> MINER
2026-01-21 12:57:13,691 - [INFO] - [BOT_AI] [Bot 10] AI Tree rebuilt for CITIZEN(MINER)
2026-01-21 12:57:13,697 - [INFO] - [REALTIME_SYNC] Entity Bot 10 -> MINER
2026-01-21 12:57:13,697 - [INFO] - [BOT_AI] [Bot 11] Synchronizing role: CITIZEN -> FARMER
2026-01-21 12:57:13,697 - [INFO] - [BOT_AI] [Bot 11] AI Tree rebuilt for CITIZEN(FARMER)
2026-01-21 12:57:13,703 - [INFO] - [REALTIME_SYNC] Entity Bot 11 -> FARMER
2026-01-21 12:57:13,708 - [INFO] - [BOT_AI] [Bot 12] Synchronizing role: CITIZEN -> FARMER
2026-01-21 12:57:13,714 - [INFO] - [BOT_AI] [Bot 12] AI Tree rebuilt for CITIZEN(FARMER)
2026-01-21 12:57:13,720 - [INFO] - [REALTIME_SYNC] Entity Bot 12 -> FARMER
2026-01-21 12:57:13,726 - [INFO] - [BOT_AI] [Bot 13] Synchronizing role: CITIZEN -> FISHER
2026-01-21 12:57:13,731 - [INFO] - [BOT_AI] [Bot 13] AI Tree rebuilt for CITIZEN(FISHER)
2026-01-21 12:57:13,735 - [INFO] - [REALTIME_SYNC] Entity Bot 13 -> FISHER
2026-01-21 12:57:14,701 - [INFO] - [BOT_AI] [Player 1] Synchronizing role: CITIZEN -> FARMER
2026-01-21 12:57:14,707 - [INFO] - [BOT_AI] [Player 1] AI Tree rebuilt for CITIZEN(FARMER)
2026-01-21 12:57:14,712 - [INFO] - [REALTIME_SYNC] Entity Player 1 -> FARMER
2026-01-21 12:57:14,718 - [INFO] - [BOT_AI] [Bot 1] Synchronizing role: CITIZEN -> FARMER
2026-01-21 12:57:14,723 - [INFO] - [BOT_AI] [Bot 1] AI Tree rebuilt for CITIZEN(FARMER)
2026-01-21 12:57:14,728 - [INFO] - [REALTIME_SYNC] Entity Bot 1 -> FARMER
2026-01-21 12:57:14,734 - [INFO] - [BOT_AI] [Bot 3] Synchronizing role: CITIZEN -> FISHER
2026-01-21 12:57:14,734 - [INFO] - [BOT_AI] [Bot 3] AI Tree rebuilt for CITIZEN(FISHER)
2026-01-21 12:57:14,734 - [INFO] - [REALTIME_SYNC] Entity Bot 3 -> FISHER
2026-01-21 12:57:14,734 - [INFO] - [BOT_AI] [Bot 4] Synchronizing role: CITIZEN -> FISHER
2026-01-21 12:57:14,734 - [INFO] - [BOT_AI] [Bot 4] AI Tree rebuilt for CITIZEN(FISHER)
2026-01-21 12:57:14,735 - [INFO] - [REALTIME_SYNC] Entity Bot 4 -> FISHER
2026-01-21 12:57:14,735 - [INFO] - [BOT_AI] [Bot 5] Synchronizing role: CITIZEN -> MINER
2026-01-21 12:57:14,735 - [INFO] - [BOT_AI] [Bot 5] AI Tree rebuilt for CITIZEN(MINER)
2026-01-21 12:57:14,735 - [INFO] - [REALTIME_SYNC] Entity Bot 5 -> MINER
2026-01-21 12:57:14,735 - [INFO] - [BOT_AI] [Bot 6] Synchronizing role: CITIZEN -> FISHER
2026-01-21 12:57:14,735 - [INFO] - [BOT_AI] [Bot 6] AI Tree rebuilt for CITIZEN(FISHER)
2026-01-21 12:57:14,735 - [INFO] - [REALTIME_SYNC] Entity Bot 6 -> FISHER
2026-01-21 12:57:14,735 - [INFO] - [BOT_AI] [Bot 8] Synchronizing role: CITIZEN -> FISHER
2026-01-21 12:57:14,735 - [INFO] - [BOT_AI] [Bot 8] AI Tree rebuilt for CITIZEN(FISHER)
2026-01-21 12:57:14,735 - [INFO] - [REALTIME_SYNC] Entity Bot 8 -> FISHER
2026-01-21 12:57:14,735 - [INFO] - [BOT_AI] [Bot 9] Synchronizing role: CITIZEN -> FISHER
2026-01-21 12:57:14,735 - [INFO] - [BOT_AI] [Bot 9] AI Tree rebuilt for CITIZEN(FISHER)
2026-01-21 12:57:14,736 - [INFO] - [REALTIME_SYNC] Entity Bot 9 -> FISHER
2026-01-21 12:57:14,736 - [INFO] - [BOT_AI] [Bot 10] Synchronizing role: CITIZEN -> MINER
2026-01-21 12:57:14,736 - [INFO] - [BOT_AI] [Bot 10] AI Tree rebuilt for CITIZEN(MINER)
2026-01-21 12:57:14,736 - [INFO] - [REALTIME_SYNC] Entity Bot 10 -> MINER
2026-01-21 12:57:14,736 - [INFO] - [BOT_AI] [Bot 11] Synchronizing role: CITIZEN -> FARMER
2026-01-21 12:57:14,736 - [INFO] - [BOT_AI] [Bot 11] AI Tree rebuilt for CITIZEN(FARMER)
2026-01-21 12:57:14,741 - [INFO] - [REALTIME_SYNC] Entity Bot 11 -> FARMER
2026-01-21 12:57:14,741 - [INFO] - [BOT_AI] [Bot 12] Synchronizing role: CITIZEN -> FARMER
2026-01-21 12:57:14,741 - [INFO] - [BOT_AI] [Bot 12] AI Tree rebuilt for CITIZEN(FARMER)
2026-01-21 12:57:14,741 - [INFO] - [REALTIME_SYNC] Entity Bot 12 -> FARMER
2026-01-21 12:57:14,741 - [INFO] - [BOT_AI] [Bot 13] Synchronizing role: CITIZEN -> FISHER
2026-01-21 12:57:14,748 - [INFO] - [BOT_AI] [Bot 13] AI Tree rebuilt for CITIZEN(FISHER)
2026-01-21 12:57:14,755 - [INFO] - [REALTIME_SYNC] Entity Bot 13 -> FISHER
2026-01-21 12:57:15,678 - [INFO] - [BOT_AI] [Player 1] Synchronizing role: CITIZEN -> FARMER
2026-01-21 12:57:15,683 - [INFO] - [BOT_AI] [Player 1] AI Tree rebuilt for CITIZEN(FARMER)
2026-01-21 12:57:15,688 - [INFO] - [REALTIME_SYNC] Entity Player 1 -> FARMER
2026-01-21 12:57:15,694 - [INFO] - [BOT_AI] [Bot 1] Synchronizing role: CITIZEN -> FARMER
2026-01-21 12:57:15,700 - [INFO] - [BOT_AI] [Bot 1] AI Tree rebuilt for CITIZEN(FARMER)
2026-01-21 12:57:15,706 - [INFO] - [REALTIME_SYNC] Entity Bot 1 -> FARMER
2026-01-21 12:57:15,709 - [INFO] - [BOT_AI] [Bot 3] Synchronizing role: CITIZEN -> FISHER
2026-01-21 12:57:15,709 - [INFO] - [BOT_AI] [Bot 3] AI Tree rebuilt for CITIZEN(FISHER)
2026-01-21 12:57:15,709 - [INFO] - [REALTIME_SYNC] Entity Bot 3 -> FISHER
2026-01-21 12:57:15,709 - [INFO] - [BOT_AI] [Bot 4] Synchronizing role: CITIZEN -> FISHER
2026-01-21 12:57:15,709 - [INFO] - [BOT_AI] [Bot 4] AI Tree rebuilt for CITIZEN(FISHER)
2026-01-21 12:57:15,709 - [INFO] - [REALTIME_SYNC] Entity Bot 4 -> FISHER
2026-01-21 12:57:15,710 - [INFO] - [BOT_AI] [Bot 5] Synchronizing role: CITIZEN -> MINER
2026-01-21 12:57:15,710 - [INFO] - [BOT_AI] [Bot 5] AI Tree rebuilt for CITIZEN(MINER)
2026-01-21 12:57:15,710 - [INFO] - [REALTIME_SYNC] Entity Bot 5 -> MINER
2026-01-21 12:57:15,710 - [INFO] - [BOT_AI] [Bot 6] Synchronizing role: CITIZEN -> FISHER
2026-01-21 12:57:15,710 - [INFO] - [BOT_AI] [Bot 6] AI Tree rebuilt for CITIZEN(FISHER)
2026-01-21 12:57:15,710 - [INFO] - [REALTIME_SYNC] Entity Bot 6 -> FISHER
2026-01-21 12:57:15,710 - [INFO] - [BOT_AI] [Bot 8] Synchronizing role: CITIZEN -> FISHER
2026-01-21 12:57:15,710 - [INFO] - [BOT_AI] [Bot 8] AI Tree rebuilt for CITIZEN(FISHER)
2026-01-21 12:57:15,710 - [INFO] - [REALTIME_SYNC] Entity Bot 8 -> FISHER
2026-01-21 12:57:15,710 - [INFO] - [BOT_AI] [Bot 9] Synchronizing role: CITIZEN -> FISHER
2026-01-21 12:57:15,710 - [INFO] - [BOT_AI] [Bot 9] AI Tree rebuilt for CITIZEN(FISHER)
2026-01-21 12:57:15,711 - [INFO] - [REALTIME_SYNC] Entity Bot 9 -> FISHER
2026-01-21 12:57:15,711 - [INFO] - [BOT_AI] [Bot 10] Synchronizing role: CITIZEN -> MINER
2026-01-21 12:57:15,711 - [INFO] - [BOT_AI] [Bot 10] AI Tree rebuilt for CITIZEN(MINER)
2026-01-21 12:57:15,717 - [INFO] - [REALTIME_SYNC] Entity Bot 10 -> MINER
2026-01-21 12:57:15,717 - [INFO] - [BOT_AI] [Bot 11] Synchronizing role: CITIZEN -> FARMER
2026-01-21 12:57:15,717 - [INFO] - [BOT_AI] [Bot 11] AI Tree rebuilt for CITIZEN(FARMER)
2026-01-21 12:57:15,722 - [INFO] - [REALTIME_SYNC] Entity Bot 11 -> FARMER
2026-01-21 12:57:15,727 - [INFO] - [BOT_AI] [Bot 12] Synchronizing role: CITIZEN -> FARMER
2026-01-21 12:57:15,732 - [INFO] - [BOT_AI] [Bot 12] AI Tree rebuilt for CITIZEN(FARMER)
2026-01-21 12:57:15,738 - [INFO] - [REALTIME_SYNC] Entity Bot 12 -> FARMER
2026-01-21 12:57:15,743 - [INFO] - [BOT_AI] [Bot 13] Synchronizing role: CITIZEN -> FISHER
2026-01-21 12:57:15,748 - [INFO] - [BOT_AI] [Bot 13] AI Tree rebuilt for CITIZEN(FISHER)
2026-01-21 12:57:15,754 - [INFO] - [REALTIME_SYNC] Entity Bot 13 -> FISHER
2026-01-21 12:57:16,685 - [INFO] - [BOT_AI] [Player 1] Synchronizing role: CITIZEN -> FARMER
2026-01-21 12:57:16,690 - [INFO] - [BOT_AI] [Player 1] AI Tree rebuilt for CITIZEN(FARMER)
2026-01-21 12:57:16,695 - [INFO] - [REALTIME_SYNC] Entity Player 1 -> FARMER
2026-01-21 12:57:16,701 - [INFO] - [BOT_AI] [Bot 1] Synchronizing role: CITIZEN -> FARMER
2026-01-21 12:57:16,706 - [INFO] - [BOT_AI] [Bot 1] AI Tree rebuilt for CITIZEN(FARMER)
2026-01-21 12:57:16,711 - [INFO] - [REALTIME_SYNC] Entity Bot 1 -> FARMER
2026-01-21 12:57:16,716 - [INFO] - [BOT_AI] [Bot 3] Synchronizing role: CITIZEN -> FISHER
2026-01-21 12:57:16,719 - [INFO] - [BOT_AI] [Bot 3] AI Tree rebuilt for CITIZEN(FISHER)
2026-01-21 12:57:16,719 - [INFO] - [REALTIME_SYNC] Entity Bot 3 -> FISHER
2026-01-21 12:57:16,719 - [INFO] - [BOT_AI] [Bot 4] Synchronizing role: CITIZEN -> FISHER
2026-01-21 12:57:16,719 - [INFO] - [BOT_AI] [Bot 4] AI Tree rebuilt for CITIZEN(FISHER)
2026-01-21 12:57:16,719 - [INFO] - [REALTIME_SYNC] Entity Bot 4 -> FISHER
2026-01-21 12:57:16,719 - [INFO] - [BOT_AI] [Bot 5] Synchronizing role: CITIZEN -> MINER
2026-01-21 12:57:16,719 - [INFO] - [BOT_AI] [Bot 5] AI Tree rebuilt for CITIZEN(MINER)
2026-01-21 12:57:16,719 - [INFO] - [REALTIME_SYNC] Entity Bot 5 -> MINER
2026-01-21 12:57:16,720 - [INFO] - [BOT_AI] [Bot 6] Synchronizing role: CITIZEN -> FISHER
2026-01-21 12:57:16,720 - [INFO] - [BOT_AI] [Bot 6] AI Tree rebuilt for CITIZEN(FISHER)
2026-01-21 12:57:16,720 - [INFO] - [REALTIME_SYNC] Entity Bot 6 -> FISHER
2026-01-21 12:57:16,720 - [INFO] - [BOT_AI] [Bot 8] Synchronizing role: CITIZEN -> FISHER
2026-01-21 12:57:16,720 - [INFO] - [BOT_AI] [Bot 8] AI Tree rebuilt for CITIZEN(FISHER)
2026-01-21 12:57:16,720 - [INFO] - [REALTIME_SYNC] Entity Bot 8 -> FISHER
2026-01-21 12:57:16,720 - [INFO] - [BOT_AI] [Bot 9] Synchronizing role: CITIZEN -> FISHER
2026-01-21 12:57:16,720 - [INFO] - [BOT_AI] [Bot 9] AI Tree rebuilt for CITIZEN(FISHER)
2026-01-21 12:57:16,720 - [INFO] - [REALTIME_SYNC] Entity Bot 9 -> FISHER
2026-01-21 12:57:16,720 - [INFO] - [BOT_AI] [Bot 10] Synchronizing role: CITIZEN -> MINER
2026-01-21 12:57:16,721 - [INFO] - [BOT_AI] [Bot 10] AI Tree rebuilt for CITIZEN(MINER)
2026-01-21 12:57:16,726 - [INFO] - [REALTIME_SYNC] Entity Bot 10 -> MINER
2026-01-21 12:57:16,726 - [INFO] - [BOT_AI] [Bot 11] Synchronizing role: CITIZEN -> FARMER
2026-01-21 12:57:16,726 - [INFO] - [BOT_AI] [Bot 11] AI Tree rebuilt for CITIZEN(FARMER)
2026-01-21 12:57:16,726 - [INFO] - [REALTIME_SYNC] Entity Bot 11 -> FARMER
2026-01-21 12:57:16,732 - [INFO] - [BOT_AI] [Bot 12] Synchronizing role: CITIZEN -> FARMER
2026-01-21 12:57:16,737 - [INFO] - [BOT_AI] [Bot 12] AI Tree rebuilt for CITIZEN(FARMER)
2026-01-21 12:57:16,742 - [INFO] - [REALTIME_SYNC] Entity Bot 12 -> FARMER
2026-01-21 12:57:16,748 - [INFO] - [BOT_AI] [Bot 13] Synchronizing role: CITIZEN -> FISHER
2026-01-21 12:57:16,754 - [INFO] - [BOT_AI] [Bot 13] AI Tree rebuilt for CITIZEN(FISHER)
2026-01-21 12:57:16,759 - [INFO] - [REALTIME_SYNC] Entity Bot 13 -> FISHER
2026-01-21 12:57:17,694 - [INFO] - [BOT_AI] [Player 1] Synchronizing role: CITIZEN -> FARMER
2026-01-21 12:57:17,700 - [INFO] - [BOT_AI] [Player 1] AI Tree rebuilt for CITIZEN(FARMER)
2026-01-21 12:57:17,705 - [INFO] - [REALTIME_SYNC] Entity Player 1 -> FARMER
2026-01-21 12:57:17,710 - [INFO] - [BOT_AI] [Bot 1] Synchronizing role: CITIZEN -> FARMER
2026-01-21 12:57:17,716 - [INFO] - [BOT_AI] [Bot 1] AI Tree rebuilt for CITIZEN(FARMER)
2026-01-21 12:57:17,722 - [INFO] - [REALTIME_SYNC] Entity Bot 1 -> FARMER
2026-01-21 12:57:17,727 - [INFO] - [BOT_AI] [Bot 3] Synchronizing role: CITIZEN -> FISHER
2026-01-21 12:57:17,728 - [INFO] - [BOT_AI] [Bot 3] AI Tree rebuilt for CITIZEN(FISHER)
2026-01-21 12:57:17,729 - [INFO] - [REALTIME_SYNC] Entity Bot 3 -> FISHER
2026-01-21 12:57:17,729 - [INFO] - [BOT_AI] [Bot 4] Synchronizing role: CITIZEN -> FISHER
2026-01-21 12:57:17,729 - [INFO] - [BOT_AI] [Bot 4] AI Tree rebuilt for CITIZEN(FISHER)
2026-01-21 12:57:17,729 - [INFO] - [REALTIME_SYNC] Entity Bot 4 -> FISHER
2026-01-21 12:57:17,729 - [INFO] - [BOT_AI] [Bot 5] Synchronizing role: CITIZEN -> MINER
2026-01-21 12:57:17,729 - [INFO] - [BOT_AI] [Bot 5] AI Tree rebuilt for CITIZEN(MINER)
2026-01-21 12:57:17,729 - [INFO] - [REALTIME_SYNC] Entity Bot 5 -> MINER
2026-01-21 12:57:17,729 - [INFO] - [BOT_AI] [Bot 6] Synchronizing role: CITIZEN -> FISHER
2026-01-21 12:57:17,729 - [INFO] - [BOT_AI] [Bot 6] AI Tree rebuilt for CITIZEN(FISHER)
2026-01-21 12:57:17,729 - [INFO] - [REALTIME_SYNC] Entity Bot 6 -> FISHER
2026-01-21 12:57:17,729 - [INFO] - [BOT_AI] [Bot 8] Synchronizing role: CITIZEN -> FISHER
2026-01-21 12:57:17,729 - [INFO] - [BOT_AI] [Bot 8] AI Tree rebuilt for CITIZEN(FISHER)
2026-01-21 12:57:17,729 - [INFO] - [REALTIME_SYNC] Entity Bot 8 -> FISHER
2026-01-21 12:57:17,730 - [INFO] - [BOT_AI] [Bot 9] Synchronizing role: CITIZEN -> FISHER
2026-01-21 12:57:17,730 - [INFO] - [BOT_AI] [Bot 9] AI Tree rebuilt for CITIZEN(FISHER)
2026-01-21 12:57:17,730 - [INFO] - [REALTIME_SYNC] Entity Bot 9 -> FISHER
2026-01-21 12:57:17,730 - [INFO] - [BOT_AI] [Bot 10] Synchronizing role: CITIZEN -> MINER
2026-01-21 12:57:17,730 - [INFO] - [BOT_AI] [Bot 10] AI Tree rebuilt for CITIZEN(MINER)
2026-01-21 12:57:17,730 - [INFO] - [REALTIME_SYNC] Entity Bot 10 -> MINER
2026-01-21 12:57:17,730 - [INFO] - [BOT_AI] [Bot 11] Synchronizing role: CITIZEN -> FARMER
2026-01-21 12:57:17,730 - [INFO] - [BOT_AI] [Bot 11] AI Tree rebuilt for CITIZEN(FARMER)
2026-01-21 12:57:17,730 - [INFO] - [REALTIME_SYNC] Entity Bot 11 -> FARMER
2026-01-21 12:57:17,730 - [INFO] - [BOT_AI] [Bot 12] Synchronizing role: CITIZEN -> FARMER
2026-01-21 12:57:17,730 - [INFO] - [BOT_AI] [Bot 12] AI Tree rebuilt for CITIZEN(FARMER)
2026-01-21 12:57:17,730 - [INFO] - [REALTIME_SYNC] Entity Bot 12 -> FARMER
2026-01-21 12:57:17,730 - [INFO] - [BOT_AI] [Bot 13] Synchronizing role: CITIZEN -> FISHER
2026-01-21 12:57:17,730 - [INFO] - [BOT_AI] [Bot 13] AI Tree rebuilt for CITIZEN(FISHER)
2026-01-21 12:57:17,730 - [INFO] - [REALTIME_SYNC] Entity Bot 13 -> FISHER
2026-01-21 12:57:18,679 - [INFO] - [BOT_AI] [Player 1] Synchronizing role: CITIZEN -> FARMER
2026-01-21 12:57:18,685 - [INFO] - [BOT_AI] [Player 1] AI Tree rebuilt for CITIZEN(FARMER)
2026-01-21 12:57:18,690 - [INFO] - [REALTIME_SYNC] Entity Player 1 -> FARMER
2026-01-21 12:57:18,695 - [INFO] - [BOT_AI] [Bot 1] Synchronizing role: CITIZEN -> FARMER
2026-01-21 12:57:18,701 - [INFO] - [BOT_AI] [Bot 1] AI Tree rebuilt for CITIZEN(FARMER)
2026-01-21 12:57:18,707 - [INFO] - [REALTIME_SYNC] Entity Bot 1 -> FARMER
2026-01-21 12:57:18,712 - [INFO] - [BOT_AI] [Bot 3] Synchronizing role: CITIZEN -> FISHER
2026-01-21 12:57:18,712 - [INFO] - [BOT_AI] [Bot 3] AI Tree rebuilt for CITIZEN(FISHER)
2026-01-21 12:57:18,712 - [INFO] - [REALTIME_SYNC] Entity Bot 3 -> FISHER
2026-01-21 12:57:18,712 - [INFO] - [BOT_AI] [Bot 4] Synchronizing role: CITIZEN -> FISHER
2026-01-21 12:57:18,712 - [INFO] - [BOT_AI] [Bot 4] AI Tree rebuilt for CITIZEN(FISHER)
2026-01-21 12:57:18,712 - [INFO] - [REALTIME_SYNC] Entity Bot 4 -> FISHER
2026-01-21 12:57:18,713 - [INFO] - [BOT_AI] [Bot 5] Synchronizing role: CITIZEN -> MINER
2026-01-21 12:57:18,713 - [INFO] - [BOT_AI] [Bot 5] AI Tree rebuilt for CITIZEN(MINER)
2026-01-21 12:57:18,713 - [INFO] - [REALTIME_SYNC] Entity Bot 5 -> MINER
2026-01-21 12:57:18,713 - [INFO] - [BOT_AI] [Bot 6] Synchronizing role: CITIZEN -> FISHER
2026-01-21 12:57:18,713 - [INFO] - [BOT_AI] [Bot 6] AI Tree rebuilt for CITIZEN(FISHER)
2026-01-21 12:57:18,713 - [INFO] - [REALTIME_SYNC] Entity Bot 6 -> FISHER
2026-01-21 12:57:18,713 - [INFO] - [BOT_AI] [Bot 8] Synchronizing role: CITIZEN -> FISHER
2026-01-21 12:57:18,713 - [INFO] - [BOT_AI] [Bot 8] AI Tree rebuilt for CITIZEN(FISHER)
2026-01-21 12:57:18,713 - [INFO] - [REALTIME_SYNC] Entity Bot 8 -> FISHER
2026-01-21 12:57:18,713 - [INFO] - [BOT_AI] [Bot 9] Synchronizing role: CITIZEN -> FISHER
2026-01-21 12:57:18,714 - [INFO] - [BOT_AI] [Bot 9] AI Tree rebuilt for CITIZEN(FISHER)
2026-01-21 12:57:18,714 - [INFO] - [REALTIME_SYNC] Entity Bot 9 -> FISHER
2026-01-21 12:57:18,714 - [INFO] - [BOT_AI] [Bot 10] Synchronizing role: CITIZEN -> MINER
2026-01-21 12:57:18,720 - [INFO] - [BOT_AI] [Bot 10] AI Tree rebuilt for CITIZEN(MINER)
2026-01-21 12:57:18,720 - [INFO] - [REALTIME_SYNC] Entity Bot 10 -> MINER
2026-01-21 12:57:18,720 - [INFO] - [BOT_AI] [Bot 11] Synchronizing role: CITIZEN -> FARMER
2026-01-21 12:57:18,720 - [INFO] - [BOT_AI] [Bot 11] AI Tree rebuilt for CITIZEN(FARMER)
2026-01-21 12:57:18,720 - [INFO] - [REALTIME_SYNC] Entity Bot 11 -> FARMER
2026-01-21 12:57:18,720 - [INFO] - [BOT_AI] [Bot 12] Synchronizing role: CITIZEN -> FARMER
2026-01-21 12:57:18,726 - [INFO] - [BOT_AI] [Bot 12] AI Tree rebuilt for CITIZEN(FARMER)
2026-01-21 12:57:18,732 - [INFO] - [REALTIME_SYNC] Entity Bot 12 -> FARMER
2026-01-21 12:57:18,738 - [INFO] - [BOT_AI] [Bot 13] Synchronizing role: CITIZEN -> FISHER
2026-01-21 12:57:18,744 - [INFO] - [BOT_AI] [Bot 13] AI Tree rebuilt for CITIZEN(FISHER)
2026-01-21 12:57:18,749 - [INFO] - [REALTIME_SYNC] Entity Bot 13 -> FISHER
2026-01-21 12:57:19,697 - [INFO] - [BOT_AI] [Player 1] Synchronizing role: CITIZEN -> FARMER
2026-01-21 12:57:19,702 - [INFO] - [BOT_AI] [Player 1] AI Tree rebuilt for CITIZEN(FARMER)
2026-01-21 12:57:19,707 - [INFO] - [REALTIME_SYNC] Entity Player 1 -> FARMER
2026-01-21 12:57:19,713 - [INFO] - [BOT_AI] [Bot 1] Synchronizing role: CITIZEN -> FARMER
2026-01-21 12:57:19,718 - [INFO] - [BOT_AI] [Bot 1] AI Tree rebuilt for CITIZEN(FARMER)
2026-01-21 12:57:19,723 - [INFO] - [REALTIME_SYNC] Entity Bot 1 -> FARMER
2026-01-21 12:57:19,729 - [INFO] - [BOT_AI] [Bot 3] Synchronizing role: CITIZEN -> FISHER
2026-01-21 12:57:19,733 - [INFO] - [BOT_AI] [Bot 3] AI Tree rebuilt for CITIZEN(FISHER)
2026-01-21 12:57:19,733 - [INFO] - [REALTIME_SYNC] Entity Bot 3 -> FISHER
2026-01-21 12:57:19,734 - [INFO] - [BOT_AI] [Bot 4] Synchronizing role: CITIZEN -> FISHER
2026-01-21 12:57:19,734 - [INFO] - [BOT_AI] [Bot 4] AI Tree rebuilt for CITIZEN(FISHER)
2026-01-21 12:57:19,734 - [INFO] - [REALTIME_SYNC] Entity Bot 4 -> FISHER
2026-01-21 12:57:19,734 - [INFO] - [BOT_AI] [Bot 5] Synchronizing role: CITIZEN -> MINER
2026-01-21 12:57:19,734 - [INFO] - [BOT_AI] [Bot 5] AI Tree rebuilt for CITIZEN(MINER)
2026-01-21 12:57:19,734 - [INFO] - [REALTIME_SYNC] Entity Bot 5 -> MINER
2026-01-21 12:57:19,734 - [INFO] - [BOT_AI] [Bot 6] Synchronizing role: CITIZEN -> FISHER
2026-01-21 12:57:19,734 - [INFO] - [BOT_AI] [Bot 6] AI Tree rebuilt for CITIZEN(FISHER)
2026-01-21 12:57:19,734 - [INFO] - [REALTIME_SYNC] Entity Bot 6 -> FISHER
2026-01-21 12:57:19,734 - [INFO] - [BOT_AI] [Bot 8] Synchronizing role: CITIZEN -> FISHER
2026-01-21 12:57:19,734 - [INFO] - [BOT_AI] [Bot 8] AI Tree rebuilt for CITIZEN(FISHER)
2026-01-21 12:57:19,734 - [INFO] - [REALTIME_SYNC] Entity Bot 8 -> FISHER
2026-01-21 12:57:19,734 - [INFO] - [BOT_AI] [Bot 9] Synchronizing role: CITIZEN -> FISHER
2026-01-21 12:57:19,734 - [INFO] - [BOT_AI] [Bot 9] AI Tree rebuilt for CITIZEN(FISHER)
2026-01-21 12:57:19,734 - [INFO] - [REALTIME_SYNC] Entity Bot 9 -> FISHER
2026-01-21 12:57:19,735 - [INFO] - [BOT_AI] [Bot 10] Synchronizing role: CITIZEN -> MINER
2026-01-21 12:57:19,735 - [INFO] - [BOT_AI] [Bot 10] AI Tree rebuilt for CITIZEN(MINER)
2026-01-21 12:57:19,735 - [INFO] - [REALTIME_SYNC] Entity Bot 10 -> MINER
2026-01-21 12:57:19,735 - [INFO] - [BOT_AI] [Bot 11] Synchronizing role: CITIZEN -> FARMER
2026-01-21 12:57:19,735 - [INFO] - [BOT_AI] [Bot 11] AI Tree rebuilt for CITIZEN(FARMER)
2026-01-21 12:57:19,735 - [INFO] - [REALTIME_SYNC] Entity Bot 11 -> FARMER
2026-01-21 12:57:19,735 - [INFO] - [BOT_AI] [Bot 12] Synchronizing role: CITIZEN -> FARMER
2026-01-21 12:57:19,735 - [INFO] - [BOT_AI] [Bot 12] AI Tree rebuilt for CITIZEN(FARMER)
2026-01-21 12:57:19,740 - [INFO] - [REALTIME_SYNC] Entity Bot 12 -> FARMER
2026-01-21 12:57:19,741 - [INFO] - [BOT_AI] [Bot 13] Synchronizing role: CITIZEN -> FISHER
2026-01-21 12:57:19,741 - [INFO] - [BOT_AI] [Bot 13] AI Tree rebuilt for CITIZEN(FISHER)
2026-01-21 12:57:19,741 - [INFO] - [REALTIME_SYNC] Entity Bot 13 -> FISHER
2026-01-21 12:57:20,705 - [INFO] - [BOT_AI] [Player 1] Synchronizing role: CITIZEN -> FARMER
2026-01-21 12:57:20,711 - [INFO] - [BOT_AI] [Player 1] AI Tree rebuilt for CITIZEN(FARMER)
2026-01-21 12:57:20,716 - [INFO] - [REALTIME_SYNC] Entity Player 1 -> FARMER
2026-01-21 12:57:20,722 - [INFO] - [BOT_AI] [Bot 1] Synchronizing role: CITIZEN -> FARMER
2026-01-21 12:57:20,727 - [INFO] - [BOT_AI] [Bot 1] AI Tree rebuilt for CITIZEN(FARMER)
2026-01-21 12:57:20,732 - [INFO] - [REALTIME_SYNC] Entity Bot 1 -> FARMER
2026-01-21 12:57:20,737 - [INFO] - [BOT_AI] [Bot 3] Synchronizing role: CITIZEN -> FISHER
2026-01-21 12:57:20,740 - [INFO] - [BOT_AI] [Bot 3] AI Tree rebuilt for CITIZEN(FISHER)
2026-01-21 12:57:20,741 - [INFO] - [REALTIME_SYNC] Entity Bot 3 -> FISHER
2026-01-21 12:57:20,741 - [INFO] - [BOT_AI] [Bot 4] Synchronizing role: CITIZEN -> FISHER
2026-01-21 12:57:20,741 - [INFO] - [BOT_AI] [Bot 4] AI Tree rebuilt for CITIZEN(FISHER)
2026-01-21 12:57:20,741 - [INFO] - [REALTIME_SYNC] Entity Bot 4 -> FISHER
2026-01-21 12:57:20,741 - [INFO] - [BOT_AI] [Bot 5] Synchronizing role: CITIZEN -> MINER
2026-01-21 12:57:20,741 - [INFO] - [BOT_AI] [Bot 5] AI Tree rebuilt for CITIZEN(MINER)
2026-01-21 12:57:20,741 - [INFO] - [REALTIME_SYNC] Entity Bot 5 -> MINER
2026-01-21 12:57:20,741 - [INFO] - [BOT_AI] [Bot 6] Synchronizing role: CITIZEN -> FISHER
2026-01-21 12:57:20,741 - [INFO] - [BOT_AI] [Bot 6] AI Tree rebuilt for CITIZEN(FISHER)
2026-01-21 12:57:20,741 - [INFO] - [REALTIME_SYNC] Entity Bot 6 -> FISHER
2026-01-21 12:57:20,741 - [INFO] - [BOT_AI] [Bot 8] Synchronizing role: CITIZEN -> FISHER
2026-01-21 12:57:20,741 - [INFO] - [BOT_AI] [Bot 8] AI Tree rebuilt for CITIZEN(FISHER)
2026-01-21 12:57:20,741 - [INFO] - [REALTIME_SYNC] Entity Bot 8 -> FISHER
2026-01-21 12:57:20,742 - [INFO] - [BOT_AI] [Bot 9] Synchronizing role: CITIZEN -> FISHER
2026-01-21 12:57:20,742 - [INFO] - [BOT_AI] [Bot 9] AI Tree rebuilt for CITIZEN(FISHER)
2026-01-21 12:57:20,742 - [INFO] - [REALTIME_SYNC] Entity Bot 9 -> FISHER
2026-01-21 12:57:20,742 - [INFO] - [BOT_AI] [Bot 10] Synchronizing role: CITIZEN -> MINER
2026-01-21 12:57:20,742 - [INFO] - [BOT_AI] [Bot 10] AI Tree rebuilt for CITIZEN(MINER)
2026-01-21 12:57:20,742 - [INFO] - [REALTIME_SYNC] Entity Bot 10 -> MINER
2026-01-21 12:57:20,742 - [INFO] - [BOT_AI] [Bot 11] Synchronizing role: CITIZEN -> FARMER
2026-01-21 12:57:20,742 - [INFO] - [BOT_AI] [Bot 11] AI Tree rebuilt for CITIZEN(FARMER)
2026-01-21 12:57:20,742 - [INFO] - [REALTIME_SYNC] Entity Bot 11 -> FARMER
2026-01-21 12:57:20,747 - [INFO] - [BOT_AI] [Bot 12] Synchronizing role: CITIZEN -> FARMER
2026-01-21 12:57:20,747 - [INFO] - [BOT_AI] [Bot 12] AI Tree rebuilt for CITIZEN(FARMER)
2026-01-21 12:57:20,747 - [INFO] - [REALTIME_SYNC] Entity Bot 12 -> FARMER
2026-01-21 12:57:20,747 - [INFO] - [BOT_AI] [Bot 13] Synchronizing role: CITIZEN -> FISHER
2026-01-21 12:57:20,748 - [INFO] - [BOT_AI] [Bot 13] AI Tree rebuilt for CITIZEN(FISHER)
2026-01-21 12:57:20,755 - [INFO] - [REALTIME_SYNC] Entity Bot 13 -> FISHER
2026-01-21 12:57:21,727 - [INFO] - [BOT_AI] [Player 1] Synchronizing role: CITIZEN -> FARMER
2026-01-21 12:57:21,732 - [INFO] - [BOT_AI] [Player 1] AI Tree rebuilt for CITIZEN(FARMER)
2026-01-21 12:57:21,738 - [INFO] - [REALTIME_SYNC] Entity Player 1 -> FARMER
2026-01-21 12:57:21,744 - [INFO] - [BOT_AI] [Bot 1] Synchronizing role: CITIZEN -> FARMER
2026-01-21 12:57:21,749 - [INFO] - [BOT_AI] [Bot 1] AI Tree rebuilt for CITIZEN(FARMER)
2026-01-21 12:57:21,755 - [INFO] - [REALTIME_SYNC] Entity Bot 1 -> FARMER
2026-01-21 12:57:21,761 - [INFO] - [BOT_AI] [Bot 3] Synchronizing role: CITIZEN -> FISHER
2026-01-21 12:57:21,761 - [INFO] - [BOT_AI] [Bot 3] AI Tree rebuilt for CITIZEN(FISHER)
2026-01-21 12:57:21,761 - [INFO] - [REALTIME_SYNC] Entity Bot 3 -> FISHER
2026-01-21 12:57:21,762 - [INFO] - [BOT_AI] [Bot 4] Synchronizing role: CITIZEN -> FISHER
2026-01-21 12:57:21,762 - [INFO] - [BOT_AI] [Bot 4] AI Tree rebuilt for CITIZEN(FISHER)
2026-01-21 12:57:21,762 - [INFO] - [REALTIME_SYNC] Entity Bot 4 -> FISHER
2026-01-21 12:57:21,762 - [INFO] - [BOT_AI] [Bot 5] Synchronizing role: CITIZEN -> MINER
2026-01-21 12:57:21,762 - [INFO] - [BOT_AI] [Bot 5] AI Tree rebuilt for CITIZEN(MINER)
2026-01-21 12:57:21,762 - [INFO] - [REALTIME_SYNC] Entity Bot 5 -> MINER
2026-01-21 12:57:21,762 - [INFO] - [BOT_AI] [Bot 6] Synchronizing role: CITIZEN -> FISHER
2026-01-21 12:57:21,762 - [INFO] - [BOT_AI] [Bot 6] AI Tree rebuilt for CITIZEN(FISHER)
2026-01-21 12:57:21,762 - [INFO] - [REALTIME_SYNC] Entity Bot 6 -> FISHER
2026-01-21 12:57:21,763 - [INFO] - [BOT_AI] [Bot 8] Synchronizing role: CITIZEN -> FISHER
2026-01-21 12:57:21,763 - [INFO] - [BOT_AI] [Bot 8] AI Tree rebuilt for CITIZEN(FISHER)
2026-01-21 12:57:21,763 - [INFO] - [REALTIME_SYNC] Entity Bot 8 -> FISHER
2026-01-21 12:57:21,763 - [INFO] - [BOT_AI] [Bot 9] Synchronizing role: CITIZEN -> FISHER
2026-01-21 12:57:21,763 - [INFO] - [BOT_AI] [Bot 9] AI Tree rebuilt for CITIZEN(FISHER)
2026-01-21 12:57:21,763 - [INFO] - [REALTIME_SYNC] Entity Bot 9 -> FISHER
2026-01-21 12:57:21,763 - [INFO] - [BOT_AI] [Bot 10] Synchronizing role: CITIZEN -> MINER
2026-01-21 12:57:21,764 - [INFO] - [BOT_AI] [Bot 10] AI Tree rebuilt for CITIZEN(MINER)
2026-01-21 12:57:21,765 - [INFO] - [REALTIME_SYNC] Entity Bot 10 -> MINER
2026-01-21 12:57:21,765 - [INFO] - [BOT_AI] [Bot 11] Synchronizing role: CITIZEN -> FARMER
2026-01-21 12:57:21,770 - [INFO] - [BOT_AI] [Bot 11] AI Tree rebuilt for CITIZEN(FARMER)
2026-01-21 12:57:21,770 - [INFO] - [REALTIME_SYNC] Entity Bot 11 -> FARMER
2026-01-21 12:57:21,770 - [INFO] - [BOT_AI] [Bot 12] Synchronizing role: CITIZEN -> FARMER
2026-01-21 12:57:21,770 - [INFO] - [BOT_AI] [Bot 12] AI Tree rebuilt for CITIZEN(FARMER)
2026-01-21 12:57:21,770 - [INFO] - [REALTIME_SYNC] Entity Bot 12 -> FARMER
2026-01-21 12:57:21,778 - [INFO] - [BOT_AI] [Bot 13] Synchronizing role: CITIZEN -> FISHER
2026-01-21 12:57:21,783 - [INFO] - [BOT_AI] [Bot 13] AI Tree rebuilt for CITIZEN(FISHER)
2026-01-21 12:57:21,788 - [INFO] - [REALTIME_SYNC] Entity Bot 13 -> FISHER
2026-01-21 12:57:22,737 - [INFO] - [BOT_AI] [Player 1] Synchronizing role: CITIZEN -> FARMER
2026-01-21 12:57:22,742 - [INFO] - [BOT_AI] [Player 1] AI Tree rebuilt for CITIZEN(FARMER)
2026-01-21 12:57:22,747 - [INFO] - [REALTIME_SYNC] Entity Player 1 -> FARMER
2026-01-21 12:57:22,752 - [INFO] - [BOT_AI] [Bot 1] Synchronizing role: CITIZEN -> FARMER
2026-01-21 12:57:22,758 - [INFO] - [BOT_AI] [Bot 1] AI Tree rebuilt for CITIZEN(FARMER)
2026-01-21 12:57:22,763 - [INFO] - [REALTIME_SYNC] Entity Bot 1 -> FARMER
2026-01-21 12:57:22,768 - [INFO] - [BOT_AI] [Bot 3] Synchronizing role: CITIZEN -> FISHER
2026-01-21 12:57:22,772 - [INFO] - [BOT_AI] [Bot 3] AI Tree rebuilt for CITIZEN(FISHER)
2026-01-21 12:57:22,772 - [INFO] - [REALTIME_SYNC] Entity Bot 3 -> FISHER
2026-01-21 12:57:22,772 - [INFO] - [BOT_AI] [Bot 4] Synchronizing role: CITIZEN -> FISHER
2026-01-21 12:57:22,772 - [INFO] - [BOT_AI] [Bot 4] AI Tree rebuilt for CITIZEN(FISHER)
2026-01-21 12:57:22,772 - [INFO] - [REALTIME_SYNC] Entity Bot 4 -> FISHER
2026-01-21 12:57:22,772 - [INFO] - [BOT_AI] [Bot 5] Synchronizing role: CITIZEN -> MINER
2026-01-21 12:57:22,772 - [INFO] - [BOT_AI] [Bot 5] AI Tree rebuilt for CITIZEN(MINER)
2026-01-21 12:57:22,772 - [INFO] - [REALTIME_SYNC] Entity Bot 5 -> MINER
2026-01-21 12:57:22,772 - [INFO] - [BOT_AI] [Bot 6] Synchronizing role: CITIZEN -> FISHER
2026-01-21 12:57:22,772 - [INFO] - [BOT_AI] [Bot 6] AI Tree rebuilt for CITIZEN(FISHER)
2026-01-21 12:57:22,772 - [INFO] - [REALTIME_SYNC] Entity Bot 6 -> FISHER
2026-01-21 12:57:22,773 - [INFO] - [BOT_AI] [Bot 8] Synchronizing role: CITIZEN -> FISHER
2026-01-21 12:57:22,773 - [INFO] - [BOT_AI] [Bot 8] AI Tree rebuilt for CITIZEN(FISHER)
2026-01-21 12:57:22,773 - [INFO] - [REALTIME_SYNC] Entity Bot 8 -> FISHER
2026-01-21 12:57:22,773 - [INFO] - [BOT_AI] [Bot 9] Synchronizing role: CITIZEN -> FISHER
2026-01-21 12:57:22,773 - [INFO] - [BOT_AI] [Bot 9] AI Tree rebuilt for CITIZEN(FISHER)
2026-01-21 12:57:22,773 - [INFO] - [REALTIME_SYNC] Entity Bot 9 -> FISHER
2026-01-21 12:57:22,773 - [INFO] - [BOT_AI] [Bot 10] Synchronizing role: CITIZEN -> MINER
2026-01-21 12:57:22,773 - [INFO] - [BOT_AI] [Bot 10] AI Tree rebuilt for CITIZEN(MINER)
2026-01-21 12:57:22,773 - [INFO] - [REALTIME_SYNC] Entity Bot 10 -> MINER
2026-01-21 12:57:22,773 - [INFO] - [BOT_AI] [Bot 11] Synchronizing role: CITIZEN -> FARMER
2026-01-21 12:57:22,773 - [INFO] - [BOT_AI] [Bot 11] AI Tree rebuilt for CITIZEN(FARMER)
2026-01-21 12:57:22,773 - [INFO] - [REALTIME_SYNC] Entity Bot 11 -> FARMER
2026-01-21 12:57:22,773 - [INFO] - [BOT_AI] [Bot 12] Synchronizing role: CITIZEN -> FARMER
2026-01-21 12:57:22,773 - [INFO] - [BOT_AI] [Bot 12] AI Tree rebuilt for CITIZEN(FARMER)
2026-01-21 12:57:22,773 - [INFO] - [REALTIME_SYNC] Entity Bot 12 -> FARMER
2026-01-21 12:57:22,774 - [INFO] - [BOT_AI] [Bot 13] Synchronizing role: CITIZEN -> FISHER
2026-01-21 12:57:22,774 - [INFO] - [BOT_AI] [Bot 13] AI Tree rebuilt for CITIZEN(FISHER)
2026-01-21 12:57:22,775 - [INFO] - [REALTIME_SYNC] Entity Bot 13 -> FISHER
2026-01-21 12:57:23,707 - [INFO] - [BOT_AI] [Player 1] Synchronizing role: CITIZEN -> FARMER
2026-01-21 12:57:23,712 - [INFO] - [BOT_AI] [Player 1] AI Tree rebuilt for CITIZEN(FARMER)
2026-01-21 12:57:23,718 - [INFO] - [REALTIME_SYNC] Entity Player 1 -> FARMER
2026-01-21 12:57:23,724 - [INFO] - [BOT_AI] [Bot 1] Synchronizing role: CITIZEN -> FARMER
2026-01-21 12:57:23,729 - [INFO] - [BOT_AI] [Bot 1] AI Tree rebuilt for CITIZEN(FARMER)
2026-01-21 12:57:23,735 - [INFO] - [REALTIME_SYNC] Entity Bot 1 -> FARMER
2026-01-21 12:57:23,742 - [INFO] - [BOT_AI] [Bot 3] Synchronizing role: CITIZEN -> FISHER
2026-01-21 12:57:23,742 - [INFO] - [BOT_AI] [Bot 3] AI Tree rebuilt for CITIZEN(FISHER)
2026-01-21 12:57:23,742 - [INFO] - [REALTIME_SYNC] Entity Bot 3 -> FISHER
2026-01-21 12:57:23,742 - [INFO] - [BOT_AI] [Bot 4] Synchronizing role: CITIZEN -> FISHER
2026-01-21 12:57:23,742 - [INFO] - [BOT_AI] [Bot 4] AI Tree rebuilt for CITIZEN(FISHER)
2026-01-21 12:57:23,742 - [INFO] - [REALTIME_SYNC] Entity Bot 4 -> FISHER
2026-01-21 12:57:23,742 - [INFO] - [BOT_AI] [Bot 5] Synchronizing role: CITIZEN -> MINER
2026-01-21 12:57:23,742 - [INFO] - [BOT_AI] [Bot 5] AI Tree rebuilt for CITIZEN(MINER)
2026-01-21 12:57:23,742 - [INFO] - [REALTIME_SYNC] Entity Bot 5 -> MINER
2026-01-21 12:57:23,742 - [INFO] - [BOT_AI] [Bot 6] Synchronizing role: CITIZEN -> FISHER
2026-01-21 12:57:23,742 - [INFO] - [BOT_AI] [Bot 6] AI Tree rebuilt for CITIZEN(FISHER)
2026-01-21 12:57:23,742 - [INFO] - [REALTIME_SYNC] Entity Bot 6 -> FISHER
2026-01-21 12:57:23,742 - [INFO] - [BOT_AI] [Bot 8] Synchronizing role: CITIZEN -> FISHER
2026-01-21 12:57:23,743 - [INFO] - [BOT_AI] [Bot 8] AI Tree rebuilt for CITIZEN(FISHER)
2026-01-21 12:57:23,743 - [INFO] - [REALTIME_SYNC] Entity Bot 8 -> FISHER
2026-01-21 12:57:23,743 - [INFO] - [BOT_AI] [Bot 9] Synchronizing role: CITIZEN -> FISHER
2026-01-21 12:57:23,743 - [INFO] - [BOT_AI] [Bot 9] AI Tree rebuilt for CITIZEN(FISHER)
2026-01-21 12:57:23,743 - [INFO] - [REALTIME_SYNC] Entity Bot 9 -> FISHER
2026-01-21 12:57:23,743 - [INFO] - [BOT_AI] [Bot 10] Synchronizing role: CITIZEN -> MINER
2026-01-21 12:57:23,743 - [INFO] - [BOT_AI] [Bot 10] AI Tree rebuilt for CITIZEN(MINER)
2026-01-21 12:57:23,743 - [INFO] - [REALTIME_SYNC] Entity Bot 10 -> MINER
2026-01-21 12:57:23,743 - [INFO] - [BOT_AI] [Bot 11] Synchronizing role: CITIZEN -> FARMER
2026-01-21 12:57:23,743 - [INFO] - [BOT_AI] [Bot 11] AI Tree rebuilt for CITIZEN(FARMER)
2026-01-21 12:57:23,743 - [INFO] - [REALTIME_SYNC] Entity Bot 11 -> FARMER
2026-01-21 12:57:23,743 - [INFO] - [BOT_AI] [Bot 12] Synchronizing role: CITIZEN -> FARMER
2026-01-21 12:57:23,743 - [INFO] - [BOT_AI] [Bot 12] AI Tree rebuilt for CITIZEN(FARMER)
2026-01-21 12:57:23,743 - [INFO] - [REALTIME_SYNC] Entity Bot 12 -> FARMER
2026-01-21 12:57:23,743 - [INFO] - [BOT_AI] [Bot 13] Synchronizing role: CITIZEN -> FISHER
2026-01-21 12:57:23,744 - [INFO] - [BOT_AI] [Bot 13] AI Tree rebuilt for CITIZEN(FISHER)
2026-01-21 12:57:23,744 - [INFO] - [REALTIME_SYNC] Entity Bot 13 -> FISHER
2026-01-21 12:57:24,739 - [INFO] - [BOT_AI] [Player 1] Synchronizing role: CITIZEN -> FARMER
2026-01-21 12:57:24,745 - [INFO] - [BOT_AI] [Player 1] AI Tree rebuilt for CITIZEN(FARMER)
2026-01-21 12:57:24,750 - [INFO] - [REALTIME_SYNC] Entity Player 1 -> FARMER
2026-01-21 12:57:24,755 - [INFO] - [BOT_AI] [Bot 1] Synchronizing role: CITIZEN -> FARMER
2026-01-21 12:57:24,760 - [INFO] - [BOT_AI] [Bot 1] AI Tree rebuilt for CITIZEN(FARMER)
2026-01-21 12:57:24,765 - [INFO] - [REALTIME_SYNC] Entity Bot 1 -> FARMER
2026-01-21 12:57:24,771 - [INFO] - [BOT_AI] [Bot 3] Synchronizing role: CITIZEN -> FISHER
2026-01-21 12:57:24,771 - [INFO] - [BOT_AI] [Bot 3] AI Tree rebuilt for CITIZEN(FISHER)
2026-01-21 12:57:24,771 - [INFO] - [REALTIME_SYNC] Entity Bot 3 -> FISHER
2026-01-21 12:57:24,771 - [INFO] - [BOT_AI] [Bot 4] Synchronizing role: CITIZEN -> FISHER
2026-01-21 12:57:24,771 - [INFO] - [BOT_AI] [Bot 4] AI Tree rebuilt for CITIZEN(FISHER)
2026-01-21 12:57:24,771 - [INFO] - [REALTIME_SYNC] Entity Bot 4 -> FISHER
2026-01-21 12:57:24,771 - [INFO] - [BOT_AI] [Bot 5] Synchronizing role: CITIZEN -> MINER
2026-01-21 12:57:24,771 - [INFO] - [BOT_AI] [Bot 5] AI Tree rebuilt for CITIZEN(MINER)
2026-01-21 12:57:24,772 - [INFO] - [REALTIME_SYNC] Entity Bot 5 -> MINER
2026-01-21 12:57:24,772 - [INFO] - [BOT_AI] [Bot 6] Synchronizing role: CITIZEN -> FISHER
2026-01-21 12:57:24,772 - [INFO] - [BOT_AI] [Bot 6] AI Tree rebuilt for CITIZEN(FISHER)
2026-01-21 12:57:24,772 - [INFO] - [REALTIME_SYNC] Entity Bot 6 -> FISHER
2026-01-21 12:57:24,772 - [INFO] - [BOT_AI] [Bot 8] Synchronizing role: CITIZEN -> FISHER
2026-01-21 12:57:24,772 - [INFO] - [BOT_AI] [Bot 8] AI Tree rebuilt for CITIZEN(FISHER)
2026-01-21 12:57:24,772 - [INFO] - [REALTIME_SYNC] Entity Bot 8 -> FISHER
2026-01-21 12:57:24,772 - [INFO] - [BOT_AI] [Bot 9] Synchronizing role: CITIZEN -> FISHER
2026-01-21 12:57:24,772 - [INFO] - [BOT_AI] [Bot 9] AI Tree rebuilt for CITIZEN(FISHER)
2026-01-21 12:57:24,772 - [INFO] - [REALTIME_SYNC] Entity Bot 9 -> FISHER
2026-01-21 12:57:24,772 - [INFO] - [BOT_AI] [Bot 10] Synchronizing role: CITIZEN -> MINER
2026-01-21 12:57:24,778 - [INFO] - [BOT_AI] [Bot 10] AI Tree rebuilt for CITIZEN(MINER)
2026-01-21 12:57:24,778 - [INFO] - [REALTIME_SYNC] Entity Bot 10 -> MINER
2026-01-21 12:57:24,778 - [INFO] - [BOT_AI] [Bot 11] Synchronizing role: CITIZEN -> FARMER
2026-01-21 12:57:24,778 - [INFO] - [BOT_AI] [Bot 11] AI Tree rebuilt for CITIZEN(FARMER)
2026-01-21 12:57:24,778 - [INFO] - [REALTIME_SYNC] Entity Bot 11 -> FARMER
2026-01-21 12:57:24,778 - [INFO] - [BOT_AI] [Bot 12] Synchronizing role: CITIZEN -> FARMER
2026-01-21 12:57:24,784 - [INFO] - [BOT_AI] [Bot 12] AI Tree rebuilt for CITIZEN(FARMER)
2026-01-21 12:57:24,789 - [INFO] - [REALTIME_SYNC] Entity Bot 12 -> FARMER
2026-01-21 12:57:24,794 - [INFO] - [BOT_AI] [Bot 13] Synchronizing role: CITIZEN -> FISHER
2026-01-21 12:57:24,800 - [INFO] - [BOT_AI] [Bot 13] AI Tree rebuilt for CITIZEN(FISHER)
2026-01-21 12:57:24,805 - [INFO] - [REALTIME_SYNC] Entity Bot 13 -> FISHER
2026-01-21 12:57:25,713 - [INFO] - [BOT_AI] [Player 1] Synchronizing role: CITIZEN -> FARMER
2026-01-21 12:57:25,718 - [INFO] - [BOT_AI] [Player 1] AI Tree rebuilt for CITIZEN(FARMER)
2026-01-21 12:57:25,723 - [INFO] - [REALTIME_SYNC] Entity Player 1 -> FARMER
2026-01-21 12:57:25,729 - [INFO] - [BOT_AI] [Bot 1] Synchronizing role: CITIZEN -> FARMER
2026-01-21 12:57:25,735 - [INFO] - [BOT_AI] [Bot 1] AI Tree rebuilt for CITIZEN(FARMER)
2026-01-21 12:57:25,740 - [INFO] - [REALTIME_SYNC] Entity Bot 1 -> FARMER
2026-01-21 12:57:25,745 - [INFO] - [BOT_AI] [Bot 3] Synchronizing role: CITIZEN -> FISHER
2026-01-21 12:57:25,752 - [INFO] - [BOT_AI] [Bot 3] AI Tree rebuilt for CITIZEN(FISHER)
2026-01-21 12:57:25,752 - [INFO] - [REALTIME_SYNC] Entity Bot 3 -> FISHER
2026-01-21 12:57:25,752 - [INFO] - [BOT_AI] [Bot 4] Synchronizing role: CITIZEN -> FISHER
2026-01-21 12:57:25,752 - [INFO] - [BOT_AI] [Bot 4] AI Tree rebuilt for CITIZEN(FISHER)
2026-01-21 12:57:25,752 - [INFO] - [REALTIME_SYNC] Entity Bot 4 -> FISHER
2026-01-21 12:57:25,752 - [INFO] - [BOT_AI] [Bot 5] Synchronizing role: CITIZEN -> MINER
2026-01-21 12:57:25,752 - [INFO] - [BOT_AI] [Bot 5] AI Tree rebuilt for CITIZEN(MINER)
2026-01-21 12:57:25,752 - [INFO] - [REALTIME_SYNC] Entity Bot 5 -> MINER
2026-01-21 12:57:25,752 - [INFO] - [BOT_AI] [Bot 6] Synchronizing role: CITIZEN -> FISHER
2026-01-21 12:57:25,752 - [INFO] - [BOT_AI] [Bot 6] AI Tree rebuilt for CITIZEN(FISHER)
2026-01-21 12:57:25,752 - [INFO] - [REALTIME_SYNC] Entity Bot 6 -> FISHER
2026-01-21 12:57:25,753 - [INFO] - [BOT_AI] [Bot 8] Synchronizing role: CITIZEN -> FISHER
2026-01-21 12:57:25,753 - [INFO] - [BOT_AI] [Bot 8] AI Tree rebuilt for CITIZEN(FISHER)
2026-01-21 12:57:25,753 - [INFO] - [REALTIME_SYNC] Entity Bot 8 -> FISHER
2026-01-21 12:57:25,753 - [INFO] - [BOT_AI] [Bot 9] Synchronizing role: CITIZEN -> FISHER
2026-01-21 12:57:25,753 - [INFO] - [BOT_AI] [Bot 9] AI Tree rebuilt for CITIZEN(FISHER)
2026-01-21 12:57:25,753 - [INFO] - [REALTIME_SYNC] Entity Bot 9 -> FISHER
2026-01-21 12:57:25,753 - [INFO] - [BOT_AI] [Bot 10] Synchronizing role: CITIZEN -> MINER
2026-01-21 12:57:25,753 - [INFO] - [BOT_AI] [Bot 10] AI Tree rebuilt for CITIZEN(MINER)
2026-01-21 12:57:25,753 - [INFO] - [REALTIME_SYNC] Entity Bot 10 -> MINER
2026-01-21 12:57:25,753 - [INFO] - [BOT_AI] [Bot 11] Synchronizing role: CITIZEN -> FARMER
2026-01-21 12:57:25,753 - [INFO] - [BOT_AI] [Bot 11] AI Tree rebuilt for CITIZEN(FARMER)
2026-01-21 12:57:25,753 - [INFO] - [REALTIME_SYNC] Entity Bot 11 -> FARMER
2026-01-21 12:57:25,753 - [INFO] - [BOT_AI] [Bot 12] Synchronizing role: CITIZEN -> FARMER
2026-01-21 12:57:25,753 - [INFO] - [BOT_AI] [Bot 12] AI Tree rebuilt for CITIZEN(FARMER)
2026-01-21 12:57:25,753 - [INFO] - [REALTIME_SYNC] Entity Bot 12 -> FARMER
2026-01-21 12:57:25,754 - [INFO] - [BOT_AI] [Bot 13] Synchronizing role: CITIZEN -> FISHER
2026-01-21 12:57:25,754 - [INFO] - [BOT_AI] [Bot 13] AI Tree rebuilt for CITIZEN(FISHER)
2026-01-21 12:57:25,754 - [INFO] - [REALTIME_SYNC] Entity Bot 13 -> FISHER
2026-01-21 12:57:26,722 - [INFO] - [BOT_AI] [Player 1] Synchronizing role: CITIZEN -> FARMER
2026-01-21 12:57:26,729 - [INFO] - [BOT_AI] [Player 1] AI Tree rebuilt for CITIZEN(FARMER)
2026-01-21 12:57:26,735 - [INFO] - [REALTIME_SYNC] Entity Player 1 -> FARMER
2026-01-21 12:57:26,740 - [INFO] - [BOT_AI] [Bot 1] Synchronizing role: CITIZEN -> FARMER
2026-01-21 12:57:26,747 - [INFO] - [BOT_AI] [Bot 1] AI Tree rebuilt for CITIZEN(FARMER)
2026-01-21 12:57:26,753 - [INFO] - [REALTIME_SYNC] Entity Bot 1 -> FARMER
2026-01-21 12:57:26,753 - [INFO] - [BOT_AI] [Bot 3] Synchronizing role: CITIZEN -> FISHER
2026-01-21 12:57:26,753 - [INFO] - [BOT_AI] [Bot 3] AI Tree rebuilt for CITIZEN(FISHER)
2026-01-21 12:57:26,753 - [INFO] - [REALTIME_SYNC] Entity Bot 3 -> FISHER
2026-01-21 12:57:26,753 - [INFO] - [BOT_AI] [Bot 4] Synchronizing role: CITIZEN -> FISHER
2026-01-21 12:57:26,753 - [INFO] - [BOT_AI] [Bot 4] AI Tree rebuilt for CITIZEN(FISHER)
2026-01-21 12:57:26,753 - [INFO] - [REALTIME_SYNC] Entity Bot 4 -> FISHER
2026-01-21 12:57:26,753 - [INFO] - [BOT_AI] [Bot 5] Synchronizing role: CITIZEN -> MINER
2026-01-21 12:57:26,754 - [INFO] - [BOT_AI] [Bot 5] AI Tree rebuilt for CITIZEN(MINER)
2026-01-21 12:57:26,754 - [INFO] - [REALTIME_SYNC] Entity Bot 5 -> MINER
2026-01-21 12:57:26,754 - [INFO] - [BOT_AI] [Bot 6] Synchronizing role: CITIZEN -> FISHER
2026-01-21 12:57:26,754 - [INFO] - [BOT_AI] [Bot 6] AI Tree rebuilt for CITIZEN(FISHER)
2026-01-21 12:57:26,754 - [INFO] - [REALTIME_SYNC] Entity Bot 6 -> FISHER
2026-01-21 12:57:26,754 - [INFO] - [BOT_AI] [Bot 8] Synchronizing role: CITIZEN -> FISHER
2026-01-21 12:57:26,754 - [INFO] - [BOT_AI] [Bot 8] AI Tree rebuilt for CITIZEN(FISHER)
2026-01-21 12:57:26,754 - [INFO] - [REALTIME_SYNC] Entity Bot 8 -> FISHER
2026-01-21 12:57:26,754 - [INFO] - [BOT_AI] [Bot 9] Synchronizing role: CITIZEN -> FISHER
2026-01-21 12:57:26,755 - [INFO] - [BOT_AI] [Bot 9] AI Tree rebuilt for CITIZEN(FISHER)
2026-01-21 12:57:26,760 - [INFO] - [REALTIME_SYNC] Entity Bot 9 -> FISHER
2026-01-21 12:57:26,760 - [INFO] - [BOT_AI] [Bot 10] Synchronizing role: CITIZEN -> MINER
2026-01-21 12:57:26,761 - [INFO] - [BOT_AI] [Bot 10] AI Tree rebuilt for CITIZEN(MINER)
2026-01-21 12:57:26,761 - [INFO] - [REALTIME_SYNC] Entity Bot 10 -> MINER
2026-01-21 12:57:26,766 - [INFO] - [BOT_AI] [Bot 11] Synchronizing role: CITIZEN -> FARMER
2026-01-21 12:57:26,771 - [INFO] - [BOT_AI] [Bot 11] AI Tree rebuilt for CITIZEN(FARMER)
2026-01-21 12:57:26,777 - [INFO] - [REALTIME_SYNC] Entity Bot 11 -> FARMER
2026-01-21 12:57:26,782 - [INFO] - [BOT_AI] [Bot 12] Synchronizing role: CITIZEN -> FARMER
2026-01-21 12:57:26,787 - [INFO] - [BOT_AI] [Bot 12] AI Tree rebuilt for CITIZEN(FARMER)
2026-01-21 12:57:26,792 - [INFO] - [REALTIME_SYNC] Entity Bot 12 -> FARMER
2026-01-21 12:57:26,798 - [INFO] - [BOT_AI] [Bot 13] Synchronizing role: CITIZEN -> FISHER
2026-01-21 12:57:26,799 - [INFO] - [BOT_AI] [Bot 13] AI Tree rebuilt for CITIZEN(FISHER)
2026-01-21 12:57:26,799 - [INFO] - [REALTIME_SYNC] Entity Bot 13 -> FISHER
2026-01-21 12:57:27,750 - [INFO] - [BOT_AI] [Player 1] Synchronizing role: CITIZEN -> FARMER
2026-01-21 12:57:27,755 - [INFO] - [BOT_AI] [Player 1] AI Tree rebuilt for CITIZEN(FARMER)
2026-01-21 12:57:27,761 - [INFO] - [REALTIME_SYNC] Entity Player 1 -> FARMER
2026-01-21 12:57:27,766 - [INFO] - [BOT_AI] [Bot 1] Synchronizing role: CITIZEN -> FARMER
2026-01-21 12:57:27,771 - [INFO] - [BOT_AI] [Bot 1] AI Tree rebuilt for CITIZEN(FARMER)
2026-01-21 12:57:27,776 - [INFO] - [REALTIME_SYNC] Entity Bot 1 -> FARMER
2026-01-21 12:57:27,781 - [INFO] - [BOT_AI] [Bot 3] Synchronizing role: CITIZEN -> FISHER
2026-01-21 12:57:27,787 - [INFO] - [BOT_AI] [Bot 3] AI Tree rebuilt for CITIZEN(FISHER)
2026-01-21 12:57:27,787 - [INFO] - [REALTIME_SYNC] Entity Bot 3 -> FISHER
2026-01-21 12:57:27,787 - [INFO] - [BOT_AI] [Bot 4] Synchronizing role: CITIZEN -> FISHER
2026-01-21 12:57:27,787 - [INFO] - [BOT_AI] [Bot 4] AI Tree rebuilt for CITIZEN(FISHER)
2026-01-21 12:57:27,787 - [INFO] - [REALTIME_SYNC] Entity Bot 4 -> FISHER
2026-01-21 12:57:27,787 - [INFO] - [BOT_AI] [Bot 5] Synchronizing role: CITIZEN -> MINER
2026-01-21 12:57:27,787 - [INFO] - [BOT_AI] [Bot 5] AI Tree rebuilt for CITIZEN(MINER)
2026-01-21 12:57:27,787 - [INFO] - [REALTIME_SYNC] Entity Bot 5 -> MINER
2026-01-21 12:57:27,787 - [INFO] - [BOT_AI] [Bot 6] Synchronizing role: CITIZEN -> FISHER
2026-01-21 12:57:27,788 - [INFO] - [BOT_AI] [Bot 6] AI Tree rebuilt for CITIZEN(FISHER)
2026-01-21 12:57:27,788 - [INFO] - [REALTIME_SYNC] Entity Bot 6 -> FISHER
2026-01-21 12:57:27,788 - [INFO] - [BOT_AI] [Bot 8] Synchronizing role: CITIZEN -> FISHER
2026-01-21 12:57:27,788 - [INFO] - [BOT_AI] [Bot 8] AI Tree rebuilt for CITIZEN(FISHER)
2026-01-21 12:57:27,788 - [INFO] - [REALTIME_SYNC] Entity Bot 8 -> FISHER
2026-01-21 12:57:27,788 - [INFO] - [BOT_AI] [Bot 9] Synchronizing role: CITIZEN -> FISHER
2026-01-21 12:57:27,788 - [INFO] - [BOT_AI] [Bot 9] AI Tree rebuilt for CITIZEN(FISHER)
2026-01-21 12:57:27,788 - [INFO] - [REALTIME_SYNC] Entity Bot 9 -> FISHER
2026-01-21 12:57:27,788 - [INFO] - [BOT_AI] [Bot 10] Synchronizing role: CITIZEN -> MINER
2026-01-21 12:57:27,788 - [INFO] - [BOT_AI] [Bot 10] AI Tree rebuilt for CITIZEN(MINER)
2026-01-21 12:57:27,794 - [INFO] - [REALTIME_SYNC] Entity Bot 10 -> MINER
2026-01-21 12:57:27,794 - [INFO] - [BOT_AI] [Bot 11] Synchronizing role: CITIZEN -> FARMER
2026-01-21 12:57:27,799 - [INFO] - [BOT_AI] [Bot 11] AI Tree rebuilt for CITIZEN(FARMER)
2026-01-21 12:57:27,806 - [INFO] - [REALTIME_SYNC] Entity Bot 11 -> FARMER
2026-01-21 12:57:27,811 - [INFO] - [BOT_AI] [Bot 12] Synchronizing role: CITIZEN -> FARMER
2026-01-21 12:57:27,817 - [INFO] - [BOT_AI] [Bot 12] AI Tree rebuilt for CITIZEN(FARMER)
2026-01-21 12:57:27,822 - [INFO] - [REALTIME_SYNC] Entity Bot 12 -> FARMER
2026-01-21 12:57:27,827 - [INFO] - [BOT_AI] [Bot 13] Synchronizing role: CITIZEN -> FISHER
2026-01-21 12:57:27,832 - [INFO] - [BOT_AI] [Bot 13] AI Tree rebuilt for CITIZEN(FISHER)
2026-01-21 12:57:27,833 - [INFO] - [REALTIME_SYNC] Entity Bot 13 -> FISHER
2026-01-21 12:57:28,258 - [INFO] - [SYSTEM] Engine Shutting Down
