2026-01-22 19:42:25,592 - [INFO] - [SYSTEM] Game Engine Initializing...
2026-01-22 19:42:25,618 - [INFO] - [SYSTEM] Engine Loop Started
2026-01-22 19:42:38,801 - [INFO] - [PLAY] Entering PlayState...
2026-01-22 19:42:38,843 - [INFO] - [PLAYER] Initialized at (1632, 1504) Role: CITIZEN
2026-01-22 19:42:38,849 - [INFO] - [PLAYER] Role changed to CITIZEN (FARMER)
2026-01-22 19:42:38,941 - [DEBUG] - [AI_MOVE_Bot 2] Set Destination: (25, 25) | Reason: Go Home | CurrPos: (47, 51)
2026-01-22 19:42:38,957 - [DEBUG] - [AI_MOVE_Bot 5] Set Destination: (56, 87) | Reason: Random Move | CurrPos: (46, 48)
2026-01-22 19:42:39,046 - [DEBUG] - [AI_MOVE_Bot 3] Set Destination: (27, 56) | Reason: Go Home | CurrPos: (51, 50)
2026-01-22 19:42:39,104 - [DEBUG] - [AI_MOVE_Bot 12] Set Destination: (29, 65) | Reason: Go Home | CurrPos: (46, 53)
2026-01-22 19:42:39,108 - [DEBUG] - [AI_MOVE_Bot 13] Set Destination: (71, 74) | Reason: Go Home | CurrPos: (54, 51)
2026-01-22 19:42:39,137 - [DEBUG] - [AI_MOVE_Bot 12] Set Destination: (28, 65) | Reason: Go Home | CurrPos: (46, 53)
2026-01-22 19:42:39,152 - [DEBUG] - [AI_MOVE_Bot 3] Set Destination: (28, 56) | Reason: Go Home | CurrPos: (50, 50)
2026-01-22 19:42:39,157 - [DEBUG] - [AI_MOVE_Bot 8] Set Destination: (67, 21) | Reason: Go Home | CurrPos: (50, 46)
2026-01-22 19:42:39,180 - [DEBUG] - [AI_MOVE_Bot 4] Set Destination: (1, 28) | Reason: Random Move | CurrPos: (48, 48)
2026-01-22 19:42:39,297 - [DEBUG] - [AI_MOVE_Bot 6] Set Destination: (65, 75) | Reason: Random Move | CurrPos: (48, 45)
2026-01-22 19:42:39,346 - [DEBUG] - [AI_MOVE_Bot 12] Set Destination: (11, 33) | Reason: Go Home | CurrPos: (45, 53)
2026-01-22 19:42:39,376 - [DEBUG] - [AI_MOVE_Bot 3] Set Destination: (59, 24) | Reason: Go Home | CurrPos: (49, 50)
2026-01-22 19:42:39,380 - [DEBUG] - [AI_MOVE_Bot 4] Set Destination: (40, 12) | Reason: Random Move | CurrPos: (48, 48)
2026-01-22 19:42:39,380 - [DEBUG] - [AI_MOVE_Bot 7] Set Destination: (38, 34) | Reason: Go Home | CurrPos: (45, 49)
2026-01-22 19:42:39,484 - [DEBUG] - [AI_MOVE_Bot 12] Set Destination: (95, 30) | Reason: Go Home | CurrPos: (45, 52)
2026-01-22 19:42:39,493 - [DEBUG] - [AI_MOVE_Bot 11] Set Destination: (98, 83) | Reason: Random Move | CurrPos: (51, 52)
2026-01-22 19:42:39,582 - [DEBUG] - [AI_MOVE_Bot 6] Set Destination: (42, 72) | Reason: Random Move | CurrPos: (48, 45)
2026-01-22 19:42:39,591 - [DEBUG] - [AI_MOVE_Bot 13] Set Destination: (72, 74) | Reason: Go Home | CurrPos: (56, 51)
2026-01-22 19:42:39,609 - [DEBUG] - [AI_MOVE_Bot 13] Set Destination: (17, 90) | Reason: Go Home | CurrPos: (56, 52)
2026-01-22 19:42:39,677 - [DEBUG] - [AI_MOVE_Bot 3] Set Destination: (91, 31) | Reason: Go Home | CurrPos: (47, 50)
2026-01-22 19:42:39,718 - [DEBUG] - [AI_MOVE_Bot 12] Set Destination: (20, 90) | Reason: Go Home | CurrPos: (44, 51)
2026-01-22 19:42:39,946 - [DEBUG] - [AI_MOVE_Bot 13] Set Destination: (23, 90) | Reason: Go Home | CurrPos: (58, 52)
2026-01-22 19:42:40,062 - [DEBUG] - [AI_MOVE_Bot 9] Set Destination: (87, 15) | Reason: Random Move | CurrPos: (53, 53)
2026-01-22 19:42:40,113 - [DEBUG] - [AI_MOVE_Bot 7] Set Destination: (38, 35) | Reason: Go Home | CurrPos: (45, 45)
2026-01-22 19:42:40,155 - [DEBUG] - [AI_MOVE_Bot 10] Set Destination: (56, 2) | Reason: Random Move | CurrPos: (47, 46)
2026-01-22 19:42:40,271 - [DEBUG] - [AI_MOVE_Bot 12] Set Destination: (20, 91) | Reason: Go Home | CurrPos: (45, 53)
2026-01-22 19:42:40,364 - [DEBUG] - [AI_MOVE_Bot 3] Set Destination: (91, 30) | Reason: Go Home | CurrPos: (48, 46)
2026-01-22 19:42:40,605 - [DEBUG] - [AI_MOVE_Bot 12] Set Destination: (20, 90) | Reason: Go Home | CurrPos: (47, 53)
2026-01-22 19:42:40,652 - [DEBUG] - [AI_MOVE_Bot 14] Set Destination: (41, 87) | Reason: Go Home | CurrPos: (50, 51)
2026-01-22 19:42:40,759 - [DEBUG] - [AI_MOVE_Bot 12] Set Destination: (79, 16) | Reason: Go Home | CurrPos: (48, 53)
2026-01-22 19:42:40,843 - [DEBUG] - [AI_MOVE_Bot 12] Set Destination: (68, 8) | Reason: Go Home | CurrPos: (48, 54)
2026-01-22 19:42:40,919 - [DEBUG] - [AI_MOVE_Bot 3] Set Destination: (92, 31) | Reason: Go Home | CurrPos: (48, 42)
2026-01-22 19:42:41,028 - [DEBUG] - [AI_MOVE_Bot 12] Set Destination: (68, 8) | Reason: Go Home | CurrPos: (48, 55)
2026-01-22 19:42:41,060 - [DEBUG] - [AI_MOVE_Bot 3] Set Destination: (91, 31) | Reason: Go Home | CurrPos: (48, 41)
2026-01-22 19:42:41,160 - [DEBUG] - [AI_MOVE_Bot 3] Set Destination: (87, 60) | Reason: Go Home | CurrPos: (48, 41)
2026-01-22 19:42:41,161 - [DEBUG] - [AI_MOVE_Bot 14] Set Destination: (42, 86) | Reason: Go Home | CurrPos: (48, 52)
2026-01-22 19:42:41,195 - [DEBUG] - [AI_MOVE_Bot 14] Set Destination: (41, 86) | Reason: Go Home | CurrPos: (48, 52)
2026-01-22 19:42:41,283 - [DEBUG] - [AI_MOVE_Bot 12] Set Destination: (16, 13) | Reason: Go Home | CurrPos: (48, 56)
2026-01-22 19:42:41,301 - [DEBUG] - [AI_MOVE_Bot 3] Set Destination: (59, 23) | Reason: Go Home | CurrPos: (48, 40)
2026-01-22 19:42:41,533 - [DEBUG] - [AI_MOVE_Bot 12] Set Destination: (63, 69) | Reason: Go Home | CurrPos: (48, 57)
2026-01-22 19:42:41,670 - [DEBUG] - [AI_MOVE_Bot 3] Set Destination: (60, 58) | Reason: Go Home | CurrPos: (48, 39)
2026-01-22 19:42:41,943 - [DEBUG] - [AI_MOVE_Bot 14] Set Destination: (93, 60) | Reason: Go Home | CurrPos: (48, 55)
2026-01-22 19:42:42,021 - [DEBUG] - [AI_MOVE_Bot 14] Set Destination: (94, 59) | Reason: Go Home | CurrPos: (48, 56)
2026-01-22 19:42:42,130 - [DEBUG] - [AI_MOVE_Bot 12] Set Destination: (63, 69) | Reason: Go Home | CurrPos: (48, 60)
2026-01-22 19:42:42,164 - [DEBUG] - [AI_MOVE_Bot 8] Set Destination: (68, 21) | Reason: Go Home | CurrPos: (50, 29)
2026-01-22 19:42:42,270 - [DEBUG] - [AI_MOVE_Bot 12] Set Destination: (63, 70) | Reason: Go Home | CurrPos: (48, 61)
2026-01-22 19:42:42,303 - [DEBUG] - [AI_MOVE_Bot 8] Set Destination: (67, 21) | Reason: Go Home | CurrPos: (50, 28)
2026-01-22 19:42:42,314 - [DEBUG] - [AI_MOVE_Bot 13] Set Destination: (23, 91) | Reason: Go Home | CurrPos: (49, 56)
2026-01-22 19:42:42,455 - [DEBUG] - [AI_MOVE_Bot 13] Set Destination: (23, 90) | Reason: Go Home | CurrPos: (48, 56)
2026-01-22 19:42:42,468 - [DEBUG] - [AI_MOVE_Bot 14] Set Destination: (29, 25) | Reason: Go Home | CurrPos: (48, 59)
2026-01-22 19:42:42,590 - [DEBUG] - [AI_MOVE_Bot 8] Set Destination: (4, 39) | Reason: Go Home | CurrPos: (50, 27)
2026-01-22 19:42:42,658 - [DEBUG] - [AI_MOVE_Bot 12] Set Destination: (38, 34) | Reason: Go Home | CurrPos: (48, 63)
2026-01-22 19:42:42,782 - [DEBUG] - [AI_MOVE_Bot 12] Set Destination: (38, 35) | Reason: Go Home | CurrPos: (48, 63)
2026-01-22 19:42:42,859 - [DEBUG] - [AI_MOVE_Bot 12] Set Destination: (75, 68) | Reason: Go Home | CurrPos: (48, 62)
2026-01-22 19:42:42,885 - [DEBUG] - [AI_MOVE_Bot 8] Set Destination: (44, 93) | Reason: Go Home | CurrPos: (52, 27)
2026-01-22 19:42:42,965 - [DEBUG] - [AI_MOVE_Bot 8] Set Destination: (43, 92) | Reason: Go Home | CurrPos: (51, 27)
2026-01-22 19:42:42,975 - [DEBUG] - [AI_MOVE_Bot 14] Set Destination: (28, 25) | Reason: Go Home | CurrPos: (46, 58)
2026-01-22 19:42:43,109 - [DEBUG] - [AI_MOVE_Bot 2] Set Destination: (26, 26) | Reason: Go Home | CurrPos: (34, 40)
2026-01-22 19:42:43,232 - [DEBUG] - [AI_MOVE_Bot 13] Set Destination: (14, 90) | Reason: Go Home | CurrPos: (48, 60)
2026-01-22 19:42:43,325 - [DEBUG] - [AI_MOVE_Bot 2] Set Destination: (25, 25) | Reason: Go Home | CurrPos: (34, 39)
2026-01-22 19:42:43,423 - [DEBUG] - [AI_MOVE_Bot 12] Set Destination: (3, 41) | Reason: Go Home | CurrPos: (48, 59)
2026-01-22 19:42:43,472 - [DEBUG] - [AI_MOVE_Bot 7] Set Destination: (39, 34) | Reason: Go Home | CurrPos: (46, 30)
2026-01-22 19:42:43,621 - [DEBUG] - [AI_MOVE_Bot 2] Set Destination: (4, 42) | Reason: Go Home | CurrPos: (33, 38)
2026-01-22 19:42:43,667 - [DEBUG] - [AI_MOVE_Bot 12] Set Destination: (3, 40) | Reason: Go Home | CurrPos: (46, 59)
2026-01-22 19:42:43,679 - [DEBUG] - [AI_MOVE_Bot 3] Set Destination: (60, 59) | Reason: Go Home | CurrPos: (48, 51)
2026-01-22 19:42:43,909 - [DEBUG] - [AI_MOVE_Bot 3] Set Destination: (60, 58) | Reason: Go Home | CurrPos: (49, 51)
2026-01-22 19:42:43,978 - [DEBUG] - [AI_MOVE_Bot 6] Set Destination: (34, 11) | Reason: Random Move | CurrPos: (42, 72)
2026-01-22 19:42:44,176 - [DEBUG] - [AI_MOVE_Bot 14] Set Destination: (29, 25) | Reason: Go Home | CurrPos: (39, 57)
2026-01-22 19:42:44,278 - [DEBUG] - [AI_MOVE_Bot 12] Set Destination: (96, 58) | Reason: Go Home | CurrPos: (44, 57)
2026-01-22 19:42:44,294 - [DEBUG] - [AI_MOVE_Bot 8] Set Destination: (12, 53) | Reason: Go Home | CurrPos: (48, 31)
2026-01-22 19:42:44,298 - [DEBUG] - [AI_MOVE_Bot 14] Set Destination: (28, 25) | Reason: Go Home | CurrPos: (39, 57)
2026-01-22 19:42:44,333 - [DEBUG] - [AI_MOVE_Bot 14] Set Destination: (73, 80) | Reason: Go Home | CurrPos: (39, 56)
2026-01-22 19:42:44,476 - [DEBUG] - [AI_MOVE_Bot 3] Set Destination: (89, 58) | Reason: Go Home | CurrPos: (53, 51)
2026-01-22 19:42:44,515 - [DEBUG] - [INPUT] E Key Pressed
2026-01-22 19:42:44,595 - [DEBUG] - [AI_MOVE_Bot 2] Set Destination: (4, 43) | Reason: Go Home | CurrPos: (27, 38)
2026-01-22 19:42:44,645 - [DEBUG] - [AI_MOVE_Bot 3] Set Destination: (90, 58) | Reason: Go Home | CurrPos: (54, 51)
2026-01-22 19:42:44,662 - [DEBUG] - [INPUT] E Key Released (Hold: 143ms) Target: (43, 49)
2026-01-22 19:42:44,662 - [DEBUG] - [AI_MOVE_Bot 3] Set Destination: (33, 22) | Reason: Go Home | CurrPos: (54, 51)
2026-01-22 19:42:44,675 - [DEBUG] - [AI_MOVE_Bot 14] Set Destination: (33, 83) | Reason: Go Home | CurrPos: (39, 54)
2026-01-22 19:42:44,774 - [DEBUG] - [AI_MOVE_Bot 13] Set Destination: (14, 91) | Reason: Go Home | CurrPos: (48, 70)
2026-01-22 19:42:44,817 - [DEBUG] - [AI_MOVE_Bot 12] Set Destination: (95, 58) | Reason: Go Home | CurrPos: (48, 57)
2026-01-22 19:42:44,823 - [DEBUG] - [AI_MOVE_Bot 13] Set Destination: (14, 89) | Reason: Go Home | CurrPos: (48, 70)
2026-01-22 19:42:44,824 - [DEBUG] - [AI_MOVE_Bot 14] Set Destination: (54, 22) | Reason: Go Home | CurrPos: (39, 53)
2026-01-22 19:42:44,879 - [DEBUG] - [AI_MOVE_Bot 12] Set Destination: (97, 58) | Reason: Go Home | CurrPos: (48, 57)
2026-01-22 19:42:44,941 - [DEBUG] - [AI_MOVE_Bot 4] Set Destination: (68, 44) | Reason: Random Move | CurrPos: (40, 12)
2026-01-22 19:42:45,016 - [DEBUG] - [AI_MOVE_Bot 3] Set Destination: (62, 56) | Reason: Go Home | CurrPos: (56, 51)
2026-01-22 19:42:45,046 - [DEBUG] - [AI_MOVE_Bot 12] Set Destination: (7, 90) | Reason: Go Home | CurrPos: (49, 57)
2026-01-22 19:42:45,082 - [DEBUG] - [AI_MOVE_Bot 13] Set Destination: (74, 10) | Reason: Go Home | CurrPos: (48, 72)
2026-01-22 19:42:45,260 - [DEBUG] - [AI_MOVE_Bot 14] Set Destination: (55, 22) | Reason: Go Home | CurrPos: (39, 51)
2026-01-22 19:42:45,342 - [DEBUG] - [AI_MOVE_Bot 12] Set Destination: (36, 32) | Reason: Go Home | CurrPos: (51, 57)
2026-01-22 19:42:45,389 - [DEBUG] - [AI_MOVE_Bot 2] Set Destination: (4, 41) | Reason: Go Home | CurrPos: (22, 38)
2026-01-22 19:42:45,393 - [DEBUG] - [AI_MOVE_Bot 14] Set Destination: (40, 34) | Reason: Go Home | CurrPos: (39, 50)
2026-01-22 19:42:45,512 - [DEBUG] - [AI_MOVE_Bot 12] Set Destination: (36, 33) | Reason: Go Home | CurrPos: (52, 56)
2026-01-22 19:42:45,526 - [DEBUG] - [AI_MOVE_Bot 12] Set Destination: (94, 56) | Reason: Go Home | CurrPos: (52, 56)
2026-01-22 19:42:45,675 - [DEBUG] - [AI_MOVE_Bot 12] Set Destination: (74, 10) | Reason: Go Home | CurrPos: (52, 56)
2026-01-22 19:42:45,722 - [DEBUG] - [AI_MOVE_Bot 2] Set Destination: (4, 42) | Reason: Go Home | CurrPos: (21, 37)
2026-01-22 19:42:45,722 - [DEBUG] - [AI_MOVE_Bot 13] Set Destination: (93, 43) | Reason: Go Home | CurrPos: (44, 72)
2026-01-22 19:42:45,823 - [DEBUG] - [AI_MOVE_Bot 3] Set Destination: (62, 57) | Reason: Go Home | CurrPos: (60, 52)
2026-01-22 19:42:45,972 - [DEBUG] - [AI_MOVE_Bot 12] Set Destination: (27, 65) | Reason: Go Home | CurrPos: (54, 56)
2026-01-22 19:42:46,004 - [DEBUG] - [AI_MOVE_Bot 3] Set Destination: (62, 56) | Reason: Go Home | CurrPos: (61, 52)
2026-01-22 19:42:46,004 - [DEBUG] - [AI_MOVE_Bot 8] Set Destination: (12, 54) | Reason: Go Home | CurrPos: (42, 37)
2026-01-22 19:42:46,010 - [DEBUG] - [AI_MOVE_Bot 13] Set Destination: (93, 42) | Reason: Go Home | CurrPos: (45, 72)
2026-01-22 19:42:46,111 - [DEBUG] - [AI_MOVE_Bot 12] Set Destination: (27, 64) | Reason: Go Home | CurrPos: (54, 56)
2026-01-22 19:42:46,145 - [DEBUG] - [AI_MOVE_Bot 3] Set Destination: (90, 55) | Reason: Go Home | CurrPos: (62, 52)
2026-01-22 19:42:46,149 - [DEBUG] - [AI_MOVE_Bot 13] Set Destination: (3, 42) | Reason: Go Home | CurrPos: (46, 72)
2026-01-22 19:42:46,156 - [DEBUG] - [AI_MOVE_Bot 2] Set Destination: (59, 23) | Reason: Go Home | CurrPos: (20, 35)
2026-01-22 19:42:46,262 - [DEBUG] - [AI_MOVE_Bot 12] Set Destination: (11, 69) | Reason: Go Home | CurrPos: (53, 56)
2026-01-22 19:42:46,295 - [DEBUG] - [AI_MOVE_Bot 3] Set Destination: (54, 23) | Reason: Go Home | CurrPos: (63, 52)
2026-01-22 19:42:46,311 - [DEBUG] - [AI_MOVE_Bot 3] Set Destination: (11, 61) | Reason: Go Home | CurrPos: (63, 52)
2026-01-22 19:42:46,322 - [DEBUG] - [AI_MOVE_Bot 13] Set Destination: (36, 32) | Reason: Go Home | CurrPos: (47, 72)
2026-01-22 19:42:46,382 - [DEBUG] - [AI_MOVE_Bot 3] Set Destination: (35, 75) | Reason: Go Home | CurrPos: (64, 52)
2026-01-22 19:42:46,415 - [DEBUG] - [AI_MOVE_Bot 12] Set Destination: (97, 42) | Reason: Go Home | CurrPos: (52, 56)
2026-01-22 19:42:46,425 - [DEBUG] - [AI_MOVE_Bot 14] Set Destination: (41, 34) | Reason: Go Home | CurrPos: (42, 47)
2026-01-22 19:42:46,496 - [DEBUG] - [AI_MOVE_Bot 12] Set Destination: (15, 14) | Reason: Go Home | CurrPos: (51, 56)
2026-01-22 19:42:46,519 - [DEBUG] - [AI_MOVE_Bot 13] Set Destination: (37, 32) | Reason: Go Home | CurrPos: (48, 71)
2026-01-22 19:42:46,618 - [DEBUG] - [AI_MOVE_Bot 8] Set Destination: (12, 53) | Reason: Go Home | CurrPos: (38, 37)
2026-01-22 19:42:46,629 - [DEBUG] - [AI_MOVE_Bot 13] Set Destination: (26, 95) | Reason: Go Home | CurrPos: (48, 70)
2026-01-22 19:42:46,803 - [DEBUG] - [AI_MOVE_Bot 12] Set Destination: (15, 13) | Reason: Go Home | CurrPos: (49, 56)
2026-01-22 19:42:46,831 - [DEBUG] - [AI_MOVE_Bot 13] Set Destination: (81, 39) | Reason: Go Home | CurrPos: (48, 69)
2026-01-22 19:42:46,850 - [DEBUG] - [AI_MOVE_Bot 14] Set Destination: (40, 34) | Reason: Go Home | CurrPos: (43, 44)
2026-01-22 19:42:46,943 - [DEBUG] - [AI_MOVE_Bot 13] Set Destination: (81, 40) | Reason: Go Home | CurrPos: (48, 68)
2026-01-22 19:42:46,982 - [DEBUG] - [AI_MOVE_Bot 12] Set Destination: (46, 81) | Reason: Go Home | CurrPos: (48, 56)
2026-01-22 19:42:47,146 - [DEBUG] - [AI_MOVE_Bot 13] Set Destination: (87, 61) | Reason: Go Home | CurrPos: (48, 67)
2026-01-22 19:42:47,171 - [DEBUG] - [PLAYER] Device toggled: True
2026-01-22 19:42:47,317 - [DEBUG] - [AI_MOVE_Bot 13] Set Destination: (81, 45) | Reason: Go Home | CurrPos: (48, 66)
2026-01-22 19:42:47,389 - [DEBUG] - [AI_MOVE_Bot 14] Set Destination: (10, 69) | Reason: Go Home | CurrPos: (45, 43)
2026-01-22 19:42:47,521 - [DEBUG] - [AI_MOVE_Bot 13] Set Destination: (44, 35) | Reason: Go Home | CurrPos: (48, 65)
2026-01-22 19:42:47,622 - [DEBUG] - [AI_MOVE_Bot 12] Set Destination: (26, 95) | Reason: Go Home | CurrPos: (44, 56)
2026-01-22 19:42:47,744 - [DEBUG] - [PLAYER] Device toggled: False
2026-01-22 19:42:47,825 - [DEBUG] - [AI_MOVE_Bot 14] Set Destination: (10, 68) | Reason: Go Home | CurrPos: (43, 44)
2026-01-22 19:42:47,954 - [DEBUG] - [AI_MOVE_Bot 2] Set Destination: (58, 23) | Reason: Go Home | CurrPos: (24, 28)
2026-01-22 19:42:47,957 - [DEBUG] - [AI_MOVE_Bot 14] Set Destination: (6, 40) | Reason: Go Home | CurrPos: (43, 45)
2026-01-22 19:42:48,179 - [DEBUG] - [AI_MOVE_Bot 13] Set Destination: (43, 34) | Reason: Go Home | CurrPos: (48, 61)
2026-01-22 19:42:48,393 - [DEBUG] - [AI_MOVE_Bot 2] Set Destination: (59, 23) | Reason: Go Home | CurrPos: (26, 27)
2026-01-22 19:42:48,409 - [DEBUG] - [AI_MOVE_Bot 2] Set Destination: (87, 60) | Reason: Go Home | CurrPos: (26, 27)
2026-01-22 19:42:48,586 - [DEBUG] - [AI_MOVE_Bot 2] Set Destination: (35, 75) | Reason: Go Home | CurrPos: (27, 27)
2026-01-22 19:42:48,701 - [DEBUG] - [AI_MOVE_Bot 12] Set Destination: (26, 94) | Reason: Go Home | CurrPos: (46, 62)
2026-01-22 19:42:48,822 - [DEBUG] - [AI_MOVE_Bot 12] Set Destination: (26, 95) | Reason: Go Home | CurrPos: (46, 62)
2026-01-22 19:42:48,885 - [DEBUG] - [AI_MOVE_Bot 14] Set Destination: (5, 40) | Reason: Go Home | CurrPos: (39, 47)
2026-01-22 19:42:49,023 - [DEBUG] - [AI_MOVE_Bot 2] Set Destination: (35, 76) | Reason: Go Home | CurrPos: (27, 30)
2026-01-22 19:42:49,040 - [DEBUG] - [AI_MOVE_Bot 2] Set Destination: (70, 30) | Reason: Go Home | CurrPos: (27, 30)
2026-01-22 19:42:49,139 - [DEBUG] - [AI_MOVE_Bot 12] Set Destination: (46, 95) | Reason: Go Home | CurrPos: (46, 64)
2026-01-22 19:42:49,301 - [DEBUG] - [AI_MOVE_Bot 12] Set Destination: (59, 24) | Reason: Go Home | CurrPos: (46, 66)
2026-01-22 19:42:49,334 - [DEBUG] - [AI_MOVE_Bot 3] Set Destination: (36, 75) | Reason: Go Home | CurrPos: (49, 56)
2026-01-22 19:42:49,335 - [DEBUG] - [AI_MOVE_Bot 13] Set Destination: (44, 34) | Reason: Go Home | CurrPos: (48, 53)
2026-01-22 19:42:49,340 - [DEBUG] - [AI_MOVE_Bot 14] Set Destination: (6, 40) | Reason: Go Home | CurrPos: (36, 47)
2026-01-22 19:42:49,351 - [DEBUG] - [AI_MOVE_Bot 2] Set Destination: (23, 95) | Reason: Go Home | CurrPos: (29, 30)
2026-01-22 19:42:49,423 - [DEBUG] - [AI_MOVE_Bot 3] Set Destination: (35, 75) | Reason: Go Home | CurrPos: (48, 56)
2026-01-22 19:42:49,424 - [DEBUG] - [AI_MOVE_Bot 8] Set Destination: (13, 53) | Reason: Go Home | CurrPos: (21, 37)
2026-01-22 19:42:49,429 - [DEBUG] - [AI_MOVE_Bot 13] Set Destination: (44, 35) | Reason: Go Home | CurrPos: (48, 52)
2026-01-22 19:42:49,442 - [DEBUG] - [AI_MOVE_Bot 13] Set Destination: (95, 39) | Reason: Go Home | CurrPos: (48, 52)
2026-01-22 19:42:49,443 - [DEBUG] - [AI_MOVE_Bot 14] Set Destination: (27, 32) | Reason: Go Home | CurrPos: (35, 47)
2026-01-22 19:42:49,591 - [DEBUG] - [AI_MOVE_Bot 3] Set Destination: (41, 87) | Reason: Go Home | CurrPos: (48, 56)
2026-01-22 19:42:49,592 - [DEBUG] - [AI_MOVE_Bot 10] Set Destination: (34, 83) | Reason: Random Move | CurrPos: (56, 2)
2026-01-22 19:42:49,702 - [DEBUG] - [AI_MOVE_Bot 3] Set Destination: (64, 68) | Reason: Go Home | CurrPos: (48, 57)
2026-01-22 19:42:49,891 - [DEBUG] - [AI_MOVE_Bot 3] Set Destination: (81, 39) | Reason: Go Home | CurrPos: (48, 58)
2026-01-22 19:42:50,147 - [DEBUG] - [AI_MOVE_Bot 5] Set Destination: (5, 79) | Reason: Random Move | CurrPos: (56, 87)
2026-01-22 19:42:50,171 - [DEBUG] - [AI_MOVE_Bot 12] Set Destination: (60, 24) | Reason: Go Home | CurrPos: (46, 60)
2026-01-22 19:42:50,203 - [DEBUG] - [AI_MOVE_Bot 8] Set Destination: (12, 53) | Reason: Go Home | CurrPos: (21, 42)
2026-01-22 19:42:50,205 - [DEBUG] - [AI_MOVE_Bot 13] Set Destination: (68, 21) | Reason: Go Home | CurrPos: (48, 48)
2026-01-22 19:42:50,326 - [DEBUG] - [AI_MOVE_Bot 12] Set Destination: (59, 24) | Reason: Go Home | CurrPos: (46, 59)
2026-01-22 19:42:50,863 - [DEBUG] - [AI_MOVE_Bot 12] Set Destination: (44, 35) | Reason: Go Home | CurrPos: (46, 56)
2026-01-22 19:42:51,193 - [DEBUG] - [AI_MOVE_Bot 8] Set Destination: (12, 52) | Reason: Go Home | CurrPos: (20, 48)
2026-01-22 19:42:51,271 - [DEBUG] - [AI_MOVE_Bot 14] Set Destination: (26, 32) | Reason: Go Home | CurrPos: (33, 38)
2026-01-22 19:42:51,381 - [DEBUG] - [AI_MOVE_Bot 14] Set Destination: (27, 32) | Reason: Go Home | CurrPos: (32, 38)
2026-01-22 19:42:51,449 - [DEBUG] - [AI_MOVE_Bot 3] Set Destination: (81, 40) | Reason: Go Home | CurrPos: (48, 49)
2026-01-22 19:42:51,649 - [DEBUG] - [AI_MOVE_Bot 8] Set Destination: (12, 53) | Reason: Go Home | CurrPos: (17, 48)
2026-01-22 19:42:51,797 - [DEBUG] - [AI_MOVE_Bot 14] Set Destination: (28, 17) | Reason: Go Home | CurrPos: (30, 38)
2026-01-22 19:42:51,883 - [DEBUG] - [AI_MOVE_Bot 9] Set Destination: (33, 73) | Reason: Random Move | CurrPos: (87, 15)
2026-01-22 19:42:51,976 - [DEBUG] - [AI_MOVE_Bot 8] Set Destination: (43, 33) | Reason: Go Home | CurrPos: (16, 48)
2026-01-22 19:42:52,259 - [DEBUG] - [AI_MOVE_Bot 3] Set Destination: (81, 39) | Reason: Go Home | CurrPos: (51, 48)
2026-01-22 19:42:52,545 - [DEBUG] - [AI_MOVE_Bot 2] Set Destination: (22, 96) | Reason: Go Home | CurrPos: (23, 43)
2026-01-22 19:42:52,654 - [DEBUG] - [AI_MOVE_Bot 2] Set Destination: (23, 95) | Reason: Go Home | CurrPos: (22, 43)
2026-01-22 19:42:52,678 - [DEBUG] - [AI_MOVE_Bot 8] Set Destination: (42, 33) | Reason: Go Home | CurrPos: (19, 48)
2026-01-22 19:42:52,822 - [DEBUG] - [AI_MOVE_Bot 2] Set Destination: (29, 89) | Reason: Go Home | CurrPos: (22, 43)
2026-01-22 19:42:52,849 - [DEBUG] - [AI_MOVE_Bot 8] Set Destination: (43, 33) | Reason: Go Home | CurrPos: (20, 48)
2026-01-22 19:42:52,926 - [DEBUG] - [AI_MOVE_Bot 8] Set Destination: (74, 13) | Reason: Go Home | CurrPos: (20, 48)
2026-01-22 19:42:52,975 - [DEBUG] - [AI_MOVE_Bot 12] Set Destination: (43, 35) | Reason: Go Home | CurrPos: (48, 46)
2026-01-22 19:42:53,011 - [DEBUG] - [AI_MOVE_Bot 12] Set Destination: (44, 35) | Reason: Go Home | CurrPos: (48, 46)
2026-01-22 19:42:53,265 - [DEBUG] - [AI_MOVE_Bot 8] Set Destination: (38, 87) | Reason: Go Home | CurrPos: (21, 46)
2026-01-22 19:42:53,312 - [DEBUG] - [AI_MOVE_Bot 12] Set Destination: (35, 53) | Reason: Go Home | CurrPos: (48, 45)
2026-01-22 19:42:53,326 - [DEBUG] - [AI_MOVE_Bot 2] Set Destination: (8, 42) | Reason: Go Home | CurrPos: (22, 45)
2026-01-22 19:42:53,373 - [DEBUG] - [AI_MOVE_Bot 8] Set Destination: (37, 87) | Reason: Go Home | CurrPos: (21, 47)
2026-01-22 19:42:53,447 - [DEBUG] - [AI_MOVE_Bot 12] Set Destination: (33, 22) | Reason: Go Home | CurrPos: (48, 44)
2026-01-22 19:42:53,577 - [DEBUG] - [AI_MOVE_Bot 6] Set Destination: (67, 43) | Reason: Random Move | CurrPos: (34, 11)
2026-01-22 19:42:53,599 - [DEBUG] - [AI_MOVE_Bot 8] Set Destination: (96, 61) | Reason: Go Home | CurrPos: (21, 48)
2026-01-22 19:42:53,613 - [DEBUG] - [AI_MOVE_Bot 2] Set Destination: (7, 42) | Reason: Go Home | CurrPos: (21, 45)
2026-01-22 19:42:53,627 - [DEBUG] - [AI_MOVE_Bot 14] Set Destination: (29, 17) | Reason: Go Home | CurrPos: (28, 30)
2026-01-22 19:42:53,714 - [DEBUG] - [AI_MOVE_Bot 3] Set Destination: (82, 39) | Reason: Go Home | CurrPos: (59, 48)
2026-01-22 19:42:53,795 - [DEBUG] - [AI_MOVE_Bot 2] Set Destination: (83, 42) | Reason: Go Home | CurrPos: (21, 44)
2026-01-22 19:42:53,970 - [DEBUG] - [AI_MOVE_Bot 3] Set Destination: (81, 39) | Reason: Go Home | CurrPos: (60, 48)
2026-01-22 19:42:53,970 - [DEBUG] - [AI_MOVE_Bot 8] Set Destination: (10, 13) | Reason: Go Home | CurrPos: (21, 51)
2026-01-22 19:42:54,041 - [DEBUG] - [AI_MOVE_Bot 12] Set Destination: (96, 56) | Reason: Go Home | CurrPos: (47, 41)
2026-01-22 19:42:54,061 - [DEBUG] - [AI_MOVE_Bot 2] Set Destination: (91, 45) | Reason: Go Home | CurrPos: (21, 42)
