2026-01-22 23:15:37,738 - [INFO] - [DATA] Loaded 17 items.
2026-01-22 23:15:37,738 - [INFO] - [DATA] Loaded 110 tiles.
2026-01-22 23:15:37,738 - [INFO] - [DATA] Loaded 5 roles.
2026-01-22 23:15:38,025 - [INFO] - [SYSTEM] Game Engine Initializing...
2026-01-22 23:15:38,025 - [INFO] - [SYSTEM] Game Engine Initializing...
2026-01-22 23:15:38,052 - [INFO] - [SYSTEM] Engine Loop Started
2026-01-22 23:15:38,052 - [INFO] - [SYSTEM] Engine Loop Started
2026-01-22 23:15:52,727 - [INFO] - [PLAY] Entering PlayState...
2026-01-22 23:15:52,727 - [INFO] - [PLAY] Entering PlayState...
2026-01-22 23:15:52,758 - [INFO] - [PLAYER] Initialized at (1696, 1568) Role: CITIZEN
2026-01-22 23:15:52,758 - [INFO] - [PLAYER] Initialized at (1696, 1568) Role: CITIZEN
2026-01-22 23:15:52,759 - [INFO] - [PLAYER] Role changed to CITIZEN (FARMER)
2026-01-22 23:15:52,759 - [INFO] - [PLAYER] Role changed to CITIZEN (FARMER)
2026-01-22 23:15:52,939 - [DEBUG] - [AI_MOVE_Bot 5] Set Destination: (25, 45) | Reason: Go Home | CurrPos: (48, 45)
2026-01-22 23:15:52,939 - [DEBUG] - [AI_MOVE_Bot 5] Set Destination: (25, 45) | Reason: Go Home | CurrPos: (48, 45)
2026-01-22 23:15:52,999 - [DEBUG] - [AI_MOVE_Bot 6] Set Destination: (26, 69) | Reason: Random Move | CurrPos: (50, 53)
2026-01-22 23:15:52,999 - [DEBUG] - [AI_MOVE_Bot 6] Set Destination: (26, 69) | Reason: Random Move | CurrPos: (50, 53)
2026-01-22 23:15:53,070 - [DEBUG] - [AI_MOVE_Bot 2] Set Destination: (44, 63) | Reason: Go Home | CurrPos: (50, 47)
2026-01-22 23:15:53,070 - [DEBUG] - [AI_MOVE_Bot 2] Set Destination: (44, 63) | Reason: Go Home | CurrPos: (50, 47)
2026-01-22 23:15:53,073 - [DEBUG] - [AI_MOVE_Bot 5] Set Destination: (25, 46) | Reason: Go Home | CurrPos: (47, 45)
2026-01-22 23:15:53,073 - [DEBUG] - [AI_MOVE_Bot 5] Set Destination: (25, 46) | Reason: Go Home | CurrPos: (47, 45)
2026-01-22 23:15:53,091 - [DEBUG] - [AI_MOVE_Bot 5] Set Destination: (29, 24) | Reason: Go Home | CurrPos: (47, 45)
2026-01-22 23:15:53,091 - [DEBUG] - [AI_MOVE_Bot 5] Set Destination: (29, 24) | Reason: Go Home | CurrPos: (47, 45)
2026-01-22 23:15:53,107 - [DEBUG] - [AI_MOVE_Bot 1] Set Destination: (3, 69) | Reason: Go Home | CurrPos: (51, 53)
2026-01-22 23:15:53,107 - [DEBUG] - [AI_MOVE_Bot 1] Set Destination: (3, 69) | Reason: Go Home | CurrPos: (51, 53)
2026-01-22 23:15:53,152 - [DEBUG] - [AI_MOVE_Bot 4] Set Destination: (19, 90) | Reason: Go Home | CurrPos: (54, 49)
2026-01-22 23:15:53,152 - [DEBUG] - [AI_MOVE_Bot 4] Set Destination: (19, 90) | Reason: Go Home | CurrPos: (54, 49)
2026-01-22 23:15:53,311 - [DEBUG] - [AI_MOVE_Bot 2] Set Destination: (44, 62) | Reason: Go Home | CurrPos: (48, 47)
2026-01-22 23:15:53,311 - [DEBUG] - [AI_MOVE_Bot 2] Set Destination: (44, 62) | Reason: Go Home | CurrPos: (48, 47)
2026-01-22 23:15:53,377 - [DEBUG] - [AI_MOVE_Bot 3] Set Destination: (96, 2) | Reason: Random Move | CurrPos: (47, 52)
2026-01-22 23:15:53,377 - [DEBUG] - [AI_MOVE_Bot 3] Set Destination: (96, 2) | Reason: Random Move | CurrPos: (47, 52)
2026-01-22 23:15:53,419 - [DEBUG] - [AI_MOVE_Bot 5] Set Destination: (71, 76) | Reason: Go Home | CurrPos: (45, 45)
2026-01-22 23:15:53,419 - [DEBUG] - [AI_MOVE_Bot 5] Set Destination: (71, 76) | Reason: Go Home | CurrPos: (45, 45)
2026-01-22 23:15:53,466 - [DEBUG] - [AI_MOVE_Bot 1] Set Destination: (3, 70) | Reason: Go Home | CurrPos: (49, 53)
2026-01-22 23:15:53,466 - [DEBUG] - [AI_MOVE_Bot 1] Set Destination: (3, 70) | Reason: Go Home | CurrPos: (49, 53)
2026-01-22 23:15:53,483 - [DEBUG] - [AI_MOVE_Bot 1] Set Destination: (25, 25) | Reason: Go Home | CurrPos: (49, 53)
2026-01-22 23:15:53,483 - [DEBUG] - [AI_MOVE_Bot 1] Set Destination: (25, 25) | Reason: Go Home | CurrPos: (49, 53)
2026-01-22 23:15:53,567 - [DEBUG] - [AI_MOVE_Bot 5] Set Destination: (26, 58) | Reason: Go Home | CurrPos: (45, 45)
2026-01-22 23:15:53,567 - [DEBUG] - [AI_MOVE_Bot 5] Set Destination: (26, 58) | Reason: Go Home | CurrPos: (45, 45)
2026-01-22 23:15:53,655 - [DEBUG] - [AI_MOVE_Bot 2] Set Destination: (39, 34) | Reason: Go Home | CurrPos: (48, 48)
2026-01-22 23:15:53,655 - [DEBUG] - [AI_MOVE_Bot 2] Set Destination: (39, 34) | Reason: Go Home | CurrPos: (48, 48)
2026-01-22 23:15:53,703 - [DEBUG] - [AI_MOVE_Bot 5] Set Destination: (27, 58) | Reason: Go Home | CurrPos: (45, 46)
2026-01-22 23:15:53,703 - [DEBUG] - [AI_MOVE_Bot 5] Set Destination: (27, 58) | Reason: Go Home | CurrPos: (45, 46)
2026-01-22 23:15:53,736 - [DEBUG] - [AI_MOVE_Bot 4] Set Destination: (20, 90) | Reason: Go Home | CurrPos: (50, 49)
2026-01-22 23:15:53,736 - [DEBUG] - [AI_MOVE_Bot 4] Set Destination: (20, 90) | Reason: Go Home | CurrPos: (50, 49)
2026-01-22 23:15:53,941 - [DEBUG] - [AI_MOVE_Bot 2] Set Destination: (39, 33) | Reason: Go Home | CurrPos: (48, 50)
2026-01-22 23:15:53,941 - [DEBUG] - [AI_MOVE_Bot 2] Set Destination: (39, 33) | Reason: Go Home | CurrPos: (48, 50)
2026-01-22 23:15:53,959 - [DEBUG] - [AI_MOVE_Bot 5] Set Destination: (89, 56) | Reason: Go Home | CurrPos: (44, 48)
2026-01-22 23:15:53,959 - [DEBUG] - [AI_MOVE_Bot 5] Set Destination: (89, 56) | Reason: Go Home | CurrPos: (44, 48)
2026-01-22 23:15:54,092 - [DEBUG] - [AI_MOVE_Bot 2] Set Destination: (33, 35) | Reason: Go Home | CurrPos: (48, 51)
2026-01-22 23:15:54,092 - [DEBUG] - [AI_MOVE_Bot 2] Set Destination: (33, 35) | Reason: Go Home | CurrPos: (48, 51)
2026-01-22 23:15:54,141 - [DEBUG] - [AI_MOVE_Bot 1] Set Destination: (34, 34) | Reason: Go Home | CurrPos: (45, 52)
2026-01-22 23:15:54,141 - [DEBUG] - [AI_MOVE_Bot 1] Set Destination: (34, 34) | Reason: Go Home | CurrPos: (45, 52)
2026-01-22 23:15:54,232 - [DEBUG] - [AI_MOVE_Bot 1] Set Destination: (34, 35) | Reason: Go Home | CurrPos: (45, 52)
2026-01-22 23:15:54,232 - [DEBUG] - [AI_MOVE_Bot 1] Set Destination: (34, 35) | Reason: Go Home | CurrPos: (45, 52)
2026-01-22 23:15:54,232 - [DEBUG] - [AI_MOVE_Bot 4] Set Destination: (19, 89) | Reason: Go Home | CurrPos: (48, 49)
2026-01-22 23:15:54,232 - [DEBUG] - [AI_MOVE_Bot 4] Set Destination: (19, 89) | Reason: Go Home | CurrPos: (48, 49)
2026-01-22 23:15:54,398 - [DEBUG] - [AI_MOVE_Bot 1] Set Destination: (26, 90) | Reason: Go Home | CurrPos: (45, 51)
2026-01-22 23:15:54,398 - [DEBUG] - [AI_MOVE_Bot 1] Set Destination: (26, 90) | Reason: Go Home | CurrPos: (45, 51)
2026-01-22 23:15:54,413 - [DEBUG] - [AI_MOVE_Bot 4] Set Destination: (74, 69) | Reason: Go Home | CurrPos: (48, 50)
2026-01-22 23:15:54,413 - [DEBUG] - [AI_MOVE_Bot 4] Set Destination: (74, 69) | Reason: Go Home | CurrPos: (48, 50)
2026-01-22 23:15:54,465 - [DEBUG] - [AI_MOVE_Bot 2] Set Destination: (81, 42) | Reason: Go Home | CurrPos: (48, 53)
2026-01-22 23:15:54,465 - [DEBUG] - [AI_MOVE_Bot 2] Set Destination: (81, 42) | Reason: Go Home | CurrPos: (48, 53)
2026-01-22 23:15:54,467 - [DEBUG] - [AI_MOVE_Bot 5] Set Destination: (29, 23) | Reason: Go Home | CurrPos: (41, 48)
2026-01-22 23:15:54,467 - [DEBUG] - [AI_MOVE_Bot 5] Set Destination: (29, 23) | Reason: Go Home | CurrPos: (41, 48)
2026-01-22 23:15:54,503 - [DEBUG] - [AI_MOVE_Bot 1] Set Destination: (30, 83) | Reason: Go Home | CurrPos: (44, 51)
2026-01-22 23:15:54,503 - [DEBUG] - [AI_MOVE_Bot 1] Set Destination: (30, 83) | Reason: Go Home | CurrPos: (44, 51)
2026-01-22 23:15:54,508 - [DEBUG] - [AI_MOVE_Bot 4] Set Destination: (75, 69) | Reason: Go Home | CurrPos: (48, 51)
2026-01-22 23:15:54,508 - [DEBUG] - [AI_MOVE_Bot 4] Set Destination: (75, 69) | Reason: Go Home | CurrPos: (48, 51)
2026-01-22 23:15:54,558 - [DEBUG] - [AI_MOVE_Bot 5] Set Destination: (29, 24) | Reason: Go Home | CurrPos: (41, 48)
2026-01-22 23:15:54,558 - [DEBUG] - [AI_MOVE_Bot 5] Set Destination: (29, 24) | Reason: Go Home | CurrPos: (41, 48)
2026-01-22 23:15:54,581 - [DEBUG] - [AI_MOVE_Bot 4] Set Destination: (29, 88) | Reason: Go Home | CurrPos: (48, 51)
2026-01-22 23:15:54,581 - [DEBUG] - [AI_MOVE_Bot 4] Set Destination: (29, 88) | Reason: Go Home | CurrPos: (48, 51)
2026-01-22 23:15:54,633 - [DEBUG] - [AI_MOVE_Bot 5] Set Destination: (26, 62) | Reason: Go Home | CurrPos: (40, 48)
2026-01-22 23:15:54,633 - [DEBUG] - [AI_MOVE_Bot 5] Set Destination: (26, 62) | Reason: Go Home | CurrPos: (40, 48)
2026-01-22 23:15:54,685 - [DEBUG] - [AI_MOVE_Bot 4] Set Destination: (59, 69) | Reason: Go Home | CurrPos: (48, 52)
2026-01-22 23:15:54,685 - [DEBUG] - [AI_MOVE_Bot 4] Set Destination: (59, 69) | Reason: Go Home | CurrPos: (48, 52)
2026-01-22 23:15:54,735 - [DEBUG] - [AI_MOVE_Bot 2] Set Destination: (81, 43) | Reason: Go Home | CurrPos: (48, 51)
2026-01-22 23:15:54,735 - [DEBUG] - [AI_MOVE_Bot 2] Set Destination: (81, 43) | Reason: Go Home | CurrPos: (48, 51)
2026-01-22 23:15:54,755 - [DEBUG] - [AI_MOVE_Bot 5] Set Destination: (55, 22) | Reason: Go Home | CurrPos: (40, 48)
2026-01-22 23:15:54,755 - [DEBUG] - [AI_MOVE_Bot 5] Set Destination: (55, 22) | Reason: Go Home | CurrPos: (40, 48)
2026-01-22 23:15:54,842 - [DEBUG] - [AI_MOVE_Bot 2] Set Destination: (44, 59) | Reason: Go Home | CurrPos: (48, 51)
2026-01-22 23:15:54,842 - [DEBUG] - [AI_MOVE_Bot 2] Set Destination: (44, 59) | Reason: Go Home | CurrPos: (48, 51)
2026-01-22 23:15:54,859 - [DEBUG] - [AI_MOVE_Bot 5] Set Destination: (54, 23) | Reason: Go Home | CurrPos: (39, 48)
2026-01-22 23:15:54,859 - [DEBUG] - [AI_MOVE_Bot 5] Set Destination: (54, 23) | Reason: Go Home | CurrPos: (39, 48)
2026-01-22 23:15:54,975 - [DEBUG] - [AI_MOVE_Bot 2] Set Destination: (57, 96) | Reason: Go Home | CurrPos: (48, 50)
2026-01-22 23:15:54,975 - [DEBUG] - [AI_MOVE_Bot 2] Set Destination: (57, 96) | Reason: Go Home | CurrPos: (48, 50)
2026-01-22 23:15:54,995 - [DEBUG] - [AI_MOVE_Bot 1] Set Destination: (32, 83) | Reason: Go Home | CurrPos: (41, 51)
2026-01-22 23:15:54,995 - [DEBUG] - [AI_MOVE_Bot 1] Set Destination: (32, 83) | Reason: Go Home | CurrPos: (41, 51)
2026-01-22 23:15:55,146 - [DEBUG] - [AI_MOVE_Bot 4] Set Destination: (10, 62) | Reason: Go Home | CurrPos: (48, 55)
2026-01-22 23:15:55,146 - [DEBUG] - [AI_MOVE_Bot 4] Set Destination: (10, 62) | Reason: Go Home | CurrPos: (48, 55)
2026-01-22 23:15:55,637 - [DEBUG] - [AI_MOVE_Bot 5] Set Destination: (91, 32) | Reason: Go Home | CurrPos: (34, 48)
2026-01-22 23:15:55,637 - [DEBUG] - [AI_MOVE_Bot 5] Set Destination: (91, 32) | Reason: Go Home | CurrPos: (34, 48)
2026-01-22 23:15:55,656 - [DEBUG] - [AI_MOVE_Bot 4] Set Destination: (11, 62) | Reason: Go Home | CurrPos: (47, 53)
2026-01-22 23:15:55,656 - [DEBUG] - [AI_MOVE_Bot 4] Set Destination: (11, 62) | Reason: Go Home | CurrPos: (47, 53)
2026-01-22 23:15:55,880 - [DEBUG] - [AI_MOVE_Bot 1] Set Destination: (33, 83) | Reason: Go Home | CurrPos: (42, 56)
2026-01-22 23:15:55,880 - [DEBUG] - [AI_MOVE_Bot 1] Set Destination: (33, 83) | Reason: Go Home | CurrPos: (42, 56)
2026-01-22 23:15:55,967 - [DEBUG] - [AI_MOVE_Bot 5] Set Destination: (90, 32) | Reason: Go Home | CurrPos: (34, 46)
2026-01-22 23:15:55,967 - [DEBUG] - [AI_MOVE_Bot 5] Set Destination: (90, 32) | Reason: Go Home | CurrPos: (34, 46)
2026-01-22 23:15:56,077 - [DEBUG] - [AI_MOVE_Bot 5] Set Destination: (68, 7) | Reason: Go Home | CurrPos: (34, 45)
2026-01-22 23:15:56,077 - [DEBUG] - [AI_MOVE_Bot 5] Set Destination: (68, 7) | Reason: Go Home | CurrPos: (34, 45)
2026-01-22 23:15:56,123 - [DEBUG] - [AI_MOVE_Bot 1] Set Destination: (32, 83) | Reason: Go Home | CurrPos: (43, 57)
2026-01-22 23:15:56,123 - [DEBUG] - [AI_MOVE_Bot 1] Set Destination: (32, 83) | Reason: Go Home | CurrPos: (43, 57)
2026-01-22 23:15:56,123 - [DEBUG] - [AI_MOVE_Bot 4] Set Destination: (12, 62) | Reason: Go Home | CurrPos: (45, 52)
2026-01-22 23:15:56,123 - [DEBUG] - [AI_MOVE_Bot 4] Set Destination: (12, 62) | Reason: Go Home | CurrPos: (45, 52)
2026-01-22 23:15:56,303 - [DEBUG] - [AI_MOVE_Bot 1] Set Destination: (39, 96) | Reason: Go Home | CurrPos: (44, 57)
2026-01-22 23:15:56,303 - [DEBUG] - [AI_MOVE_Bot 1] Set Destination: (39, 96) | Reason: Go Home | CurrPos: (44, 57)
2026-01-22 23:15:56,308 - [DEBUG] - [AI_MOVE_Bot 4] Set Destination: (5, 40) | Reason: Go Home | CurrPos: (45, 51)
2026-01-22 23:15:56,308 - [DEBUG] - [AI_MOVE_Bot 4] Set Destination: (5, 40) | Reason: Go Home | CurrPos: (45, 51)
2026-01-22 23:15:56,324 - [DEBUG] - [AI_MOVE_Bot 2] Set Destination: (57, 97) | Reason: Go Home | CurrPos: (48, 58)
2026-01-22 23:15:56,324 - [DEBUG] - [AI_MOVE_Bot 2] Set Destination: (57, 97) | Reason: Go Home | CurrPos: (48, 58)
2026-01-22 23:15:56,327 - [DEBUG] - [AI_MOVE_Bot 5] Set Destination: (10, 66) | Reason: Go Home | CurrPos: (34, 44)
2026-01-22 23:15:56,327 - [DEBUG] - [AI_MOVE_Bot 5] Set Destination: (10, 66) | Reason: Go Home | CurrPos: (34, 44)
2026-01-22 23:15:56,349 - [DEBUG] - [AI_MOVE_Bot 1] Set Destination: (17, 14) | Reason: Go Home | CurrPos: (44, 57)
2026-01-22 23:15:56,349 - [DEBUG] - [AI_MOVE_Bot 1] Set Destination: (17, 14) | Reason: Go Home | CurrPos: (44, 57)
2026-01-22 23:15:56,349 - [DEBUG] - [AI_MOVE_Bot 4] Set Destination: (6, 40) | Reason: Go Home | CurrPos: (45, 51)
2026-01-22 23:15:56,349 - [DEBUG] - [AI_MOVE_Bot 4] Set Destination: (6, 40) | Reason: Go Home | CurrPos: (45, 51)
2026-01-22 23:15:56,408 - [DEBUG] - [AI_MOVE_Bot 5] Set Destination: (10, 67) | Reason: Go Home | CurrPos: (33, 44)
2026-01-22 23:15:56,408 - [DEBUG] - [AI_MOVE_Bot 5] Set Destination: (10, 67) | Reason: Go Home | CurrPos: (33, 44)
2026-01-22 23:15:56,496 - [DEBUG] - [AI_MOVE_Bot 1] Set Destination: (32, 77) | Reason: Go Home | CurrPos: (45, 57)
2026-01-22 23:15:56,496 - [DEBUG] - [AI_MOVE_Bot 1] Set Destination: (32, 77) | Reason: Go Home | CurrPos: (45, 57)
2026-01-22 23:15:56,541 - [DEBUG] - [AI_MOVE_Bot 5] Set Destination: (8, 67) | Reason: Go Home | CurrPos: (33, 44)
2026-01-22 23:15:56,541 - [DEBUG] - [AI_MOVE_Bot 5] Set Destination: (8, 67) | Reason: Go Home | CurrPos: (33, 44)
2026-01-22 23:15:56,620 - [DEBUG] - [AI_MOVE_Bot 4] Set Destination: (86, 30) | Reason: Go Home | CurrPos: (43, 51)
2026-01-22 23:15:56,620 - [DEBUG] - [AI_MOVE_Bot 4] Set Destination: (86, 30) | Reason: Go Home | CurrPos: (43, 51)
2026-01-22 23:15:56,656 - [DEBUG] - [AI_MOVE_Bot 2] Set Destination: (58, 95) | Reason: Go Home | CurrPos: (48, 60)
2026-01-22 23:15:56,656 - [DEBUG] - [AI_MOVE_Bot 2] Set Destination: (58, 95) | Reason: Go Home | CurrPos: (48, 60)
2026-01-22 23:15:56,675 - [DEBUG] - [AI_MOVE_Bot 2] Set Destination: (96, 39) | Reason: Go Home | CurrPos: (48, 60)
2026-01-22 23:15:56,675 - [DEBUG] - [AI_MOVE_Bot 2] Set Destination: (96, 39) | Reason: Go Home | CurrPos: (48, 60)
2026-01-22 23:15:56,675 - [DEBUG] - [AI_MOVE_Bot 5] Set Destination: (96, 58) | Reason: Go Home | CurrPos: (32, 44)
2026-01-22 23:15:56,675 - [DEBUG] - [AI_MOVE_Bot 5] Set Destination: (96, 58) | Reason: Go Home | CurrPos: (32, 44)
2026-01-22 23:15:56,738 - [DEBUG] - [AI_MOVE_Bot 1] Set Destination: (33, 77) | Reason: Go Home | CurrPos: (46, 58)
2026-01-22 23:15:56,738 - [DEBUG] - [AI_MOVE_Bot 1] Set Destination: (33, 77) | Reason: Go Home | CurrPos: (46, 58)
2026-01-22 23:15:56,765 - [DEBUG] - [AI_MOVE_Bot 5] Set Destination: (36, 88) | Reason: Go Home | CurrPos: (31, 44)
2026-01-22 23:15:56,765 - [DEBUG] - [AI_MOVE_Bot 5] Set Destination: (36, 88) | Reason: Go Home | CurrPos: (31, 44)
2026-01-22 23:15:56,896 - [DEBUG] - [AI_MOVE_Bot 2] Set Destination: (87, 33) | Reason: Go Home | CurrPos: (48, 61)
2026-01-22 23:15:56,896 - [DEBUG] - [AI_MOVE_Bot 2] Set Destination: (87, 33) | Reason: Go Home | CurrPos: (48, 61)
2026-01-22 23:15:56,901 - [DEBUG] - [AI_MOVE_Bot 4] Set Destination: (35, 53) | Reason: Go Home | CurrPos: (41, 51)
2026-01-22 23:15:56,901 - [DEBUG] - [AI_MOVE_Bot 4] Set Destination: (35, 53) | Reason: Go Home | CurrPos: (41, 51)
2026-01-22 23:15:56,948 - [DEBUG] - [AI_MOVE_Bot 4] Set Destination: (35, 52) | Reason: Go Home | CurrPos: (41, 51)
2026-01-22 23:15:56,948 - [DEBUG] - [AI_MOVE_Bot 4] Set Destination: (35, 52) | Reason: Go Home | CurrPos: (41, 51)
2026-01-22 23:15:57,047 - [DEBUG] - [AI_MOVE_Bot 5] Set Destination: (33, 77) | Reason: Go Home | CurrPos: (30, 44)
2026-01-22 23:15:57,047 - [DEBUG] - [AI_MOVE_Bot 5] Set Destination: (33, 77) | Reason: Go Home | CurrPos: (30, 44)
2026-01-22 23:15:57,107 - [DEBUG] - [AI_MOVE_Bot 2] Set Destination: (88, 33) | Reason: Go Home | CurrPos: (48, 60)
2026-01-22 23:15:57,107 - [DEBUG] - [AI_MOVE_Bot 2] Set Destination: (88, 33) | Reason: Go Home | CurrPos: (48, 60)
2026-01-22 23:15:57,183 - [DEBUG] - [AI_MOVE_Bot 2] Set Destination: (8, 90) | Reason: Go Home | CurrPos: (48, 60)
2026-01-22 23:15:57,183 - [DEBUG] - [AI_MOVE_Bot 2] Set Destination: (8, 90) | Reason: Go Home | CurrPos: (48, 60)
2026-01-22 23:15:57,287 - [DEBUG] - [AI_MOVE_Bot 2] Set Destination: (89, 57) | Reason: Go Home | CurrPos: (48, 59)
2026-01-22 23:15:57,287 - [DEBUG] - [AI_MOVE_Bot 2] Set Destination: (89, 57) | Reason: Go Home | CurrPos: (48, 59)
2026-01-22 23:15:57,366 - [DEBUG] - [AI_MOVE_Bot 1] Set Destination: (28, 65) | Reason: Go Home | CurrPos: (46, 62)
2026-01-22 23:15:57,366 - [DEBUG] - [AI_MOVE_Bot 1] Set Destination: (28, 65) | Reason: Go Home | CurrPos: (46, 62)
2026-01-22 23:15:57,570 - [DEBUG] - [AI_MOVE_Bot 2] Set Destination: (57, 23) | Reason: Go Home | CurrPos: (48, 57)
2026-01-22 23:15:57,570 - [DEBUG] - [AI_MOVE_Bot 2] Set Destination: (57, 23) | Reason: Go Home | CurrPos: (48, 57)
2026-01-22 23:15:57,572 - [DEBUG] - [AI_MOVE_Bot 5] Set Destination: (34, 78) | Reason: Go Home | CurrPos: (30, 47)
2026-01-22 23:15:57,572 - [DEBUG] - [AI_MOVE_Bot 5] Set Destination: (34, 78) | Reason: Go Home | CurrPos: (30, 47)
2026-01-22 23:15:57,633 - [DEBUG] - [AI_MOVE_Bot 5] Set Destination: (33, 77) | Reason: Go Home | CurrPos: (30, 47)
2026-01-22 23:15:57,633 - [DEBUG] - [AI_MOVE_Bot 5] Set Destination: (33, 77) | Reason: Go Home | CurrPos: (30, 47)
2026-01-22 23:15:57,666 - [DEBUG] - [AI_MOVE_Bot 1] Set Destination: (28, 64) | Reason: Go Home | CurrPos: (46, 60)
2026-01-22 23:15:57,666 - [DEBUG] - [AI_MOVE_Bot 1] Set Destination: (28, 64) | Reason: Go Home | CurrPos: (46, 60)
2026-01-22 23:15:57,682 - [DEBUG] - [AI_MOVE_Bot 4] Set Destination: (3, 67) | Reason: Go Home | CurrPos: (37, 51)
2026-01-22 23:15:57,682 - [DEBUG] - [AI_MOVE_Bot 4] Set Destination: (3, 67) | Reason: Go Home | CurrPos: (37, 51)
2026-01-22 23:15:57,789 - [DEBUG] - [AI_MOVE_Bot 5] Set Destination: (40, 34) | Reason: Go Home | CurrPos: (30, 48)
2026-01-22 23:15:57,789 - [DEBUG] - [AI_MOVE_Bot 5] Set Destination: (40, 34) | Reason: Go Home | CurrPos: (30, 48)
2026-01-22 23:15:57,802 - [DEBUG] - [AI_MOVE_Bot 1] Set Destination: (4, 45) | Reason: Go Home | CurrPos: (46, 59)
2026-01-22 23:15:57,802 - [DEBUG] - [AI_MOVE_Bot 1] Set Destination: (4, 45) | Reason: Go Home | CurrPos: (46, 59)
2026-01-22 23:15:57,802 - [DEBUG] - [AI_MOVE_Bot 4] Set Destination: (3, 66) | Reason: Go Home | CurrPos: (36, 51)
2026-01-22 23:15:57,802 - [DEBUG] - [AI_MOVE_Bot 4] Set Destination: (3, 66) | Reason: Go Home | CurrPos: (36, 51)
2026-01-22 23:15:57,875 - [DEBUG] - [AI_MOVE_Bot 5] Set Destination: (94, 39) | Reason: Go Home | CurrPos: (30, 49)
2026-01-22 23:15:57,875 - [DEBUG] - [AI_MOVE_Bot 5] Set Destination: (94, 39) | Reason: Go Home | CurrPos: (30, 49)
2026-01-22 23:15:57,891 - [DEBUG] - [AI_MOVE_Bot 1] Set Destination: (23, 90) | Reason: Go Home | CurrPos: (46, 59)
2026-01-22 23:15:57,891 - [DEBUG] - [AI_MOVE_Bot 1] Set Destination: (23, 90) | Reason: Go Home | CurrPos: (46, 59)
2026-01-22 23:15:58,090 - [DEBUG] - [AI_MOVE_Bot 4] Set Destination: (10, 67) | Reason: Go Home | CurrPos: (34, 51)
2026-01-22 23:15:58,090 - [DEBUG] - [AI_MOVE_Bot 4] Set Destination: (10, 67) | Reason: Go Home | CurrPos: (34, 51)
2026-01-22 23:15:58,148 - [DEBUG] - [AI_MOVE_Bot 1] Set Destination: (22, 90) | Reason: Go Home | CurrPos: (46, 60)
2026-01-22 23:15:58,148 - [DEBUG] - [AI_MOVE_Bot 1] Set Destination: (22, 90) | Reason: Go Home | CurrPos: (46, 60)
2026-01-22 23:15:58,266 - [DEBUG] - [AI_MOVE_Bot 1] Set Destination: (32, 78) | Reason: Go Home | CurrPos: (46, 61)
2026-01-22 23:15:58,266 - [DEBUG] - [AI_MOVE_Bot 1] Set Destination: (32, 78) | Reason: Go Home | CurrPos: (46, 61)
2026-01-22 23:15:58,267 - [DEBUG] - [AI_MOVE_Bot 4] Set Destination: (17, 90) | Reason: Go Home | CurrPos: (33, 51)
2026-01-22 23:15:58,267 - [DEBUG] - [AI_MOVE_Bot 4] Set Destination: (17, 90) | Reason: Go Home | CurrPos: (33, 51)
2026-01-22 23:15:58,299 - [DEBUG] - [AI_MOVE_Bot 1] Set Destination: (70, 21) | Reason: Go Home | CurrPos: (46, 61)
2026-01-22 23:15:58,299 - [DEBUG] - [AI_MOVE_Bot 1] Set Destination: (70, 21) | Reason: Go Home | CurrPos: (46, 61)
2026-01-22 23:15:58,428 - [DEBUG] - [AI_MOVE_Bot 5] Set Destination: (3, 68) | Reason: Go Home | CurrPos: (30, 52)
2026-01-22 23:15:58,428 - [DEBUG] - [AI_MOVE_Bot 5] Set Destination: (3, 68) | Reason: Go Home | CurrPos: (30, 52)
2026-01-22 23:15:58,488 - [DEBUG] - [AI_MOVE_Bot 5] Set Destination: (3, 67) | Reason: Go Home | CurrPos: (30, 52)
2026-01-22 23:15:58,488 - [DEBUG] - [AI_MOVE_Bot 5] Set Destination: (3, 67) | Reason: Go Home | CurrPos: (30, 52)
2026-01-22 23:15:58,549 - [DEBUG] - [AI_MOVE_Bot 5] Set Destination: (73, 80) | Reason: Go Home | CurrPos: (30, 52)
2026-01-22 23:15:58,549 - [DEBUG] - [AI_MOVE_Bot 5] Set Destination: (73, 80) | Reason: Go Home | CurrPos: (30, 52)
2026-01-22 23:15:58,719 - [DEBUG] - [AI_MOVE_Bot 4] Set Destination: (17, 91) | Reason: Go Home | CurrPos: (31, 51)
2026-01-22 23:15:58,719 - [DEBUG] - [AI_MOVE_Bot 4] Set Destination: (17, 91) | Reason: Go Home | CurrPos: (31, 51)
2026-01-22 23:15:58,821 - [DEBUG] - [AI_MOVE_Bot 1] Set Destination: (27, 32) | Reason: Go Home | CurrPos: (46, 64)
2026-01-22 23:15:58,821 - [DEBUG] - [AI_MOVE_Bot 1] Set Destination: (27, 32) | Reason: Go Home | CurrPos: (46, 64)
2026-01-22 23:15:58,912 - [DEBUG] - [AI_MOVE_Bot 4] Set Destination: (5, 91) | Reason: Go Home | CurrPos: (30, 51)
2026-01-22 23:15:58,912 - [DEBUG] - [AI_MOVE_Bot 4] Set Destination: (5, 91) | Reason: Go Home | CurrPos: (30, 51)
2026-01-22 23:15:58,973 - [DEBUG] - [AI_MOVE_Bot 4] Set Destination: (5, 90) | Reason: Go Home | CurrPos: (29, 51)
2026-01-22 23:15:58,973 - [DEBUG] - [AI_MOVE_Bot 4] Set Destination: (5, 90) | Reason: Go Home | CurrPos: (29, 51)
2026-01-22 23:15:59,072 - [DEBUG] - [AI_MOVE_Bot 5] Set Destination: (6, 40) | Reason: Go Home | CurrPos: (27, 52)
2026-01-22 23:15:59,072 - [DEBUG] - [AI_MOVE_Bot 5] Set Destination: (6, 40) | Reason: Go Home | CurrPos: (27, 52)
2026-01-22 23:15:59,107 - [DEBUG] - [AI_MOVE_Bot 1] Set Destination: (26, 32) | Reason: Go Home | CurrPos: (46, 62)
2026-01-22 23:15:59,107 - [DEBUG] - [AI_MOVE_Bot 1] Set Destination: (26, 32) | Reason: Go Home | CurrPos: (46, 62)
2026-01-22 23:15:59,125 - [DEBUG] - [AI_MOVE_Bot 4] Set Destination: (97, 45) | Reason: Go Home | CurrPos: (28, 51)
2026-01-22 23:15:59,125 - [DEBUG] - [AI_MOVE_Bot 4] Set Destination: (97, 45) | Reason: Go Home | CurrPos: (28, 51)
2026-01-22 23:15:59,293 - [DEBUG] - [AI_MOVE_Bot 2] Set Destination: (57, 24) | Reason: Go Home | CurrPos: (48, 47)
2026-01-22 23:15:59,293 - [DEBUG] - [AI_MOVE_Bot 2] Set Destination: (57, 24) | Reason: Go Home | CurrPos: (48, 47)
2026-01-22 23:15:59,491 - [DEBUG] - [AI_MOVE_Bot 2] Set Destination: (57, 23) | Reason: Go Home | CurrPos: (48, 47)
2026-01-22 23:15:59,491 - [DEBUG] - [AI_MOVE_Bot 2] Set Destination: (57, 23) | Reason: Go Home | CurrPos: (48, 47)
2026-01-22 23:15:59,586 - [DEBUG] - [AI_MOVE_Bot 1] Set Destination: (47, 96) | Reason: Go Home | CurrPos: (46, 60)
2026-01-22 23:15:59,586 - [DEBUG] - [AI_MOVE_Bot 1] Set Destination: (47, 96) | Reason: Go Home | CurrPos: (46, 60)
2026-01-22 23:15:59,671 - [DEBUG] - [AI_MOVE_Bot 5] Set Destination: (7, 40) | Reason: Go Home | CurrPos: (24, 51)
2026-01-22 23:15:59,671 - [DEBUG] - [AI_MOVE_Bot 5] Set Destination: (7, 40) | Reason: Go Home | CurrPos: (24, 51)
2026-01-22 23:15:59,820 - [DEBUG] - [AI_MOVE_Bot 2] Set Destination: (17, 95) | Reason: Go Home | CurrPos: (48, 45)
2026-01-22 23:15:59,820 - [DEBUG] - [AI_MOVE_Bot 2] Set Destination: (17, 95) | Reason: Go Home | CurrPos: (48, 45)
2026-01-22 23:15:59,883 - [DEBUG] - [AI_MOVE_Bot 5] Set Destination: (6, 40) | Reason: Go Home | CurrPos: (23, 51)
2026-01-22 23:15:59,883 - [DEBUG] - [AI_MOVE_Bot 5] Set Destination: (6, 40) | Reason: Go Home | CurrPos: (23, 51)
2026-01-22 23:15:59,899 - [DEBUG] - [AI_MOVE_Bot 5] Set Destination: (8, 94) | Reason: Go Home | CurrPos: (23, 51)
2026-01-22 23:15:59,899 - [DEBUG] - [AI_MOVE_Bot 5] Set Destination: (8, 94) | Reason: Go Home | CurrPos: (23, 51)
2026-01-22 23:15:59,979 - [DEBUG] - [AI_MOVE_Bot 4] Set Destination: (90, 54) | Reason: Go Home | CurrPos: (24, 51)
2026-01-22 23:15:59,979 - [DEBUG] - [AI_MOVE_Bot 4] Set Destination: (90, 54) | Reason: Go Home | CurrPos: (24, 51)
2026-01-22 23:16:00,497 - [DEBUG] - [AI_MOVE_Bot 5] Set Destination: (97, 45) | Reason: Go Home | CurrPos: (21, 49)
2026-01-22 23:16:00,497 - [DEBUG] - [AI_MOVE_Bot 5] Set Destination: (97, 45) | Reason: Go Home | CurrPos: (21, 49)
2026-01-22 23:16:00,530 - [DEBUG] - [AI_MOVE_Bot 1] Set Destination: (46, 96) | Reason: Go Home | CurrPos: (46, 65)
2026-01-22 23:16:00,530 - [DEBUG] - [AI_MOVE_Bot 1] Set Destination: (46, 96) | Reason: Go Home | CurrPos: (46, 65)
2026-01-22 23:16:00,667 - [DEBUG] - [AI_MOVE_Bot 1] Set Destination: (47, 96) | Reason: Go Home | CurrPos: (46, 66)
2026-01-22 23:16:00,667 - [DEBUG] - [AI_MOVE_Bot 1] Set Destination: (47, 96) | Reason: Go Home | CurrPos: (46, 66)
2026-01-22 23:16:00,681 - [DEBUG] - [AI_MOVE_Bot 4] Set Destination: (89, 54) | Reason: Go Home | CurrPos: (28, 51)
2026-01-22 23:16:00,681 - [DEBUG] - [AI_MOVE_Bot 4] Set Destination: (89, 54) | Reason: Go Home | CurrPos: (28, 51)
2026-01-22 23:16:00,803 - [DEBUG] - [AI_MOVE_Bot 1] Set Destination: (34, 34) | Reason: Go Home | CurrPos: (46, 67)
2026-01-22 23:16:00,803 - [DEBUG] - [AI_MOVE_Bot 1] Set Destination: (34, 34) | Reason: Go Home | CurrPos: (46, 67)
2026-01-22 23:16:00,803 - [DEBUG] - [AI_MOVE_Bot 4] Set Destination: (90, 54) | Reason: Go Home | CurrPos: (29, 51)
2026-01-22 23:16:00,803 - [DEBUG] - [AI_MOVE_Bot 4] Set Destination: (90, 54) | Reason: Go Home | CurrPos: (29, 51)
2026-01-22 23:16:00,949 - [DEBUG] - [AI_MOVE_Bot 5] Set Destination: (97, 44) | Reason: Go Home | CurrPos: (22, 48)
2026-01-22 23:16:00,949 - [DEBUG] - [AI_MOVE_Bot 5] Set Destination: (97, 44) | Reason: Go Home | CurrPos: (22, 48)
2026-01-22 23:16:00,984 - [DEBUG] - [AI_MOVE_Bot 4] Set Destination: (4, 40) | Reason: Go Home | CurrPos: (30, 51)
2026-01-22 23:16:00,984 - [DEBUG] - [AI_MOVE_Bot 4] Set Destination: (4, 40) | Reason: Go Home | CurrPos: (30, 51)
2026-01-22 23:16:01,139 - [DEBUG] - [AI_MOVE_Bot 2] Set Destination: (17, 96) | Reason: Go Home | CurrPos: (48, 53)
2026-01-22 23:16:01,139 - [DEBUG] - [AI_MOVE_Bot 2] Set Destination: (17, 96) | Reason: Go Home | CurrPos: (48, 53)
2026-01-22 23:16:01,232 - [DEBUG] - [AI_MOVE_Bot 5] Set Destination: (75, 79) | Reason: Go Home | CurrPos: (24, 48)
2026-01-22 23:16:01,232 - [DEBUG] - [AI_MOVE_Bot 5] Set Destination: (75, 79) | Reason: Go Home | CurrPos: (24, 48)
2026-01-22 23:16:01,252 - [DEBUG] - [AI_MOVE_Bot 4] Set Destination: (36, 88) | Reason: Go Home | CurrPos: (31, 51)
2026-01-22 23:16:01,252 - [DEBUG] - [AI_MOVE_Bot 4] Set Destination: (36, 88) | Reason: Go Home | CurrPos: (31, 51)
2026-01-22 23:16:01,356 - [DEBUG] - [AI_MOVE_Bot 1] Set Destination: (37, 87) | Reason: Go Home | CurrPos: (46, 70)
2026-01-22 23:16:01,356 - [DEBUG] - [AI_MOVE_Bot 1] Set Destination: (37, 87) | Reason: Go Home | CurrPos: (46, 70)
2026-01-22 23:16:01,441 - [DEBUG] - [AI_MOVE_Bot 2] Set Destination: (17, 95) | Reason: Go Home | CurrPos: (48, 55)
2026-01-22 23:16:01,441 - [DEBUG] - [AI_MOVE_Bot 2] Set Destination: (17, 95) | Reason: Go Home | CurrPos: (48, 55)
2026-01-22 23:16:01,517 - [DEBUG] - [AI_MOVE_Bot 2] Set Destination: (34, 22) | Reason: Go Home | CurrPos: (48, 55)
2026-01-22 23:16:01,517 - [DEBUG] - [AI_MOVE_Bot 2] Set Destination: (34, 22) | Reason: Go Home | CurrPos: (48, 55)
2026-01-22 23:16:01,747 - [DEBUG] - [AI_MOVE_Bot 1] Set Destination: (37, 88) | Reason: Go Home | CurrPos: (48, 70)
2026-01-22 23:16:01,747 - [DEBUG] - [AI_MOVE_Bot 1] Set Destination: (37, 88) | Reason: Go Home | CurrPos: (48, 70)
2026-01-22 23:16:01,832 - [DEBUG] - [AI_MOVE_Bot 2] Set Destination: (34, 34) | Reason: Go Home | CurrPos: (48, 57)
2026-01-22 23:16:01,832 - [DEBUG] - [AI_MOVE_Bot 2] Set Destination: (34, 34) | Reason: Go Home | CurrPos: (48, 57)
2026-01-22 23:16:01,956 - [DEBUG] - [AI_MOVE_Bot 4] Set Destination: (36, 87) | Reason: Go Home | CurrPos: (35, 52)
2026-01-22 23:16:01,956 - [DEBUG] - [AI_MOVE_Bot 4] Set Destination: (36, 87) | Reason: Go Home | CurrPos: (35, 52)
2026-01-22 23:16:02,056 - [DEBUG] - [AI_MOVE_Bot 2] Set Destination: (34, 34) | Reason: Go Home | CurrPos: (48, 58)
2026-01-22 23:16:02,056 - [DEBUG] - [AI_MOVE_Bot 2] Set Destination: (34, 34) | Reason: Go Home | CurrPos: (48, 58)
2026-01-22 23:16:02,121 - [DEBUG] - [AI_MOVE_Bot 1] Set Destination: (58, 21) | Reason: Go Home | CurrPos: (48, 73)
2026-01-22 23:16:02,121 - [DEBUG] - [AI_MOVE_Bot 1] Set Destination: (58, 21) | Reason: Go Home | CurrPos: (48, 73)
2026-01-22 23:16:02,192 - [DEBUG] - [AI_MOVE_Bot 2] Set Destination: (4, 62) | Reason: Go Home | CurrPos: (48, 59)
2026-01-22 23:16:02,192 - [DEBUG] - [AI_MOVE_Bot 2] Set Destination: (4, 62) | Reason: Go Home | CurrPos: (48, 59)
2026-01-22 23:16:02,491 - [DEBUG] - [AI_MOVE_Bot 2] Set Destination: (81, 42) | Reason: Go Home | CurrPos: (48, 61)
2026-01-22 23:16:02,491 - [DEBUG] - [AI_MOVE_Bot 2] Set Destination: (81, 42) | Reason: Go Home | CurrPos: (48, 61)
2026-01-22 23:16:02,686 - [DEBUG] - [AI_MOVE_Bot 5] Set Destination: (75, 78) | Reason: Go Home | CurrPos: (28, 52)
2026-01-22 23:16:02,686 - [DEBUG] - [AI_MOVE_Bot 5] Set Destination: (75, 78) | Reason: Go Home | CurrPos: (28, 52)
2026-01-22 23:16:02,735 - [DEBUG] - [AI_MOVE_Bot 1] Set Destination: (59, 22) | Reason: Go Home | CurrPos: (48, 69)
2026-01-22 23:16:02,735 - [DEBUG] - [AI_MOVE_Bot 1] Set Destination: (59, 22) | Reason: Go Home | CurrPos: (48, 69)
2026-01-22 23:16:02,941 - [DEBUG] - [AI_MOVE_Bot 2] Set Destination: (81, 41) | Reason: Go Home | CurrPos: (48, 58)
2026-01-22 23:16:02,941 - [DEBUG] - [AI_MOVE_Bot 2] Set Destination: (81, 41) | Reason: Go Home | CurrPos: (48, 58)
2026-01-22 23:16:02,991 - [DEBUG] - [AI_MOVE_Bot 4] Set Destination: (35, 88) | Reason: Go Home | CurrPos: (39, 54)
2026-01-22 23:16:02,991 - [DEBUG] - [AI_MOVE_Bot 4] Set Destination: (35, 88) | Reason: Go Home | CurrPos: (39, 54)
2026-01-22 23:16:03,078 - [DEBUG] - [AI_MOVE_Bot 5] Set Destination: (75, 79) | Reason: Go Home | CurrPos: (30, 53)
2026-01-22 23:16:03,078 - [DEBUG] - [AI_MOVE_Bot 5] Set Destination: (75, 79) | Reason: Go Home | CurrPos: (30, 53)
2026-01-22 23:16:03,179 - [DEBUG] - [AI_MOVE_Bot 2] Set Destination: (28, 89) | Reason: Go Home | CurrPos: (48, 56)
2026-01-22 23:16:03,179 - [DEBUG] - [AI_MOVE_Bot 2] Set Destination: (28, 89) | Reason: Go Home | CurrPos: (48, 56)
2026-01-22 23:16:03,187 - [DEBUG] - [AI_MOVE_Bot 4] Set Destination: (36, 88) | Reason: Go Home | CurrPos: (39, 55)
2026-01-22 23:16:03,187 - [DEBUG] - [AI_MOVE_Bot 4] Set Destination: (36, 88) | Reason: Go Home | CurrPos: (39, 55)
2026-01-22 23:16:03,289 - [DEBUG] - [AI_MOVE_Bot 1] Set Destination: (57, 22) | Reason: Go Home | CurrPos: (48, 66)
2026-01-22 23:16:03,289 - [DEBUG] - [AI_MOVE_Bot 1] Set Destination: (57, 22) | Reason: Go Home | CurrPos: (48, 66)
2026-01-22 23:16:03,307 - [DEBUG] - [AI_MOVE_Bot 5] Set Destination: (34, 83) | Reason: Go Home | CurrPos: (30, 54)
2026-01-22 23:16:03,307 - [DEBUG] - [AI_MOVE_Bot 5] Set Destination: (34, 83) | Reason: Go Home | CurrPos: (30, 54)
2026-01-22 23:16:03,533 - [DEBUG] - [AI_MOVE_Bot 4] Set Destination: (7, 39) | Reason: Go Home | CurrPos: (40, 57)
2026-01-22 23:16:03,533 - [DEBUG] - [AI_MOVE_Bot 4] Set Destination: (7, 39) | Reason: Go Home | CurrPos: (40, 57)
2026-01-22 23:16:03,788 - [DEBUG] - [AI_MOVE_Bot 1] Set Destination: (58, 22) | Reason: Go Home | CurrPos: (48, 63)
2026-01-22 23:16:03,788 - [DEBUG] - [AI_MOVE_Bot 1] Set Destination: (58, 22) | Reason: Go Home | CurrPos: (48, 63)
2026-01-22 23:16:04,086 - [DEBUG] - [AI_MOVE_Bot 1] Set Destination: (72, 73) | Reason: Go Home | CurrPos: (48, 61)
2026-01-22 23:16:04,086 - [DEBUG] - [AI_MOVE_Bot 1] Set Destination: (72, 73) | Reason: Go Home | CurrPos: (48, 61)
2026-01-22 23:16:04,430 - [DEBUG] - [AI_MOVE_Bot 4] Set Destination: (7, 38) | Reason: Go Home | CurrPos: (39, 52)
2026-01-22 23:16:04,430 - [DEBUG] - [AI_MOVE_Bot 4] Set Destination: (7, 38) | Reason: Go Home | CurrPos: (39, 52)
2026-01-22 23:16:04,643 - [DEBUG] - [AI_MOVE_Bot 4] Set Destination: (7, 39) | Reason: Go Home | CurrPos: (38, 52)
2026-01-22 23:16:04,643 - [DEBUG] - [AI_MOVE_Bot 4] Set Destination: (7, 39) | Reason: Go Home | CurrPos: (38, 52)
2026-01-22 23:16:04,739 - [DEBUG] - [AI_MOVE_Bot 2] Set Destination: (27, 88) | Reason: Go Home | CurrPos: (48, 66)
2026-01-22 23:16:04,739 - [DEBUG] - [AI_MOVE_Bot 2] Set Destination: (27, 88) | Reason: Go Home | CurrPos: (48, 66)
2026-01-22 23:16:04,846 - [DEBUG] - [AI_MOVE_Bot 2] Set Destination: (29, 89) | Reason: Go Home | CurrPos: (48, 67)
2026-01-22 23:16:04,846 - [DEBUG] - [AI_MOVE_Bot 2] Set Destination: (29, 89) | Reason: Go Home | CurrPos: (48, 67)
2026-01-22 23:16:04,915 - [DEBUG] - [AI_MOVE_Bot 4] Set Destination: (97, 39) | Reason: Go Home | CurrPos: (36, 52)
2026-01-22 23:16:04,915 - [DEBUG] - [AI_MOVE_Bot 4] Set Destination: (97, 39) | Reason: Go Home | CurrPos: (36, 52)
2026-01-22 23:16:04,968 - [DEBUG] - [AI_MOVE_Bot 2] Set Destination: (73, 80) | Reason: Go Home | CurrPos: (48, 68)
2026-01-22 23:16:04,968 - [DEBUG] - [AI_MOVE_Bot 2] Set Destination: (73, 80) | Reason: Go Home | CurrPos: (48, 68)
2026-01-22 23:16:05,018 - [DEBUG] - [AI_MOVE_Bot 4] Set Destination: (44, 59) | Reason: Go Home | CurrPos: (35, 52)
2026-01-22 23:16:05,018 - [DEBUG] - [AI_MOVE_Bot 4] Set Destination: (44, 59) | Reason: Go Home | CurrPos: (35, 52)
2026-01-22 23:16:05,223 - [DEBUG] - [AI_MOVE_Bot 2] Set Destination: (28, 65) | Reason: Go Home | CurrPos: (48, 69)
2026-01-22 23:16:05,223 - [DEBUG] - [AI_MOVE_Bot 2] Set Destination: (28, 65) | Reason: Go Home | CurrPos: (48, 69)
2026-01-22 23:16:05,385 - [DEBUG] - [AI_MOVE_Bot 5] Set Destination: (33, 83) | Reason: Go Home | CurrPos: (33, 64)
2026-01-22 23:16:05,385 - [DEBUG] - [AI_MOVE_Bot 5] Set Destination: (33, 83) | Reason: Go Home | CurrPos: (33, 64)
2026-01-22 23:16:05,433 - [DEBUG] - [AI_MOVE_Bot 5] Set Destination: (34, 83) | Reason: Go Home | CurrPos: (33, 64)
2026-01-22 23:16:05,433 - [DEBUG] - [AI_MOVE_Bot 5] Set Destination: (34, 83) | Reason: Go Home | CurrPos: (33, 64)
2026-01-22 23:16:05,715 - [DEBUG] - [AI_MOVE_Bot 2] Set Destination: (95, 42) | Reason: Go Home | CurrPos: (47, 72)
2026-01-22 23:16:05,715 - [DEBUG] - [AI_MOVE_Bot 2] Set Destination: (95, 42) | Reason: Go Home | CurrPos: (47, 72)
2026-01-22 23:16:05,912 - [DEBUG] - [AI_MOVE_Bot 5] Set Destination: (71, 21) | Reason: Go Home | CurrPos: (36, 64)
2026-01-22 23:16:05,912 - [DEBUG] - [AI_MOVE_Bot 5] Set Destination: (71, 21) | Reason: Go Home | CurrPos: (36, 64)
2026-01-22 23:16:06,740 - [DEBUG] - [AI_MOVE_Bot 1] Set Destination: (72, 74) | Reason: Go Home | CurrPos: (59, 66)
2026-01-22 23:16:06,740 - [DEBUG] - [AI_MOVE_Bot 1] Set Destination: (72, 74) | Reason: Go Home | CurrPos: (59, 66)
2026-01-22 23:16:06,848 - [DEBUG] - [AI_MOVE_Bot 1] Set Destination: (72, 73) | Reason: Go Home | CurrPos: (60, 66)
2026-01-22 23:16:06,848 - [DEBUG] - [AI_MOVE_Bot 1] Set Destination: (72, 73) | Reason: Go Home | CurrPos: (60, 66)
2026-01-22 23:16:07,005 - [DEBUG] - [AI_MOVE_Bot 5] Set Destination: (71, 20) | Reason: Go Home | CurrPos: (43, 64)
2026-01-22 23:16:07,005 - [DEBUG] - [AI_MOVE_Bot 5] Set Destination: (71, 20) | Reason: Go Home | CurrPos: (43, 64)
2026-01-22 23:16:07,058 - [DEBUG] - [AI_MOVE_Bot 1] Set Destination: (26, 83) | Reason: Go Home | CurrPos: (61, 66)
2026-01-22 23:16:07,058 - [DEBUG] - [AI_MOVE_Bot 1] Set Destination: (26, 83) | Reason: Go Home | CurrPos: (61, 66)
2026-01-22 23:16:07,398 - [DEBUG] - [AI_MOVE_Bot 5] Set Destination: (71, 21) | Reason: Go Home | CurrPos: (46, 64)
2026-01-22 23:16:07,398 - [DEBUG] - [AI_MOVE_Bot 5] Set Destination: (71, 21) | Reason: Go Home | CurrPos: (46, 64)
2026-01-22 23:16:07,416 - [DEBUG] - [AI_MOVE_Bot 1] Set Destination: (69, 9) | Reason: Go Home | CurrPos: (63, 66)
2026-01-22 23:16:07,416 - [DEBUG] - [AI_MOVE_Bot 1] Set Destination: (69, 9) | Reason: Go Home | CurrPos: (63, 66)
2026-01-22 23:16:07,444 - [DEBUG] - [AI_MOVE_Bot 5] Set Destination: (41, 87) | Reason: Go Home | CurrPos: (46, 63)
2026-01-22 23:16:07,444 - [DEBUG] - [AI_MOVE_Bot 5] Set Destination: (41, 87) | Reason: Go Home | CurrPos: (46, 63)
2026-01-22 23:16:07,494 - [DEBUG] - [AI_MOVE_Bot 1] Set Destination: (69, 8) | Reason: Go Home | CurrPos: (63, 65)
2026-01-22 23:16:07,494 - [DEBUG] - [AI_MOVE_Bot 1] Set Destination: (69, 8) | Reason: Go Home | CurrPos: (63, 65)
2026-01-22 23:16:07,559 - [DEBUG] - [AI_MOVE_Bot 2] Set Destination: (96, 42) | Reason: Go Home | CurrPos: (48, 61)
2026-01-22 23:16:07,559 - [DEBUG] - [AI_MOVE_Bot 2] Set Destination: (96, 42) | Reason: Go Home | CurrPos: (48, 61)
2026-01-22 23:16:07,562 - [DEBUG] - [AI_MOVE_Bot 5] Set Destination: (31, 77) | Reason: Go Home | CurrPos: (46, 63)
2026-01-22 23:16:07,562 - [DEBUG] - [AI_MOVE_Bot 5] Set Destination: (31, 77) | Reason: Go Home | CurrPos: (46, 63)
2026-01-22 23:16:07,681 - [DEBUG] - [AI_MOVE_Bot 2] Set Destination: (94, 42) | Reason: Go Home | CurrPos: (48, 60)
2026-01-22 23:16:07,681 - [DEBUG] - [AI_MOVE_Bot 2] Set Destination: (94, 42) | Reason: Go Home | CurrPos: (48, 60)
2026-01-22 23:16:07,817 - [DEBUG] - [AI_MOVE_Bot 2] Set Destination: (71, 28) | Reason: Go Home | CurrPos: (48, 59)
2026-01-22 23:16:07,817 - [DEBUG] - [AI_MOVE_Bot 2] Set Destination: (71, 28) | Reason: Go Home | CurrPos: (48, 59)
2026-01-22 23:16:07,913 - [DEBUG] - [AI_MOVE_Bot 1] Set Destination: (10, 55) | Reason: Go Home | CurrPos: (64, 63)
2026-01-22 23:16:07,913 - [DEBUG] - [AI_MOVE_Bot 1] Set Destination: (10, 55) | Reason: Go Home | CurrPos: (64, 63)
2026-01-22 23:16:07,956 - [DEBUG] - [AI_MOVE_Bot 2] Set Destination: (94, 58) | Reason: Go Home | CurrPos: (48, 59)
2026-01-22 23:16:07,956 - [DEBUG] - [AI_MOVE_Bot 2] Set Destination: (94, 58) | Reason: Go Home | CurrPos: (48, 59)
2026-01-22 23:16:07,998 - [DEBUG] - [AI_MOVE_Bot 5] Set Destination: (32, 77) | Reason: Go Home | CurrPos: (46, 65)
2026-01-22 23:16:07,998 - [DEBUG] - [AI_MOVE_Bot 5] Set Destination: (32, 77) | Reason: Go Home | CurrPos: (46, 65)
2026-01-22 23:16:08,060 - [DEBUG] - [AI_MOVE_Bot 1] Set Destination: (5, 43) | Reason: Go Home | CurrPos: (64, 63)
2026-01-22 23:16:08,060 - [DEBUG] - [AI_MOVE_Bot 1] Set Destination: (5, 43) | Reason: Go Home | CurrPos: (64, 63)
2026-01-22 23:16:08,084 - [DEBUG] - [AI_MOVE_Bot 2] Set Destination: (75, 75) | Reason: Go Home | CurrPos: (48, 58)
2026-01-22 23:16:08,084 - [DEBUG] - [AI_MOVE_Bot 2] Set Destination: (75, 75) | Reason: Go Home | CurrPos: (48, 58)
2026-01-22 23:16:08,137 - [DEBUG] - [AI_MOVE_Bot 1] Set Destination: (6, 43) | Reason: Go Home | CurrPos: (64, 63)
2026-01-22 23:16:08,137 - [DEBUG] - [AI_MOVE_Bot 1] Set Destination: (6, 43) | Reason: Go Home | CurrPos: (64, 63)
2026-01-22 23:16:08,196 - [DEBUG] - [AI_MOVE_Bot 2] Set Destination: (75, 74) | Reason: Go Home | CurrPos: (48, 58)
2026-01-22 23:16:08,196 - [DEBUG] - [AI_MOVE_Bot 2] Set Destination: (75, 74) | Reason: Go Home | CurrPos: (48, 58)
2026-01-22 23:16:08,207 - [DEBUG] - [AI_MOVE_Bot 5] Set Destination: (73, 73) | Reason: Go Home | CurrPos: (46, 66)
2026-01-22 23:16:08,207 - [DEBUG] - [AI_MOVE_Bot 5] Set Destination: (73, 73) | Reason: Go Home | CurrPos: (46, 66)
2026-01-22 23:16:08,342 - [DEBUG] - [AI_MOVE_Bot 2] Set Destination: (87, 42) | Reason: Go Home | CurrPos: (48, 59)
2026-01-22 23:16:08,342 - [DEBUG] - [AI_MOVE_Bot 2] Set Destination: (87, 42) | Reason: Go Home | CurrPos: (48, 59)
2026-01-22 23:16:08,418 - [DEBUG] - [AI_MOVE_Bot 2] Set Destination: (28, 83) | Reason: Go Home | CurrPos: (48, 60)
2026-01-22 23:16:08,418 - [DEBUG] - [AI_MOVE_Bot 2] Set Destination: (28, 83) | Reason: Go Home | CurrPos: (48, 60)
2026-01-22 23:16:08,433 - [DEBUG] - [AI_MOVE_Bot 5] Set Destination: (73, 74) | Reason: Go Home | CurrPos: (47, 67)
2026-01-22 23:16:08,433 - [DEBUG] - [AI_MOVE_Bot 5] Set Destination: (73, 74) | Reason: Go Home | CurrPos: (47, 67)
2026-01-22 23:16:08,469 - [DEBUG] - [AI_MOVE_Bot 1] Set Destination: (35, 53) | Reason: Go Home | CurrPos: (62, 63)
2026-01-22 23:16:08,469 - [DEBUG] - [AI_MOVE_Bot 1] Set Destination: (35, 53) | Reason: Go Home | CurrPos: (62, 63)
2026-01-22 23:16:08,508 - [DEBUG] - [AI_MOVE_Bot 2] Set Destination: (6, 45) | Reason: Go Home | CurrPos: (48, 60)
2026-01-22 23:16:08,508 - [DEBUG] - [AI_MOVE_Bot 2] Set Destination: (6, 45) | Reason: Go Home | CurrPos: (48, 60)
2026-01-22 23:16:08,639 - [DEBUG] - [AI_MOVE_Bot 2] Set Destination: (25, 45) | Reason: Go Home | CurrPos: (48, 61)
2026-01-22 23:16:08,639 - [DEBUG] - [AI_MOVE_Bot 2] Set Destination: (25, 45) | Reason: Go Home | CurrPos: (48, 61)
2026-01-22 23:16:08,941 - [DEBUG] - [AI_MOVE_Bot 5] Set Destination: (17, 90) | Reason: Go Home | CurrPos: (50, 67)
2026-01-22 23:16:08,941 - [DEBUG] - [AI_MOVE_Bot 5] Set Destination: (17, 90) | Reason: Go Home | CurrPos: (50, 67)
2026-01-22 23:16:09,291 - [DEBUG] - [AI_MOVE_Bot 1] Set Destination: (39, 77) | Reason: Go Home | CurrPos: (57, 63)
2026-01-22 23:16:09,291 - [DEBUG] - [AI_MOVE_Bot 1] Set Destination: (39, 77) | Reason: Go Home | CurrPos: (57, 63)
2026-01-22 23:16:09,452 - [DEBUG] - [AI_MOVE_Bot 5] Set Destination: (18, 90) | Reason: Go Home | CurrPos: (48, 67)
2026-01-22 23:16:09,452 - [DEBUG] - [AI_MOVE_Bot 5] Set Destination: (18, 90) | Reason: Go Home | CurrPos: (48, 67)
2026-01-22 23:16:09,546 - [DEBUG] - [AI_MOVE_Bot 1] Set Destination: (40, 78) | Reason: Go Home | CurrPos: (56, 63)
2026-01-22 23:16:09,546 - [DEBUG] - [AI_MOVE_Bot 1] Set Destination: (40, 78) | Reason: Go Home | CurrPos: (56, 63)
2026-01-22 23:16:09,564 - [DEBUG] - [AI_MOVE_Bot 1] Set Destination: (89, 61) | Reason: Go Home | CurrPos: (56, 63)
2026-01-22 23:16:09,564 - [DEBUG] - [AI_MOVE_Bot 1] Set Destination: (89, 61) | Reason: Go Home | CurrPos: (56, 63)
2026-01-22 23:16:09,647 - [DEBUG] - [AI_MOVE_Bot 5] Set Destination: (17, 90) | Reason: Go Home | CurrPos: (48, 68)
2026-01-22 23:16:09,647 - [DEBUG] - [AI_MOVE_Bot 5] Set Destination: (17, 90) | Reason: Go Home | CurrPos: (48, 68)
2026-01-22 23:16:09,671 - [DEBUG] - [AI_MOVE_Bot 1] Set Destination: (43, 33) | Reason: Go Home | CurrPos: (55, 63)
2026-01-22 23:16:09,671 - [DEBUG] - [AI_MOVE_Bot 1] Set Destination: (43, 33) | Reason: Go Home | CurrPos: (55, 63)
2026-01-22 23:16:09,831 - [DEBUG] - [AI_MOVE_Bot 1] Set Destination: (35, 87) | Reason: Go Home | CurrPos: (54, 63)
2026-01-22 23:16:09,831 - [DEBUG] - [AI_MOVE_Bot 1] Set Destination: (35, 87) | Reason: Go Home | CurrPos: (54, 63)
2026-01-22 23:16:09,889 - [DEBUG] - [AI_MOVE_Bot 5] Set Destination: (96, 31) | Reason: Go Home | CurrPos: (48, 70)
2026-01-22 23:16:09,889 - [DEBUG] - [AI_MOVE_Bot 5] Set Destination: (96, 31) | Reason: Go Home | CurrPos: (48, 70)
2026-01-22 23:16:09,985 - [DEBUG] - [AI_MOVE_Bot 1] Set Destination: (36, 87) | Reason: Go Home | CurrPos: (53, 63)
2026-01-22 23:16:09,985 - [DEBUG] - [AI_MOVE_Bot 1] Set Destination: (36, 87) | Reason: Go Home | CurrPos: (53, 63)
2026-01-22 23:16:10,060 - [DEBUG] - [AI_MOVE_Bot 1] Set Destination: (75, 74) | Reason: Go Home | CurrPos: (53, 63)
2026-01-22 23:16:10,060 - [DEBUG] - [AI_MOVE_Bot 1] Set Destination: (75, 74) | Reason: Go Home | CurrPos: (53, 63)
2026-01-22 23:16:10,214 - [DEBUG] - [AI_MOVE_Bot 2] Set Destination: (26, 45) | Reason: Go Home | CurrPos: (43, 57)
2026-01-22 23:16:10,214 - [DEBUG] - [AI_MOVE_Bot 2] Set Destination: (26, 45) | Reason: Go Home | CurrPos: (43, 57)
2026-01-22 23:16:10,217 - [DEBUG] - [AI_MOVE_Bot 5] Set Destination: (14, 90) | Reason: Go Home | CurrPos: (48, 72)
2026-01-22 23:16:10,217 - [DEBUG] - [AI_MOVE_Bot 5] Set Destination: (14, 90) | Reason: Go Home | CurrPos: (48, 72)
2026-01-22 23:16:10,396 - [DEBUG] - [AI_MOVE_Bot 2] Set Destination: (25, 45) | Reason: Go Home | CurrPos: (42, 57)
2026-01-22 23:16:10,396 - [DEBUG] - [AI_MOVE_Bot 2] Set Destination: (25, 45) | Reason: Go Home | CurrPos: (42, 57)
2026-01-22 23:16:10,533 - [DEBUG] - [AI_MOVE_Bot 2] Set Destination: (22, 95) | Reason: Go Home | CurrPos: (41, 57)
2026-01-22 23:16:10,533 - [DEBUG] - [AI_MOVE_Bot 2] Set Destination: (22, 95) | Reason: Go Home | CurrPos: (41, 57)
2026-01-22 23:16:10,761 - [DEBUG] - [AI_MOVE_Bot 1] Set Destination: (41, 87) | Reason: Go Home | CurrPos: (48, 63)
2026-01-22 23:16:10,761 - [DEBUG] - [AI_MOVE_Bot 1] Set Destination: (41, 87) | Reason: Go Home | CurrPos: (48, 63)
2026-01-22 23:16:10,879 - [DEBUG] - [AI_MOVE_Bot 1] Set Destination: (40, 87) | Reason: Go Home | CurrPos: (48, 63)
2026-01-22 23:16:10,879 - [DEBUG] - [AI_MOVE_Bot 1] Set Destination: (40, 87) | Reason: Go Home | CurrPos: (48, 63)
2026-01-22 23:16:10,881 - [DEBUG] - [AI_MOVE_Bot 4] Set Destination: (43, 59) | Reason: Go Home | CurrPos: (35, 56)
2026-01-22 23:16:10,881 - [DEBUG] - [AI_MOVE_Bot 4] Set Destination: (43, 59) | Reason: Go Home | CurrPos: (35, 56)
2026-01-22 23:16:11,020 - [DEBUG] - [AI_MOVE_Bot 1] Set Destination: (95, 45) | Reason: Go Home | CurrPos: (48, 64)
2026-01-22 23:16:11,020 - [DEBUG] - [AI_MOVE_Bot 1] Set Destination: (95, 45) | Reason: Go Home | CurrPos: (48, 64)
2026-01-22 23:16:11,138 - [DEBUG] - [AI_MOVE_Bot 1] Set Destination: (8, 95) | Reason: Go Home | CurrPos: (48, 65)
2026-01-22 23:16:11,138 - [DEBUG] - [AI_MOVE_Bot 1] Set Destination: (8, 95) | Reason: Go Home | CurrPos: (48, 65)
2026-01-22 23:16:11,138 - [DEBUG] - [AI_MOVE_Bot 4] Set Destination: (44, 59) | Reason: Go Home | CurrPos: (35, 58)
2026-01-22 23:16:11,138 - [DEBUG] - [AI_MOVE_Bot 4] Set Destination: (44, 59) | Reason: Go Home | CurrPos: (35, 58)
2026-01-22 23:16:11,259 - [DEBUG] - [AI_MOVE_Bot 1] Set Destination: (4, 43) | Reason: Go Home | CurrPos: (48, 66)
2026-01-22 23:16:11,259 - [DEBUG] - [AI_MOVE_Bot 1] Set Destination: (4, 43) | Reason: Go Home | CurrPos: (48, 66)
2026-01-22 23:16:11,339 - [DEBUG] - [AI_MOVE_Bot 2] Set Destination: (41, 87) | Reason: Go Home | CurrPos: (39, 54)
2026-01-22 23:16:11,339 - [DEBUG] - [AI_MOVE_Bot 2] Set Destination: (41, 87) | Reason: Go Home | CurrPos: (39, 54)
2026-01-22 23:16:11,613 - [DEBUG] - [AI_MOVE_Bot 2] Set Destination: (40, 87) | Reason: Go Home | CurrPos: (39, 55)
2026-01-22 23:16:11,613 - [DEBUG] - [AI_MOVE_Bot 2] Set Destination: (40, 87) | Reason: Go Home | CurrPos: (39, 55)
2026-01-22 23:16:11,632 - [DEBUG] - [AI_MOVE_Bot 4] Set Destination: (93, 54) | Reason: Go Home | CurrPos: (36, 60)
2026-01-22 23:16:11,632 - [DEBUG] - [AI_MOVE_Bot 4] Set Destination: (93, 54) | Reason: Go Home | CurrPos: (36, 60)
2026-01-22 23:16:11,701 - [DEBUG] - [AI_MOVE_Bot 2] Set Destination: (28, 34) | Reason: Go Home | CurrPos: (39, 55)
2026-01-22 23:16:11,701 - [DEBUG] - [AI_MOVE_Bot 2] Set Destination: (28, 34) | Reason: Go Home | CurrPos: (39, 55)
2026-01-22 23:16:11,709 - [DEBUG] - [AI_MOVE_Bot 5] Set Destination: (14, 91) | Reason: Go Home | CurrPos: (40, 71)
2026-01-22 23:16:11,709 - [DEBUG] - [AI_MOVE_Bot 5] Set Destination: (14, 91) | Reason: Go Home | CurrPos: (40, 71)
2026-01-22 23:16:11,764 - [DEBUG] - [AI_MOVE_Bot 5] Set Destination: (14, 90) | Reason: Go Home | CurrPos: (39, 71)
2026-01-22 23:16:11,764 - [DEBUG] - [AI_MOVE_Bot 5] Set Destination: (14, 90) | Reason: Go Home | CurrPos: (39, 71)
2026-01-22 23:16:11,931 - [DEBUG] - [AI_MOVE_Bot 1] Set Destination: (69, 21) | Reason: Go Home | CurrPos: (48, 70)
2026-01-22 23:16:11,931 - [DEBUG] - [AI_MOVE_Bot 1] Set Destination: (69, 21) | Reason: Go Home | CurrPos: (48, 70)
2026-01-22 23:16:11,954 - [DEBUG] - [AI_MOVE_Bot 2] Set Destination: (6, 42) | Reason: Go Home | CurrPos: (39, 57)
2026-01-22 23:16:11,954 - [DEBUG] - [AI_MOVE_Bot 2] Set Destination: (6, 42) | Reason: Go Home | CurrPos: (39, 57)
2026-01-22 23:16:11,994 - [DEBUG] - [AI_MOVE_Bot 4] Set Destination: (92, 54) | Reason: Go Home | CurrPos: (36, 58)
2026-01-22 23:16:11,994 - [DEBUG] - [AI_MOVE_Bot 4] Set Destination: (92, 54) | Reason: Go Home | CurrPos: (36, 58)
2026-01-22 23:16:12,155 - [DEBUG] - [AI_MOVE_Bot 5] Set Destination: (96, 61) | Reason: Go Home | CurrPos: (38, 70)
2026-01-22 23:16:12,155 - [DEBUG] - [AI_MOVE_Bot 5] Set Destination: (96, 61) | Reason: Go Home | CurrPos: (38, 70)
2026-01-22 23:16:12,203 - [DEBUG] - [AI_MOVE_Bot 1] Set Destination: (69, 22) | Reason: Go Home | CurrPos: (48, 68)
2026-01-22 23:16:12,203 - [DEBUG] - [AI_MOVE_Bot 1] Set Destination: (69, 22) | Reason: Go Home | CurrPos: (48, 68)
2026-01-22 23:16:12,217 - [DEBUG] - [AI_MOVE_Bot 4] Set Destination: (23, 95) | Reason: Go Home | CurrPos: (36, 56)
2026-01-22 23:16:12,217 - [DEBUG] - [AI_MOVE_Bot 4] Set Destination: (23, 95) | Reason: Go Home | CurrPos: (36, 56)
2026-01-22 23:16:12,391 - [DEBUG] - [AI_MOVE_Bot 2] Set Destination: (7, 42) | Reason: Go Home | CurrPos: (39, 54)
2026-01-22 23:16:12,391 - [DEBUG] - [AI_MOVE_Bot 2] Set Destination: (7, 42) | Reason: Go Home | CurrPos: (39, 54)
2026-01-22 23:16:12,540 - [DEBUG] - [AI_MOVE_Bot 2] Set Destination: (68, 8) | Reason: Go Home | CurrPos: (39, 53)
2026-01-22 23:16:12,540 - [DEBUG] - [AI_MOVE_Bot 2] Set Destination: (68, 8) | Reason: Go Home | CurrPos: (39, 53)
2026-01-22 23:16:12,571 - [DEBUG] - [AI_MOVE_Bot 5] Set Destination: (44, 34) | Reason: Go Home | CurrPos: (38, 67)
2026-01-22 23:16:12,571 - [DEBUG] - [AI_MOVE_Bot 5] Set Destination: (44, 34) | Reason: Go Home | CurrPos: (38, 67)
2026-01-22 23:16:12,605 - [DEBUG] - [AI_MOVE_Bot 1] Set Destination: (81, 39) | Reason: Go Home | CurrPos: (48, 66)
2026-01-22 23:16:12,605 - [DEBUG] - [AI_MOVE_Bot 1] Set Destination: (81, 39) | Reason: Go Home | CurrPos: (48, 66)
2026-01-22 23:16:12,659 - [INFO] - [PLAYER] Morning Process Complete
2026-01-22 23:16:12,659 - [INFO] - [PLAYER] Morning Process Complete
2026-01-22 23:16:12,680 - [DEBUG] - [AI_MOVE_Bot 1] Set Destination: (44, 97) | Reason: Random Move | CurrPos: (48, 65)
2026-01-22 23:16:12,680 - [DEBUG] - [AI_MOVE_Bot 1] Set Destination: (44, 97) | Reason: Random Move | CurrPos: (48, 65)
2026-01-22 23:16:12,681 - [DEBUG] - [AI_MOVE_Bot 4] Set Destination: (70, 43) | Reason: Work Start | CurrPos: (35, 55)
2026-01-22 23:16:12,681 - [DEBUG] - [AI_MOVE_Bot 4] Set Destination: (70, 43) | Reason: Work Start | CurrPos: (35, 55)
2026-01-22 23:16:12,781 - [DEBUG] - [AI_MOVE_Bot 5] Set Destination: (85, 84) | Reason: Work Start | CurrPos: (38, 67)
2026-01-22 23:16:12,781 - [DEBUG] - [AI_MOVE_Bot 5] Set Destination: (85, 84) | Reason: Work Start | CurrPos: (38, 67)
2026-01-22 23:16:12,783 - [DEBUG] - [AI_MOVE_Bot 6] Set Destination: (97, 3) | Reason: Random Move | CurrPos: (26, 68)
2026-01-22 23:16:12,783 - [DEBUG] - [AI_MOVE_Bot 6] Set Destination: (97, 3) | Reason: Random Move | CurrPos: (26, 68)
2026-01-22 23:16:12,848 - [DEBUG] - [AI_MOVE_Bot 1] Set Destination: (91, 10) | Reason: Work Start | CurrPos: (48, 66)
2026-01-22 23:16:12,848 - [DEBUG] - [AI_MOVE_Bot 1] Set Destination: (91, 10) | Reason: Work Start | CurrPos: (48, 66)
2026-01-22 23:16:12,861 - [DEBUG] - [AI_MOVE_Bot 3] Set Destination: (38, 9) | Reason: Random Move | CurrPos: (97, 6)
2026-01-22 23:16:12,861 - [DEBUG] - [AI_MOVE_Bot 3] Set Destination: (38, 9) | Reason: Random Move | CurrPos: (97, 6)
2026-01-22 23:16:13,289 - [DEBUG] - [AI_MOVE_Bot 2] Set Destination: (73, 97) | Reason: Work Start | CurrPos: (39, 52)
2026-01-22 23:16:13,289 - [DEBUG] - [AI_MOVE_Bot 2] Set Destination: (73, 97) | Reason: Work Start | CurrPos: (39, 52)
2026-01-22 23:16:21,355 - [DEBUG] - [AI_ACTION_Bot 4] Started Working at (70, 43)
2026-01-22 23:16:21,355 - [DEBUG] - [AI_ACTION_Bot 4] Started Working at (70, 43)
2026-01-22 23:16:23,059 - [DEBUG] - [AI_ACTION_Bot 5] Started Working at (85, 84)
2026-01-22 23:16:23,059 - [DEBUG] - [AI_ACTION_Bot 5] Started Working at (85, 84)
2026-01-22 23:16:24,861 - [DEBUG] - [AI_MOVE_Bot 4] Set Destination: (70, 45) | Reason: Work Start | CurrPos: (70, 43)
2026-01-22 23:16:24,861 - [DEBUG] - [AI_MOVE_Bot 4] Set Destination: (70, 45) | Reason: Work Start | CurrPos: (70, 43)
2026-01-22 23:16:25,329 - [DEBUG] - [AI_ACTION_Bot 4] Started Working at (70, 45)
2026-01-22 23:16:25,329 - [DEBUG] - [AI_ACTION_Bot 4] Started Working at (70, 45)
2026-01-22 23:16:25,597 - [DEBUG] - [AI_MOVE_Bot 3] Set Destination: (71, 91) | Reason: Random Move | CurrPos: (38, 9)
2026-01-22 23:16:25,597 - [DEBUG] - [AI_MOVE_Bot 3] Set Destination: (71, 91) | Reason: Random Move | CurrPos: (38, 9)
2026-01-22 23:16:25,907 - [DEBUG] - [AI_ACTION_Bot 2] Started Working at (73, 97)
2026-01-22 23:16:25,907 - [DEBUG] - [AI_ACTION_Bot 2] Started Working at (73, 97)
2026-01-22 23:16:26,281 - [DEBUG] - [AI_MOVE_Bot 5] Set Destination: (86, 81) | Reason: Work Start | CurrPos: (85, 84)
2026-01-22 23:16:26,281 - [DEBUG] - [AI_MOVE_Bot 5] Set Destination: (86, 81) | Reason: Work Start | CurrPos: (85, 84)
2026-01-22 23:16:27,169 - [DEBUG] - [AI_ACTION_Bot 5] Started Working at (86, 81)
2026-01-22 23:16:27,169 - [DEBUG] - [AI_ACTION_Bot 5] Started Working at (86, 81)
2026-01-22 23:16:28,566 - [DEBUG] - [AI_MOVE_Bot 4] Set Destination: (70, 44) | Reason: Work Start | CurrPos: (70, 45)
2026-01-22 23:16:28,566 - [DEBUG] - [AI_MOVE_Bot 4] Set Destination: (70, 44) | Reason: Work Start | CurrPos: (70, 45)
2026-01-22 23:16:28,974 - [DEBUG] - [AI_ACTION_Bot 4] Started Working at (70, 44)
2026-01-22 23:16:28,974 - [DEBUG] - [AI_ACTION_Bot 4] Started Working at (70, 44)
2026-01-22 23:16:29,443 - [DEBUG] - [AI_MOVE_Bot 2] Set Destination: (79, 85) | Reason: Work Start | CurrPos: (72, 97)
2026-01-22 23:16:29,443 - [DEBUG] - [AI_MOVE_Bot 2] Set Destination: (79, 85) | Reason: Work Start | CurrPos: (72, 97)
2026-01-22 23:16:30,826 - [DEBUG] - [AI_MOVE_Bot 5] Set Destination: (80, 88) | Reason: Work Start | CurrPos: (86, 81)
2026-01-22 23:16:30,826 - [DEBUG] - [AI_MOVE_Bot 5] Set Destination: (80, 88) | Reason: Work Start | CurrPos: (86, 81)
2026-01-22 23:16:32,226 - [DEBUG] - [AI_MOVE_Bot 4] Set Destination: (70, 43) | Reason: Work Start | CurrPos: (70, 44)
2026-01-22 23:16:32,226 - [DEBUG] - [AI_MOVE_Bot 4] Set Destination: (70, 43) | Reason: Work Start | CurrPos: (70, 44)
2026-01-22 23:16:32,515 - [DEBUG] - [AI_ACTION_Bot 4] Started Working at (70, 43)
2026-01-22 23:16:32,515 - [DEBUG] - [AI_ACTION_Bot 4] Started Working at (70, 43)
2026-01-22 23:16:32,778 - [DEBUG] - [AI_ACTION_Bot 5] Started Working at (80, 88)
2026-01-22 23:16:32,778 - [DEBUG] - [AI_ACTION_Bot 5] Started Working at (80, 88)
2026-01-22 23:16:32,989 - [DEBUG] - [AI_ACTION_Bot 2] Started Working at (79, 85)
2026-01-22 23:16:32,989 - [DEBUG] - [AI_ACTION_Bot 2] Started Working at (79, 85)
2026-01-22 23:16:36,161 - [DEBUG] - [AI_ACTION_Bot 4] Started Working at (70, 43)
2026-01-22 23:16:36,161 - [DEBUG] - [AI_ACTION_Bot 4] Started Working at (70, 43)
2026-01-22 23:16:36,451 - [DEBUG] - [AI_MOVE_Bot 5] Set Destination: (90, 78) | Reason: Work Start | CurrPos: (80, 87)
2026-01-22 23:16:36,451 - [DEBUG] - [AI_MOVE_Bot 5] Set Destination: (90, 78) | Reason: Work Start | CurrPos: (80, 87)
2026-01-22 23:16:37,784 - [DEBUG] - [AI_MOVE_Bot 2] Set Destination: (81, 90) | Reason: Work Start | CurrPos: (79, 85)
2026-01-22 23:16:37,784 - [DEBUG] - [AI_MOVE_Bot 2] Set Destination: (81, 90) | Reason: Work Start | CurrPos: (79, 85)
2026-01-22 23:16:38,868 - [DEBUG] - [AI_ACTION_Bot 2] Started Working at (81, 90)
2026-01-22 23:16:38,868 - [DEBUG] - [AI_ACTION_Bot 2] Started Working at (81, 90)
2026-01-22 23:16:39,589 - [DEBUG] - [AI_ACTION_Bot 5] Started Working at (90, 78)
2026-01-22 23:16:39,589 - [DEBUG] - [AI_ACTION_Bot 5] Started Working at (90, 78)
2026-01-22 23:16:39,636 - [DEBUG] - [AI_MOVE_Bot 4] Set Destination: (6, 51) | Reason: Random Move | CurrPos: (70, 43)
2026-01-22 23:16:39,636 - [DEBUG] - [AI_MOVE_Bot 4] Set Destination: (6, 51) | Reason: Random Move | CurrPos: (70, 43)
2026-01-22 23:16:42,749 - [DEBUG] - [AI_MOVE_Bot 2] Set Destination: (81, 86) | Reason: Work Start | CurrPos: (80, 90)
2026-01-22 23:16:42,749 - [DEBUG] - [AI_MOVE_Bot 2] Set Destination: (81, 86) | Reason: Work Start | CurrPos: (80, 90)
2026-01-22 23:16:42,751 - [DEBUG] - [AI_MOVE_Bot 5] Set Destination: (89, 80) | Reason: Work Start | CurrPos: (89, 78)
2026-01-22 23:16:42,751 - [DEBUG] - [AI_MOVE_Bot 5] Set Destination: (89, 80) | Reason: Work Start | CurrPos: (89, 78)
2026-01-22 23:16:43,282 - [DEBUG] - [AI_ACTION_Bot 5] Started Working at (89, 80)
2026-01-22 23:16:43,282 - [DEBUG] - [AI_ACTION_Bot 5] Started Working at (89, 80)
2026-01-22 23:16:43,414 - [DEBUG] - [AI_ACTION_Bot 2] Started Working at (81, 86)
2026-01-22 23:16:43,414 - [DEBUG] - [AI_ACTION_Bot 2] Started Working at (81, 86)
2026-01-22 23:16:44,797 - [DEBUG] - [AI_MOVE_Bot 3] Set Destination: (11, 77) | Reason: Random Move | CurrPos: (71, 91)
2026-01-22 23:16:44,797 - [DEBUG] - [AI_MOVE_Bot 3] Set Destination: (11, 77) | Reason: Random Move | CurrPos: (71, 91)
2026-01-22 23:16:46,605 - [DEBUG] - [AI_MOVE_Bot 5] Set Destination: (68, 89) | Reason: Random Move | CurrPos: (89, 80)
2026-01-22 23:16:46,605 - [DEBUG] - [AI_MOVE_Bot 5] Set Destination: (68, 89) | Reason: Random Move | CurrPos: (89, 80)
2026-01-22 23:16:47,024 - [DEBUG] - [AI_MOVE_Bot 2] Set Destination: (90, 77) | Reason: Work Start | CurrPos: (81, 86)
2026-01-22 23:16:47,024 - [DEBUG] - [AI_MOVE_Bot 2] Set Destination: (90, 77) | Reason: Work Start | CurrPos: (81, 86)
2026-01-22 23:16:50,404 - [DEBUG] - [AI_ACTION_Bot 2] Started Working at (90, 77)
2026-01-22 23:16:50,404 - [DEBUG] - [AI_ACTION_Bot 2] Started Working at (90, 77)
2026-01-22 23:16:51,586 - [DEBUG] - [AI_MOVE_Bot 5] Set Destination: (59, 25) | Reason: Random Move | CurrPos: (68, 89)
2026-01-22 23:16:51,586 - [DEBUG] - [AI_MOVE_Bot 5] Set Destination: (59, 25) | Reason: Random Move | CurrPos: (68, 89)
2026-01-22 23:16:52,971 - [DEBUG] - [AI_MOVE_Bot 4] Set Destination: (12, 38) | Reason: Random Move | CurrPos: (6, 51)
2026-01-22 23:16:52,971 - [DEBUG] - [AI_MOVE_Bot 4] Set Destination: (12, 38) | Reason: Random Move | CurrPos: (6, 51)
2026-01-22 23:16:53,865 - [DEBUG] - [AI_MOVE_Bot 2] Set Destination: (82, 98) | Reason: Random Move | CurrPos: (90, 77)
2026-01-22 23:16:53,865 - [DEBUG] - [AI_MOVE_Bot 2] Set Destination: (82, 98) | Reason: Random Move | CurrPos: (90, 77)
2026-01-22 23:17:01,716 - [DEBUG] - [AI_MOVE_Bot 3] Set Destination: (11, 54) | Reason: Random Move | CurrPos: (11, 77)
2026-01-22 23:17:01,716 - [DEBUG] - [AI_MOVE_Bot 3] Set Destination: (11, 54) | Reason: Random Move | CurrPos: (11, 77)
2026-01-22 23:17:13,897 - [DEBUG] - [AI_MOVE_Bot 3] Set Destination: (6, 36) | Reason: Random Move | CurrPos: (11, 54)
2026-01-22 23:17:13,897 - [DEBUG] - [AI_MOVE_Bot 3] Set Destination: (6, 36) | Reason: Random Move | CurrPos: (11, 54)
