2026-01-21 14:56:56,421 - [INFO] - [DATA] Loaded 17 items.
2026-01-21 14:56:56,421 - [INFO] - [DATA] Loaded 110 tiles.
2026-01-21 14:56:56,421 - [INFO] - [DATA] Loaded 5 roles.
2026-01-21 14:56:56,676 - [INFO] - [SYSTEM] Game Engine Initializing...
2026-01-21 14:56:56,786 - [INFO] - [SYSTEM] Engine Loop Started
2026-01-21 14:57:03,099 - [INFO] - [PLAY] Entering PlayState...
2026-01-21 14:57:03,136 - [INFO] - [PLAYER] Initialized at (1568, 1536) Role: CITIZEN
2026-01-21 14:57:03,136 - [INFO] - [PLAYER] Role changed to SPECTATOR (None)
2026-01-21 14:57:03,183 - [INFO] - [NET] Auto-connecting to local server...
2026-01-21 14:57:03,184 - [INFO] - [NET] Connected! Initializing Spectator Mode...
2026-01-21 14:57:03,456 - [INFO] - [SYNC] Removed entity 1 (Not in server)
2026-01-21 14:57:03,461 - [INFO] - [SYNC] Removed entity 2 (Not in server)
2026-01-21 14:57:03,467 - [INFO] - [SYNC] Removed entity 3 (Not in server)
2026-01-21 14:57:03,472 - [INFO] - [SYNC] Removed entity 4 (Not in server)
2026-01-21 14:57:03,477 - [INFO] - [SYNC] Removed entity 5 (Not in server)
2026-01-21 14:57:03,484 - [INFO] - [SYNC] Removed entity 6 (Not in server)
2026-01-21 14:57:03,489 - [INFO] - [SYNC] Removed entity 7 (Not in server)
2026-01-21 14:57:03,489 - [INFO] - [SYNC] Removed entity 8 (Not in server)
2026-01-21 14:57:03,495 - [INFO] - [SYNC] Removed entity 9 (Not in server)
2026-01-21 14:57:03,500 - [INFO] - [SYNC] Removed entity 10 (Not in server)
2026-01-21 14:57:03,506 - [INFO] - [SYNC] Removed entity 11 (Not in server)
2026-01-21 14:57:03,511 - [INFO] - [SYNC] Removed entity 12 (Not in server)
2026-01-21 14:57:03,516 - [INFO] - [SYNC] Removed entity 13 (Not in server)
2026-01-21 14:57:03,521 - [INFO] - [SYNC] Removed entity 14 (Not in server)
2026-01-21 14:57:03,527 - [INFO] - [SYNC] Removed entity 15 (Not in server)
2026-01-21 14:57:03,529 - [INFO] - [SYNC] Added entity 0 (Player 1)
2026-01-21 14:57:03,535 - [INFO] - [SYNC] Added entity 0 (Player 1)
2026-01-21 14:57:03,536 - [INFO] - [SYNC] Added entity 1 (Bot 1)
2026-01-21 14:57:03,536 - [INFO] - [SYNC] Added entity 0 (Player 1)
2026-01-21 14:57:03,536 - [INFO] - [SYNC] Added entity 1 (Bot 1)
2026-01-21 14:57:03,536 - [INFO] - [SYNC] Added entity 2 (Bot 2)
2026-01-21 14:57:03,536 - [INFO] - [SYNC] Added entity 0 (Player 1)
2026-01-21 14:57:03,536 - [INFO] - [SYNC] Added entity 1 (Bot 1)
2026-01-21 14:57:03,536 - [INFO] - [SYNC] Added entity 2 (Bot 2)
2026-01-21 14:57:03,536 - [INFO] - [SYNC] Added entity 3 (Bot 3)
2026-01-21 14:57:03,537 - [INFO] - [SYNC] Added entity 0 (Player 1)
2026-01-21 14:57:03,537 - [INFO] - [SYNC] Added entity 1 (Bot 1)
2026-01-21 14:57:03,537 - [INFO] - [SYNC] Added entity 2 (Bot 2)
2026-01-21 14:57:03,537 - [INFO] - [SYNC] Added entity 3 (Bot 3)
2026-01-21 14:57:03,537 - [INFO] - [SYNC] Added entity 4 (Bot 4)
2026-01-21 14:57:03,537 - [INFO] - [SYNC] Added entity 0 (Player 1)
2026-01-21 14:57:03,537 - [INFO] - [SYNC] Added entity 1 (Bot 1)
2026-01-21 14:57:03,537 - [INFO] - [SYNC] Added entity 2 (Bot 2)
2026-01-21 14:57:03,537 - [INFO] - [SYNC] Added entity 3 (Bot 3)
2026-01-21 14:57:03,537 - [INFO] - [SYNC] Added entity 4 (Bot 4)
2026-01-21 14:57:03,538 - [INFO] - [SYNC] Added entity 5 (Bot 5)
2026-01-21 14:57:03,538 - [INFO] - [SYNC] Added entity 0 (Player 1)
2026-01-21 14:57:03,538 - [INFO] - [SYNC] Added entity 1 (Bot 1)
2026-01-21 14:57:03,538 - [INFO] - [SYNC] Added entity 2 (Bot 2)
2026-01-21 14:57:03,538 - [INFO] - [SYNC] Added entity 3 (Bot 3)
2026-01-21 14:57:03,538 - [INFO] - [SYNC] Added entity 4 (Bot 4)
2026-01-21 14:57:03,538 - [INFO] - [SYNC] Added entity 5 (Bot 5)
2026-01-21 14:57:03,538 - [INFO] - [SYNC] Added entity 6 (Bot 6)
2026-01-21 14:57:03,538 - [INFO] - [SYNC] Added entity 0 (Player 1)
2026-01-21 14:57:03,538 - [INFO] - [SYNC] Added entity 1 (Bot 1)
2026-01-21 14:57:03,539 - [INFO] - [SYNC] Added entity 2 (Bot 2)
2026-01-21 14:57:03,539 - [INFO] - [SYNC] Added entity 3 (Bot 3)
2026-01-21 14:57:03,539 - [INFO] - [SYNC] Added entity 4 (Bot 4)
2026-01-21 14:57:03,539 - [INFO] - [SYNC] Added entity 5 (Bot 5)
2026-01-21 14:57:03,539 - [INFO] - [SYNC] Added entity 6 (Bot 6)
2026-01-21 14:57:03,539 - [INFO] - [SYNC] Added entity 7 (Bot 7)
2026-01-21 14:57:03,539 - [INFO] - [SYNC] Added entity 0 (Player 1)
2026-01-21 14:57:03,540 - [INFO] - [SYNC] Added entity 1 (Bot 1)
2026-01-21 14:57:03,540 - [INFO] - [SYNC] Added entity 2 (Bot 2)
2026-01-21 14:57:03,540 - [INFO] - [SYNC] Added entity 3 (Bot 3)
2026-01-21 14:57:03,540 - [INFO] - [SYNC] Added entity 4 (Bot 4)
2026-01-21 14:57:03,540 - [INFO] - [SYNC] Added entity 5 (Bot 5)
2026-01-21 14:57:03,541 - [INFO] - [SYNC] Added entity 6 (Bot 6)
2026-01-21 14:57:03,541 - [INFO] - [SYNC] Added entity 7 (Bot 7)
2026-01-21 14:57:03,541 - [INFO] - [SYNC] Added entity 8 (Bot 8)
2026-01-21 14:57:03,542 - [INFO] - [SYNC] Added entity 0 (Player 1)
2026-01-21 14:57:03,542 - [INFO] - [SYNC] Added entity 1 (Bot 1)
2026-01-21 14:57:03,542 - [INFO] - [SYNC] Added entity 2 (Bot 2)
2026-01-21 14:57:03,542 - [INFO] - [SYNC] Added entity 3 (Bot 3)
2026-01-21 14:57:03,542 - [INFO] - [SYNC] Added entity 4 (Bot 4)
2026-01-21 14:57:03,542 - [INFO] - [SYNC] Added entity 5 (Bot 5)
2026-01-21 14:57:03,542 - [INFO] - [SYNC] Added entity 6 (Bot 6)
2026-01-21 14:57:03,542 - [INFO] - [SYNC] Added entity 7 (Bot 7)
2026-01-21 14:57:03,543 - [INFO] - [SYNC] Added entity 8 (Bot 8)
2026-01-21 14:57:03,544 - [INFO] - [SYNC] Added entity 9 (Bot 9)
2026-01-21 14:57:03,544 - [INFO] - [SYNC] Added entity 0 (Player 1)
2026-01-21 14:57:03,544 - [INFO] - [SYNC] Added entity 1 (Bot 1)
2026-01-21 14:57:03,544 - [INFO] - [SYNC] Added entity 2 (Bot 2)
2026-01-21 14:57:03,544 - [INFO] - [SYNC] Added entity 3 (Bot 3)
2026-01-21 14:57:03,544 - [INFO] - [SYNC] Added entity 4 (Bot 4)
2026-01-21 14:57:03,544 - [INFO] - [SYNC] Added entity 5 (Bot 5)
2026-01-21 14:57:03,544 - [INFO] - [SYNC] Added entity 6 (Bot 6)
2026-01-21 14:57:03,544 - [INFO] - [SYNC] Added entity 7 (Bot 7)
2026-01-21 14:57:03,544 - [INFO] - [SYNC] Added entity 8 (Bot 8)
2026-01-21 14:57:03,544 - [INFO] - [SYNC] Added entity 9 (Bot 9)
2026-01-21 14:57:03,545 - [INFO] - [SYNC] Added entity 10 (Bot 10)
2026-01-21 14:57:03,545 - [INFO] - [SYNC] Added entity 0 (Player 1)
2026-01-21 14:57:03,545 - [INFO] - [SYNC] Added entity 1 (Bot 1)
2026-01-21 14:57:03,545 - [INFO] - [SYNC] Added entity 2 (Bot 2)
2026-01-21 14:57:03,545 - [INFO] - [SYNC] Added entity 3 (Bot 3)
2026-01-21 14:57:03,545 - [INFO] - [SYNC] Added entity 4 (Bot 4)
2026-01-21 14:57:03,545 - [INFO] - [SYNC] Added entity 5 (Bot 5)
2026-01-21 14:57:03,545 - [INFO] - [SYNC] Added entity 6 (Bot 6)
2026-01-21 14:57:03,545 - [INFO] - [SYNC] Added entity 7 (Bot 7)
2026-01-21 14:57:03,545 - [INFO] - [SYNC] Added entity 8 (Bot 8)
2026-01-21 14:57:03,545 - [INFO] - [SYNC] Added entity 9 (Bot 9)
2026-01-21 14:57:03,545 - [INFO] - [SYNC] Added entity 10 (Bot 10)
2026-01-21 14:57:03,546 - [INFO] - [SYNC] Added entity 11 (Bot 11)
2026-01-21 14:57:03,546 - [INFO] - [SYNC] Added entity 0 (Player 1)
2026-01-21 14:57:03,546 - [INFO] - [SYNC] Added entity 1 (Bot 1)
2026-01-21 14:57:03,546 - [INFO] - [SYNC] Added entity 2 (Bot 2)
2026-01-21 14:57:03,546 - [INFO] - [SYNC] Added entity 3 (Bot 3)
2026-01-21 14:57:03,546 - [INFO] - [SYNC] Added entity 4 (Bot 4)
2026-01-21 14:57:03,546 - [INFO] - [SYNC] Added entity 5 (Bot 5)
2026-01-21 14:57:03,546 - [INFO] - [SYNC] Added entity 6 (Bot 6)
2026-01-21 14:57:03,546 - [INFO] - [SYNC] Added entity 7 (Bot 7)
2026-01-21 14:57:03,547 - [INFO] - [SYNC] Added entity 8 (Bot 8)
2026-01-21 14:57:03,547 - [INFO] - [SYNC] Added entity 9 (Bot 9)
2026-01-21 14:57:03,547 - [INFO] - [SYNC] Added entity 10 (Bot 10)
2026-01-21 14:57:03,547 - [INFO] - [SYNC] Added entity 11 (Bot 11)
2026-01-21 14:57:03,548 - [INFO] - [SYNC] Added entity 12 (Bot 12)
2026-01-21 14:57:03,548 - [INFO] - [SYNC] Added entity 0 (Player 1)
2026-01-21 14:57:03,548 - [INFO] - [SYNC] Added entity 1 (Bot 1)
2026-01-21 14:57:03,548 - [INFO] - [SYNC] Added entity 2 (Bot 2)
2026-01-21 14:57:03,548 - [INFO] - [SYNC] Added entity 3 (Bot 3)
2026-01-21 14:57:03,548 - [INFO] - [SYNC] Added entity 4 (Bot 4)
2026-01-21 14:57:03,548 - [INFO] - [SYNC] Added entity 5 (Bot 5)
2026-01-21 14:57:03,549 - [INFO] - [SYNC] Added entity 6 (Bot 6)
2026-01-21 14:57:03,549 - [INFO] - [SYNC] Added entity 7 (Bot 7)
2026-01-21 14:57:03,549 - [INFO] - [SYNC] Added entity 8 (Bot 8)
2026-01-21 14:57:03,550 - [INFO] - [SYNC] Added entity 9 (Bot 9)
2026-01-21 14:57:03,551 - [INFO] - [SYNC] Added entity 10 (Bot 10)
2026-01-21 14:57:03,551 - [INFO] - [SYNC] Added entity 11 (Bot 11)
2026-01-21 14:57:03,551 - [INFO] - [SYNC] Added entity 12 (Bot 12)
2026-01-21 14:57:03,551 - [INFO] - [SYNC] Added entity 13 (Bot 13)
2026-01-21 14:57:03,551 - [INFO] - [SYNC] Added entity 0 (Player 1)
2026-01-21 14:57:03,551 - [INFO] - [SYNC] Added entity 1 (Bot 1)
2026-01-21 14:57:03,551 - [INFO] - [SYNC] Added entity 2 (Bot 2)
2026-01-21 14:57:03,552 - [INFO] - [SYNC] Added entity 3 (Bot 3)
2026-01-21 14:57:03,552 - [INFO] - [SYNC] Added entity 4 (Bot 4)
2026-01-21 14:57:03,552 - [INFO] - [SYNC] Added entity 5 (Bot 5)
2026-01-21 14:57:03,553 - [INFO] - [SYNC] Added entity 6 (Bot 6)
2026-01-21 14:57:03,553 - [INFO] - [SYNC] Added entity 7 (Bot 7)
2026-01-21 14:57:03,553 - [INFO] - [SYNC] Added entity 8 (Bot 8)
2026-01-21 14:57:03,553 - [INFO] - [SYNC] Added entity 9 (Bot 9)
2026-01-21 14:57:03,553 - [INFO] - [SYNC] Added entity 10 (Bot 10)
2026-01-21 14:57:03,553 - [INFO] - [SYNC] Added entity 11 (Bot 11)
2026-01-21 14:57:03,553 - [INFO] - [SYNC] Added entity 12 (Bot 12)
2026-01-21 14:57:03,553 - [INFO] - [SYNC] Added entity 13 (Bot 13)
2026-01-21 14:57:03,553 - [INFO] - [SYNC] Added entity 14 (Bot 14)
2026-01-21 14:57:03,554 - [INFO] - [SYNC] Added entity 0 (Player 1)
2026-01-21 14:57:03,554 - [INFO] - [SYNC] Added entity 1 (Bot 1)
2026-01-21 14:57:03,554 - [INFO] - [SYNC] Added entity 2 (Bot 2)
2026-01-21 14:57:03,554 - [INFO] - [SYNC] Added entity 3 (Bot 3)
2026-01-21 14:57:03,554 - [INFO] - [SYNC] Added entity 4 (Bot 4)
2026-01-21 14:57:03,555 - [INFO] - [SYNC] Added entity 5 (Bot 5)
2026-01-21 14:57:03,555 - [INFO] - [SYNC] Added entity 6 (Bot 6)
2026-01-21 14:57:03,555 - [INFO] - [SYNC] Added entity 7 (Bot 7)
2026-01-21 14:57:03,556 - [INFO] - [SYNC] Added entity 8 (Bot 8)
2026-01-21 14:57:03,556 - [INFO] - [SYNC] Added entity 9 (Bot 9)
2026-01-21 14:57:03,556 - [INFO] - [SYNC] Added entity 10 (Bot 10)
2026-01-21 14:57:03,556 - [INFO] - [SYNC] Added entity 11 (Bot 11)
2026-01-21 14:57:03,556 - [INFO] - [SYNC] Added entity 12 (Bot 12)
2026-01-21 14:57:03,556 - [INFO] - [SYNC] Added entity 13 (Bot 13)
2026-01-21 14:57:03,556 - [INFO] - [SYNC] Added entity 14 (Bot 14)
2026-01-21 14:57:03,557 - [INFO] - [SYNC] Added entity 15 (Bot 15)
2026-01-21 14:57:03,649 - [INFO] - [NET] GAME_START: Syncing 16 entities.
2026-01-21 14:57:03,655 - [INFO] - [BOT_AI] [Player 1] Synchronizing role: CITIZEN -> MAFIA
2026-01-21 14:57:03,655 - [INFO] - [BOT_AI] [Player 1] AI Tree rebuilt for MAFIA(None)
2026-01-21 14:57:03,655 - [INFO] - [SYNC_SUCCESS] Synced Player 1: MAFIA
2026-01-21 14:57:03,655 - [INFO] - [BOT_AI] [Bot 1] Synchronizing role: RANDOM -> POLICE
2026-01-21 14:57:03,655 - [INFO] - [BOT_AI] [Bot 1] AI Tree rebuilt for POLICE(None)
2026-01-21 14:57:03,655 - [INFO] - [SYNC_SUCCESS] Synced Bot 1: POLICE
2026-01-21 14:57:03,655 - [INFO] - [BOT_AI] [Bot 2] Synchronizing role: RANDOM -> MAFIA
2026-01-21 14:57:03,655 - [INFO] - [BOT_AI] [Bot 2] AI Tree rebuilt for MAFIA(None)
2026-01-21 14:57:03,661 - [INFO] - [SYNC_SUCCESS] Synced Bot 2: MAFIA
2026-01-21 14:57:03,666 - [INFO] - [BOT_AI] [Bot 3] Synchronizing role: RANDOM -> FISHER
2026-01-21 14:57:03,666 - [INFO] - [BOT_AI] [Bot 3] AI Tree rebuilt for CITIZEN(FISHER)
2026-01-21 14:57:03,666 - [INFO] - [SYNC_SUCCESS] Synced Bot 3: FISHER
2026-01-21 14:57:03,667 - [INFO] - [BOT_AI] [Bot 4] Synchronizing role: RANDOM -> POLICE
2026-01-21 14:57:03,667 - [INFO] - [BOT_AI] [Bot 4] AI Tree rebuilt for POLICE(None)
2026-01-21 14:57:03,667 - [INFO] - [SYNC_SUCCESS] Synced Bot 4: POLICE
2026-01-21 14:57:03,672 - [INFO] - [BOT_AI] [Bot 5] Synchronizing role: RANDOM -> MAFIA
2026-01-21 14:57:03,678 - [INFO] - [BOT_AI] [Bot 5] AI Tree rebuilt for MAFIA(None)
2026-01-21 14:57:03,678 - [INFO] - [SYNC_SUCCESS] Synced Bot 5: MAFIA
2026-01-21 14:57:03,678 - [INFO] - [BOT_AI] [Bot 6] Synchronizing role: RANDOM -> MINER
2026-01-21 14:57:03,678 - [INFO] - [BOT_AI] [Bot 6] AI Tree rebuilt for CITIZEN(MINER)
2026-01-21 14:57:03,678 - [INFO] - [SYNC_SUCCESS] Synced Bot 6: MINER
2026-01-21 14:57:03,678 - [INFO] - [BOT_AI] [Bot 7] Synchronizing role: RANDOM -> FISHER
2026-01-21 14:57:03,678 - [INFO] - [BOT_AI] [Bot 7] AI Tree rebuilt for CITIZEN(FISHER)
2026-01-21 14:57:03,678 - [INFO] - [SYNC_SUCCESS] Synced Bot 7: FISHER
2026-01-21 14:57:03,680 - [INFO] - [BOT_AI] [Bot 8] Synchronizing role: RANDOM -> FARMER
2026-01-21 14:57:03,685 - [INFO] - [BOT_AI] [Bot 8] AI Tree rebuilt for CITIZEN(FARMER)
2026-01-21 14:57:03,685 - [INFO] - [SYNC_SUCCESS] Synced Bot 8: FARMER
2026-01-21 14:57:03,686 - [INFO] - [BOT_AI] [Bot 9] Synchronizing role: RANDOM -> FARMER
2026-01-21 14:57:03,686 - [INFO] - [BOT_AI] [Bot 9] AI Tree rebuilt for CITIZEN(FARMER)
2026-01-21 14:57:03,686 - [INFO] - [SYNC_SUCCESS] Synced Bot 9: FARMER
2026-01-21 14:57:03,686 - [INFO] - [BOT_AI] [Bot 10] Synchronizing role: RANDOM -> MINER
2026-01-21 14:57:03,691 - [INFO] - [BOT_AI] [Bot 10] AI Tree rebuilt for CITIZEN(MINER)
2026-01-21 14:57:03,696 - [INFO] - [SYNC_SUCCESS] Synced Bot 10: MINER
2026-01-21 14:57:03,696 - [INFO] - [BOT_AI] [Bot 11] Synchronizing role: RANDOM -> POLICE
2026-01-21 14:57:03,696 - [INFO] - [BOT_AI] [Bot 11] AI Tree rebuilt for POLICE(None)
2026-01-21 14:57:03,696 - [INFO] - [SYNC_SUCCESS] Synced Bot 11: POLICE
2026-01-21 14:57:03,696 - [INFO] - [BOT_AI] [Bot 12] Synchronizing role: RANDOM -> FARMER
2026-01-21 14:57:03,696 - [INFO] - [BOT_AI] [Bot 12] AI Tree rebuilt for CITIZEN(FARMER)
2026-01-21 14:57:03,696 - [INFO] - [SYNC_SUCCESS] Synced Bot 12: FARMER
2026-01-21 14:57:03,698 - [INFO] - [BOT_AI] [Bot 13] Synchronizing role: RANDOM -> FARMER
2026-01-21 14:57:03,703 - [INFO] - [BOT_AI] [Bot 13] AI Tree rebuilt for CITIZEN(FARMER)
2026-01-21 14:57:03,703 - [INFO] - [SYNC_SUCCESS] Synced Bot 13: FARMER
2026-01-21 14:57:03,704 - [INFO] - [BOT_AI] [Bot 14] Synchronizing role: RANDOM -> FISHER
2026-01-21 14:57:03,704 - [INFO] - [BOT_AI] [Bot 14] AI Tree rebuilt for CITIZEN(FISHER)
2026-01-21 14:57:03,709 - [INFO] - [SYNC_SUCCESS] Synced Bot 14: FISHER
2026-01-21 14:57:03,715 - [INFO] - [BOT_AI] [Bot 15] Synchronizing role: RANDOM -> MINER
2026-01-21 14:57:03,715 - [INFO] - [BOT_AI] [Bot 15] AI Tree rebuilt for CITIZEN(MINER)
2026-01-21 14:57:03,715 - [INFO] - [SYNC_SUCCESS] Synced Bot 15: MINER
2026-01-21 14:57:03,715 - [INFO] - [BOT_AI] [Bot 3] Synchronizing role: CITIZEN -> FISHER
2026-01-21 14:57:03,716 - [INFO] - [BOT_AI] [Bot 3] AI Tree rebuilt for CITIZEN(FISHER)
2026-01-21 14:57:03,716 - [INFO] - [REALTIME_SYNC] Entity Bot 3 -> FISHER
2026-01-21 14:57:03,716 - [INFO] - [BOT_AI] [Bot 6] Synchronizing role: CITIZEN -> MINER
2026-01-21 14:57:03,716 - [INFO] - [BOT_AI] [Bot 6] AI Tree rebuilt for CITIZEN(MINER)
2026-01-21 14:57:03,716 - [INFO] - [REALTIME_SYNC] Entity Bot 6 -> MINER
2026-01-21 14:57:03,717 - [INFO] - [BOT_AI] [Bot 7] Synchronizing role: CITIZEN -> FISHER
2026-01-21 14:57:03,717 - [INFO] - [BOT_AI] [Bot 7] AI Tree rebuilt for CITIZEN(FISHER)
2026-01-21 14:57:03,723 - [INFO] - [REALTIME_SYNC] Entity Bot 7 -> FISHER
2026-01-21 14:57:03,723 - [INFO] - [BOT_AI] [Bot 8] Synchronizing role: CITIZEN -> FARMER
2026-01-21 14:57:03,723 - [INFO] - [BOT_AI] [Bot 8] AI Tree rebuilt for CITIZEN(FARMER)
2026-01-21 14:57:03,723 - [INFO] - [REALTIME_SYNC] Entity Bot 8 -> FARMER
2026-01-21 14:57:03,723 - [INFO] - [BOT_AI] [Bot 9] Synchronizing role: CITIZEN -> FARMER
2026-01-21 14:57:03,723 - [INFO] - [BOT_AI] [Bot 9] AI Tree rebuilt for CITIZEN(FARMER)
2026-01-21 14:57:03,723 - [INFO] - [REALTIME_SYNC] Entity Bot 9 -> FARMER
2026-01-21 14:57:03,724 - [INFO] - [BOT_AI] [Bot 10] Synchronizing role: CITIZEN -> MINER
2026-01-21 14:57:03,724 - [INFO] - [BOT_AI] [Bot 10] AI Tree rebuilt for CITIZEN(MINER)
2026-01-21 14:57:03,730 - [INFO] - [REALTIME_SYNC] Entity Bot 10 -> MINER
2026-01-21 14:57:03,734 - [INFO] - [BOT_AI] [Bot 12] Synchronizing role: CITIZEN -> FARMER
2026-01-21 14:57:03,734 - [INFO] - [BOT_AI] [Bot 12] AI Tree rebuilt for CITIZEN(FARMER)
2026-01-21 14:57:03,734 - [INFO] - [REALTIME_SYNC] Entity Bot 12 -> FARMER
2026-01-21 14:57:03,735 - [INFO] - [BOT_AI] [Bot 13] Synchronizing role: CITIZEN -> FARMER
2026-01-21 14:57:03,735 - [INFO] - [BOT_AI] [Bot 13] AI Tree rebuilt for CITIZEN(FARMER)
2026-01-21 14:57:03,735 - [INFO] - [REALTIME_SYNC] Entity Bot 13 -> FARMER
2026-01-21 14:57:03,735 - [INFO] - [BOT_AI] [Bot 14] Synchronizing role: CITIZEN -> FISHER
2026-01-21 14:57:03,735 - [INFO] - [BOT_AI] [Bot 14] AI Tree rebuilt for CITIZEN(FISHER)
2026-01-21 14:57:03,736 - [INFO] - [REALTIME_SYNC] Entity Bot 14 -> FISHER
2026-01-21 14:57:03,741 - [INFO] - [BOT_AI] [Bot 15] Synchronizing role: CITIZEN -> MINER
2026-01-21 14:57:03,742 - [INFO] - [BOT_AI] [Bot 15] AI Tree rebuilt for CITIZEN(MINER)
2026-01-21 14:57:03,742 - [INFO] - [REALTIME_SYNC] Entity Bot 15 -> MINER
2026-01-21 14:57:04,500 - [INFO] - [BOT_AI] [Bot 3] Synchronizing role: CITIZEN -> FISHER
2026-01-21 14:57:04,505 - [INFO] - [BOT_AI] [Bot 3] AI Tree rebuilt for CITIZEN(FISHER)
2026-01-21 14:57:04,506 - [INFO] - [REALTIME_SYNC] Entity Bot 3 -> FISHER
2026-01-21 14:57:04,507 - [INFO] - [BOT_AI] [Bot 6] Synchronizing role: CITIZEN -> MINER
2026-01-21 14:57:04,507 - [INFO] - [BOT_AI] [Bot 6] AI Tree rebuilt for CITIZEN(MINER)
2026-01-21 14:57:04,507 - [INFO] - [REALTIME_SYNC] Entity Bot 6 -> MINER
2026-01-21 14:57:04,507 - [INFO] - [BOT_AI] [Bot 7] Synchronizing role: CITIZEN -> FISHER
2026-01-21 14:57:04,507 - [INFO] - [BOT_AI] [Bot 7] AI Tree rebuilt for CITIZEN(FISHER)
2026-01-21 14:57:04,507 - [INFO] - [REALTIME_SYNC] Entity Bot 7 -> FISHER
2026-01-21 14:57:04,507 - [INFO] - [BOT_AI] [Bot 8] Synchronizing role: CITIZEN -> FARMER
2026-01-21 14:57:04,509 - [INFO] - [BOT_AI] [Bot 8] AI Tree rebuilt for CITIZEN(FARMER)
2026-01-21 14:57:04,514 - [INFO] - [REALTIME_SYNC] Entity Bot 8 -> FARMER
2026-01-21 14:57:04,514 - [INFO] - [BOT_AI] [Bot 9] Synchronizing role: CITIZEN -> FARMER
2026-01-21 14:57:04,514 - [INFO] - [BOT_AI] [Bot 9] AI Tree rebuilt for CITIZEN(FARMER)
2026-01-21 14:57:04,514 - [INFO] - [REALTIME_SYNC] Entity Bot 9 -> FARMER
2026-01-21 14:57:04,519 - [INFO] - [BOT_AI] [Bot 10] Synchronizing role: CITIZEN -> MINER
2026-01-21 14:57:04,524 - [INFO] - [BOT_AI] [Bot 10] AI Tree rebuilt for CITIZEN(MINER)
2026-01-21 14:57:04,524 - [INFO] - [REALTIME_SYNC] Entity Bot 10 -> MINER
2026-01-21 14:57:04,524 - [INFO] - [BOT_AI] [Bot 12] Synchronizing role: CITIZEN -> FARMER
2026-01-21 14:57:04,524 - [INFO] - [BOT_AI] [Bot 12] AI Tree rebuilt for CITIZEN(FARMER)
2026-01-21 14:57:04,525 - [INFO] - [REALTIME_SYNC] Entity Bot 12 -> FARMER
2026-01-21 14:57:04,527 - [INFO] - [BOT_AI] [Bot 13] Synchronizing role: CITIZEN -> FARMER
2026-01-21 14:57:04,527 - [INFO] - [BOT_AI] [Bot 13] AI Tree rebuilt for CITIZEN(FARMER)
2026-01-21 14:57:04,532 - [INFO] - [REALTIME_SYNC] Entity Bot 13 -> FARMER
2026-01-21 14:57:04,532 - [INFO] - [BOT_AI] [Bot 14] Synchronizing role: CITIZEN -> FISHER
2026-01-21 14:57:04,532 - [INFO] - [BOT_AI] [Bot 14] AI Tree rebuilt for CITIZEN(FISHER)
2026-01-21 14:57:04,532 - [INFO] - [REALTIME_SYNC] Entity Bot 14 -> FISHER
2026-01-21 14:57:04,533 - [INFO] - [BOT_AI] [Bot 15] Synchronizing role: CITIZEN -> MINER
2026-01-21 14:57:04,538 - [INFO] - [BOT_AI] [Bot 15] AI Tree rebuilt for CITIZEN(MINER)
2026-01-21 14:57:04,542 - [INFO] - [REALTIME_SYNC] Entity Bot 15 -> MINER
2026-01-21 14:57:05,521 - [INFO] - [BOT_AI] [Bot 3] Synchronizing role: CITIZEN -> FISHER
2026-01-21 14:57:05,526 - [INFO] - [BOT_AI] [Bot 3] AI Tree rebuilt for CITIZEN(FISHER)
2026-01-21 14:57:05,526 - [INFO] - [REALTIME_SYNC] Entity Bot 3 -> FISHER
2026-01-21 14:57:05,526 - [INFO] - [BOT_AI] [Bot 6] Synchronizing role: CITIZEN -> MINER
2026-01-21 14:57:05,526 - [INFO] - [BOT_AI] [Bot 6] AI Tree rebuilt for CITIZEN(MINER)
2026-01-21 14:57:05,526 - [INFO] - [REALTIME_SYNC] Entity Bot 6 -> MINER
2026-01-21 14:57:05,526 - [INFO] - [BOT_AI] [Bot 7] Synchronizing role: CITIZEN -> FISHER
2026-01-21 14:57:05,526 - [INFO] - [BOT_AI] [Bot 7] AI Tree rebuilt for CITIZEN(FISHER)
2026-01-21 14:57:05,526 - [INFO] - [REALTIME_SYNC] Entity Bot 7 -> FISHER
2026-01-21 14:57:05,526 - [INFO] - [BOT_AI] [Bot 8] Synchronizing role: CITIZEN -> FARMER
2026-01-21 14:57:05,527 - [INFO] - [BOT_AI] [Bot 8] AI Tree rebuilt for CITIZEN(FARMER)
2026-01-21 14:57:05,527 - [INFO] - [REALTIME_SYNC] Entity Bot 8 -> FARMER
2026-01-21 14:57:05,527 - [INFO] - [BOT_AI] [Bot 9] Synchronizing role: CITIZEN -> FARMER
2026-01-21 14:57:05,527 - [INFO] - [BOT_AI] [Bot 9] AI Tree rebuilt for CITIZEN(FARMER)
2026-01-21 14:57:05,527 - [INFO] - [REALTIME_SYNC] Entity Bot 9 -> FARMER
2026-01-21 14:57:05,527 - [INFO] - [BOT_AI] [Bot 10] Synchronizing role: CITIZEN -> MINER
2026-01-21 14:57:05,527 - [INFO] - [BOT_AI] [Bot 10] AI Tree rebuilt for CITIZEN(MINER)
2026-01-21 14:57:05,527 - [INFO] - [REALTIME_SYNC] Entity Bot 10 -> MINER
2026-01-21 14:57:05,527 - [INFO] - [BOT_AI] [Bot 12] Synchronizing role: CITIZEN -> FARMER
2026-01-21 14:57:05,527 - [INFO] - [BOT_AI] [Bot 12] AI Tree rebuilt for CITIZEN(FARMER)
2026-01-21 14:57:05,530 - [INFO] - [REALTIME_SYNC] Entity Bot 12 -> FARMER
2026-01-21 14:57:05,535 - [INFO] - [BOT_AI] [Bot 13] Synchronizing role: CITIZEN -> FARMER
2026-01-21 14:57:05,535 - [INFO] - [BOT_AI] [Bot 13] AI Tree rebuilt for CITIZEN(FARMER)
2026-01-21 14:57:05,535 - [INFO] - [REALTIME_SYNC] Entity Bot 13 -> FARMER
2026-01-21 14:57:05,535 - [INFO] - [BOT_AI] [Bot 14] Synchronizing role: CITIZEN -> FISHER
2026-01-21 14:57:05,535 - [INFO] - [BOT_AI] [Bot 14] AI Tree rebuilt for CITIZEN(FISHER)
2026-01-21 14:57:05,536 - [INFO] - [REALTIME_SYNC] Entity Bot 14 -> FISHER
2026-01-21 14:57:05,536 - [INFO] - [BOT_AI] [Bot 15] Synchronizing role: CITIZEN -> MINER
2026-01-21 14:57:05,536 - [INFO] - [BOT_AI] [Bot 15] AI Tree rebuilt for CITIZEN(MINER)
2026-01-21 14:57:05,536 - [INFO] - [REALTIME_SYNC] Entity Bot 15 -> MINER
2026-01-21 14:57:06,518 - [INFO] - [BOT_AI] [Bot 3] Synchronizing role: CITIZEN -> FISHER
2026-01-21 14:57:06,521 - [INFO] - [BOT_AI] [Bot 3] AI Tree rebuilt for CITIZEN(FISHER)
2026-01-21 14:57:06,521 - [INFO] - [REALTIME_SYNC] Entity Bot 3 -> FISHER
2026-01-21 14:57:06,522 - [INFO] - [BOT_AI] [Bot 6] Synchronizing role: CITIZEN -> MINER
2026-01-21 14:57:06,522 - [INFO] - [BOT_AI] [Bot 6] AI Tree rebuilt for CITIZEN(MINER)
2026-01-21 14:57:06,522 - [INFO] - [REALTIME_SYNC] Entity Bot 6 -> MINER
2026-01-21 14:57:06,522 - [INFO] - [BOT_AI] [Bot 7] Synchronizing role: CITIZEN -> FISHER
2026-01-21 14:57:06,522 - [INFO] - [BOT_AI] [Bot 7] AI Tree rebuilt for CITIZEN(FISHER)
2026-01-21 14:57:06,527 - [INFO] - [REALTIME_SYNC] Entity Bot 7 -> FISHER
2026-01-21 14:57:06,533 - [INFO] - [BOT_AI] [Bot 8] Synchronizing role: CITIZEN -> FARMER
2026-01-21 14:57:06,536 - [INFO] - [BOT_AI] [Bot 8] AI Tree rebuilt for CITIZEN(FARMER)
2026-01-21 14:57:06,537 - [INFO] - [REALTIME_SYNC] Entity Bot 8 -> FARMER
2026-01-21 14:57:06,537 - [INFO] - [BOT_AI] [Bot 9] Synchronizing role: CITIZEN -> FARMER
2026-01-21 14:57:06,537 - [INFO] - [BOT_AI] [Bot 9] AI Tree rebuilt for CITIZEN(FARMER)
2026-01-21 14:57:06,537 - [INFO] - [REALTIME_SYNC] Entity Bot 9 -> FARMER
2026-01-21 14:57:06,537 - [INFO] - [BOT_AI] [Bot 10] Synchronizing role: CITIZEN -> MINER
2026-01-21 14:57:06,537 - [INFO] - [BOT_AI] [Bot 10] AI Tree rebuilt for CITIZEN(MINER)
2026-01-21 14:57:06,537 - [INFO] - [REALTIME_SYNC] Entity Bot 10 -> MINER
2026-01-21 14:57:06,537 - [INFO] - [BOT_AI] [Bot 12] Synchronizing role: CITIZEN -> FARMER
2026-01-21 14:57:06,537 - [INFO] - [BOT_AI] [Bot 12] AI Tree rebuilt for CITIZEN(FARMER)
2026-01-21 14:57:06,537 - [INFO] - [REALTIME_SYNC] Entity Bot 12 -> FARMER
2026-01-21 14:57:06,537 - [INFO] - [BOT_AI] [Bot 13] Synchronizing role: CITIZEN -> FARMER
2026-01-21 14:57:06,538 - [INFO] - [BOT_AI] [Bot 13] AI Tree rebuilt for CITIZEN(FARMER)
2026-01-21 14:57:06,538 - [INFO] - [REALTIME_SYNC] Entity Bot 13 -> FARMER
2026-01-21 14:57:06,538 - [INFO] - [BOT_AI] [Bot 14] Synchronizing role: CITIZEN -> FISHER
2026-01-21 14:57:06,538 - [INFO] - [BOT_AI] [Bot 14] AI Tree rebuilt for CITIZEN(FISHER)
2026-01-21 14:57:06,538 - [INFO] - [REALTIME_SYNC] Entity Bot 14 -> FISHER
2026-01-21 14:57:06,538 - [INFO] - [BOT_AI] [Bot 15] Synchronizing role: CITIZEN -> MINER
2026-01-21 14:57:06,538 - [INFO] - [BOT_AI] [Bot 15] AI Tree rebuilt for CITIZEN(MINER)
2026-01-21 14:57:06,540 - [INFO] - [REALTIME_SYNC] Entity Bot 15 -> MINER
2026-01-21 14:57:07,538 - [INFO] - [BOT_AI] [Bot 3] Synchronizing role: CITIZEN -> FISHER
2026-01-21 14:57:07,544 - [INFO] - [BOT_AI] [Bot 3] AI Tree rebuilt for CITIZEN(FISHER)
2026-01-21 14:57:07,549 - [INFO] - [REALTIME_SYNC] Entity Bot 3 -> FISHER
2026-01-21 14:57:07,555 - [INFO] - [BOT_AI] [Bot 6] Synchronizing role: CITIZEN -> MINER
2026-01-21 14:57:07,561 - [INFO] - [BOT_AI] [Bot 6] AI Tree rebuilt for CITIZEN(MINER)
2026-01-21 14:57:07,566 - [INFO] - [REALTIME_SYNC] Entity Bot 6 -> MINER
2026-01-21 14:57:07,572 - [INFO] - [BOT_AI] [Bot 7] Synchronizing role: CITIZEN -> FISHER
2026-01-21 14:57:07,572 - [INFO] - [BOT_AI] [Bot 7] AI Tree rebuilt for CITIZEN(FISHER)
2026-01-21 14:57:07,572 - [INFO] - [REALTIME_SYNC] Entity Bot 7 -> FISHER
2026-01-21 14:57:07,572 - [INFO] - [BOT_AI] [Bot 8] Synchronizing role: CITIZEN -> FARMER
2026-01-21 14:57:07,572 - [INFO] - [BOT_AI] [Bot 8] AI Tree rebuilt for CITIZEN(FARMER)
2026-01-21 14:57:07,572 - [INFO] - [REALTIME_SYNC] Entity Bot 8 -> FARMER
2026-01-21 14:57:07,572 - [INFO] - [BOT_AI] [Bot 9] Synchronizing role: CITIZEN -> FARMER
2026-01-21 14:57:07,572 - [INFO] - [BOT_AI] [Bot 9] AI Tree rebuilt for CITIZEN(FARMER)
2026-01-21 14:57:07,572 - [INFO] - [REALTIME_SYNC] Entity Bot 9 -> FARMER
2026-01-21 14:57:07,572 - [INFO] - [BOT_AI] [Bot 10] Synchronizing role: CITIZEN -> MINER
2026-01-21 14:57:07,572 - [INFO] - [BOT_AI] [Bot 10] AI Tree rebuilt for CITIZEN(MINER)
2026-01-21 14:57:07,573 - [INFO] - [REALTIME_SYNC] Entity Bot 10 -> MINER
2026-01-21 14:57:07,573 - [INFO] - [BOT_AI] [Bot 12] Synchronizing role: CITIZEN -> FARMER
2026-01-21 14:57:07,573 - [INFO] - [BOT_AI] [Bot 12] AI Tree rebuilt for CITIZEN(FARMER)
2026-01-21 14:57:07,573 - [INFO] - [REALTIME_SYNC] Entity Bot 12 -> FARMER
2026-01-21 14:57:07,573 - [INFO] - [BOT_AI] [Bot 13] Synchronizing role: CITIZEN -> FARMER
2026-01-21 14:57:07,573 - [INFO] - [BOT_AI] [Bot 13] AI Tree rebuilt for CITIZEN(FARMER)
2026-01-21 14:57:07,573 - [INFO] - [REALTIME_SYNC] Entity Bot 13 -> FARMER
2026-01-21 14:57:07,574 - [INFO] - [BOT_AI] [Bot 14] Synchronizing role: CITIZEN -> FISHER
2026-01-21 14:57:07,574 - [INFO] - [BOT_AI] [Bot 14] AI Tree rebuilt for CITIZEN(FISHER)
2026-01-21 14:57:07,574 - [INFO] - [REALTIME_SYNC] Entity Bot 14 -> FISHER
2026-01-21 14:57:07,574 - [INFO] - [BOT_AI] [Bot 15] Synchronizing role: CITIZEN -> MINER
2026-01-21 14:57:07,574 - [INFO] - [BOT_AI] [Bot 15] AI Tree rebuilt for CITIZEN(MINER)
2026-01-21 14:57:07,574 - [INFO] - [REALTIME_SYNC] Entity Bot 15 -> MINER
2026-01-21 14:57:08,516 - [INFO] - [BOT_AI] [Bot 3] Synchronizing role: CITIZEN -> FISHER
2026-01-21 14:57:08,521 - [INFO] - [BOT_AI] [Bot 3] AI Tree rebuilt for CITIZEN(FISHER)
2026-01-21 14:57:08,528 - [INFO] - [REALTIME_SYNC] Entity Bot 3 -> FISHER
2026-01-21 14:57:08,528 - [INFO] - [BOT_AI] [Bot 6] Synchronizing role: CITIZEN -> MINER
2026-01-21 14:57:08,529 - [INFO] - [BOT_AI] [Bot 6] AI Tree rebuilt for CITIZEN(MINER)
2026-01-21 14:57:08,529 - [INFO] - [REALTIME_SYNC] Entity Bot 6 -> MINER
2026-01-21 14:57:08,529 - [INFO] - [BOT_AI] [Bot 7] Synchronizing role: CITIZEN -> FISHER
2026-01-21 14:57:08,529 - [INFO] - [BOT_AI] [Bot 7] AI Tree rebuilt for CITIZEN(FISHER)
2026-01-21 14:57:08,529 - [INFO] - [REALTIME_SYNC] Entity Bot 7 -> FISHER
2026-01-21 14:57:08,529 - [INFO] - [BOT_AI] [Bot 8] Synchronizing role: CITIZEN -> FARMER
2026-01-21 14:57:08,529 - [INFO] - [BOT_AI] [Bot 8] AI Tree rebuilt for CITIZEN(FARMER)
2026-01-21 14:57:08,529 - [INFO] - [REALTIME_SYNC] Entity Bot 8 -> FARMER
2026-01-21 14:57:08,529 - [INFO] - [BOT_AI] [Bot 9] Synchronizing role: CITIZEN -> FARMER
2026-01-21 14:57:08,529 - [INFO] - [BOT_AI] [Bot 9] AI Tree rebuilt for CITIZEN(FARMER)
2026-01-21 14:57:08,529 - [INFO] - [REALTIME_SYNC] Entity Bot 9 -> FARMER
2026-01-21 14:57:08,529 - [INFO] - [BOT_AI] [Bot 10] Synchronizing role: CITIZEN -> MINER
2026-01-21 14:57:08,529 - [INFO] - [BOT_AI] [Bot 10] AI Tree rebuilt for CITIZEN(MINER)
2026-01-21 14:57:08,529 - [INFO] - [REALTIME_SYNC] Entity Bot 10 -> MINER
2026-01-21 14:57:08,529 - [INFO] - [BOT_AI] [Bot 12] Synchronizing role: CITIZEN -> FARMER
2026-01-21 14:57:08,530 - [INFO] - [BOT_AI] [Bot 12] AI Tree rebuilt for CITIZEN(FARMER)
2026-01-21 14:57:08,530 - [INFO] - [REALTIME_SYNC] Entity Bot 12 -> FARMER
2026-01-21 14:57:08,530 - [INFO] - [BOT_AI] [Bot 13] Synchronizing role: CITIZEN -> FARMER
2026-01-21 14:57:08,530 - [INFO] - [BOT_AI] [Bot 13] AI Tree rebuilt for CITIZEN(FARMER)
2026-01-21 14:57:08,530 - [INFO] - [REALTIME_SYNC] Entity Bot 13 -> FARMER
2026-01-21 14:57:08,530 - [INFO] - [BOT_AI] [Bot 14] Synchronizing role: CITIZEN -> FISHER
2026-01-21 14:57:08,530 - [INFO] - [BOT_AI] [Bot 14] AI Tree rebuilt for CITIZEN(FISHER)
2026-01-21 14:57:08,532 - [INFO] - [REALTIME_SYNC] Entity Bot 14 -> FISHER
2026-01-21 14:57:08,537 - [INFO] - [BOT_AI] [Bot 15] Synchronizing role: CITIZEN -> MINER
2026-01-21 14:57:08,537 - [INFO] - [BOT_AI] [Bot 15] AI Tree rebuilt for CITIZEN(MINER)
2026-01-21 14:57:08,537 - [INFO] - [REALTIME_SYNC] Entity Bot 15 -> MINER
2026-01-21 14:57:09,529 - [INFO] - [BOT_AI] [Bot 3] Synchronizing role: CITIZEN -> FISHER
2026-01-21 14:57:09,534 - [INFO] - [BOT_AI] [Bot 3] AI Tree rebuilt for CITIZEN(FISHER)
2026-01-21 14:57:09,539 - [INFO] - [REALTIME_SYNC] Entity Bot 3 -> FISHER
2026-01-21 14:57:09,544 - [INFO] - [BOT_AI] [Bot 6] Synchronizing role: CITIZEN -> MINER
2026-01-21 14:57:09,545 - [INFO] - [BOT_AI] [Bot 6] AI Tree rebuilt for CITIZEN(MINER)
2026-01-21 14:57:09,545 - [INFO] - [REALTIME_SYNC] Entity Bot 6 -> MINER
2026-01-21 14:57:09,545 - [INFO] - [BOT_AI] [Bot 7] Synchronizing role: CITIZEN -> FISHER
2026-01-21 14:57:09,545 - [INFO] - [BOT_AI] [Bot 7] AI Tree rebuilt for CITIZEN(FISHER)
2026-01-21 14:57:09,545 - [INFO] - [REALTIME_SYNC] Entity Bot 7 -> FISHER
2026-01-21 14:57:09,545 - [INFO] - [BOT_AI] [Bot 8] Synchronizing role: CITIZEN -> FARMER
2026-01-21 14:57:09,545 - [INFO] - [BOT_AI] [Bot 8] AI Tree rebuilt for CITIZEN(FARMER)
2026-01-21 14:57:09,545 - [INFO] - [REALTIME_SYNC] Entity Bot 8 -> FARMER
2026-01-21 14:57:09,545 - [INFO] - [BOT_AI] [Bot 9] Synchronizing role: CITIZEN -> FARMER
2026-01-21 14:57:09,545 - [INFO] - [BOT_AI] [Bot 9] AI Tree rebuilt for CITIZEN(FARMER)
2026-01-21 14:57:09,545 - [INFO] - [REALTIME_SYNC] Entity Bot 9 -> FARMER
2026-01-21 14:57:09,545 - [INFO] - [BOT_AI] [Bot 10] Synchronizing role: CITIZEN -> MINER
2026-01-21 14:57:09,545 - [INFO] - [BOT_AI] [Bot 10] AI Tree rebuilt for CITIZEN(MINER)
2026-01-21 14:57:09,545 - [INFO] - [REALTIME_SYNC] Entity Bot 10 -> MINER
2026-01-21 14:57:09,545 - [INFO] - [BOT_AI] [Bot 12] Synchronizing role: CITIZEN -> FARMER
2026-01-21 14:57:09,545 - [INFO] - [BOT_AI] [Bot 12] AI Tree rebuilt for CITIZEN(FARMER)
2026-01-21 14:57:09,545 - [INFO] - [REALTIME_SYNC] Entity Bot 12 -> FARMER
2026-01-21 14:57:09,547 - [INFO] - [BOT_AI] [Bot 13] Synchronizing role: CITIZEN -> FARMER
2026-01-21 14:57:09,547 - [INFO] - [BOT_AI] [Bot 13] AI Tree rebuilt for CITIZEN(FARMER)
2026-01-21 14:57:09,547 - [INFO] - [REALTIME_SYNC] Entity Bot 13 -> FARMER
2026-01-21 14:57:09,547 - [INFO] - [BOT_AI] [Bot 14] Synchronizing role: CITIZEN -> FISHER
2026-01-21 14:57:09,547 - [INFO] - [BOT_AI] [Bot 14] AI Tree rebuilt for CITIZEN(FISHER)
2026-01-21 14:57:09,547 - [INFO] - [REALTIME_SYNC] Entity Bot 14 -> FISHER
2026-01-21 14:57:09,547 - [INFO] - [BOT_AI] [Bot 15] Synchronizing role: CITIZEN -> MINER
2026-01-21 14:57:09,547 - [INFO] - [BOT_AI] [Bot 15] AI Tree rebuilt for CITIZEN(MINER)
2026-01-21 14:57:09,554 - [INFO] - [REALTIME_SYNC] Entity Bot 15 -> MINER
2026-01-21 14:57:10,545 - [INFO] - [BOT_AI] [Bot 3] Synchronizing role: CITIZEN -> FISHER
2026-01-21 14:57:10,551 - [INFO] - [BOT_AI] [Bot 3] AI Tree rebuilt for CITIZEN(FISHER)
2026-01-21 14:57:10,557 - [INFO] - [REALTIME_SYNC] Entity Bot 3 -> FISHER
2026-01-21 14:57:10,558 - [INFO] - [BOT_AI] [Bot 6] Synchronizing role: CITIZEN -> MINER
2026-01-21 14:57:10,558 - [INFO] - [BOT_AI] [Bot 6] AI Tree rebuilt for CITIZEN(MINER)
2026-01-21 14:57:10,558 - [INFO] - [REALTIME_SYNC] Entity Bot 6 -> MINER
2026-01-21 14:57:10,558 - [INFO] - [BOT_AI] [Bot 7] Synchronizing role: CITIZEN -> FISHER
2026-01-21 14:57:10,558 - [INFO] - [BOT_AI] [Bot 7] AI Tree rebuilt for CITIZEN(FISHER)
2026-01-21 14:57:10,558 - [INFO] - [REALTIME_SYNC] Entity Bot 7 -> FISHER
2026-01-21 14:57:10,558 - [INFO] - [BOT_AI] [Bot 8] Synchronizing role: CITIZEN -> FARMER
2026-01-21 14:57:10,558 - [INFO] - [BOT_AI] [Bot 8] AI Tree rebuilt for CITIZEN(FARMER)
2026-01-21 14:57:10,559 - [INFO] - [REALTIME_SYNC] Entity Bot 8 -> FARMER
2026-01-21 14:57:10,559 - [INFO] - [BOT_AI] [Bot 9] Synchronizing role: CITIZEN -> FARMER
2026-01-21 14:57:10,559 - [INFO] - [BOT_AI] [Bot 9] AI Tree rebuilt for CITIZEN(FARMER)
2026-01-21 14:57:10,559 - [INFO] - [REALTIME_SYNC] Entity Bot 9 -> FARMER
2026-01-21 14:57:10,559 - [INFO] - [BOT_AI] [Bot 10] Synchronizing role: CITIZEN -> MINER
2026-01-21 14:57:10,559 - [INFO] - [BOT_AI] [Bot 10] AI Tree rebuilt for CITIZEN(MINER)
2026-01-21 14:57:10,559 - [INFO] - [REALTIME_SYNC] Entity Bot 10 -> MINER
2026-01-21 14:57:10,559 - [INFO] - [BOT_AI] [Bot 12] Synchronizing role: CITIZEN -> FARMER
2026-01-21 14:57:10,561 - [INFO] - [BOT_AI] [Bot 12] AI Tree rebuilt for CITIZEN(FARMER)
2026-01-21 14:57:10,567 - [INFO] - [REALTIME_SYNC] Entity Bot 12 -> FARMER
2026-01-21 14:57:10,567 - [INFO] - [BOT_AI] [Bot 13] Synchronizing role: CITIZEN -> FARMER
2026-01-21 14:57:10,567 - [INFO] - [BOT_AI] [Bot 13] AI Tree rebuilt for CITIZEN(FARMER)
2026-01-21 14:57:10,567 - [INFO] - [REALTIME_SYNC] Entity Bot 13 -> FARMER
2026-01-21 14:57:10,567 - [INFO] - [BOT_AI] [Bot 14] Synchronizing role: CITIZEN -> FISHER
2026-01-21 14:57:10,567 - [INFO] - [BOT_AI] [Bot 14] AI Tree rebuilt for CITIZEN(FISHER)
2026-01-21 14:57:10,567 - [INFO] - [REALTIME_SYNC] Entity Bot 14 -> FISHER
2026-01-21 14:57:10,572 - [INFO] - [BOT_AI] [Bot 15] Synchronizing role: CITIZEN -> MINER
2026-01-21 14:57:10,578 - [INFO] - [BOT_AI] [Bot 15] AI Tree rebuilt for CITIZEN(MINER)
2026-01-21 14:57:10,583 - [INFO] - [REALTIME_SYNC] Entity Bot 15 -> MINER
2026-01-21 14:57:11,537 - [INFO] - [BOT_AI] [Bot 3] Synchronizing role: CITIZEN -> FISHER
2026-01-21 14:57:11,543 - [INFO] - [BOT_AI] [Bot 3] AI Tree rebuilt for CITIZEN(FISHER)
2026-01-21 14:57:11,549 - [INFO] - [REALTIME_SYNC] Entity Bot 3 -> FISHER
2026-01-21 14:57:11,552 - [INFO] - [BOT_AI] [Bot 6] Synchronizing role: CITIZEN -> MINER
2026-01-21 14:57:11,552 - [INFO] - [BOT_AI] [Bot 6] AI Tree rebuilt for CITIZEN(MINER)
2026-01-21 14:57:11,552 - [INFO] - [REALTIME_SYNC] Entity Bot 6 -> MINER
2026-01-21 14:57:11,552 - [INFO] - [BOT_AI] [Bot 7] Synchronizing role: CITIZEN -> FISHER
2026-01-21 14:57:11,552 - [INFO] - [BOT_AI] [Bot 7] AI Tree rebuilt for CITIZEN(FISHER)
2026-01-21 14:57:11,552 - [INFO] - [REALTIME_SYNC] Entity Bot 7 -> FISHER
2026-01-21 14:57:11,552 - [INFO] - [BOT_AI] [Bot 8] Synchronizing role: CITIZEN -> FARMER
2026-01-21 14:57:11,552 - [INFO] - [BOT_AI] [Bot 8] AI Tree rebuilt for CITIZEN(FARMER)
2026-01-21 14:57:11,552 - [INFO] - [REALTIME_SYNC] Entity Bot 8 -> FARMER
2026-01-21 14:57:11,553 - [INFO] - [BOT_AI] [Bot 9] Synchronizing role: CITIZEN -> FARMER
2026-01-21 14:57:11,553 - [INFO] - [BOT_AI] [Bot 9] AI Tree rebuilt for CITIZEN(FARMER)
2026-01-21 14:57:11,553 - [INFO] - [REALTIME_SYNC] Entity Bot 9 -> FARMER
2026-01-21 14:57:11,553 - [INFO] - [BOT_AI] [Bot 10] Synchronizing role: CITIZEN -> MINER
2026-01-21 14:57:11,553 - [INFO] - [BOT_AI] [Bot 10] AI Tree rebuilt for CITIZEN(MINER)
2026-01-21 14:57:11,553 - [INFO] - [REALTIME_SYNC] Entity Bot 10 -> MINER
2026-01-21 14:57:11,553 - [INFO] - [BOT_AI] [Bot 12] Synchronizing role: CITIZEN -> FARMER
2026-01-21 14:57:11,554 - [INFO] - [BOT_AI] [Bot 12] AI Tree rebuilt for CITIZEN(FARMER)
2026-01-21 14:57:11,560 - [INFO] - [REALTIME_SYNC] Entity Bot 12 -> FARMER
2026-01-21 14:57:11,560 - [INFO] - [BOT_AI] [Bot 13] Synchronizing role: CITIZEN -> FARMER
2026-01-21 14:57:11,560 - [INFO] - [BOT_AI] [Bot 13] AI Tree rebuilt for CITIZEN(FARMER)
2026-01-21 14:57:11,560 - [INFO] - [REALTIME_SYNC] Entity Bot 13 -> FARMER
2026-01-21 14:57:11,560 - [INFO] - [BOT_AI] [Bot 14] Synchronizing role: CITIZEN -> FISHER
2026-01-21 14:57:11,560 - [INFO] - [BOT_AI] [Bot 14] AI Tree rebuilt for CITIZEN(FISHER)
2026-01-21 14:57:11,560 - [INFO] - [REALTIME_SYNC] Entity Bot 14 -> FISHER
2026-01-21 14:57:11,561 - [INFO] - [BOT_AI] [Bot 15] Synchronizing role: CITIZEN -> MINER
2026-01-21 14:57:11,561 - [INFO] - [BOT_AI] [Bot 15] AI Tree rebuilt for CITIZEN(MINER)
2026-01-21 14:57:11,561 - [INFO] - [REALTIME_SYNC] Entity Bot 15 -> MINER
2026-01-21 14:57:12,528 - [INFO] - [BOT_AI] [Bot 3] Synchronizing role: CITIZEN -> FISHER
2026-01-21 14:57:12,534 - [INFO] - [BOT_AI] [Bot 3] AI Tree rebuilt for CITIZEN(FISHER)
2026-01-21 14:57:12,534 - [INFO] - [REALTIME_SYNC] Entity Bot 3 -> FISHER
2026-01-21 14:57:12,534 - [INFO] - [BOT_AI] [Bot 6] Synchronizing role: CITIZEN -> MINER
2026-01-21 14:57:12,534 - [INFO] - [BOT_AI] [Bot 6] AI Tree rebuilt for CITIZEN(MINER)
2026-01-21 14:57:12,534 - [INFO] - [REALTIME_SYNC] Entity Bot 6 -> MINER
2026-01-21 14:57:12,536 - [INFO] - [BOT_AI] [Bot 7] Synchronizing role: CITIZEN -> FISHER
2026-01-21 14:57:12,536 - [INFO] - [BOT_AI] [Bot 7] AI Tree rebuilt for CITIZEN(FISHER)
2026-01-21 14:57:12,536 - [INFO] - [REALTIME_SYNC] Entity Bot 7 -> FISHER
2026-01-21 14:57:12,536 - [INFO] - [BOT_AI] [Bot 8] Synchronizing role: CITIZEN -> FARMER
2026-01-21 14:57:12,536 - [INFO] - [BOT_AI] [Bot 8] AI Tree rebuilt for CITIZEN(FARMER)
2026-01-21 14:57:12,536 - [INFO] - [REALTIME_SYNC] Entity Bot 8 -> FARMER
2026-01-21 14:57:12,536 - [INFO] - [BOT_AI] [Bot 9] Synchronizing role: CITIZEN -> FARMER
2026-01-21 14:57:12,536 - [INFO] - [BOT_AI] [Bot 9] AI Tree rebuilt for CITIZEN(FARMER)
2026-01-21 14:57:12,536 - [INFO] - [REALTIME_SYNC] Entity Bot 9 -> FARMER
2026-01-21 14:57:12,536 - [INFO] - [BOT_AI] [Bot 10] Synchronizing role: CITIZEN -> MINER
2026-01-21 14:57:12,536 - [INFO] - [BOT_AI] [Bot 10] AI Tree rebuilt for CITIZEN(MINER)
2026-01-21 14:57:12,536 - [INFO] - [REALTIME_SYNC] Entity Bot 10 -> MINER
2026-01-21 14:57:12,536 - [INFO] - [BOT_AI] [Bot 12] Synchronizing role: CITIZEN -> FARMER
2026-01-21 14:57:12,537 - [INFO] - [BOT_AI] [Bot 12] AI Tree rebuilt for CITIZEN(FARMER)
2026-01-21 14:57:12,539 - [INFO] - [REALTIME_SYNC] Entity Bot 12 -> FARMER
2026-01-21 14:57:12,540 - [INFO] - [BOT_AI] [Bot 13] Synchronizing role: CITIZEN -> FARMER
2026-01-21 14:57:12,540 - [INFO] - [BOT_AI] [Bot 13] AI Tree rebuilt for CITIZEN(FARMER)
2026-01-21 14:57:12,546 - [INFO] - [REALTIME_SYNC] Entity Bot 13 -> FARMER
2026-01-21 14:57:12,546 - [INFO] - [BOT_AI] [Bot 14] Synchronizing role: CITIZEN -> FISHER
2026-01-21 14:57:12,546 - [INFO] - [BOT_AI] [Bot 14] AI Tree rebuilt for CITIZEN(FISHER)
2026-01-21 14:57:12,546 - [INFO] - [REALTIME_SYNC] Entity Bot 14 -> FISHER
2026-01-21 14:57:12,546 - [INFO] - [BOT_AI] [Bot 15] Synchronizing role: CITIZEN -> MINER
2026-01-21 14:57:12,546 - [INFO] - [BOT_AI] [Bot 15] AI Tree rebuilt for CITIZEN(MINER)
2026-01-21 14:57:12,546 - [INFO] - [REALTIME_SYNC] Entity Bot 15 -> MINER
2026-01-21 14:57:13,537 - [INFO] - [BOT_AI] [Bot 3] Synchronizing role: CITIZEN -> FISHER
2026-01-21 14:57:13,542 - [INFO] - [BOT_AI] [Bot 3] AI Tree rebuilt for CITIZEN(FISHER)
2026-01-21 14:57:13,542 - [INFO] - [REALTIME_SYNC] Entity Bot 3 -> FISHER
2026-01-21 14:57:13,542 - [INFO] - [BOT_AI] [Bot 6] Synchronizing role: CITIZEN -> MINER
2026-01-21 14:57:13,542 - [INFO] - [BOT_AI] [Bot 6] AI Tree rebuilt for CITIZEN(MINER)
2026-01-21 14:57:13,542 - [INFO] - [REALTIME_SYNC] Entity Bot 6 -> MINER
2026-01-21 14:57:13,542 - [INFO] - [BOT_AI] [Bot 7] Synchronizing role: CITIZEN -> FISHER
2026-01-21 14:57:13,542 - [INFO] - [BOT_AI] [Bot 7] AI Tree rebuilt for CITIZEN(FISHER)
2026-01-21 14:57:13,543 - [INFO] - [REALTIME_SYNC] Entity Bot 7 -> FISHER
2026-01-21 14:57:13,543 - [INFO] - [BOT_AI] [Bot 8] Synchronizing role: CITIZEN -> FARMER
2026-01-21 14:57:13,543 - [INFO] - [BOT_AI] [Bot 8] AI Tree rebuilt for CITIZEN(FARMER)
2026-01-21 14:57:13,543 - [INFO] - [REALTIME_SYNC] Entity Bot 8 -> FARMER
2026-01-21 14:57:13,543 - [INFO] - [BOT_AI] [Bot 9] Synchronizing role: CITIZEN -> FARMER
2026-01-21 14:57:13,543 - [INFO] - [BOT_AI] [Bot 9] AI Tree rebuilt for CITIZEN(FARMER)
2026-01-21 14:57:13,543 - [INFO] - [REALTIME_SYNC] Entity Bot 9 -> FARMER
2026-01-21 14:57:13,543 - [INFO] - [BOT_AI] [Bot 10] Synchronizing role: CITIZEN -> MINER
2026-01-21 14:57:13,543 - [INFO] - [BOT_AI] [Bot 10] AI Tree rebuilt for CITIZEN(MINER)
2026-01-21 14:57:13,543 - [INFO] - [REALTIME_SYNC] Entity Bot 10 -> MINER
2026-01-21 14:57:13,543 - [INFO] - [BOT_AI] [Bot 12] Synchronizing role: CITIZEN -> FARMER
2026-01-21 14:57:13,543 - [INFO] - [BOT_AI] [Bot 12] AI Tree rebuilt for CITIZEN(FARMER)
2026-01-21 14:57:13,543 - [INFO] - [REALTIME_SYNC] Entity Bot 12 -> FARMER
2026-01-21 14:57:13,543 - [INFO] - [BOT_AI] [Bot 13] Synchronizing role: CITIZEN -> FARMER
2026-01-21 14:57:13,546 - [INFO] - [BOT_AI] [Bot 13] AI Tree rebuilt for CITIZEN(FARMER)
2026-01-21 14:57:13,551 - [INFO] - [REALTIME_SYNC] Entity Bot 13 -> FARMER
2026-01-21 14:57:13,551 - [INFO] - [BOT_AI] [Bot 14] Synchronizing role: CITIZEN -> FISHER
2026-01-21 14:57:13,552 - [INFO] - [BOT_AI] [Bot 14] AI Tree rebuilt for CITIZEN(FISHER)
2026-01-21 14:57:13,552 - [INFO] - [REALTIME_SYNC] Entity Bot 14 -> FISHER
2026-01-21 14:57:13,552 - [INFO] - [BOT_AI] [Bot 15] Synchronizing role: CITIZEN -> MINER
2026-01-21 14:57:13,552 - [INFO] - [BOT_AI] [Bot 15] AI Tree rebuilt for CITIZEN(MINER)
2026-01-21 14:57:13,552 - [INFO] - [REALTIME_SYNC] Entity Bot 15 -> MINER
2026-01-21 14:57:14,535 - [INFO] - [BOT_AI] [Bot 3] Synchronizing role: CITIZEN -> FISHER
2026-01-21 14:57:14,539 - [INFO] - [BOT_AI] [Bot 3] AI Tree rebuilt for CITIZEN(FISHER)
2026-01-21 14:57:14,539 - [INFO] - [REALTIME_SYNC] Entity Bot 3 -> FISHER
2026-01-21 14:57:14,539 - [INFO] - [BOT_AI] [Bot 6] Synchronizing role: CITIZEN -> MINER
2026-01-21 14:57:14,539 - [INFO] - [BOT_AI] [Bot 6] AI Tree rebuilt for CITIZEN(MINER)
2026-01-21 14:57:14,540 - [INFO] - [REALTIME_SYNC] Entity Bot 6 -> MINER
2026-01-21 14:57:14,540 - [INFO] - [BOT_AI] [Bot 7] Synchronizing role: CITIZEN -> FISHER
2026-01-21 14:57:14,540 - [INFO] - [BOT_AI] [Bot 7] AI Tree rebuilt for CITIZEN(FISHER)
2026-01-21 14:57:14,540 - [INFO] - [REALTIME_SYNC] Entity Bot 7 -> FISHER
2026-01-21 14:57:14,540 - [INFO] - [BOT_AI] [Bot 8] Synchronizing role: CITIZEN -> FARMER
2026-01-21 14:57:14,540 - [INFO] - [BOT_AI] [Bot 8] AI Tree rebuilt for CITIZEN(FARMER)
2026-01-21 14:57:14,540 - [INFO] - [REALTIME_SYNC] Entity Bot 8 -> FARMER
2026-01-21 14:57:14,540 - [INFO] - [BOT_AI] [Bot 9] Synchronizing role: CITIZEN -> FARMER
2026-01-21 14:57:14,541 - [INFO] - [BOT_AI] [Bot 9] AI Tree rebuilt for CITIZEN(FARMER)
2026-01-21 14:57:14,541 - [INFO] - [REALTIME_SYNC] Entity Bot 9 -> FARMER
2026-01-21 14:57:14,541 - [INFO] - [BOT_AI] [Bot 10] Synchronizing role: CITIZEN -> MINER
2026-01-21 14:57:14,541 - [INFO] - [BOT_AI] [Bot 10] AI Tree rebuilt for CITIZEN(MINER)
2026-01-21 14:57:14,541 - [INFO] - [REALTIME_SYNC] Entity Bot 10 -> MINER
2026-01-21 14:57:14,541 - [INFO] - [BOT_AI] [Bot 12] Synchronizing role: CITIZEN -> FARMER
2026-01-21 14:57:14,543 - [INFO] - [BOT_AI] [Bot 12] AI Tree rebuilt for CITIZEN(FARMER)
2026-01-21 14:57:14,548 - [INFO] - [REALTIME_SYNC] Entity Bot 12 -> FARMER
2026-01-21 14:57:14,548 - [INFO] - [BOT_AI] [Bot 13] Synchronizing role: CITIZEN -> FARMER
2026-01-21 14:57:14,548 - [INFO] - [BOT_AI] [Bot 13] AI Tree rebuilt for CITIZEN(FARMER)
2026-01-21 14:57:14,548 - [INFO] - [REALTIME_SYNC] Entity Bot 13 -> FARMER
2026-01-21 14:57:14,548 - [INFO] - [BOT_AI] [Bot 14] Synchronizing role: CITIZEN -> FISHER
2026-01-21 14:57:14,548 - [INFO] - [BOT_AI] [Bot 14] AI Tree rebuilt for CITIZEN(FISHER)
2026-01-21 14:57:14,548 - [INFO] - [REALTIME_SYNC] Entity Bot 14 -> FISHER
2026-01-21 14:57:14,549 - [INFO] - [BOT_AI] [Bot 15] Synchronizing role: CITIZEN -> MINER
2026-01-21 14:57:14,549 - [INFO] - [BOT_AI] [Bot 15] AI Tree rebuilt for CITIZEN(MINER)
2026-01-21 14:57:14,549 - [INFO] - [REALTIME_SYNC] Entity Bot 15 -> MINER
2026-01-21 14:57:15,555 - [INFO] - [BOT_AI] [Bot 3] Synchronizing role: CITIZEN -> FISHER
2026-01-21 14:57:15,560 - [INFO] - [BOT_AI] [Bot 3] AI Tree rebuilt for CITIZEN(FISHER)
2026-01-21 14:57:15,560 - [INFO] - [REALTIME_SYNC] Entity Bot 3 -> FISHER
2026-01-21 14:57:15,561 - [INFO] - [BOT_AI] [Bot 6] Synchronizing role: CITIZEN -> MINER
2026-01-21 14:57:15,561 - [INFO] - [BOT_AI] [Bot 6] AI Tree rebuilt for CITIZEN(MINER)
2026-01-21 14:57:15,561 - [INFO] - [REALTIME_SYNC] Entity Bot 6 -> MINER
2026-01-21 14:57:15,561 - [INFO] - [BOT_AI] [Bot 7] Synchronizing role: CITIZEN -> FISHER
2026-01-21 14:57:15,561 - [INFO] - [BOT_AI] [Bot 7] AI Tree rebuilt for CITIZEN(FISHER)
2026-01-21 14:57:15,561 - [INFO] - [REALTIME_SYNC] Entity Bot 7 -> FISHER
2026-01-21 14:57:15,561 - [INFO] - [BOT_AI] [Bot 8] Synchronizing role: CITIZEN -> FARMER
2026-01-21 14:57:15,561 - [INFO] - [BOT_AI] [Bot 8] AI Tree rebuilt for CITIZEN(FARMER)
2026-01-21 14:57:15,561 - [INFO] - [REALTIME_SYNC] Entity Bot 8 -> FARMER
2026-01-21 14:57:15,561 - [INFO] - [BOT_AI] [Bot 9] Synchronizing role: CITIZEN -> FARMER
2026-01-21 14:57:15,561 - [INFO] - [BOT_AI] [Bot 9] AI Tree rebuilt for CITIZEN(FARMER)
2026-01-21 14:57:15,561 - [INFO] - [REALTIME_SYNC] Entity Bot 9 -> FARMER
2026-01-21 14:57:15,561 - [INFO] - [BOT_AI] [Bot 10] Synchronizing role: CITIZEN -> MINER
2026-01-21 14:57:15,561 - [INFO] - [BOT_AI] [Bot 10] AI Tree rebuilt for CITIZEN(MINER)
2026-01-21 14:57:15,561 - [INFO] - [REALTIME_SYNC] Entity Bot 10 -> MINER
2026-01-21 14:57:15,561 - [INFO] - [BOT_AI] [Bot 12] Synchronizing role: CITIZEN -> FARMER
2026-01-21 14:57:15,562 - [INFO] - [BOT_AI] [Bot 12] AI Tree rebuilt for CITIZEN(FARMER)
2026-01-21 14:57:15,562 - [INFO] - [REALTIME_SYNC] Entity Bot 12 -> FARMER
2026-01-21 14:57:15,562 - [INFO] - [BOT_AI] [Bot 13] Synchronizing role: CITIZEN -> FARMER
2026-01-21 14:57:15,562 - [INFO] - [BOT_AI] [Bot 13] AI Tree rebuilt for CITIZEN(FARMER)
2026-01-21 14:57:15,562 - [INFO] - [REALTIME_SYNC] Entity Bot 13 -> FARMER
2026-01-21 14:57:15,562 - [INFO] - [BOT_AI] [Bot 14] Synchronizing role: CITIZEN -> FISHER
2026-01-21 14:57:15,564 - [INFO] - [BOT_AI] [Bot 14] AI Tree rebuilt for CITIZEN(FISHER)
2026-01-21 14:57:15,569 - [INFO] - [REALTIME_SYNC] Entity Bot 14 -> FISHER
2026-01-21 14:57:15,569 - [INFO] - [BOT_AI] [Bot 15] Synchronizing role: CITIZEN -> MINER
2026-01-21 14:57:15,569 - [INFO] - [BOT_AI] [Bot 15] AI Tree rebuilt for CITIZEN(MINER)
2026-01-21 14:57:15,569 - [INFO] - [REALTIME_SYNC] Entity Bot 15 -> MINER
2026-01-21 14:57:16,550 - [INFO] - [BOT_AI] [Bot 3] Synchronizing role: CITIZEN -> FISHER
2026-01-21 14:57:16,553 - [INFO] - [BOT_AI] [Bot 3] AI Tree rebuilt for CITIZEN(FISHER)
2026-01-21 14:57:16,553 - [INFO] - [REALTIME_SYNC] Entity Bot 3 -> FISHER
2026-01-21 14:57:16,553 - [INFO] - [BOT_AI] [Bot 6] Synchronizing role: CITIZEN -> MINER
2026-01-21 14:57:16,553 - [INFO] - [BOT_AI] [Bot 6] AI Tree rebuilt for CITIZEN(MINER)
2026-01-21 14:57:16,553 - [INFO] - [REALTIME_SYNC] Entity Bot 6 -> MINER
2026-01-21 14:57:16,553 - [INFO] - [BOT_AI] [Bot 7] Synchronizing role: CITIZEN -> FISHER
2026-01-21 14:57:16,553 - [INFO] - [BOT_AI] [Bot 7] AI Tree rebuilt for CITIZEN(FISHER)
2026-01-21 14:57:16,553 - [INFO] - [REALTIME_SYNC] Entity Bot 7 -> FISHER
2026-01-21 14:57:16,554 - [INFO] - [BOT_AI] [Bot 8] Synchronizing role: CITIZEN -> FARMER
2026-01-21 14:57:16,554 - [INFO] - [BOT_AI] [Bot 8] AI Tree rebuilt for CITIZEN(FARMER)
2026-01-21 14:57:16,554 - [INFO] - [REALTIME_SYNC] Entity Bot 8 -> FARMER
2026-01-21 14:57:16,554 - [INFO] - [BOT_AI] [Bot 9] Synchronizing role: CITIZEN -> FARMER
2026-01-21 14:57:16,554 - [INFO] - [BOT_AI] [Bot 9] AI Tree rebuilt for CITIZEN(FARMER)
2026-01-21 14:57:16,554 - [INFO] - [REALTIME_SYNC] Entity Bot 9 -> FARMER
2026-01-21 14:57:16,554 - [INFO] - [BOT_AI] [Bot 10] Synchronizing role: CITIZEN -> MINER
2026-01-21 14:57:16,554 - [INFO] - [BOT_AI] [Bot 10] AI Tree rebuilt for CITIZEN(MINER)
2026-01-21 14:57:16,554 - [INFO] - [REALTIME_SYNC] Entity Bot 10 -> MINER
2026-01-21 14:57:16,555 - [INFO] - [BOT_AI] [Bot 12] Synchronizing role: CITIZEN -> FARMER
2026-01-21 14:57:16,558 - [INFO] - [BOT_AI] [Bot 12] AI Tree rebuilt for CITIZEN(FARMER)
2026-01-21 14:57:16,558 - [INFO] - [REALTIME_SYNC] Entity Bot 12 -> FARMER
2026-01-21 14:57:16,558 - [INFO] - [BOT_AI] [Bot 13] Synchronizing role: CITIZEN -> FARMER
2026-01-21 14:57:16,563 - [INFO] - [BOT_AI] [Bot 13] AI Tree rebuilt for CITIZEN(FARMER)
2026-01-21 14:57:16,563 - [INFO] - [REALTIME_SYNC] Entity Bot 13 -> FARMER
2026-01-21 14:57:16,563 - [INFO] - [BOT_AI] [Bot 14] Synchronizing role: CITIZEN -> FISHER
2026-01-21 14:57:16,564 - [INFO] - [BOT_AI] [Bot 14] AI Tree rebuilt for CITIZEN(FISHER)
2026-01-21 14:57:16,564 - [INFO] - [REALTIME_SYNC] Entity Bot 14 -> FISHER
2026-01-21 14:57:16,564 - [INFO] - [BOT_AI] [Bot 15] Synchronizing role: CITIZEN -> MINER
2026-01-21 14:57:16,564 - [INFO] - [BOT_AI] [Bot 15] AI Tree rebuilt for CITIZEN(MINER)
2026-01-21 14:57:16,564 - [INFO] - [REALTIME_SYNC] Entity Bot 15 -> MINER
2026-01-21 14:57:17,557 - [INFO] - [BOT_AI] [Bot 3] Synchronizing role: CITIZEN -> FISHER
2026-01-21 14:57:17,561 - [INFO] - [BOT_AI] [Bot 3] AI Tree rebuilt for CITIZEN(FISHER)
2026-01-21 14:57:17,561 - [INFO] - [REALTIME_SYNC] Entity Bot 3 -> FISHER
2026-01-21 14:57:17,561 - [INFO] - [BOT_AI] [Bot 6] Synchronizing role: CITIZEN -> MINER
2026-01-21 14:57:17,561 - [INFO] - [BOT_AI] [Bot 6] AI Tree rebuilt for CITIZEN(MINER)
2026-01-21 14:57:17,561 - [INFO] - [REALTIME_SYNC] Entity Bot 6 -> MINER
2026-01-21 14:57:17,561 - [INFO] - [BOT_AI] [Bot 7] Synchronizing role: CITIZEN -> FISHER
2026-01-21 14:57:17,561 - [INFO] - [BOT_AI] [Bot 7] AI Tree rebuilt for CITIZEN(FISHER)
2026-01-21 14:57:17,561 - [INFO] - [REALTIME_SYNC] Entity Bot 7 -> FISHER
2026-01-21 14:57:17,561 - [INFO] - [BOT_AI] [Bot 8] Synchronizing role: CITIZEN -> FARMER
2026-01-21 14:57:17,561 - [INFO] - [BOT_AI] [Bot 8] AI Tree rebuilt for CITIZEN(FARMER)
2026-01-21 14:57:17,561 - [INFO] - [REALTIME_SYNC] Entity Bot 8 -> FARMER
2026-01-21 14:57:17,562 - [INFO] - [BOT_AI] [Bot 9] Synchronizing role: CITIZEN -> FARMER
2026-01-21 14:57:17,562 - [INFO] - [BOT_AI] [Bot 9] AI Tree rebuilt for CITIZEN(FARMER)
2026-01-21 14:57:17,562 - [INFO] - [REALTIME_SYNC] Entity Bot 9 -> FARMER
2026-01-21 14:57:17,562 - [INFO] - [BOT_AI] [Bot 10] Synchronizing role: CITIZEN -> MINER
2026-01-21 14:57:17,562 - [INFO] - [BOT_AI] [Bot 10] AI Tree rebuilt for CITIZEN(MINER)
2026-01-21 14:57:17,562 - [INFO] - [REALTIME_SYNC] Entity Bot 10 -> MINER
2026-01-21 14:57:17,562 - [INFO] - [BOT_AI] [Bot 12] Synchronizing role: CITIZEN -> FARMER
2026-01-21 14:57:17,562 - [INFO] - [BOT_AI] [Bot 12] AI Tree rebuilt for CITIZEN(FARMER)
2026-01-21 14:57:17,562 - [INFO] - [REALTIME_SYNC] Entity Bot 12 -> FARMER
2026-01-21 14:57:17,562 - [INFO] - [BOT_AI] [Bot 13] Synchronizing role: CITIZEN -> FARMER
2026-01-21 14:57:17,562 - [INFO] - [BOT_AI] [Bot 13] AI Tree rebuilt for CITIZEN(FARMER)
2026-01-21 14:57:17,562 - [INFO] - [REALTIME_SYNC] Entity Bot 13 -> FARMER
2026-01-21 14:57:17,564 - [INFO] - [BOT_AI] [Bot 14] Synchronizing role: CITIZEN -> FISHER
2026-01-21 14:57:17,570 - [INFO] - [BOT_AI] [Bot 14] AI Tree rebuilt for CITIZEN(FISHER)
2026-01-21 14:57:17,570 - [INFO] - [REALTIME_SYNC] Entity Bot 14 -> FISHER
2026-01-21 14:57:17,570 - [INFO] - [BOT_AI] [Bot 15] Synchronizing role: CITIZEN -> MINER
2026-01-21 14:57:17,570 - [INFO] - [BOT_AI] [Bot 15] AI Tree rebuilt for CITIZEN(MINER)
2026-01-21 14:57:17,570 - [INFO] - [REALTIME_SYNC] Entity Bot 15 -> MINER
2026-01-21 14:57:18,564 - [INFO] - [BOT_AI] [Bot 3] Synchronizing role: CITIZEN -> FISHER
2026-01-21 14:57:18,568 - [INFO] - [BOT_AI] [Bot 3] AI Tree rebuilt for CITIZEN(FISHER)
2026-01-21 14:57:18,568 - [INFO] - [REALTIME_SYNC] Entity Bot 3 -> FISHER
2026-01-21 14:57:18,568 - [INFO] - [BOT_AI] [Bot 6] Synchronizing role: CITIZEN -> MINER
2026-01-21 14:57:18,568 - [INFO] - [BOT_AI] [Bot 6] AI Tree rebuilt for CITIZEN(MINER)
2026-01-21 14:57:18,568 - [INFO] - [REALTIME_SYNC] Entity Bot 6 -> MINER
2026-01-21 14:57:18,568 - [INFO] - [BOT_AI] [Bot 7] Synchronizing role: CITIZEN -> FISHER
2026-01-21 14:57:18,568 - [INFO] - [BOT_AI] [Bot 7] AI Tree rebuilt for CITIZEN(FISHER)
2026-01-21 14:57:18,568 - [INFO] - [REALTIME_SYNC] Entity Bot 7 -> FISHER
2026-01-21 14:57:18,568 - [INFO] - [BOT_AI] [Bot 8] Synchronizing role: CITIZEN -> FARMER
2026-01-21 14:57:18,569 - [INFO] - [BOT_AI] [Bot 8] AI Tree rebuilt for CITIZEN(FARMER)
2026-01-21 14:57:18,570 - [INFO] - [REALTIME_SYNC] Entity Bot 8 -> FARMER
2026-01-21 14:57:18,571 - [INFO] - [BOT_AI] [Bot 9] Synchronizing role: CITIZEN -> FARMER
2026-01-21 14:57:18,571 - [INFO] - [BOT_AI] [Bot 9] AI Tree rebuilt for CITIZEN(FARMER)
2026-01-21 14:57:18,571 - [INFO] - [REALTIME_SYNC] Entity Bot 9 -> FARMER
2026-01-21 14:57:18,571 - [INFO] - [BOT_AI] [Bot 10] Synchronizing role: CITIZEN -> MINER
2026-01-21 14:57:18,571 - [INFO] - [BOT_AI] [Bot 10] AI Tree rebuilt for CITIZEN(MINER)
2026-01-21 14:57:18,571 - [INFO] - [REALTIME_SYNC] Entity Bot 10 -> MINER
2026-01-21 14:57:18,573 - [INFO] - [BOT_AI] [Bot 12] Synchronizing role: CITIZEN -> FARMER
2026-01-21 14:57:18,578 - [INFO] - [BOT_AI] [Bot 12] AI Tree rebuilt for CITIZEN(FARMER)
2026-01-21 14:57:18,579 - [INFO] - [REALTIME_SYNC] Entity Bot 12 -> FARMER
2026-01-21 14:57:18,579 - [INFO] - [BOT_AI] [Bot 13] Synchronizing role: CITIZEN -> FARMER
2026-01-21 14:57:18,579 - [INFO] - [BOT_AI] [Bot 13] AI Tree rebuilt for CITIZEN(FARMER)
2026-01-21 14:57:18,579 - [INFO] - [REALTIME_SYNC] Entity Bot 13 -> FARMER
2026-01-21 14:57:18,579 - [INFO] - [BOT_AI] [Bot 14] Synchronizing role: CITIZEN -> FISHER
2026-01-21 14:57:18,579 - [INFO] - [BOT_AI] [Bot 14] AI Tree rebuilt for CITIZEN(FISHER)
2026-01-21 14:57:18,579 - [INFO] - [REALTIME_SYNC] Entity Bot 14 -> FISHER
2026-01-21 14:57:18,579 - [INFO] - [BOT_AI] [Bot 15] Synchronizing role: CITIZEN -> MINER
2026-01-21 14:57:18,579 - [INFO] - [BOT_AI] [Bot 15] AI Tree rebuilt for CITIZEN(MINER)
2026-01-21 14:57:18,579 - [INFO] - [REALTIME_SYNC] Entity Bot 15 -> MINER
2026-01-21 14:57:19,557 - [INFO] - [BOT_AI] [Bot 3] Synchronizing role: CITIZEN -> FISHER
2026-01-21 14:57:19,561 - [INFO] - [BOT_AI] [Bot 3] AI Tree rebuilt for CITIZEN(FISHER)
2026-01-21 14:57:19,561 - [INFO] - [REALTIME_SYNC] Entity Bot 3 -> FISHER
2026-01-21 14:57:19,561 - [INFO] - [BOT_AI] [Bot 6] Synchronizing role: CITIZEN -> MINER
2026-01-21 14:57:19,561 - [INFO] - [BOT_AI] [Bot 6] AI Tree rebuilt for CITIZEN(MINER)
2026-01-21 14:57:19,561 - [INFO] - [REALTIME_SYNC] Entity Bot 6 -> MINER
2026-01-21 14:57:19,561 - [INFO] - [BOT_AI] [Bot 7] Synchronizing role: CITIZEN -> FISHER
2026-01-21 14:57:19,561 - [INFO] - [BOT_AI] [Bot 7] AI Tree rebuilt for CITIZEN(FISHER)
2026-01-21 14:57:19,562 - [INFO] - [REALTIME_SYNC] Entity Bot 7 -> FISHER
2026-01-21 14:57:19,562 - [INFO] - [BOT_AI] [Bot 8] Synchronizing role: CITIZEN -> FARMER
2026-01-21 14:57:19,562 - [INFO] - [BOT_AI] [Bot 8] AI Tree rebuilt for CITIZEN(FARMER)
2026-01-21 14:57:19,562 - [INFO] - [REALTIME_SYNC] Entity Bot 8 -> FARMER
2026-01-21 14:57:19,562 - [INFO] - [BOT_AI] [Bot 9] Synchronizing role: CITIZEN -> FARMER
2026-01-21 14:57:19,562 - [INFO] - [BOT_AI] [Bot 9] AI Tree rebuilt for CITIZEN(FARMER)
2026-01-21 14:57:19,562 - [INFO] - [REALTIME_SYNC] Entity Bot 9 -> FARMER
2026-01-21 14:57:19,562 - [INFO] - [BOT_AI] [Bot 10] Synchronizing role: CITIZEN -> MINER
2026-01-21 14:57:19,562 - [INFO] - [BOT_AI] [Bot 10] AI Tree rebuilt for CITIZEN(MINER)
2026-01-21 14:57:19,562 - [INFO] - [REALTIME_SYNC] Entity Bot 10 -> MINER
2026-01-21 14:57:19,562 - [INFO] - [BOT_AI] [Bot 12] Synchronizing role: CITIZEN -> FARMER
2026-01-21 14:57:19,562 - [INFO] - [BOT_AI] [Bot 12] AI Tree rebuilt for CITIZEN(FARMER)
2026-01-21 14:57:19,564 - [INFO] - [REALTIME_SYNC] Entity Bot 12 -> FARMER
2026-01-21 14:57:19,570 - [INFO] - [BOT_AI] [Bot 13] Synchronizing role: CITIZEN -> FARMER
2026-01-21 14:57:19,571 - [INFO] - [BOT_AI] [Bot 13] AI Tree rebuilt for CITIZEN(FARMER)
2026-01-21 14:57:19,571 - [INFO] - [REALTIME_SYNC] Entity Bot 13 -> FARMER
2026-01-21 14:57:19,571 - [INFO] - [BOT_AI] [Bot 14] Synchronizing role: CITIZEN -> FISHER
2026-01-21 14:57:19,571 - [INFO] - [BOT_AI] [Bot 14] AI Tree rebuilt for CITIZEN(FISHER)
2026-01-21 14:57:19,571 - [INFO] - [REALTIME_SYNC] Entity Bot 14 -> FISHER
2026-01-21 14:57:19,571 - [INFO] - [BOT_AI] [Bot 15] Synchronizing role: CITIZEN -> MINER
2026-01-21 14:57:19,571 - [INFO] - [BOT_AI] [Bot 15] AI Tree rebuilt for CITIZEN(MINER)
2026-01-21 14:57:19,571 - [INFO] - [REALTIME_SYNC] Entity Bot 15 -> MINER
2026-01-21 14:57:20,561 - [INFO] - [BOT_AI] [Bot 3] Synchronizing role: CITIZEN -> FISHER
2026-01-21 14:57:20,566 - [INFO] - [BOT_AI] [Bot 3] AI Tree rebuilt for CITIZEN(FISHER)
2026-01-21 14:57:20,566 - [INFO] - [REALTIME_SYNC] Entity Bot 3 -> FISHER
2026-01-21 14:57:20,566 - [INFO] - [BOT_AI] [Bot 6] Synchronizing role: CITIZEN -> MINER
2026-01-21 14:57:20,567 - [INFO] - [BOT_AI] [Bot 6] AI Tree rebuilt for CITIZEN(MINER)
2026-01-21 14:57:20,567 - [INFO] - [REALTIME_SYNC] Entity Bot 6 -> MINER
2026-01-21 14:57:20,567 - [INFO] - [BOT_AI] [Bot 7] Synchronizing role: CITIZEN -> FISHER
2026-01-21 14:57:20,567 - [INFO] - [BOT_AI] [Bot 7] AI Tree rebuilt for CITIZEN(FISHER)
2026-01-21 14:57:20,567 - [INFO] - [REALTIME_SYNC] Entity Bot 7 -> FISHER
2026-01-21 14:57:20,567 - [INFO] - [BOT_AI] [Bot 8] Synchronizing role: CITIZEN -> FARMER
2026-01-21 14:57:20,567 - [INFO] - [BOT_AI] [Bot 8] AI Tree rebuilt for CITIZEN(FARMER)
2026-01-21 14:57:20,567 - [INFO] - [REALTIME_SYNC] Entity Bot 8 -> FARMER
2026-01-21 14:57:20,567 - [INFO] - [BOT_AI] [Bot 9] Synchronizing role: CITIZEN -> FARMER
2026-01-21 14:57:20,567 - [INFO] - [BOT_AI] [Bot 9] AI Tree rebuilt for CITIZEN(FARMER)
2026-01-21 14:57:20,567 - [INFO] - [REALTIME_SYNC] Entity Bot 9 -> FARMER
2026-01-21 14:57:20,567 - [INFO] - [BOT_AI] [Bot 10] Synchronizing role: CITIZEN -> MINER
2026-01-21 14:57:20,567 - [INFO] - [BOT_AI] [Bot 10] AI Tree rebuilt for CITIZEN(MINER)
2026-01-21 14:57:20,568 - [INFO] - [REALTIME_SYNC] Entity Bot 10 -> MINER
2026-01-21 14:57:20,568 - [INFO] - [BOT_AI] [Bot 12] Synchronizing role: CITIZEN -> FARMER
2026-01-21 14:57:20,568 - [INFO] - [BOT_AI] [Bot 12] AI Tree rebuilt for CITIZEN(FARMER)
2026-01-21 14:57:20,574 - [INFO] - [REALTIME_SYNC] Entity Bot 12 -> FARMER
2026-01-21 14:57:20,574 - [INFO] - [BOT_AI] [Bot 13] Synchronizing role: CITIZEN -> FARMER
2026-01-21 14:57:20,575 - [INFO] - [BOT_AI] [Bot 13] AI Tree rebuilt for CITIZEN(FARMER)
2026-01-21 14:57:20,575 - [INFO] - [REALTIME_SYNC] Entity Bot 13 -> FARMER
2026-01-21 14:57:20,575 - [INFO] - [BOT_AI] [Bot 14] Synchronizing role: CITIZEN -> FISHER
2026-01-21 14:57:20,575 - [INFO] - [BOT_AI] [Bot 14] AI Tree rebuilt for CITIZEN(FISHER)
2026-01-21 14:57:20,575 - [INFO] - [REALTIME_SYNC] Entity Bot 14 -> FISHER
2026-01-21 14:57:20,575 - [INFO] - [BOT_AI] [Bot 15] Synchronizing role: CITIZEN -> MINER
2026-01-21 14:57:20,575 - [INFO] - [BOT_AI] [Bot 15] AI Tree rebuilt for CITIZEN(MINER)
2026-01-21 14:57:20,575 - [INFO] - [REALTIME_SYNC] Entity Bot 15 -> MINER
2026-01-21 14:57:21,568 - [INFO] - [BOT_AI] [Bot 3] Synchronizing role: CITIZEN -> FISHER
2026-01-21 14:57:21,572 - [INFO] - [BOT_AI] [Bot 3] AI Tree rebuilt for CITIZEN(FISHER)
2026-01-21 14:57:21,572 - [INFO] - [REALTIME_SYNC] Entity Bot 3 -> FISHER
2026-01-21 14:57:21,572 - [INFO] - [BOT_AI] [Bot 6] Synchronizing role: CITIZEN -> MINER
2026-01-21 14:57:21,572 - [INFO] - [BOT_AI] [Bot 6] AI Tree rebuilt for CITIZEN(MINER)
2026-01-21 14:57:21,572 - [INFO] - [REALTIME_SYNC] Entity Bot 6 -> MINER
2026-01-21 14:57:21,572 - [INFO] - [BOT_AI] [Bot 7] Synchronizing role: CITIZEN -> FISHER
2026-01-21 14:57:21,572 - [INFO] - [BOT_AI] [Bot 7] AI Tree rebuilt for CITIZEN(FISHER)
2026-01-21 14:57:21,572 - [INFO] - [REALTIME_SYNC] Entity Bot 7 -> FISHER
2026-01-21 14:57:21,572 - [INFO] - [BOT_AI] [Bot 8] Synchronizing role: CITIZEN -> FARMER
2026-01-21 14:57:21,572 - [INFO] - [BOT_AI] [Bot 8] AI Tree rebuilt for CITIZEN(FARMER)
2026-01-21 14:57:21,572 - [INFO] - [REALTIME_SYNC] Entity Bot 8 -> FARMER
2026-01-21 14:57:21,572 - [INFO] - [BOT_AI] [Bot 9] Synchronizing role: CITIZEN -> FARMER
2026-01-21 14:57:21,573 - [INFO] - [BOT_AI] [Bot 9] AI Tree rebuilt for CITIZEN(FARMER)
2026-01-21 14:57:21,573 - [INFO] - [REALTIME_SYNC] Entity Bot 9 -> FARMER
2026-01-21 14:57:21,573 - [INFO] - [BOT_AI] [Bot 10] Synchronizing role: CITIZEN -> MINER
2026-01-21 14:57:21,573 - [INFO] - [BOT_AI] [Bot 10] AI Tree rebuilt for CITIZEN(MINER)
2026-01-21 14:57:21,573 - [INFO] - [REALTIME_SYNC] Entity Bot 10 -> MINER
2026-01-21 14:57:21,573 - [INFO] - [BOT_AI] [Bot 12] Synchronizing role: CITIZEN -> FARMER
2026-01-21 14:57:21,573 - [INFO] - [BOT_AI] [Bot 12] AI Tree rebuilt for CITIZEN(FARMER)
2026-01-21 14:57:21,573 - [INFO] - [REALTIME_SYNC] Entity Bot 12 -> FARMER
2026-01-21 14:57:21,573 - [INFO] - [BOT_AI] [Bot 13] Synchronizing role: CITIZEN -> FARMER
2026-01-21 14:57:21,573 - [INFO] - [BOT_AI] [Bot 13] AI Tree rebuilt for CITIZEN(FARMER)
2026-01-21 14:57:21,573 - [INFO] - [REALTIME_SYNC] Entity Bot 13 -> FARMER
2026-01-21 14:57:21,573 - [INFO] - [BOT_AI] [Bot 14] Synchronizing role: CITIZEN -> FISHER
2026-01-21 14:57:21,573 - [INFO] - [BOT_AI] [Bot 14] AI Tree rebuilt for CITIZEN(FISHER)
2026-01-21 14:57:21,573 - [INFO] - [REALTIME_SYNC] Entity Bot 14 -> FISHER
2026-01-21 14:57:21,575 - [INFO] - [BOT_AI] [Bot 15] Synchronizing role: CITIZEN -> MINER
2026-01-21 14:57:21,581 - [INFO] - [BOT_AI] [Bot 15] AI Tree rebuilt for CITIZEN(MINER)
2026-01-21 14:57:21,581 - [INFO] - [REALTIME_SYNC] Entity Bot 15 -> MINER
2026-01-21 14:57:22,235 - [INFO] - [SYSTEM] Engine Shutting Down
