2026-01-21 19:16:37,549 - [INFO] - [DATA] Loaded 17 items.
2026-01-21 19:16:37,549 - [INFO] - [DATA] Loaded 110 tiles.
2026-01-21 19:16:37,549 - [INFO] - [DATA] Loaded 5 roles.
2026-01-21 19:16:37,937 - [INFO] - [DATA] Loaded 17 items.
2026-01-21 19:16:37,938 - [INFO] - [DATA] Loaded 110 tiles.
2026-01-21 19:16:37,938 - [INFO] - [DATA] Loaded 5 roles.
2026-01-21 19:16:38,477 - [INFO] - [SYSTEM] Game Engine Initializing...
2026-01-21 19:16:38,511 - [INFO] - [SYSTEM] Engine Loop Started
2026-01-21 19:16:42,684 - [INFO] - [PLAY] Entering PlayState...
2026-01-21 19:16:42,735 - [INFO] - [PLAYER] Initialized at (1600, 1472) Role: CITIZEN
2026-01-21 19:16:42,743 - [INFO] - [PLAYER] Role changed to CITIZEN (FISHER)
2026-01-21 19:16:42,859 - [DEBUG] - [AI_STATUS_Bot 9] Role: MAFIA | Phase: DAWN | Pos: (1702, 1606) | State: Idle | HP: 100 AP: 100 Coins: 0
2026-01-21 19:16:42,859 - [DEBUG] - [AI_MOVE_Bot 9] Set Destination: (81, 82) | Reason: Random Move | CurrPos: (53, 50)
2026-01-21 19:16:42,865 - [DEBUG] - [AI_DECISION_Bot 9] Changed State:  -> Idle | Result: BTState.RUNNING
2026-01-21 19:16:42,926 - [DEBUG] - [AI_STATUS_Bot 11] Role: CITIZEN | Phase: DAWN | Pos: (1702, 1510) | State: Idle | HP: 100 AP: 100 Coins: 0
2026-01-21 19:16:42,931 - [DEBUG] - [AI_MOVE_Bot 11] Set Destination: (37, 87) | Reason: Go Home | CurrPos: (53, 47)
2026-01-21 19:16:42,934 - [DEBUG] - [AI_DECISION_Bot 11] Changed State:  -> Idle | Result: BTState.RUNNING
2026-01-21 19:16:43,039 - [DEBUG] - [AI_STATUS_Bot 1] Role: DOCTOR | Phase: DAWN | Pos: (1510, 1670) | State: Idle | HP: 100 AP: 100 Coins: 0
2026-01-21 19:16:43,039 - [DEBUG] - [AI_MOVE_Bot 1] Set Destination: (70, 28) | Reason: Go Home | CurrPos: (47, 52)
2026-01-21 19:16:43,046 - [DEBUG] - [AI_DECISION_Bot 1] Changed State:  -> Idle | Result: BTState.RUNNING
2026-01-21 19:16:43,057 - [DEBUG] - [AI_DECISION_Bot 9] Changed State: Idle -> Moving | Result: BTState.RUNNING
2026-01-21 19:16:43,108 - [DEBUG] - [AI_DECISION_Bot 11] Changed State: Idle -> Moving | Result: BTState.RUNNING
2026-01-21 19:16:43,188 - [DEBUG] - [AI_DECISION_Bot 1] Changed State: Idle -> Moving | Result: BTState.RUNNING
2026-01-21 19:16:43,188 - [DEBUG] - [AI_STATUS_Bot 3] Role: MAFIA | Phase: DAWN | Pos: (1478, 1670) | State: Idle | HP: 100 AP: 100 Coins: 0
2026-01-21 19:16:43,188 - [DEBUG] - [AI_MOVE_Bot 3] Set Destination: (53, 32) | Reason: Random Move | CurrPos: (46, 52)
2026-01-21 19:16:43,191 - [DEBUG] - [AI_DECISION_Bot 3] Changed State:  -> Idle | Result: BTState.RUNNING
2026-01-21 19:16:43,239 - [DEBUG] - [AI_STATUS_Bot 7] Role: DOCTOR | Phase: DAWN | Pos: (1542, 1606) | State: Idle | HP: 100 AP: 100 Coins: 0
2026-01-21 19:16:43,245 - [DEBUG] - [AI_MOVE_Bot 7] Set Destination: (87, 56) | Reason: Go Home | CurrPos: (48, 50)
2026-01-21 19:16:43,245 - [DEBUG] - [AI_DECISION_Bot 7] Changed State:  -> Idle | Result: BTState.RUNNING
2026-01-21 19:16:43,340 - [DEBUG] - [AI_DECISION_Bot 3] Changed State: Idle -> Moving | Result: BTState.RUNNING
2026-01-21 19:16:43,343 - [DEBUG] - [AI_STATUS_Bot 6] Role: POLICE | Phase: DAWN | Pos: (1702, 1638) | State: Idle | HP: 100 AP: 100 Coins: 0
2026-01-21 19:16:43,345 - [DEBUG] - [AI_DECISION_Bot 6] Changed State:  -> Idle | Result: BTState.SUCCESS
2026-01-21 19:16:43,347 - [DEBUG] - [AI_STATUS_Bot 12] Role: CITIZEN | Phase: DAWN | Pos: (1510, 1670) | State: Idle | HP: 100 AP: 100 Coins: 0
2026-01-21 19:16:43,347 - [DEBUG] - [AI_MOVE_Bot 12] Set Destination: (3, 55) | Reason: Go Home | CurrPos: (47, 52)
2026-01-21 19:16:43,347 - [DEBUG] - [AI_DECISION_Bot 12] Changed State:  -> Idle | Result: BTState.RUNNING
2026-01-21 19:16:43,389 - [DEBUG] - [AI_STATUS_Bot 2] Role: CITIZEN | Phase: DAWN | Pos: (1478, 1574) | State: Idle | HP: 100 AP: 100 Coins: 0
2026-01-21 19:16:43,389 - [DEBUG] - [AI_MOVE_Bot 2] Set Destination: (37, 33) | Reason: Go Home | CurrPos: (46, 49)
2026-01-21 19:16:43,392 - [DEBUG] - [AI_DECISION_Bot 2] Changed State:  -> Idle | Result: BTState.RUNNING
2026-01-21 19:16:43,402 - [DEBUG] - [AI_STATUS_Bot 5] Role: CITIZEN | Phase: DAWN | Pos: (1638, 1478) | State: Idle | HP: 100 AP: 100 Coins: 0
2026-01-21 19:16:43,405 - [DEBUG] - [AI_MOVE_Bot 5] Set Destination: (41, 87) | Reason: Go Home | CurrPos: (51, 46)
2026-01-21 19:16:43,405 - [DEBUG] - [AI_DECISION_Bot 5] Changed State:  -> Idle | Result: BTState.RUNNING
2026-01-21 19:16:43,405 - [DEBUG] - [AI_DECISION_Bot 12] Changed State: Idle -> Moving | Result: BTState.RUNNING
2026-01-21 19:16:43,457 - [DEBUG] - [AI_MOVE_Bot 6] Set Destination: (46, 50) | Reason: Chasing | CurrPos: (53, 51)
2026-01-21 19:16:43,509 - [DEBUG] - [AI_DECISION_Bot 2] Changed State: Idle -> Moving | Result: BTState.RUNNING
2026-01-21 19:16:43,541 - [DEBUG] - [AI_DECISION_Bot 7] Changed State: Idle -> Moving | Result: BTState.RUNNING
2026-01-21 19:16:43,557 - [DEBUG] - [AI_DECISION_Bot 5] Changed State: Idle -> Moving | Result: BTState.RUNNING
2026-01-21 19:16:43,558 - [DEBUG] - [AI_STATUS_Bot 8] Role: CITIZEN | Phase: DAWN | Pos: (1574, 1638) | State: Idle | HP: 100 AP: 100 Coins: 0
2026-01-21 19:16:43,563 - [DEBUG] - [AI_MOVE_Bot 8] Set Destination: (8, 90) | Reason: Go Home | CurrPos: (49, 51)
2026-01-21 19:16:43,576 - [DEBUG] - [AI_DECISION_Bot 8] Changed State:  -> Idle | Result: BTState.RUNNING
2026-01-21 19:16:43,648 - [DEBUG] - [AI_DECISION_Bot 8] Changed State: Idle -> Moving | Result: BTState.RUNNING
2026-01-21 19:16:43,698 - [DEBUG] - [AI_STATUS_Bot 4] Role: CITIZEN | Phase: DAWN | Pos: (1510, 1670) | State: Idle | HP: 100 AP: 100 Coins: 0
2026-01-21 19:16:43,701 - [DEBUG] - [AI_MOVE_Bot 4] Set Destination: (12, 55) | Reason: Go Home | CurrPos: (47, 52)
2026-01-21 19:16:43,701 - [DEBUG] - [AI_DECISION_Bot 4] Changed State:  -> Idle | Result: BTState.RUNNING
2026-01-21 19:16:43,715 - [DEBUG] - [AI_MOVE_Bot 6] Set Destination: (46, 49) | Reason: Chasing | CurrPos: (50, 51)
2026-01-21 19:16:43,718 - [DEBUG] - [AI_DECISION_Bot 6] Changed State: Idle -> Running | Result: BTState.RUNNING
2026-01-21 19:16:43,878 - [DEBUG] - [AI_DECISION_Bot 4] Changed State: Idle -> Moving | Result: BTState.RUNNING
2026-01-21 19:16:43,880 - [DEBUG] - [AI_STATUS_Bot 10] Role: CITIZEN | Phase: DAWN | Pos: (1670, 1510) | State: Idle | HP: 100 AP: 100 Coins: 0
2026-01-21 19:16:43,880 - [DEBUG] - [AI_MOVE_Bot 10] Set Destination: (6, 39) | Reason: Go Home | CurrPos: (52, 47)
2026-01-21 19:16:43,884 - [DEBUG] - [AI_DECISION_Bot 10] Changed State:  -> Idle | Result: BTState.RUNNING
2026-01-21 19:16:44,421 - [DEBUG] - [AI_DECISION_Bot 6] Changed State: Running -> Idle | Result: BTState.SUCCESS
2026-01-21 19:16:44,589 - [DEBUG] - [AI_DECISION_Bot 10] Changed State: Idle -> Moving | Result: BTState.RUNNING
2026-01-21 19:16:45,873 - [DEBUG] - [AI_MOVE_Bot 6] Set Destination: (94, 58) | Reason: Random Move | CurrPos: (46, 50)
2026-01-21 19:16:46,328 - [DEBUG] - [AI_DECISION_Bot 6] Changed State: Idle -> Moving | Result: BTState.RUNNING
2026-01-21 19:16:47,984 - [DEBUG] - [AI_STATUS_Bot 11] Role: CITIZEN | Phase: DAWN | Pos: (1514, 2406) | State: Moving | HP: 100 AP: 100 Coins: 0
2026-01-21 19:16:48,055 - [DEBUG] - [AI_STATUS_Bot 9] Role: MAFIA | Phase: DAWN | Pos: (2374, 2050) | State: Moving | HP: 100 AP: 100 Coins: 0
2026-01-21 19:16:48,277 - [DEBUG] - [INPUT] E Key Pressed
2026-01-21 19:16:48,340 - [DEBUG] - [INPUT] E Key Released (Hold: 68ms) Target: (60, 46)
2026-01-21 19:16:48,340 - [INFO] - [PLAYER] Interact with 5321008 at (60, 46) Mode: short
2026-01-21 19:16:48,382 - [DEBUG] - [AI_STATUS_Bot 12] Role: CITIZEN | Phase: DAWN | Pos: (466, 1638) | State: Moving | HP: 100 AP: 100 Coins: 0
2026-01-21 19:16:48,463 - [DEBUG] - [AI_STATUS_Bot 7] Role: DOCTOR | Phase: DAWN | Pos: (2622, 1638) | State: Moving | HP: 100 AP: 100 Coins: 0
2026-01-21 19:16:48,513 - [DEBUG] - [AI_STATUS_Bot 5] Role: CITIZEN | Phase: DAWN | Pos: (1510, 2446) | State: Moving | HP: 100 AP: 100 Coins: 0
2026-01-21 19:16:48,662 - [DEBUG] - [AI_STATUS_Bot 8] Role: CITIZEN | Phase: DAWN | Pos: (1222, 2234) | State: Moving | HP: 100 AP: 100 Coins: 0
2026-01-21 19:16:48,728 - [DEBUG] - [AI_STATUS_Bot 1] Role: DOCTOR | Phase: DAWN | Pos: (2182, 1126) | State: Moving | HP: 100 AP: 100 Coins: 0
2026-01-21 19:16:48,728 - [DEBUG] - [AI_STATUS_Bot 3] Role: MAFIA | Phase: DAWN | Pos: (1676, 1030) | State: Moving | HP: 100 AP: 100 Coins: 0
2026-01-21 19:16:48,729 - [DEBUG] - [AI_STATUS_Bot 6] Role: POLICE | Phase: DAWN | Pos: (2050, 1638) | State: Moving | HP: 100 AP: 93 Coins: 0
2026-01-21 19:16:49,162 - [DEBUG] - [AI_STATUS_Bot 4] Role: CITIZEN | Phase: DAWN | Pos: (391, 1658) | State: Moving | HP: 100 AP: 100 Coins: 0
2026-01-21 19:16:49,167 - [DEBUG] - [AI_STATUS_Bot 10] Role: CITIZEN | Phase: DAWN | Pos: (822, 1222) | State: Moving | HP: 100 AP: 100 Coins: 0
2026-01-21 19:16:49,944 - [DEBUG] - [AI_DECISION_Bot 4] Changed State: Moving -> Hiding | Result: BTState.SUCCESS
2026-01-21 19:16:50,813 - [DEBUG] - [AI_DECISION_Bot 12] Changed State: Moving -> Hiding | Result: BTState.SUCCESS
2026-01-21 19:16:51,743 - [DEBUG] - [AI_DECISION_Bot 1] Changed State: Moving -> Hiding | Result: BTState.SUCCESS
2026-01-21 19:16:51,904 - [DEBUG] - [AI_MOVE_Bot 9] Set Destination: (0, 98) | Reason: Random Move | CurrPos: (81, 82)
2026-01-21 19:16:51,920 - [DEBUG] - [AI_DECISION_Bot 9] Changed State: Moving -> Idle | Result: BTState.RUNNING
2026-01-21 19:16:51,959 - [DEBUG] - [AI_DECISION_Bot 7] Changed State: Moving -> Hiding | Result: BTState.SUCCESS
2026-01-21 19:16:52,047 - [DEBUG] - [AI_DECISION_Bot 9] Changed State: Idle -> Moving | Result: BTState.RUNNING
2026-01-21 19:16:52,182 - [DEBUG] - [AI_STATUS_Bot 2] Role: CITIZEN | Phase: DAWN | Pos: (1415, 986) | State: Moving | HP: 100 AP: 100 Coins: 0
2026-01-21 19:16:52,597 - [DEBUG] - [INPUT] E Key Pressed
2026-01-21 19:16:52,645 - [DEBUG] - [INPUT] E Key Released (Hold: 49ms) Target: (53, 40)
2026-01-21 19:16:52,645 - [INFO] - [PLAYER] Interact with 5321008 at (53, 40) Mode: short
2026-01-21 19:16:53,243 - [DEBUG] - [AI_STATUS_Bot 9] Role: MAFIA | Phase: DAWN | Pos: (2322, 2630) | State: Moving | HP: 100 AP: 100 Coins: 0
2026-01-21 19:16:53,537 - [DEBUG] - [AI_STATUS_Bot 7] Role: DOCTOR | Phase: DAWN | Pos: (2816, 1796) | State: Hiding | HP: 100 AP: 100 Coins: 0
2026-01-21 19:16:53,652 - [DEBUG] - [AI_DECISION_Bot 2] Changed State: Moving -> Hiding | Result: BTState.SUCCESS
2026-01-21 19:16:53,687 - [DEBUG] - [AI_STATUS_Bot 8] Role: CITIZEN | Phase: DAWN | Pos: (614, 2522) | State: Moving | HP: 100 AP: 100 Coins: 0
2026-01-21 19:16:53,752 - [DEBUG] - [AI_STATUS_Bot 1] Role: DOCTOR | Phase: DAWN | Pos: (2246, 928) | State: Hiding | HP: 100 AP: 100 Coins: 0
2026-01-21 19:16:53,752 - [DEBUG] - [AI_STATUS_Bot 3] Role: MAFIA | Phase: DAWN | Pos: (1676, 1030) | State: Moving | HP: 100 AP: 100 Coins: 0
2026-01-21 19:16:53,756 - [DEBUG] - [AI_STATUS_Bot 6] Role: POLICE | Phase: DAWN | Pos: (2978, 1766) | State: Moving | HP: 100 AP: 93 Coins: 0
2026-01-21 19:16:53,756 - [DEBUG] - [AI_STATUS_Bot 12] Role: CITIZEN | Phase: DAWN | Pos: (102, 1762) | State: Hiding | HP: 100 AP: 100 Coins: 0
2026-01-21 19:16:54,217 - [DEBUG] - [AI_STATUS_Bot 4] Role: CITIZEN | Phase: DAWN | Pos: (390, 1740) | State: Hiding | HP: 100 AP: 100 Coins: 0
2026-01-21 19:16:56,415 - [DEBUG] - [AI_STATUS_Bot 11] Role: CITIZEN | Phase: DAWN | Pos: (1442, 3046) | State: Moving | HP: 100 AP: 100 Coins: 0
2026-01-21 19:16:56,431 - [DEBUG] - [AI_STATUS_Bot 5] Role: CITIZEN | Phase: DAWN | Pos: (1498, 3044) | State: Moving | HP: 100 AP: 100 Coins: 0
2026-01-21 19:16:56,825 - [DEBUG] - [AI_STATUS_Bot 10] Role: CITIZEN | Phase: DAWN | Pos: (362, 1126) | State: Moving | HP: 100 AP: 100 Coins: 0
2026-01-21 19:16:57,326 - [DEBUG] - [AI_STATUS_Bot 2] Role: CITIZEN | Phase: DAWN | Pos: (1216, 1060) | State: Hiding | HP: 100 AP: 100 Coins: 0
2026-01-21 19:16:58,360 - [DEBUG] - [AI_STATUS_Bot 9] Role: MAFIA | Phase: DAWN | Pos: (1538, 2342) | State: Moving | HP: 100 AP: 100 Coins: 0
2026-01-21 19:16:58,492 - [DEBUG] - [AI_DECISION_Bot 10] Changed State: Moving -> Hiding | Result: BTState.SUCCESS
2026-01-21 19:16:58,710 - [DEBUG] - [AI_STATUS_Bot 7] Role: DOCTOR | Phase: DAWN | Pos: (2816, 1796) | State: Hiding | HP: 100 AP: 100 Coins: 0
2026-01-21 19:16:58,861 - [DEBUG] - [AI_STATUS_Bot 8] Role: CITIZEN | Phase: DAWN | Pos: (270, 2822) | State: Moving | HP: 100 AP: 100 Coins: 0
2026-01-21 19:16:58,929 - [DEBUG] - [AI_STATUS_Bot 12] Role: CITIZEN | Phase: DAWN | Pos: (102, 1762) | State: Hiding | HP: 100 AP: 100 Coins: 0
2026-01-21 19:16:58,980 - [DEBUG] - [AI_DECISION_Bot 11] Changed State: Moving -> Hiding | Result: BTState.SUCCESS
2026-01-21 19:16:59,034 - [DEBUG] - [AI_STATUS_Bot 1] Role: DOCTOR | Phase: DAWN | Pos: (2246, 928) | State: Hiding | HP: 100 AP: 100 Coins: 0
2026-01-21 19:16:59,035 - [DEBUG] - [AI_STATUS_Bot 3] Role: MAFIA | Phase: DAWN | Pos: (1676, 1030) | State: Moving | HP: 100 AP: 100 Coins: 0
2026-01-21 19:16:59,035 - [DEBUG] - [AI_STATUS_Bot 6] Role: POLICE | Phase: DAWN | Pos: (3040, 1860) | State: Moving | HP: 100 AP: 93 Coins: 0
2026-01-21 19:16:59,559 - [DEBUG] - [AI_STATUS_Bot 4] Role: CITIZEN | Phase: DAWN | Pos: (390, 1740) | State: Hiding | HP: 100 AP: 100 Coins: 0
2026-01-21 19:17:00,044 - [DEBUG] - [AI_DECISION_Bot 5] Changed State: Moving -> Hiding | Result: BTState.SUCCESS
2026-01-21 19:17:01,312 - [DEBUG] - [INPUT] E Key Pressed
2026-01-21 19:17:01,432 - [DEBUG] - [INPUT] E Key Released (Hold: 118ms) Target: (37, 32)
2026-01-21 19:17:01,435 - [INFO] - [PLAYER] Interact with 8320214 at (37, 32) Mode: short
2026-01-21 19:17:01,518 - [DEBUG] - [AI_STATUS_Bot 11] Role: CITIZEN | Phase: DAWN | Pos: (1190, 2794) | State: Hiding | HP: 100 AP: 100 Coins: 0
2026-01-21 19:17:01,852 - [DEBUG] - [AI_STATUS_Bot 10] Role: CITIZEN | Phase: DAWN | Pos: (198, 1228) | State: Hiding | HP: 100 AP: 100 Coins: 0
2026-01-21 19:17:01,951 - [DEBUG] - [AI_STATUS_Bot 5] Role: CITIZEN | Phase: DAWN | Pos: (1318, 2794) | State: Hiding | HP: 100 AP: 100 Coins: 0
2026-01-21 19:17:01,987 - [DEBUG] - [INPUT] E Key Pressed
2026-01-21 19:17:02,460 - [DEBUG] - [INPUT] E Key Released (Hold: 474ms) Target: (37, 32)
2026-01-21 19:17:02,460 - [INFO] - [PLAYER] Interact with 8320214 at (37, 32) Mode: short
2026-01-21 19:17:02,591 - [INFO] - [PLAYER] Morning Process Complete
2026-01-21 19:17:02,620 - [DEBUG] - [AI_MOVE_Bot 11] Set Destination: (18, 8) | Reason: Work Start | CurrPos: (37, 87)
2026-01-21 19:17:02,643 - [DEBUG] - [AI_MOVE_Bot 1] Set Destination: (70, 43) | Reason: Work Start | CurrPos: (70, 29)
2026-01-21 19:17:02,653 - [DEBUG] - [AI_DECISION_Bot 1] Changed State: Hiding -> Idle | Result: BTState.RUNNING
2026-01-21 19:17:02,680 - [DEBUG] - [AI_MOVE_Bot 11] Set Destination: (85, 89) | Reason: Random Move | CurrPos: (37, 87)
2026-01-21 19:17:02,732 - [DEBUG] - [AI_MOVE_Bot 4] Set Destination: (12, 16) | Reason: Random Move | CurrPos: (12, 54)
2026-01-21 19:17:02,741 - [DEBUG] - [AI_DECISION_Bot 4] Changed State: Hiding -> Idle | Result: BTState.RUNNING
2026-01-21 19:17:02,741 - [DEBUG] - [AI_MOVE_Bot 7] Set Destination: (70, 44) | Reason: Work Start | CurrPos: (88, 56)
2026-01-21 19:17:02,749 - [DEBUG] - [AI_DECISION_Bot 7] Changed State: Hiding -> Idle | Result: BTState.RUNNING
2026-01-21 19:17:02,754 - [DEBUG] - [AI_MOVE_Bot 10] Set Destination: (82, 89) | Reason: Work Start | CurrPos: (6, 38)
2026-01-21 19:17:02,763 - [DEBUG] - [AI_DECISION_Bot 10] Changed State: Hiding -> Idle | Result: BTState.RUNNING
2026-01-21 19:17:02,770 - [DEBUG] - [AI_MOVE_Bot 11] Set Destination: (12, 11) | Reason: Work Start | CurrPos: (37, 87)
2026-01-21 19:17:02,842 - [DEBUG] - [AI_MOVE_Bot 4] Set Destination: (91, 10) | Reason: Work Start | CurrPos: (12, 54)
2026-01-21 19:17:02,842 - [DEBUG] - [AI_DECISION_Bot 4] Changed State: Idle -> Moving | Result: BTState.RUNNING
2026-01-21 19:17:02,842 - [DEBUG] - [AI_DECISION_Bot 10] Changed State: Idle -> Moving | Result: BTState.RUNNING
2026-01-21 19:17:02,854 - [DEBUG] - [AI_MOVE_Bot 9] Set Destination: (3, 34) | Reason: Random Move | CurrPos: (28, 70)
2026-01-21 19:17:02,861 - [DEBUG] - [AI_DECISION_Bot 9] Changed State: Moving -> Idle | Result: BTState.RUNNING
2026-01-21 19:17:02,887 - [DEBUG] - [AI_STATUS_Bot 2] Role: CITIZEN | Phase: MORNING | Pos: (1216, 1060) | State: Idle | HP: 100 AP: 100 Coins: 0
2026-01-21 19:17:02,888 - [DEBUG] - [AI_MOVE_Bot 2] Set Destination: (19, 8) | Reason: Work Start | CurrPos: (38, 33)
2026-01-21 19:17:02,893 - [DEBUG] - [AI_DECISION_Bot 2] Changed State: Hiding -> Idle | Result: BTState.RUNNING
2026-01-21 19:17:02,893 - [DEBUG] - [AI_DECISION_Bot 7] Changed State: Idle -> Moving | Result: BTState.RUNNING
2026-01-21 19:17:02,935 - [DEBUG] - [AI_MOVE_Bot 11] Set Destination: (7, 38) | Reason: Random Move | CurrPos: (37, 87)
2026-01-21 19:17:02,965 - [DEBUG] - [AI_MOVE_Bot 11] Set Destination: (12, 3) | Reason: Work Start | CurrPos: (37, 87)
2026-01-21 19:17:03,018 - [DEBUG] - [AI_DECISION_Bot 1] Changed State: Idle -> Moving | Result: BTState.RUNNING
2026-01-21 19:17:03,028 - [DEBUG] - [AI_MOVE_Bot 3] Set Destination: (97, 1) | Reason: Random Move | CurrPos: (52, 32)
2026-01-21 19:17:03,030 - [DEBUG] - [AI_DECISION_Bot 3] Changed State: Moving -> Idle | Result: BTState.RUNNING
2026-01-21 19:17:03,055 - [DEBUG] - [AI_MOVE_Bot 5] Set Destination: (26, 46) | Reason: Random Move | CurrPos: (41, 87)
2026-01-21 19:17:03,142 - [DEBUG] - [AI_DECISION_Bot 9] Changed State: Idle -> Moving | Result: BTState.RUNNING
2026-01-21 19:17:03,221 - [DEBUG] - [AI_MOVE_Bot 5] Set Destination: (96, 1) | Reason: Random Move | CurrPos: (41, 87)
2026-01-21 19:17:03,251 - [DEBUG] - [AI_MOVE_Bot 5] Set Destination: (56, 3) | Reason: Random Move | CurrPos: (41, 87)
2026-01-21 19:17:03,318 - [DEBUG] - [AI_DECISION_Bot 3] Changed State: Idle -> Moving | Result: BTState.RUNNING
2026-01-21 19:17:03,319 - [DEBUG] - [AI_MOVE_Bot 6] Set Destination: (19, 58) | Reason: Random Move | CurrPos: (95, 58)
2026-01-21 19:17:03,323 - [DEBUG] - [AI_DECISION_Bot 6] Changed State: Moving -> Idle | Result: BTState.RUNNING
2026-01-21 19:17:03,372 - [DEBUG] - [AI_DECISION_Bot 2] Changed State: Idle -> Moving | Result: BTState.RUNNING
2026-01-21 19:17:03,416 - [DEBUG] - [AI_MOVE_Bot 5] Set Destination: (91, 6) | Reason: Work Start | CurrPos: (41, 87)
2026-01-21 19:17:03,504 - [DEBUG] - [AI_STATUS_Bot 9] Role: MAFIA | Phase: MORNING | Pos: (778, 2246) | State: Moving | HP: 100 AP: 100 Coins: 0
2026-01-21 19:17:03,566 - [DEBUG] - [AI_MOVE_Bot 11] Set Destination: (94, 41) | Reason: Random Move | CurrPos: (37, 87)
2026-01-21 19:17:03,626 - [DEBUG] - [AI_MOVE_Bot 11] Set Destination: (4, 10) | Reason: Work Start | CurrPos: (37, 87)
2026-01-21 19:17:03,700 - [DEBUG] - [AI_MOVE_Bot 11] Set Destination: (82, 63) | Reason: Random Move | CurrPos: (37, 87)
2026-01-21 19:17:03,795 - [DEBUG] - [AI_STATUS_Bot 7] Role: DOCTOR | Phase: MORNING | Pos: (2918, 1686) | State: Moving | HP: 100 AP: 100 Coins: 0
2026-01-21 19:17:03,805 - [DEBUG] - [AI_MOVE_Bot 11] Set Destination: (20, 3) | Reason: Work Start | CurrPos: (37, 87)
2026-01-21 19:17:03,828 - [DEBUG] - [AI_DECISION_Bot 6] Changed State: Idle -> Moving | Result: BTState.RUNNING
2026-01-21 19:17:03,829 - [DEBUG] - [AI_MOVE_Bot 12] Set Destination: (17, 1) | Reason: Work Start | CurrPos: (3, 55)
2026-01-21 19:17:03,880 - [DEBUG] - [AI_MOVE_Bot 11] Set Destination: (56, 32) | Reason: Random Move | CurrPos: (37, 87)
2026-01-21 19:17:03,956 - [DEBUG] - [AI_MOVE_Bot 11] Set Destination: (11, 2) | Reason: Work Start | CurrPos: (37, 87)
2026-01-21 19:17:04,045 - [DEBUG] - [AI_MOVE_Bot 5] Set Destination: (79, 94) | Reason: Random Move | CurrPos: (41, 87)
2026-01-21 19:17:04,134 - [DEBUG] - [AI_STATUS_Bot 1] Role: DOCTOR | Phase: MORNING | Pos: (2374, 1090) | State: Moving | HP: 100 AP: 100 Coins: 0
2026-01-21 19:17:04,136 - [DEBUG] - [AI_STATUS_Bot 3] Role: MAFIA | Phase: MORNING | Pos: (1670, 810) | State: Moving | HP: 100 AP: 100 Coins: 0
2026-01-21 19:17:04,141 - [DEBUG] - [AI_STATUS_Bot 6] Role: POLICE | Phase: MORNING | Pos: (2986, 1766) | State: Moving | HP: 100 AP: 93 Coins: 0
2026-01-21 19:17:04,165 - [DEBUG] - [INPUT] E Key Pressed
2026-01-21 19:17:04,165 - [DEBUG] - [AI_MOVE_Bot 11] Set Destination: (7, 30) | Reason: Random Move | CurrPos: (37, 87)
2026-01-21 19:17:04,239 - [DEBUG] - [AI_MOVE_Bot 11] Set Destination: (18, 3) | Reason: Work Start | CurrPos: (37, 87)
2026-01-21 19:17:04,308 - [DEBUG] - [AI_STATUS_Bot 12] Role: CITIZEN | Phase: MORNING | Pos: (102, 1762) | State: Hiding | HP: 100 AP: 100 Coins: 0
2026-01-21 19:17:04,308 - [DEBUG] - [AI_MOVE_Bot 12] Set Destination: (66, 97) | Reason: Random Move | CurrPos: (3, 55)
2026-01-21 19:17:04,368 - [DEBUG] - [AI_MOVE_Bot 12] Set Destination: (12, 3) | Reason: Work Start | CurrPos: (3, 55)
2026-01-21 19:17:04,406 - [DEBUG] - [AI_MOVE_Bot 5] Set Destination: (56, 4) | Reason: Random Move | CurrPos: (41, 87)
2026-01-21 19:17:04,415 - [DEBUG] - [AI_MOVE_Bot 12] Set Destination: (60, 43) | Reason: Random Move | CurrPos: (3, 55)
2026-01-21 19:17:04,435 - [DEBUG] - [AI_MOVE_Bot 5] Set Destination: (26, 65) | Reason: Random Move | CurrPos: (41, 87)
2026-01-21 19:17:04,481 - [DEBUG] - [AI_MOVE_Bot 5] Set Destination: (94, 6) | Reason: Random Move | CurrPos: (41, 87)
2026-01-21 19:17:04,609 - [DEBUG] - [AI_MOVE_Bot 12] Set Destination: (9, 2) | Reason: Work Start | CurrPos: (3, 55)
2026-01-21 19:17:04,631 - [DEBUG] - [AI_MOVE_Bot 11] Set Destination: (93, 61) | Reason: Random Move | CurrPos: (37, 87)
2026-01-21 19:17:04,706 - [DEBUG] - [AI_MOVE_Bot 11] Set Destination: (3, 1) | Reason: Work Start | CurrPos: (37, 87)
2026-01-21 19:17:04,720 - [DEBUG] - [AI_MOVE_Bot 11] Set Destination: (95, 99) | Reason: Random Move | CurrPos: (37, 87)
2026-01-21 19:17:04,803 - [DEBUG] - [AI_MOVE_Bot 12] Set Destination: (57, 23) | Reason: Random Move | CurrPos: (3, 55)
2026-01-21 19:17:04,908 - [DEBUG] - [AI_STATUS_Bot 4] Role: CITIZEN | Phase: MORNING | Pos: (610, 1542) | State: Moving | HP: 100 AP: 100 Coins: 0
2026-01-21 19:17:04,908 - [DEBUG] - [AI_MOVE_Bot 12] Set Destination: (6, 8) | Reason: Work Start | CurrPos: (3, 55)
2026-01-21 19:17:04,931 - [DEBUG] - [AI_MOVE_Bot 5] Set Destination: (90, 3) | Reason: Work Start | CurrPos: (41, 87)
2026-01-21 19:17:05,006 - [DEBUG] - [AI_MOVE_Bot 5] Set Destination: (8, 35) | Reason: Random Move | CurrPos: (41, 87)
2026-01-21 19:17:05,020 - [DEBUG] - [AI_MOVE_Bot 5] Set Destination: (32, 58) | Reason: Random Move | CurrPos: (41, 87)
2026-01-21 19:17:05,041 - [DEBUG] - [INPUT] E Key Released (Hold: 873ms) Target: (37, 32)
2026-01-21 19:17:05,044 - [INFO] - [PLAYER] Interact with 8320214 at (37, 32) Mode: long
2026-01-21 19:17:05,118 - [DEBUG] - [AI_MOVE_Bot 12] Set Destination: (61, 79) | Reason: Random Move | CurrPos: (3, 55)
2026-01-21 19:17:05,170 - [DEBUG] - [AI_MOVE_Bot 11] Set Destination: (13, 5) | Reason: Work Start | CurrPos: (37, 87)
2026-01-21 19:17:05,320 - [DEBUG] - [AI_MOVE_Bot 11] Set Destination: (5, 36) | Reason: Random Move | CurrPos: (37, 87)
2026-01-21 19:17:05,455 - [DEBUG] - [AI_MOVE_Bot 11] Set Destination: (20, 9) | Reason: Work Start | CurrPos: (37, 87)
2026-01-21 19:17:05,529 - [DEBUG] - [AI_MOVE_Bot 11] Set Destination: (55, 25) | Reason: Random Move | CurrPos: (37, 87)
2026-01-21 19:17:05,553 - [DEBUG] - [AI_MOVE_Bot 12] Set Destination: (4, 8) | Reason: Work Start | CurrPos: (3, 55)
2026-01-21 19:17:05,576 - [DEBUG] - [AI_MOVE_Bot 5] Set Destination: (77, 97) | Reason: Random Move | CurrPos: (41, 87)
2026-01-21 19:17:05,643 - [DEBUG] - [AI_MOVE_Bot 12] Set Destination: (91, 39) | Reason: Random Move | CurrPos: (3, 55)
2026-01-21 19:17:05,681 - [DEBUG] - [AI_MOVE_Bot 11] Set Destination: (13, 2) | Reason: Work Start | CurrPos: (37, 87)
2026-01-21 19:17:05,718 - [DEBUG] - [AI_MOVE_Bot 12] Set Destination: (2, 3) | Reason: Work Start | CurrPos: (3, 55)
2026-01-21 19:17:05,770 - [DEBUG] - [AI_MOVE_Bot 11] Set Destination: (78, 99) | Reason: Random Move | CurrPos: (37, 87)
2026-01-21 19:17:05,837 - [DEBUG] - [AI_MOVE_Bot 12] Set Destination: (6, 35) | Reason: Random Move | CurrPos: (3, 55)
2026-01-21 19:17:05,890 - [DEBUG] - [AI_MOVE_Bot 11] Set Destination: (21, 2) | Reason: Work Start | CurrPos: (37, 87)
2026-01-21 19:17:05,972 - [DEBUG] - [AI_MOVE_Bot 12] Set Destination: (18, 4) | Reason: Work Start | CurrPos: (3, 55)
2026-01-21 19:17:06,296 - [DEBUG] - [AI_MOVE_Bot 5] Set Destination: (55, 57) | Reason: Random Move | CurrPos: (41, 87)
2026-01-21 19:17:06,363 - [DEBUG] - [AI_MOVE_Bot 12] Set Destination: (88, 87) | Reason: Random Move | CurrPos: (3, 55)
2026-01-21 19:17:06,377 - [DEBUG] - [AI_MOVE_Bot 12] Set Destination: (13, 4) | Reason: Work Start | CurrPos: (3, 55)
2026-01-21 19:17:06,445 - [DEBUG] - [AI_MOVE_Bot 11] Set Destination: (75, 74) | Reason: Random Move | CurrPos: (37, 87)
2026-01-21 19:17:06,535 - [DEBUG] - [AI_STATUS_Bot 11] Role: CITIZEN | Phase: MORNING | Pos: (1190, 2794) | State: Hiding | HP: 100 AP: 100 Coins: 0
2026-01-21 19:17:06,535 - [DEBUG] - [AI_MOVE_Bot 11] Set Destination: (7, 3) | Reason: Work Start | CurrPos: (37, 87)
2026-01-21 19:17:06,610 - [DEBUG] - [AI_MOVE_Bot 11] Set Destination: (79, 52) | Reason: Random Move | CurrPos: (37, 87)
2026-01-21 19:17:06,693 - [DEBUG] - [AI_MOVE_Bot 12] Set Destination: (8, 35) | Reason: Random Move | CurrPos: (3, 55)
2026-01-21 19:17:06,762 - [DEBUG] - [AI_MOVE_Bot 5] Set Destination: (21, 45) | Reason: Random Move | CurrPos: (41, 87)
2026-01-21 19:17:06,813 - [DEBUG] - [AI_MOVE_Bot 12] Set Destination: (3, 8) | Reason: Work Start | CurrPos: (3, 55)
2026-01-21 19:17:06,827 - [DEBUG] - [AI_MOVE_Bot 12] Set Destination: (57, 22) | Reason: Random Move | CurrPos: (3, 55)
2026-01-21 19:17:06,877 - [DEBUG] - [AI_STATUS_Bot 10] Role: CITIZEN | Phase: MORNING | Pos: (678, 1366) | State: Moving | HP: 100 AP: 100 Coins: 0
2026-01-21 19:17:06,954 - [DEBUG] - [AI_MOVE_Bot 11] Set Destination: (5, 6) | Reason: Work Start | CurrPos: (37, 87)
2026-01-21 19:17:07,015 - [DEBUG] - [AI_MOVE_Bot 11] Set Destination: (56, 22) | Reason: Random Move | CurrPos: (37, 87)
2026-01-21 19:17:07,105 - [DEBUG] - [AI_MOVE_Bot 11] Set Destination: (10, 7) | Reason: Work Start | CurrPos: (37, 87)
2026-01-21 19:17:07,167 - [DEBUG] - [AI_STATUS_Bot 5] Role: CITIZEN | Phase: MORNING | Pos: (1318, 2794) | State: Hiding | HP: 100 AP: 100 Coins: 0
2026-01-21 19:17:07,167 - [DEBUG] - [AI_MOVE_Bot 5] Set Destination: (89, 1) | Reason: Work Start | CurrPos: (41, 87)
2026-01-21 19:17:07,225 - [DEBUG] - [AI_MOVE_Bot 5] Set Destination: (33, 53) | Reason: Random Move | CurrPos: (41, 87)
2026-01-21 19:17:07,329 - [DEBUG] - [AI_MOVE_Bot 11] Set Destination: (54, 25) | Reason: Random Move | CurrPos: (37, 87)
2026-01-21 19:17:07,346 - [DEBUG] - [AI_MOVE_Bot 5] Set Destination: (87, 23) | Reason: Random Move | CurrPos: (41, 87)
2026-01-21 19:17:07,494 - [DEBUG] - [AI_MOVE_Bot 11] Set Destination: (15, 1) | Reason: Work Start | CurrPos: (37, 87)
2026-01-21 19:17:07,570 - [DEBUG] - [AI_MOVE_Bot 11] Set Destination: (95, 1) | Reason: Random Move | CurrPos: (37, 87)
2026-01-21 19:17:07,659 - [DEBUG] - [AI_MOVE_Bot 11] Set Destination: (19, 10) | Reason: Work Start | CurrPos: (37, 87)
2026-01-21 19:17:07,729 - [DEBUG] - [AI_MOVE_Bot 12] Set Destination: (19, 9) | Reason: Work Start | CurrPos: (3, 55)
2026-01-21 19:17:07,794 - [DEBUG] - [AI_MOVE_Bot 11] Set Destination: (90, 78) | Reason: Random Move | CurrPos: (37, 87)
2026-01-21 19:17:07,847 - [DEBUG] - [AI_MOVE_Bot 12] Set Destination: (59, 6) | Reason: Random Move | CurrPos: (3, 55)
2026-01-21 19:17:07,923 - [DEBUG] - [AI_MOVE_Bot 12] Set Destination: (16, 4) | Reason: Work Start | CurrPos: (3, 55)
2026-01-21 19:17:08,005 - [DEBUG] - [AI_MOVE_Bot 11] Set Destination: (12, 9) | Reason: Work Start | CurrPos: (37, 87)
2026-01-21 19:17:08,058 - [DEBUG] - [AI_MOVE_Bot 12] Set Destination: (99, 69) | Reason: Random Move | CurrPos: (3, 55)
2026-01-21 19:17:08,112 - [DEBUG] - [AI_MOVE_Bot 5] Set Destination: (27, 59) | Reason: Random Move | CurrPos: (41, 87)
2026-01-21 19:17:08,118 - [DEBUG] - [AI_MOVE_Bot 12] Set Destination: (16, 8) | Reason: Work Start | CurrPos: (3, 55)
2026-01-21 19:17:08,134 - [DEBUG] - [AI_MOVE_Bot 12] Set Destination: (3, 23) | Reason: Random Move | CurrPos: (3, 55)
2026-01-21 19:17:08,187 - [DEBUG] - [AI_STATUS_Bot 2] Role: CITIZEN | Phase: MORNING | Pos: (742, 878) | State: Moving | HP: 100 AP: 100 Coins: 0
2026-01-21 19:17:08,216 - [DEBUG] - [AI_MOVE_Bot 5] Set Destination: (38, 59) | Reason: Random Move | CurrPos: (41, 87)
2026-01-21 19:17:08,268 - [DEBUG] - [AI_MOVE_Bot 12] Set Destination: (14, 6) | Reason: Work Start | CurrPos: (3, 55)
2026-01-21 19:17:08,334 - [DEBUG] - [AI_MOVE_Bot 11] Set Destination: (30, 59) | Reason: Random Move | CurrPos: (37, 87)
2026-01-21 19:17:08,373 - [DEBUG] - [AI_MOVE_Bot 12] Set Destination: (66, 42) | Reason: Random Move | CurrPos: (3, 55)
2026-01-21 19:17:08,442 - [DEBUG] - [AI_MOVE_Bot 5] Set Destination: (98, 62) | Reason: Random Move | CurrPos: (41, 87)
2026-01-21 19:17:08,463 - [DEBUG] - [AI_MOVE_Bot 12] Set Destination: (14, 2) | Reason: Work Start | CurrPos: (3, 55)
2026-01-21 19:17:08,538 - [DEBUG] - [AI_MOVE_Bot 12] Set Destination: (20, 56) | Reason: Random Move | CurrPos: (3, 55)
2026-01-21 19:17:08,558 - [DEBUG] - [AI_STATUS_Bot 9] Role: MAFIA | Phase: MORNING | Pos: (678, 1650) | State: Moving | HP: 100 AP: 100 Coins: 0
2026-01-21 19:17:08,590 - [DEBUG] - [AI_MOVE_Bot 11] Set Destination: (9, 5) | Reason: Work Start | CurrPos: (37, 87)
2026-01-21 19:17:08,613 - [DEBUG] - [AI_MOVE_Bot 12] Set Destination: (18, 6) | Reason: Work Start | CurrPos: (3, 55)
2026-01-21 19:17:08,635 - [DEBUG] - [AI_MOVE_Bot 11] Set Destination: (97, 1) | Reason: Random Move | CurrPos: (37, 87)
2026-01-21 19:17:08,742 - [DEBUG] - [AI_MOVE_Bot 5] Set Destination: (37, 95) | Reason: Random Move | CurrPos: (41, 87)
2026-01-21 19:17:08,861 - [DEBUG] - [AI_MOVE_Bot 5] Set Destination: (84, 52) | Reason: Random Move | CurrPos: (41, 87)
2026-01-21 19:17:08,921 - [DEBUG] - [AI_MOVE_Bot 5] Set Destination: (73, 94) | Reason: Random Move | CurrPos: (41, 87)
2026-01-21 19:17:08,985 - [DEBUG] - [AI_STATUS_Bot 7] Role: DOCTOR | Phase: MORNING | Pos: (2062, 1510) | State: Moving | HP: 100 AP: 100 Coins: 0
2026-01-21 19:17:08,995 - [DEBUG] - [AI_MOVE_Bot 11] Set Destination: (18, 4) | Reason: Work Start | CurrPos: (37, 87)
2026-01-21 19:17:09,047 - [DEBUG] - [AI_MOVE_Bot 12] Set Destination: (58, 8) | Reason: Random Move | CurrPos: (3, 55)
2026-01-21 19:17:09,085 - [DEBUG] - [AI_MOVE_Bot 11] Set Destination: (19, 71) | Reason: Random Move | CurrPos: (37, 87)
2026-01-21 19:17:09,176 - [DEBUG] - [AI_MOVE_Bot 5] Set Destination: (84, 89) | Reason: Random Move | CurrPos: (41, 87)
2026-01-21 19:17:09,274 - [DEBUG] - [AI_STATUS_Bot 1] Role: DOCTOR | Phase: MORNING | Pos: (1958, 1338) | State: Moving | HP: 100 AP: 100 Coins: 0
2026-01-21 19:17:09,274 - [DEBUG] - [AI_STATUS_Bot 3] Role: MAFIA | Phase: MORNING | Pos: (2414, 550) | State: Moving | HP: 100 AP: 100 Coins: 0
2026-01-21 19:17:09,274 - [DEBUG] - [AI_STATUS_Bot 6] Role: POLICE | Phase: MORNING | Pos: (2094, 1638) | State: Moving | HP: 100 AP: 93 Coins: 0
2026-01-21 19:17:09,277 - [DEBUG] - [AI_MOVE_Bot 12] Set Destination: (13, 8) | Reason: Work Start | CurrPos: (3, 55)
2026-01-21 19:17:09,371 - [DEBUG] - [AI_MOVE_Bot 5] Set Destination: (91, 74) | Reason: Random Move | CurrPos: (41, 87)
2026-01-21 19:17:09,381 - [DEBUG] - [AI_STATUS_Bot 12] Role: CITIZEN | Phase: MORNING | Pos: (102, 1762) | State: Hiding | HP: 100 AP: 100 Coins: 0
2026-01-21 19:17:09,382 - [DEBUG] - [AI_MOVE_Bot 12] Set Destination: (29, 46) | Reason: Random Move | CurrPos: (3, 55)
2026-01-21 19:17:09,468 - [DEBUG] - [AI_MOVE_Bot 12] Set Destination: (15, 8) | Reason: Work Start | CurrPos: (3, 55)
2026-01-21 19:17:09,491 - [DEBUG] - [AI_MOVE_Bot 5] Set Destination: (93, 7) | Reason: Work Start | CurrPos: (41, 87)
2026-01-21 19:17:09,625 - [DEBUG] - [AI_MOVE_Bot 11] Set Destination: (8, 3) | Reason: Work Start | CurrPos: (37, 87)
2026-01-21 19:17:09,670 - [DEBUG] - [AI_MOVE_Bot 11] Set Destination: (93, 54) | Reason: Random Move | CurrPos: (37, 87)
2026-01-21 19:17:09,694 - [DEBUG] - [AI_MOVE_Bot 12] Set Destination: (66, 40) | Reason: Random Move | CurrPos: (3, 55)
2026-01-21 19:17:09,965 - [DEBUG] - [AI_STATUS_Bot 4] Role: CITIZEN | Phase: MORNING | Pos: (678, 630) | State: Moving | HP: 100 AP: 100 Coins: 0
2026-01-21 19:17:10,031 - [DEBUG] - [AI_MOVE_Bot 5] Set Destination: (10, 13) | Reason: Random Move | CurrPos: (41, 87)
2026-01-21 19:17:10,043 - [DEBUG] - [AI_MOVE_Bot 12] Set Destination: (14, 2) | Reason: Work Start | CurrPos: (3, 55)
2026-01-21 19:17:10,060 - [DEBUG] - [AI_MOVE_Bot 11] Set Destination: (18, 1) | Reason: Work Start | CurrPos: (37, 87)
2026-01-21 19:17:10,331 - [DEBUG] - [AI_MOVE_Bot 5] Set Destination: (65, 22) | Reason: Random Move | CurrPos: (41, 87)
2026-01-21 19:17:10,345 - [DEBUG] - [AI_MOVE_Bot 12] Set Destination: (81, 44) | Reason: Random Move | CurrPos: (3, 55)
2026-01-21 19:17:10,398 - [DEBUG] - [AI_MOVE_Bot 12] Set Destination: (17, 1) | Reason: Work Start | CurrPos: (3, 55)
2026-01-21 19:17:10,481 - [DEBUG] - [AI_MOVE_Bot 5] Set Destination: (61, 13) | Reason: Random Move | CurrPos: (41, 87)
2026-01-21 19:17:10,570 - [DEBUG] - [AI_MOVE_Bot 5] Set Destination: (57, 97) | Reason: Random Move | CurrPos: (41, 87)
2026-01-21 19:17:10,571 - [DEBUG] - [AI_STATUS_Bot 8] Role: CITIZEN | Phase: MORNING | Pos: (898, 2822) | State: Idle | HP: 100 AP: 100 Coins: 0
2026-01-21 19:17:10,571 - [DEBUG] - [AI_MOVE_Bot 8] Set Destination: (76, 92) | Reason: Work Start | CurrPos: (28, 88)
2026-01-21 19:17:10,578 - [DEBUG] - [AI_DECISION_Bot 8] Changed State: Moving -> Idle | Result: BTState.RUNNING
2026-01-21 19:17:10,720 - [DEBUG] - [AI_MOVE_Bot 11] Set Destination: (57, 21) | Reason: Random Move | CurrPos: (37, 87)
2026-01-21 19:17:10,871 - [DEBUG] - [AI_MOVE_Bot 5] Set Destination: (89, 2) | Reason: Work Start | CurrPos: (41, 87)
2026-01-21 19:17:10,884 - [DEBUG] - [AI_MOVE_Bot 12] Set Destination: (38, 96) | Reason: Random Move | CurrPos: (3, 55)
2026-01-21 19:17:10,960 - [DEBUG] - [AI_MOVE_Bot 11] Set Destination: (9, 7) | Reason: Work Start | CurrPos: (37, 87)
2026-01-21 19:17:10,982 - [DEBUG] - [AI_MOVE_Bot 12] Set Destination: (14, 8) | Reason: Work Start | CurrPos: (3, 55)
2026-01-21 19:17:11,035 - [DEBUG] - [AI_MOVE_Bot 11] Set Destination: (56, 8) | Reason: Random Move | CurrPos: (37, 87)
2026-01-21 19:17:11,111 - [DEBUG] - [AI_MOVE_Bot 5] Set Destination: (29, 55) | Reason: Random Move | CurrPos: (41, 87)
2026-01-21 19:17:11,171 - [DEBUG] - [AI_MOVE_Bot 5] Set Destination: (57, 7) | Reason: Random Move | CurrPos: (41, 87)
2026-01-21 19:17:11,178 - [DEBUG] - [AI_MOVE_Bot 12] Set Destination: (10, 31) | Reason: Random Move | CurrPos: (3, 55)
2026-01-21 19:17:11,284 - [DEBUG] - [AI_MOVE_Bot 12] Set Destination: (10, 8) | Reason: Work Start | CurrPos: (3, 55)
2026-01-21 19:17:11,455 - [DEBUG] - [AI_MOVE_Bot 11] Set Destination: (2, 9) | Reason: Work Start | CurrPos: (37, 87)
2026-01-21 19:17:11,493 - [DEBUG] - [AI_MOVE_Bot 12] Set Destination: (71, 28) | Reason: Random Move | CurrPos: (3, 55)
2026-01-21 19:17:11,544 - [DEBUG] - [AI_STATUS_Bot 11] Role: CITIZEN | Phase: MORNING | Pos: (1190, 2794) | State: Hiding | HP: 100 AP: 100 Coins: 0
2026-01-21 19:17:11,545 - [DEBUG] - [AI_MOVE_Bot 11] Set Destination: (3, 30) | Reason: Random Move | CurrPos: (37, 87)
2026-01-21 19:17:11,628 - [DEBUG] - [AI_ACTION_Bot 1] Started Working at (70, 43)
2026-01-21 19:17:11,628 - [DEBUG] - [AI_DECISION_Bot 1] Changed State: Moving -> Idle | Result: BTState.RUNNING
2026-01-21 19:17:11,631 - [DEBUG] - [AI_MOVE_Bot 12] Set Destination: (19, 5) | Reason: Work Start | CurrPos: (3, 55)
2026-01-21 19:17:11,679 - [DEBUG] - [AI_MOVE_Bot 11] Set Destination: (18, 11) | Reason: Work Start | CurrPos: (37, 87)
2026-01-21 19:17:11,696 - [DEBUG] - [AI_MOVE_Bot 5] Set Destination: (90, 83) | Reason: Random Move | CurrPos: (41, 87)
2026-01-21 19:17:11,778 - [DEBUG] - [AI_DECISION_Bot 1] Changed State: Idle -> Working | Result: BTState.RUNNING
2026-01-21 19:17:11,778 - [DEBUG] - [AI_MOVE_Bot 12] Set Destination: (75, 11) | Reason: Random Move | CurrPos: (3, 55)
2026-01-21 19:17:11,808 - [DEBUG] - [AI_MOVE_Bot 12] Set Destination: (12, 9) | Reason: Work Start | CurrPos: (3, 55)
2026-01-21 19:17:11,859 - [DEBUG] - [AI_MOVE_Bot 11] Set Destination: (91, 23) | Reason: Random Move | CurrPos: (37, 87)
2026-01-21 19:17:11,917 - [DEBUG] - [AI_STATUS_Bot 10] Role: CITIZEN | Phase: MORNING | Pos: (966, 2050) | State: Moving | HP: 100 AP: 100 Coins: 0
2026-01-21 19:17:11,967 - [DEBUG] - [AI_ACTION_Bot 2] Started Working at (19, 8)
2026-01-21 19:17:12,011 - [DEBUG] - [AI_MOVE_Bot 5] Set Destination: (95, 7) | Reason: Work Start | CurrPos: (41, 87)
2026-01-21 19:17:12,023 - [DEBUG] - [AI_MOVE_Bot 12] Set Destination: (20, 80) | Reason: Random Move | CurrPos: (3, 55)
2026-01-21 19:17:12,088 - [DEBUG] - [AI_DECISION_Bot 2] Changed State: Moving -> Working | Result: BTState.RUNNING
2026-01-21 19:17:12,160 - [DEBUG] - [AI_MOVE_Bot 11] Set Destination: (13, 3) | Reason: Work Start | CurrPos: (37, 87)
2026-01-21 19:17:12,197 - [DEBUG] - [AI_MOVE_Bot 12] Set Destination: (19, 9) | Reason: Work Start | CurrPos: (3, 55)
2026-01-21 19:17:12,214 - [DEBUG] - [AI_MOVE_Bot 12] Set Destination: (67, 23) | Reason: Random Move | CurrPos: (3, 55)
2026-01-21 19:17:12,251 - [DEBUG] - [AI_STATUS_Bot 5] Role: CITIZEN | Phase: MORNING | Pos: (1318, 2794) | State: Hiding | HP: 100 AP: 100 Coins: 0
2026-01-21 19:17:12,251 - [DEBUG] - [AI_MOVE_Bot 5] Set Destination: (91, 1) | Reason: Random Move | CurrPos: (41, 87)
2026-01-21 19:17:12,438 - [DEBUG] - [AI_MOVE_Bot 12] Set Destination: (19, 9) | Reason: Work Start | CurrPos: (3, 55)
2026-01-21 19:17:12,626 - [DEBUG] - [AI_MOVE_Bot 5] Set Destination: (83, 88) | Reason: Random Move | CurrPos: (41, 87)
2026-01-21 19:17:12,648 - [DEBUG] - [AI_MOVE_Bot 12] Set Destination: (61, 74) | Reason: Random Move | CurrPos: (3, 55)
2026-01-21 19:17:12,685 - [DEBUG] - [AI_MOVE_Bot 11] Set Destination: (87, 92) | Reason: Random Move | CurrPos: (37, 87)
2026-01-21 19:17:12,704 - [DEBUG] - [AI_ACTION_Bot 7] Started Working at (70, 44)
2026-01-21 19:17:12,716 - [DEBUG] - [AI_MOVE_Bot 5] Set Destination: (56, 23) | Reason: Random Move | CurrPos: (41, 87)
2026-01-21 19:17:12,798 - [DEBUG] - [AI_MOVE_Bot 12] Set Destination: (10, 4) | Reason: Work Start | CurrPos: (3, 55)
2026-01-21 19:17:12,948 - [DEBUG] - [AI_MOVE_Bot 12] Set Destination: (38, 12) | Reason: Random Move | CurrPos: (3, 55)
2026-01-21 19:17:12,963 - [DEBUG] - [AI_MOVE_Bot 12] Set Destination: (16, 2) | Reason: Work Start | CurrPos: (3, 55)
2026-01-21 19:17:13,020 - [DEBUG] - [AI_DECISION_Bot 8] Changed State: Idle -> Moving | Result: BTState.RUNNING
2026-01-21 19:17:13,037 - [DEBUG] - [AI_MOVE_Bot 12] Set Destination: (46, 65) | Reason: Random Move | CurrPos: (3, 55)
2026-01-21 19:17:13,091 - [DEBUG] - [AI_MOVE_Bot 5] Set Destination: (90, 3) | Reason: Work Start | CurrPos: (41, 87)
2026-01-21 19:17:13,104 - [DEBUG] - [AI_MOVE_Bot 12] Set Destination: (15, 5) | Reason: Work Start | CurrPos: (3, 55)
2026-01-21 19:17:13,212 - [DEBUG] - [AI_STATUS_Bot 2] Role: CITIZEN | Phase: MORNING | Pos: (614, 282) | State: Working | HP: 100 AP: 100 Coins: 0
2026-01-21 19:17:13,244 - [DEBUG] - [AI_DECISION_Bot 7] Changed State: Moving -> Working | Result: BTState.RUNNING
2026-01-21 19:17:13,390 - [DEBUG] - [AI_MOVE_Bot 11] Set Destination: (18, 9) | Reason: Work Start | CurrPos: (37, 87)
2026-01-21 19:17:13,406 - [DEBUG] - [AI_MOVE_Bot 5] Set Destination: (93, 7) | Reason: Random Move | CurrPos: (41, 87)
2026-01-21 19:17:13,569 - [DEBUG] - [AI_STATUS_Bot 9] Role: MAFIA | Phase: MORNING | Pos: (238, 1126) | State: Moving | HP: 100 AP: 100 Coins: 0
2026-01-21 19:17:13,629 - [DEBUG] - [AI_MOVE_Bot 11] Set Destination: (57, 12) | Reason: Random Move | CurrPos: (37, 87)
2026-01-21 19:17:13,737 - [DEBUG] - [AI_MOVE_Bot 5] Set Destination: (42, 44) | Reason: Random Move | CurrPos: (41, 87)
2026-01-21 19:17:13,751 - [DEBUG] - [AI_MOVE_Bot 5] Set Destination: (91, 64) | Reason: Random Move | CurrPos: (41, 87)
2026-01-21 19:17:13,802 - [DEBUG] - [AI_MOVE_Bot 12] Set Destination: (79, 40) | Reason: Random Move | CurrPos: (3, 55)
2026-01-21 19:17:13,870 - [DEBUG] - [AI_MOVE_Bot 11] Set Destination: (14, 9) | Reason: Work Start | CurrPos: (37, 87)
2026-01-21 19:17:13,946 - [DEBUG] - [AI_MOVE_Bot 5] Set Destination: (55, 25) | Reason: Random Move | CurrPos: (41, 87)
2026-01-21 19:17:13,955 - [DEBUG] - [AI_MOVE_Bot 12] Set Destination: (2, 10) | Reason: Work Start | CurrPos: (3, 55)
2026-01-21 19:17:14,050 - [DEBUG] - [AI_MOVE_Bot 5] Set Destination: (2, 26) | Reason: Random Move | CurrPos: (41, 87)
2026-01-21 19:17:14,161 - [DEBUG] - [AI_STATUS_Bot 7] Role: DOCTOR | Phase: MORNING | Pos: (2248, 1394) | State: Working | HP: 100 AP: 100 Coins: 0
2026-01-21 19:17:14,171 - [DEBUG] - [AI_MOVE_Bot 5] Set Destination: (56, 84) | Reason: Random Move | CurrPos: (41, 87)
2026-01-21 19:17:14,276 - [DEBUG] - [AI_MOVE_Bot 11] Set Destination: (98, 3) | Reason: Random Move | CurrPos: (37, 87)
2026-01-21 19:17:14,350 - [DEBUG] - [AI_MOVE_Bot 11] Set Destination: (12, 6) | Reason: Work Start | CurrPos: (37, 87)
2026-01-21 19:17:14,389 - [DEBUG] - [AI_MOVE_Bot 9] Set Destination: (97, 5) | Reason: Random Move | CurrPos: (3, 34)
2026-01-21 19:17:14,405 - [DEBUG] - [AI_DECISION_Bot 9] Changed State: Moving -> Idle | Result: BTState.RUNNING
2026-01-21 19:17:14,441 - [DEBUG] - [AI_MOVE_Bot 5] Set Destination: (68, 97) | Reason: Random Move | CurrPos: (41, 87)
2026-01-21 19:17:14,508 - [DEBUG] - [AI_STATUS_Bot 12] Role: CITIZEN | Phase: MORNING | Pos: (102, 1762) | State: Hiding | HP: 100 AP: 100 Coins: 0
2026-01-21 19:17:14,511 - [DEBUG] - [AI_MOVE_Bot 12] Set Destination: (26, 71) | Reason: Random Move | CurrPos: (3, 55)
2026-01-21 19:17:14,528 - [DEBUG] - [AI_DECISION_Bot 9] Changed State: Idle -> Moving | Result: BTState.RUNNING
2026-01-21 19:17:14,591 - [DEBUG] - [AI_MOVE_Bot 5] Set Destination: (66, 9) | Reason: Random Move | CurrPos: (41, 87)
2026-01-21 19:17:14,695 - [DEBUG] - [AI_MOVE_Bot 5] Set Destination: (48, 78) | Reason: Random Move | CurrPos: (41, 87)
2026-01-21 19:17:14,711 - [DEBUG] - [AI_MOVE_Bot 5] Set Destination: (93, 7) | Reason: Work Start | CurrPos: (41, 87)
2026-01-21 19:17:14,739 - [DEBUG] - [AI_MOVE_Bot 11] Set Destination: (57, 10) | Reason: Random Move | CurrPos: (37, 87)
2026-01-21 19:17:14,757 - [DEBUG] - [AI_MOVE_Bot 5] Set Destination: (81, 87) | Reason: Random Move | CurrPos: (41, 87)
2026-01-21 19:17:14,838 - [DEBUG] - [AI_STATUS_Bot 1] Role: DOCTOR | Phase: MORNING | Pos: (2250, 1382) | State: Working | HP: 100 AP: 100 Coins: 0
2026-01-21 19:17:14,845 - [DEBUG] - [AI_STATUS_Bot 3] Role: MAFIA | Phase: MORNING | Pos: (3110, 192) | State: Moving | HP: 100 AP: 100 Coins: 0
2026-01-21 19:17:14,848 - [DEBUG] - [AI_STATUS_Bot 6] Role: POLICE | Phase: MORNING | Pos: (1010, 1638) | State: Moving | HP: 100 AP: 93 Coins: 0
2026-01-21 19:17:14,848 - [DEBUG] - [AI_MOVE_Bot 12] Set Destination: (14, 3) | Reason: Work Start | CurrPos: (3, 55)
2026-01-21 19:17:14,853 - [DEBUG] - [AI_MOVE_Bot 1] Set Destination: (70, 43) | Reason: Work Start | CurrPos: (70, 43)
2026-01-21 19:17:14,859 - [DEBUG] - [AI_ACTION_Bot 1] Started Working at (70, 43)
2026-01-21 19:17:14,860 - [DEBUG] - [AI_DECISION_Bot 1] Changed State: Working -> Idle | Result: BTState.RUNNING
2026-01-21 19:17:14,905 - [DEBUG] - [AI_MOVE_Bot 5] Set Destination: (56, 5) | Reason: Random Move | CurrPos: (41, 87)
2026-01-21 19:17:14,935 - [DEBUG] - [AI_MOVE_Bot 11] Set Destination: (19, 8) | Reason: Work Start | CurrPos: (37, 87)
2026-01-21 19:17:14,959 - [DEBUG] - [AI_DECISION_Bot 1] Changed State: Idle -> Working | Result: BTState.RUNNING
2026-01-21 19:17:14,959 - [DEBUG] - [AI_MOVE_Bot 12] Set Destination: (43, 75) | Reason: Random Move | CurrPos: (3, 55)
2026-01-21 19:17:15,055 - [DEBUG] - [AI_MOVE_Bot 5] Set Destination: (92, 7) | Reason: Work Start | CurrPos: (41, 87)
2026-01-21 19:17:15,127 - [DEBUG] - [AI_STATUS_Bot 4] Role: CITIZEN | Phase: MORNING | Pos: (416, 516) | State: Moving | HP: 100 AP: 100 Coins: 0
2026-01-21 19:17:15,157 - [DEBUG] - [AI_MOVE_Bot 2] Set Destination: (17, 8) | Reason: Work Start | CurrPos: (19, 8)
2026-01-21 19:17:15,162 - [DEBUG] - [AI_DECISION_Bot 2] Changed State: Working -> Idle | Result: BTState.RUNNING
2026-01-21 19:17:15,190 - [DEBUG] - [AI_MOVE_Bot 11] Set Destination: (93, 80) | Reason: Random Move | CurrPos: (37, 87)
2026-01-21 19:17:15,355 - [DEBUG] - [AI_MOVE_Bot 11] Set Destination: (12, 9) | Reason: Work Start | CurrPos: (37, 87)
2026-01-21 19:17:15,371 - [DEBUG] - [AI_MOVE_Bot 11] Set Destination: (11, 20) | Reason: Random Move | CurrPos: (37, 87)
2026-01-21 19:17:15,437 - [DEBUG] - [AI_MOVE_Bot 12] Set Destination: (14, 9) | Reason: Work Start | CurrPos: (3, 55)
2026-01-21 19:17:15,494 - [DEBUG] - [AI_ACTION_Bot 2] Started Working at (17, 8)
2026-01-21 19:17:15,494 - [DEBUG] - [AI_DECISION_Bot 2] Changed State: Idle -> Moving | Result: BTState.RUNNING
2026-01-21 19:17:15,504 - [DEBUG] - [AI_MOVE_Bot 11] Set Destination: (4, 9) | Reason: Work Start | CurrPos: (37, 87)
2026-01-21 19:17:15,658 - [DEBUG] - [AI_DECISION_Bot 2] Changed State: Moving -> Working | Result: BTState.RUNNING
2026-01-21 19:17:15,685 - [DEBUG] - [AI_MOVE_Bot 11] Set Destination: (11, 37) | Reason: Random Move | CurrPos: (37, 87)
2026-01-21 19:17:15,753 - [DEBUG] - [AI_MOVE_Bot 12] Set Destination: (57, 83) | Reason: Random Move | CurrPos: (3, 55)
2026-01-21 19:17:15,813 - [DEBUG] - [AI_MOVE_Bot 12] Set Destination: (4, 8) | Reason: Work Start | CurrPos: (3, 55)
2026-01-21 19:17:15,835 - [DEBUG] - [AI_MOVE_Bot 11] Set Destination: (15, 4) | Reason: Work Start | CurrPos: (37, 87)
2026-01-21 19:17:15,955 - [DEBUG] - [AI_MOVE_Bot 11] Set Destination: (98, 5) | Reason: Random Move | CurrPos: (37, 87)
2026-01-21 19:17:16,023 - [DEBUG] - [AI_MOVE_Bot 12] Set Destination: (58, 23) | Reason: Random Move | CurrPos: (3, 55)
2026-01-21 19:17:16,121 - [DEBUG] - [AI_MOVE_Bot 5] Set Destination: (76, 64) | Reason: Random Move | CurrPos: (41, 87)
2026-01-21 19:17:16,187 - [DEBUG] - [AI_MOVE_Bot 12] Set Destination: (21, 7) | Reason: Work Start | CurrPos: (3, 55)
2026-01-21 19:17:16,203 - [DEBUG] - [AI_MOVE_Bot 12] Set Destination: (58, 9) | Reason: Random Move | CurrPos: (3, 55)
2026-01-21 19:17:16,239 - [DEBUG] - [AI_MOVE_Bot 7] Set Destination: (70, 45) | Reason: Work Start | CurrPos: (70, 43)
2026-01-21 19:17:16,244 - [DEBUG] - [AI_DECISION_Bot 7] Changed State: Working -> Idle | Result: BTState.RUNNING
2026-01-21 19:17:16,255 - [DEBUG] - [AI_MOVE_Bot 11] Set Destination: (13, 5) | Reason: Work Start | CurrPos: (37, 87)
2026-01-21 19:17:16,270 - [DEBUG] - [AI_MOVE_Bot 5] Set Destination: (42, 70) | Reason: Random Move | CurrPos: (41, 87)
2026-01-21 19:17:16,338 - [DEBUG] - [AI_MOVE_Bot 12] Set Destination: (8, 8) | Reason: Work Start | CurrPos: (3, 55)
2026-01-21 19:17:16,353 - [DEBUG] - [AI_MOVE_Bot 12] Set Destination: (98, 94) | Reason: Random Move | CurrPos: (3, 55)
2026-01-21 19:17:16,375 - [DEBUG] - [AI_MOVE_Bot 11] Set Destination: (25, 77) | Reason: Random Move | CurrPos: (37, 87)
2026-01-21 19:17:16,510 - [DEBUG] - [AI_MOVE_Bot 11] Set Destination: (8, 7) | Reason: Work Start | CurrPos: (37, 87)
2026-01-21 19:17:16,533 - [DEBUG] - [AI_MOVE_Bot 12] Set Destination: (7, 2) | Reason: Work Start | CurrPos: (3, 55)
2026-01-21 19:17:16,601 - [DEBUG] - [AI_MOVE_Bot 5] Set Destination: (75, 87) | Reason: Random Move | CurrPos: (41, 87)
2026-01-21 19:17:16,693 - [DEBUG] - [AI_ACTION_Bot 7] Started Working at (70, 45)
2026-01-21 19:17:16,710 - [DEBUG] - [AI_DECISION_Bot 7] Changed State: Idle -> Working | Result: BTState.RUNNING
2026-01-21 19:17:16,720 - [DEBUG] - [AI_MOVE_Bot 5] Set Destination: (19, 94) | Reason: Random Move | CurrPos: (41, 87)
2026-01-21 19:17:16,796 - [DEBUG] - [AI_STATUS_Bot 11] Role: CITIZEN | Phase: MORNING | Pos: (1190, 2794) | State: Hiding | HP: 100 AP: 100 Coins: 0
2026-01-21 19:17:16,796 - [DEBUG] - [AI_MOVE_Bot 11] Set Destination: (43, 75) | Reason: Random Move | CurrPos: (37, 87)
2026-01-21 19:17:16,879 - [DEBUG] - [AI_MOVE_Bot 12] Set Destination: (3, 81) | Reason: Random Move | CurrPos: (3, 55)
2026-01-21 19:17:16,930 - [DEBUG] - [AI_MOVE_Bot 11] Set Destination: (8, 8) | Reason: Work Start | CurrPos: (37, 87)
2026-01-21 19:17:17,020 - [DEBUG] - [AI_MOVE_Bot 11] Set Destination: (65, 56) | Reason: Random Move | CurrPos: (37, 87)
2026-01-21 19:17:17,058 - [DEBUG] - [AI_MOVE_Bot 12] Set Destination: (8, 5) | Reason: Work Start | CurrPos: (3, 55)
2026-01-21 19:17:17,139 - [DEBUG] - [AI_STATUS_Bot 10] Role: CITIZEN | Phase: MORNING | Pos: (1742, 2342) | State: Moving | HP: 100 AP: 100 Coins: 0
2026-01-21 19:17:17,170 - [DEBUG] - [AI_MOVE_Bot 11] Set Destination: (12, 5) | Reason: Work Start | CurrPos: (37, 87)
2026-01-21 19:17:17,238 - [DEBUG] - [AI_MOVE_Bot 12] Set Destination: (33, 70) | Reason: Random Move | CurrPos: (3, 55)
2026-01-21 19:17:17,410 - [DEBUG] - [AI_MOVE_Bot 11] Set Destination: (66, 44) | Reason: Random Move | CurrPos: (37, 87)
2026-01-21 19:17:17,441 - [DEBUG] - [AI_MOVE_Bot 11] Set Destination: (15, 6) | Reason: Work Start | CurrPos: (37, 87)
2026-01-21 19:17:17,490 - [DEBUG] - [AI_STATUS_Bot 8] Role: CITIZEN | Phase: MORNING | Pos: (419, 2510) | State: Moving | HP: 100 AP: 100 Coins: 0
2026-01-21 19:17:17,590 - [DEBUG] - [AI_MOVE_Bot 11] Set Destination: (56, 23) | Reason: Random Move | CurrPos: (37, 87)
2026-01-21 19:17:17,719 - [DEBUG] - [AI_MOVE_Bot 12] Set Destination: (7, 8) | Reason: Work Start | CurrPos: (3, 55)
2026-01-21 19:17:17,762 - [DEBUG] - [AI_MOVE_Bot 12] Set Destination: (5, 34) | Reason: Random Move | CurrPos: (3, 55)
2026-01-21 19:17:17,787 - [DEBUG] - [AI_STATUS_Bot 5] Role: CITIZEN | Phase: MORNING | Pos: (1318, 2794) | State: Hiding | HP: 100 AP: 100 Coins: 0
2026-01-21 19:17:17,798 - [DEBUG] - [AI_MOVE_Bot 5] Set Destination: (90, 3) | Reason: Work Start | CurrPos: (41, 87)
2026-01-21 19:17:17,845 - [DEBUG] - [AI_MOVE_Bot 11] Set Destination: (13, 8) | Reason: Work Start | CurrPos: (37, 87)
2026-01-21 19:17:17,861 - [DEBUG] - [AI_MOVE_Bot 5] Set Destination: (5, 25) | Reason: Random Move | CurrPos: (41, 87)
2026-01-21 19:17:17,871 - [DEBUG] - [AI_MOVE_Bot 12] Set Destination: (11, 7) | Reason: Work Start | CurrPos: (3, 55)
2026-01-21 19:17:17,988 - [DEBUG] - [AI_MOVE_Bot 1] Set Destination: (70, 45) | Reason: Work Start | CurrPos: (70, 43)
2026-01-21 19:17:17,993 - [DEBUG] - [AI_DECISION_Bot 1] Changed State: Working -> Idle | Result: BTState.RUNNING
2026-01-21 19:17:18,054 - [DEBUG] - [AI_MOVE_Bot 11] Set Destination: (81, 64) | Reason: Random Move | CurrPos: (37, 87)
2026-01-21 19:17:18,123 - [DEBUG] - [AI_DECISION_Bot 1] Changed State: Idle -> Moving | Result: BTState.RUNNING
2026-01-21 19:17:18,123 - [DEBUG] - [AI_MOVE_Bot 6] Set Destination: (65, 44) | Reason: Random Move | CurrPos: (19, 58)
2026-01-21 19:17:18,131 - [DEBUG] - [AI_DECISION_Bot 6] Changed State: Moving -> Idle | Result: BTState.RUNNING
2026-01-21 19:17:18,205 - [DEBUG] - [AI_MOVE_Bot 11] Set Destination: (7, 5) | Reason: Work Start | CurrPos: (37, 87)
2026-01-21 19:17:18,221 - [DEBUG] - [AI_MOVE_Bot 5] Set Destination: (91, 4) | Reason: Work Start | CurrPos: (41, 87)
2026-01-21 19:17:18,243 - [DEBUG] - [AI_ACTION_Bot 1] Started Working at (70, 45)
2026-01-21 19:17:18,243 - [DEBUG] - [AI_DECISION_Bot 6] Changed State: Idle -> Moving | Result: BTState.RUNNING
2026-01-21 19:17:18,243 - [DEBUG] - [AI_MOVE_Bot 12] Set Destination: (96, 96) | Reason: Random Move | CurrPos: (3, 55)
2026-01-21 19:17:18,310 - [DEBUG] - [AI_MOVE_Bot 11] Set Destination: (54, 40) | Reason: Random Move | CurrPos: (37, 87)
2026-01-21 19:17:18,448 - [DEBUG] - [AI_STATUS_Bot 2] Role: CITIZEN | Phase: MORNING | Pos: (553, 286) | State: Working | HP: 100 AP: 99 Coins: 1
2026-01-21 19:17:18,475 - [DEBUG] - [AI_MOVE_Bot 11] Set Destination: (9, 5) | Reason: Work Start | CurrPos: (37, 87)
2026-01-21 19:17:18,611 - [DEBUG] - [AI_MOVE_Bot 11] Set Destination: (57, 23) | Reason: Random Move | CurrPos: (37, 87)
2026-01-21 19:17:18,670 - [DEBUG] - [AI_MOVE_Bot 11] Set Destination: (18, 9) | Reason: Work Start | CurrPos: (37, 87)
2026-01-21 19:17:18,723 - [DEBUG] - [AI_DECISION_Bot 1] Changed State: Moving -> Working | Result: BTState.RUNNING
2026-01-21 19:17:18,728 - [DEBUG] - [AI_MOVE_Bot 12] Set Destination: (12, 3) | Reason: Work Start | CurrPos: (3, 55)
2026-01-21 19:17:18,746 - [DEBUG] - [AI_MOVE_Bot 11] Set Destination: (55, 25) | Reason: Random Move | CurrPos: (37, 87)
2026-01-21 19:17:18,850 - [DEBUG] - [AI_MOVE_Bot 11] Set Destination: (4, 2) | Reason: Work Start | CurrPos: (37, 87)
2026-01-21 19:17:18,888 - [DEBUG] - [AI_MOVE_Bot 12] Set Destination: (82, 82) | Reason: Random Move | CurrPos: (3, 55)
2026-01-21 19:17:18,957 - [DEBUG] - [AI_MOVE_Bot 5] Set Destination: (60, 40) | Reason: Random Move | CurrPos: (41, 87)
2026-01-21 19:17:19,015 - [DEBUG] - [AI_MOVE_Bot 5] Set Destination: (4, 32) | Reason: Random Move | CurrPos: (41, 87)
2026-01-21 19:17:19,136 - [DEBUG] - [AI_MOVE_Bot 5] Set Destination: (92, 10) | Reason: Work Start | CurrPos: (41, 87)
2026-01-21 19:17:19,153 - [DEBUG] - [AI_MOVE_Bot 12] Set Destination: (8, 8) | Reason: Work Start | CurrPos: (3, 55)
2026-01-21 19:17:19,203 - [DEBUG] - [AI_MOVE_Bot 12] Set Destination: (63, 43) | Reason: Random Move | CurrPos: (3, 55)
2026-01-21 19:17:19,256 - [DEBUG] - [AI_STATUS_Bot 7] Role: DOCTOR | Phase: MORNING | Pos: (2246, 1442) | State: Working | HP: 100 AP: 99 Coins: 1
2026-01-21 19:17:19,259 - [DEBUG] - [AI_MOVE_Bot 11] Set Destination: (54, 31) | Reason: Random Move | CurrPos: (37, 87)
2026-01-21 19:17:19,322 - [DEBUG] - [AI_MOVE_Bot 12] Set Destination: (16, 5) | Reason: Work Start | CurrPos: (3, 55)
2026-01-21 19:17:19,357 - [DEBUG] - [AI_MOVE_Bot 2] Set Destination: (14, 2) | Reason: Work Start | CurrPos: (17, 8)
2026-01-21 19:17:19,364 - [DEBUG] - [AI_DECISION_Bot 2] Changed State: Working -> Idle | Result: BTState.RUNNING
2026-01-21 19:17:19,390 - [DEBUG] - [AI_MOVE_Bot 11] Set Destination: (7, 10) | Reason: Work Start | CurrPos: (37, 87)
2026-01-21 19:17:19,457 - [DEBUG] - [AI_MOVE_Bot 12] Set Destination: (89, 75) | Reason: Random Move | CurrPos: (3, 55)
2026-01-21 19:17:19,482 - [DEBUG] - [AI_DECISION_Bot 2] Changed State: Idle -> Moving | Result: BTState.RUNNING
2026-01-21 19:17:19,570 - [DEBUG] - [AI_MOVE_Bot 11] Set Destination: (57, 40) | Reason: Random Move | CurrPos: (37, 87)
2026-01-21 19:17:19,614 - [DEBUG] - [AI_MOVE_Bot 11] Set Destination: (8, 9) | Reason: Work Start | CurrPos: (37, 87)
2026-01-21 19:17:19,690 - [DEBUG] - [AI_STATUS_Bot 9] Role: MAFIA | Phase: MORNING | Pos: (678, 638) | State: Moving | HP: 100 AP: 100 Coins: 0
2026-01-21 19:17:19,809 - [DEBUG] - [AI_MOVE_Bot 7] Set Destination: (70, 43) | Reason: Work Start | CurrPos: (70, 45)
2026-01-21 19:17:19,810 - [DEBUG] - [AI_DECISION_Bot 7] Changed State: Working -> Idle | Result: BTState.RUNNING
2026-01-21 19:17:19,810 - [DEBUG] - [AI_MOVE_Bot 11] Set Destination: (79, 96) | Reason: Random Move | CurrPos: (37, 87)
2026-01-21 19:17:19,899 - [DEBUG] - [AI_MOVE_Bot 11] Set Destination: (14, 10) | Reason: Work Start | CurrPos: (37, 87)
2026-01-21 19:17:19,929 - [DEBUG] - [AI_STATUS_Bot 1] Role: DOCTOR | Phase: MORNING | Pos: (2246, 1434) | State: Working | HP: 100 AP: 98 Coins: 2
2026-01-21 19:17:19,931 - [DEBUG] - [AI_STATUS_Bot 3] Role: MAFIA | Phase: MORNING | Pos: (3110, 192) | State: Moving | HP: 100 AP: 100 Coins: 0
2026-01-21 19:17:19,937 - [DEBUG] - [AI_STATUS_Bot 6] Role: POLICE | Phase: MORNING | Pos: (678, 1574) | State: Moving | HP: 100 AP: 93 Coins: 0
2026-01-21 19:17:19,991 - [DEBUG] - [AI_MOVE_Bot 5] Set Destination: (96, 2) | Reason: Random Move | CurrPos: (41, 87)
2026-01-21 19:17:20,020 - [DEBUG] - [AI_ACTION_Bot 7] Started Working at (70, 43)
2026-01-21 19:17:20,020 - [DEBUG] - [AI_DECISION_Bot 7] Changed State: Idle -> Moving | Result: BTState.RUNNING
2026-01-21 19:17:20,023 - [DEBUG] - [AI_MOVE_Bot 11] Set Destination: (54, 22) | Reason: Random Move | CurrPos: (37, 87)
2026-01-21 19:17:20,039 - [DEBUG] - [AI_DECISION_Bot 7] Changed State: Moving -> Working | Result: BTState.RUNNING
2026-01-21 19:17:20,052 - [DEBUG] - [AI_MOVE_Bot 5] Set Destination: (63, 45) | Reason: Random Move | CurrPos: (41, 87)
2026-01-21 19:17:20,062 - [DEBUG] - [AI_STATUS_Bot 12] Role: CITIZEN | Phase: MORNING | Pos: (102, 1762) | State: Hiding | HP: 100 AP: 100 Coins: 0
2026-01-21 19:17:20,064 - [DEBUG] - [AI_MOVE_Bot 12] Set Destination: (11, 10) | Reason: Work Start | CurrPos: (3, 55)
2026-01-21 19:17:20,283 - [DEBUG] - [AI_MOVE_Bot 12] Set Destination: (73, 20) | Reason: Random Move | CurrPos: (3, 55)
2026-01-21 19:17:20,305 - [DEBUG] - [AI_MOVE_Bot 11] Set Destination: (14, 9) | Reason: Work Start | CurrPos: (37, 87)
2026-01-21 19:17:20,321 - [DEBUG] - [AI_MOVE_Bot 5] Set Destination: (23, 71) | Reason: Random Move | CurrPos: (41, 87)
2026-01-21 19:17:20,377 - [DEBUG] - [AI_STATUS_Bot 4] Role: CITIZEN | Phase: MORNING | Pos: (416, 516) | State: Moving | HP: 100 AP: 100 Coins: 0
2026-01-21 19:17:20,485 - [DEBUG] - [AI_MOVE_Bot 11] Set Destination: (25, 66) | Reason: Random Move | CurrPos: (37, 87)
2026-01-21 19:17:20,547 - [DEBUG] - [AI_MOVE_Bot 5] Set Destination: (90, 13) | Reason: Random Move | CurrPos: (41, 87)
2026-01-21 19:17:20,559 - [DEBUG] - [AI_MOVE_Bot 12] Set Destination: (9, 3) | Reason: Work Start | CurrPos: (3, 55)
2026-01-21 19:17:20,605 - [DEBUG] - [AI_MOVE_Bot 11] Set Destination: (11, 3) | Reason: Work Start | CurrPos: (37, 87)
2026-01-21 19:17:20,621 - [DEBUG] - [AI_MOVE_Bot 5] Set Destination: (91, 4) | Reason: Work Start | CurrPos: (41, 87)
2026-01-21 19:17:20,679 - [DEBUG] - [AI_MOVE_Bot 11] Set Destination: (56, 4) | Reason: Random Move | CurrPos: (37, 87)
2026-01-21 19:17:20,837 - [DEBUG] - [AI_MOVE_Bot 12] Set Destination: (27, 63) | Reason: Random Move | CurrPos: (3, 55)
2026-01-21 19:17:20,935 - [DEBUG] - [AI_MOVE_Bot 11] Set Destination: (4, 9) | Reason: Work Start | CurrPos: (37, 87)
2026-01-21 19:17:21,131 - [DEBUG] - [AI_MOVE_Bot 5] Set Destination: (26, 70) | Reason: Random Move | CurrPos: (41, 87)
2026-01-21 19:17:21,229 - [DEBUG] - [AI_MOVE_Bot 12] Set Destination: (4, 9) | Reason: Work Start | CurrPos: (3, 55)
2026-01-21 19:17:21,372 - [DEBUG] - [AI_ACTION_Bot 2] Started Working at (14, 2)
2026-01-21 19:17:21,374 - [DEBUG] - [AI_DECISION_Bot 2] Changed State: Moving -> Idle | Result: BTState.RUNNING
2026-01-21 19:17:21,400 - [DEBUG] - [AI_MOVE_Bot 11] Set Destination: (70, 15) | Reason: Random Move | CurrPos: (37, 87)
2026-01-21 19:17:21,490 - [DEBUG] - [AI_MOVE_Bot 11] Set Destination: (13, 9) | Reason: Work Start | CurrPos: (37, 87)
2026-01-21 19:17:21,535 - [DEBUG] - [AI_MOVE_Bot 11] Set Destination: (57, 23) | Reason: Random Move | CurrPos: (37, 87)
2026-01-21 19:17:21,613 - [DEBUG] - [AI_DECISION_Bot 2] Changed State: Idle -> Working | Result: BTState.RUNNING
2026-01-21 19:17:21,641 - [DEBUG] - [AI_MOVE_Bot 5] Set Destination: (90, 11) | Reason: Work Start | CurrPos: (41, 87)
2026-01-21 19:17:21,760 - [DEBUG] - [AI_MOVE_Bot 11] Set Destination: (15, 1) | Reason: Work Start | CurrPos: (37, 87)
2026-01-21 19:17:21,843 - [DEBUG] - [AI_MOVE_Bot 1] Set Destination: (70, 43) | Reason: Work Start | CurrPos: (70, 44)
2026-01-21 19:17:21,849 - [DEBUG] - [AI_DECISION_Bot 1] Changed State: Working -> Idle | Result: BTState.RUNNING
2026-01-21 19:17:22,000 - [DEBUG] - [AI_STATUS_Bot 11] Role: CITIZEN | Phase: MORNING | Pos: (1190, 2794) | State: Hiding | HP: 100 AP: 100 Coins: 0
2026-01-21 19:17:22,009 - [DEBUG] - [AI_MOVE_Bot 11] Set Destination: (10, 67) | Reason: Random Move | CurrPos: (37, 87)
2026-01-21 19:17:22,060 - [DEBUG] - [AI_MOVE_Bot 11] Set Destination: (18, 8) | Reason: Work Start | CurrPos: (37, 87)
2026-01-21 19:17:22,188 - [DEBUG] - [AI_ACTION_Bot 1] Started Working at (70, 43)
2026-01-21 19:17:22,189 - [DEBUG] - [AI_MOVE_Bot 12] Set Destination: (58, 74) | Reason: Random Move | CurrPos: (3, 55)
2026-01-21 19:17:22,222 - [DEBUG] - [AI_STATUS_Bot 10] Role: CITIZEN | Phase: MORNING | Pos: (2190, 2854) | State: Moving | HP: 100 AP: 100 Coins: 0
2026-01-21 19:17:22,255 - [DEBUG] - [AI_MOVE_Bot 11] Set Destination: (3, 7) | Reason: Random Move | CurrPos: (37, 87)
2026-01-21 19:17:22,300 - [DEBUG] - [AI_MOVE_Bot 11] Set Destination: (20, 2) | Reason: Work Start | CurrPos: (37, 87)
2026-01-21 19:17:22,383 - [DEBUG] - [AI_DECISION_Bot 1] Changed State: Idle -> Working | Result: BTState.RUNNING
2026-01-21 19:17:22,383 - [DEBUG] - [AI_MOVE_Bot 12] Set Destination: (18, 8) | Reason: Work Start | CurrPos: (3, 55)
2026-01-21 19:17:22,496 - [DEBUG] - [AI_MOVE_Bot 5] Set Destination: (57, 15) | Reason: Random Move | CurrPos: (41, 87)
2026-01-21 19:17:22,638 - [DEBUG] - [AI_MOVE_Bot 12] Set Destination: (36, 62) | Reason: Random Move | CurrPos: (3, 55)
2026-01-21 19:17:22,690 - [DEBUG] - [AI_MOVE_Bot 11] Set Destination: (17, 61) | Reason: Random Move | CurrPos: (37, 87)
2026-01-21 19:17:22,758 - [DEBUG] - [AI_MOVE_Bot 12] Set Destination: (6, 8) | Reason: Work Start | CurrPos: (3, 55)
2026-01-21 19:17:22,794 - [DEBUG] - [AI_MOVE_Bot 11] Set Destination: (13, 4) | Reason: Work Start | CurrPos: (37, 87)
2026-01-21 19:17:22,863 - [DEBUG] - [AI_MOVE_Bot 12] Set Destination: (56, 22) | Reason: Random Move | CurrPos: (3, 55)
2026-01-21 19:17:23,005 - [DEBUG] - [AI_MOVE_Bot 11] Set Destination: (95, 89) | Reason: Random Move | CurrPos: (37, 87)
2026-01-21 19:17:23,066 - [DEBUG] - [AI_STATUS_Bot 5] Role: CITIZEN | Phase: NOON | Pos: (1318, 2794) | State: Hiding | HP: 100 AP: 100 Coins: 0
2026-01-21 19:17:23,067 - [DEBUG] - [AI_MOVE_Bot 5] Set Destination: (15, 67) | Reason: Random Move | CurrPos: (41, 87)
2026-01-21 19:17:23,073 - [DEBUG] - [AI_MOVE_Bot 12] Set Destination: (9, 6) | Reason: Work Start | CurrPos: (3, 55)
2026-01-21 19:17:23,096 - [DEBUG] - [AI_MOVE_Bot 5] Set Destination: (86, 9) | Reason: Random Move | CurrPos: (41, 87)
2026-01-21 19:17:23,154 - [DEBUG] - [AI_MOVE_Bot 7] Set Destination: (70, 44) | Reason: Work Start | CurrPos: (70, 43)
2026-01-21 19:17:23,155 - [DEBUG] - [AI_ACTION_Bot 7] Started Working at (70, 44)
2026-01-21 19:17:23,169 - [DEBUG] - [AI_DECISION_Bot 7] Changed State: Working -> Idle | Result: BTState.RUNNING
2026-01-21 19:17:23,172 - [DEBUG] - [AI_MOVE_Bot 11] Set Destination: (20, 9) | Reason: Work Start | CurrPos: (37, 87)
2026-01-21 19:17:23,231 - [DEBUG] - [AI_MOVE_Bot 5] Set Destination: (58, 39) | Reason: Random Move | CurrPos: (41, 87)
2026-01-21 19:17:23,238 - [DEBUG] - [AI_MOVE_Bot 12] Set Destination: (72, 93) | Reason: Random Move | CurrPos: (3, 55)
2026-01-21 19:17:23,320 - [DEBUG] - [AI_MOVE_Bot 11] Set Destination: (76, 47) | Reason: Random Move | CurrPos: (37, 87)
2026-01-21 19:17:23,414 - [DEBUG] - [AI_DECISION_Bot 7] Changed State: Idle -> Working | Result: BTState.RUNNING
2026-01-21 19:17:23,425 - [DEBUG] - [AI_MOVE_Bot 5] Set Destination: (38, 33) | Reason: Random Move | CurrPos: (41, 87)
2026-01-21 19:17:23,486 - [DEBUG] - [AI_MOVE_Bot 5] Set Destination: (56, 25) | Reason: Random Move | CurrPos: (41, 87)
2026-01-21 19:17:23,493 - [DEBUG] - [AI_MOVE_Bot 12] Set Destination: (19, 4) | Reason: Work Start | CurrPos: (3, 55)
2026-01-21 19:17:23,515 - [DEBUG] - [AI_MOVE_Bot 11] Set Destination: (18, 9) | Reason: Work Start | CurrPos: (37, 87)
2026-01-21 19:17:23,569 - [DEBUG] - [AI_MOVE_Bot 12] Set Destination: (92, 81) | Reason: Random Move | CurrPos: (3, 55)
2026-01-21 19:17:23,590 - [DEBUG] - [AI_MOVE_Bot 11] Set Destination: (93, 3) | Reason: Random Move | CurrPos: (37, 87)
2026-01-21 19:17:23,621 - [DEBUG] - [AI_MOVE_Bot 11] Set Destination: (4, 10) | Reason: Work Start | CurrPos: (37, 87)
2026-01-21 19:17:23,785 - [DEBUG] - [AI_MOVE_Bot 11] Set Destination: (37, 95) | Reason: Random Move | CurrPos: (37, 87)
2026-01-21 19:17:23,845 - [DEBUG] - [AI_MOVE_Bot 11] Set Destination: (7, 7) | Reason: Work Start | CurrPos: (37, 87)
2026-01-21 19:17:23,929 - [DEBUG] - [AI_MOVE_Bot 12] Set Destination: (8, 3) | Reason: Work Start | CurrPos: (3, 55)
2026-01-21 19:17:24,041 - [DEBUG] - [AI_MOVE_Bot 11] Set Destination: (96, 20) | Reason: Random Move | CurrPos: (37, 87)
2026-01-21 19:17:24,160 - [DEBUG] - [AI_MOVE_Bot 11] Set Destination: (3, 5) | Reason: Work Start | CurrPos: (37, 87)
2026-01-21 19:17:24,220 - [DEBUG] - [AI_MOVE_Bot 11] Set Destination: (69, 14) | Reason: Random Move | CurrPos: (37, 87)
2026-01-21 19:17:24,303 - [DEBUG] - [AI_MOVE_Bot 12] Set Destination: (54, 24) | Reason: Random Move | CurrPos: (3, 55)
2026-01-21 19:17:24,325 - [DEBUG] - [AI_MOVE_Bot 11] Set Destination: (19, 1) | Reason: Work Start | CurrPos: (37, 87)
2026-01-21 19:17:24,342 - [DEBUG] - [AI_MOVE_Bot 5] Set Destination: (89, 2) | Reason: Work Start | CurrPos: (41, 87)
2026-01-21 19:17:24,429 - [DEBUG] - [AI_STATUS_Bot 7] Role: DOCTOR | Phase: NOON | Pos: (2246, 1406) | State: Working | HP: 100 AP: 97 Coins: 3
2026-01-21 19:17:24,429 - [DEBUG] - [AI_MOVE_Bot 11] Set Destination: (95, 34) | Reason: Random Move | CurrPos: (37, 87)
2026-01-21 19:17:24,521 - [DEBUG] - [AI_MOVE_Bot 5] Set Destination: (73, 85) | Reason: Random Move | CurrPos: (41, 87)
2026-01-21 19:17:24,596 - [DEBUG] - [AI_MOVE_Bot 5] Set Destination: (59, 22) | Reason: Random Move | CurrPos: (41, 87)
2026-01-21 19:17:24,610 - [DEBUG] - [AI_ACTION_Bot 10] Started Working at (82, 89)
2026-01-21 19:17:24,618 - [DEBUG] - [AI_DECISION_Bot 10] Changed State: Moving -> Idle | Result: BTState.RUNNING
2026-01-21 19:17:24,624 - [DEBUG] - [AI_MOVE_Bot 11] Set Destination: (4, 7) | Reason: Work Start | CurrPos: (37, 87)
2026-01-21 19:17:24,641 - [DEBUG] - [AI_MOVE_Bot 5] Set Destination: (97, 6) | Reason: Work Start | CurrPos: (41, 87)
2026-01-21 19:17:24,656 - [DEBUG] - [AI_DECISION_Bot 10] Changed State: Idle -> Working | Result: BTState.RUNNING
2026-01-21 19:17:24,708 - [DEBUG] - [AI_MOVE_Bot 12] Set Destination: (13, 10) | Reason: Work Start | CurrPos: (3, 55)
2026-01-21 19:17:24,762 - [DEBUG] - [AI_STATUS_Bot 2] Role: CITIZEN | Phase: NOON | Pos: (454, 74) | State: Working | HP: 100 AP: 98 Coins: 2
2026-01-21 19:17:24,790 - [DEBUG] - [AI_MOVE_Bot 11] Set Destination: (59, 3) | Reason: Random Move | CurrPos: (37, 87)
2026-01-21 19:17:24,807 - [DEBUG] - [AI_MOVE_Bot 5] Set Destination: (92, 91) | Reason: Random Move | CurrPos: (41, 87)
2026-01-21 19:17:24,909 - [DEBUG] - [AI_STATUS_Bot 9] Role: MAFIA | Phase: NOON | Pos: (1570, 550) | State: Moving | HP: 100 AP: 100 Coins: 0
2026-01-21 19:17:25,041 - [DEBUG] - [AI_MOVE_Bot 2] Set Destination: (17, 9) | Reason: Work Start | CurrPos: (14, 2)
2026-01-21 19:17:25,048 - [DEBUG] - [AI_DECISION_Bot 2] Changed State: Working -> Idle | Result: BTState.RUNNING
2026-01-21 19:17:25,113 - [DEBUG] - [AI_STATUS_Bot 1] Role: DOCTOR | Phase: NOON | Pos: (2246, 1386) | State: Working | HP: 100 AP: 97 Coins: 3
2026-01-21 19:17:25,113 - [DEBUG] - [AI_STATUS_Bot 3] Role: MAFIA | Phase: NOON | Pos: (3110, 192) | State: Moving | HP: 100 AP: 100 Coins: 0
2026-01-21 19:17:25,132 - [DEBUG] - [AI_STATUS_Bot 6] Role: POLICE | Phase: NOON | Pos: (1614, 1542) | State: Moving | HP: 100 AP: 93 Coins: 0
2026-01-21 19:17:25,152 - [DEBUG] - [AI_STATUS_Bot 12] Role: CITIZEN | Phase: NOON | Pos: (102, 1762) | State: Hiding | HP: 100 AP: 100 Coins: 0
2026-01-21 19:17:25,153 - [DEBUG] - [AI_MOVE_Bot 12] Set Destination: (95, 1) | Reason: Random Move | CurrPos: (3, 55)
2026-01-21 19:17:25,210 - [DEBUG] - [AI_MOVE_Bot 11] Set Destination: (8, 9) | Reason: Work Start | CurrPos: (37, 87)
2026-01-21 19:17:25,235 - [DEBUG] - [AI_MOVE_Bot 12] Set Destination: (20, 7) | Reason: Work Start | CurrPos: (3, 55)
2026-01-21 19:17:25,258 - [DEBUG] - [AI_DECISION_Bot 2] Changed State: Idle -> Moving | Result: BTState.RUNNING
2026-01-21 19:17:25,285 - [DEBUG] - [AI_MOVE_Bot 5] Set Destination: (90, 3) | Reason: Work Start | CurrPos: (41, 87)
2026-01-21 19:17:25,331 - [DEBUG] - [AI_MOVE_Bot 5] Set Destination: (98, 4) | Reason: Random Move | CurrPos: (41, 87)
2026-01-21 19:17:25,462 - [DEBUG] - [AI_STATUS_Bot 4] Role: CITIZEN | Phase: NOON | Pos: (416, 516) | State: Moving | HP: 100 AP: 100 Coins: 0
2026-01-21 19:17:25,540 - [DEBUG] - [AI_MOVE_Bot 11] Set Destination: (14, 27) | Reason: Random Move | CurrPos: (37, 87)
2026-01-21 19:17:25,555 - [DEBUG] - [AI_MOVE_Bot 11] Set Destination: (13, 9) | Reason: Work Start | CurrPos: (37, 87)
2026-01-21 19:17:25,638 - [DEBUG] - [AI_MOVE_Bot 1] Set Destination: (70, 45) | Reason: Work Start | CurrPos: (70, 43)
2026-01-21 19:17:25,644 - [DEBUG] - [AI_DECISION_Bot 1] Changed State: Working -> Idle | Result: BTState.RUNNING
2026-01-21 19:17:25,705 - [DEBUG] - [AI_MOVE_Bot 11] Set Destination: (68, 42) | Reason: Random Move | CurrPos: (37, 87)
2026-01-21 19:17:25,721 - [DEBUG] - [AI_MOVE_Bot 5] Set Destination: (93, 7) | Reason: Work Start | CurrPos: (41, 87)
2026-01-21 19:17:25,764 - [DEBUG] - [AI_MOVE_Bot 11] Set Destination: (8, 4) | Reason: Work Start | CurrPos: (37, 87)
2026-01-21 19:17:25,781 - [DEBUG] - [AI_MOVE_Bot 5] Set Destination: (39, 68) | Reason: Random Move | CurrPos: (41, 87)
2026-01-21 19:17:25,833 - [DEBUG] - [AI_ACTION_Bot 1] Started Working at (70, 45)
2026-01-21 19:17:25,834 - [DEBUG] - [AI_DECISION_Bot 1] Changed State: Idle -> Moving | Result: BTState.RUNNING
2026-01-21 19:17:25,834 - [DEBUG] - [AI_MOVE_Bot 12] Set Destination: (22, 54) | Reason: Random Move | CurrPos: (3, 55)
2026-01-21 19:17:25,931 - [DEBUG] - [AI_MOVE_Bot 11] Set Destination: (62, 41) | Reason: Random Move | CurrPos: (37, 87)
2026-01-21 19:17:25,982 - [DEBUG] - [AI_MOVE_Bot 12] Set Destination: (2, 4) | Reason: Work Start | CurrPos: (3, 55)
