2026-01-22 23:18:48,393 - [INFO] - [DATA] Loaded 17 items.
2026-01-22 23:18:48,393 - [INFO] - [DATA] Loaded 110 tiles.
2026-01-22 23:18:48,393 - [INFO] - [DATA] Loaded 5 roles.
2026-01-22 23:18:48,602 - [INFO] - [SYSTEM] Game Engine Initializing...
2026-01-22 23:18:48,602 - [INFO] - [SYSTEM] Game Engine Initializing...
2026-01-22 23:18:48,628 - [INFO] - [SYSTEM] Engine Loop Started
2026-01-22 23:18:48,628 - [INFO] - [SYSTEM] Engine Loop Started
2026-01-22 23:18:48,756 - [INFO] - [DATA] Loaded 17 items.
2026-01-22 23:18:48,756 - [INFO] - [DATA] Loaded 110 tiles.
2026-01-22 23:18:48,766 - [INFO] - [DATA] Loaded 5 roles.
2026-01-22 23:18:57,138 - [INFO] - [PLAY] Entering PlayState...
2026-01-22 23:18:57,138 - [INFO] - [PLAY] Entering PlayState...
2026-01-22 23:18:57,159 - [INFO] - [PLAYER] Initialized at (1536, 1472) Role: CITIZEN
2026-01-22 23:18:57,159 - [INFO] - [PLAYER] Initialized at (1536, 1472) Role: CITIZEN
2026-01-22 23:18:57,159 - [INFO] - [PLAYER] Role changed to CITIZEN (FISHER)
2026-01-22 23:18:57,159 - [INFO] - [PLAYER] Role changed to CITIZEN (FISHER)
2026-01-22 23:18:57,441 - [DEBUG] - [AI_MOVE_Bot 5] Set Destination: (67, 23) | Reason: Random Move | CurrPos: (47, 50)
2026-01-22 23:18:57,441 - [DEBUG] - [AI_MOVE_Bot 5] Set Destination: (67, 23) | Reason: Random Move | CurrPos: (47, 50)
2026-01-22 23:18:57,491 - [DEBUG] - [AI_MOVE_Bot 8] Set Destination: (70, 42) | Reason: Random Move | CurrPos: (50, 45)
2026-01-22 23:18:57,491 - [DEBUG] - [AI_MOVE_Bot 8] Set Destination: (70, 42) | Reason: Random Move | CurrPos: (50, 45)
2026-01-22 23:18:57,507 - [DEBUG] - [AI_MOVE_Bot 3] Set Destination: (34, 78) | Reason: Go Home | CurrPos: (48, 49)
2026-01-22 23:18:57,507 - [DEBUG] - [AI_MOVE_Bot 3] Set Destination: (34, 78) | Reason: Go Home | CurrPos: (48, 49)
2026-01-22 23:18:57,608 - [DEBUG] - [AI_MOVE_Bot 2] Set Destination: (68, 96) | Reason: Random Move | CurrPos: (51, 52)
2026-01-22 23:18:57,608 - [DEBUG] - [AI_MOVE_Bot 2] Set Destination: (68, 96) | Reason: Random Move | CurrPos: (51, 52)
2026-01-22 23:18:57,610 - [DEBUG] - [AI_MOVE_Bot 6] Set Destination: (56, 22) | Reason: Go Home | CurrPos: (51, 53)
2026-01-22 23:18:57,610 - [DEBUG] - [AI_MOVE_Bot 6] Set Destination: (56, 22) | Reason: Go Home | CurrPos: (51, 53)
2026-01-22 23:18:57,627 - [DEBUG] - [AI_MOVE_Bot 3] Set Destination: (34, 77) | Reason: Go Home | CurrPos: (48, 49)
2026-01-22 23:18:57,627 - [DEBUG] - [AI_MOVE_Bot 3] Set Destination: (34, 77) | Reason: Go Home | CurrPos: (48, 49)
2026-01-22 23:18:57,627 - [DEBUG] - [AI_MOVE_Bot 4] Set Destination: (43, 34) | Reason: Go Home | CurrPos: (53, 49)
2026-01-22 23:18:57,627 - [DEBUG] - [AI_MOVE_Bot 4] Set Destination: (43, 34) | Reason: Go Home | CurrPos: (53, 49)
2026-01-22 23:18:57,744 - [DEBUG] - [AI_MOVE_Bot 1] Set Destination: (4, 62) | Reason: Random Move | CurrPos: (53, 47)
2026-01-22 23:18:57,744 - [DEBUG] - [AI_MOVE_Bot 1] Set Destination: (4, 62) | Reason: Random Move | CurrPos: (53, 47)
2026-01-22 23:18:57,902 - [DEBUG] - [AI_MOVE_Bot 3] Set Destination: (10, 69) | Reason: Go Home | CurrPos: (48, 51)
2026-01-22 23:18:57,902 - [DEBUG] - [AI_MOVE_Bot 3] Set Destination: (10, 69) | Reason: Go Home | CurrPos: (48, 51)
2026-01-22 23:18:58,077 - [DEBUG] - [AI_MOVE_Bot 3] Set Destination: (71, 77) | Reason: Go Home | CurrPos: (48, 52)
2026-01-22 23:18:58,077 - [DEBUG] - [AI_MOVE_Bot 3] Set Destination: (71, 77) | Reason: Go Home | CurrPos: (48, 52)
2026-01-22 23:18:58,452 - [DEBUG] - [AI_MOVE_Bot 4] Set Destination: (43, 34) | Reason: Go Home | CurrPos: (53, 49)
2026-01-22 23:18:58,452 - [DEBUG] - [AI_MOVE_Bot 4] Set Destination: (43, 34) | Reason: Go Home | CurrPos: (53, 49)
2026-01-22 23:18:58,602 - [DEBUG] - [AI_MOVE_Bot 3] Set Destination: (72, 77) | Reason: Go Home | CurrPos: (48, 55)
2026-01-22 23:18:58,602 - [DEBUG] - [AI_MOVE_Bot 3] Set Destination: (72, 77) | Reason: Go Home | CurrPos: (48, 55)
2026-01-22 23:18:58,721 - [DEBUG] - [AI_MOVE_Bot 3] Set Destination: (71, 77) | Reason: Go Home | CurrPos: (48, 56)
2026-01-22 23:18:58,721 - [DEBUG] - [AI_MOVE_Bot 3] Set Destination: (71, 77) | Reason: Go Home | CurrPos: (48, 56)
2026-01-22 23:18:58,721 - [DEBUG] - [AI_MOVE_Bot 4] Set Destination: (43, 34) | Reason: Go Home | CurrPos: (53, 49)
2026-01-22 23:18:58,721 - [DEBUG] - [AI_MOVE_Bot 4] Set Destination: (43, 34) | Reason: Go Home | CurrPos: (53, 49)
2026-01-22 23:18:59,068 - [DEBUG] - [AI_MOVE_Bot 3] Set Destination: (33, 35) | Reason: Go Home | CurrPos: (48, 58)
2026-01-22 23:18:59,068 - [DEBUG] - [AI_MOVE_Bot 3] Set Destination: (33, 35) | Reason: Go Home | CurrPos: (48, 58)
2026-01-22 23:18:59,335 - [DEBUG] - [AI_MOVE_Bot 6] Set Destination: (55, 22) | Reason: Go Home | CurrPos: (51, 43)
2026-01-22 23:18:59,335 - [DEBUG] - [AI_MOVE_Bot 6] Set Destination: (55, 22) | Reason: Go Home | CurrPos: (51, 43)
2026-01-22 23:18:59,488 - [DEBUG] - [AI_MOVE_Bot 3] Set Destination: (5, 14) | Reason: Go Home | CurrPos: (48, 60)
2026-01-22 23:18:59,488 - [DEBUG] - [AI_MOVE_Bot 3] Set Destination: (5, 14) | Reason: Go Home | CurrPos: (48, 60)
2026-01-22 23:18:59,546 - [DEBUG] - [AI_MOVE_Bot 4] Set Destination: (43, 35) | Reason: Go Home | CurrPos: (53, 49)
2026-01-22 23:18:59,546 - [DEBUG] - [AI_MOVE_Bot 4] Set Destination: (43, 35) | Reason: Go Home | CurrPos: (53, 49)
2026-01-22 23:18:59,696 - [DEBUG] - [AI_MOVE_Bot 6] Set Destination: (56, 22) | Reason: Go Home | CurrPos: (51, 41)
2026-01-22 23:18:59,696 - [DEBUG] - [AI_MOVE_Bot 6] Set Destination: (56, 22) | Reason: Go Home | CurrPos: (51, 41)
2026-01-22 23:18:59,714 - [DEBUG] - [AI_MOVE_Bot 3] Set Destination: (4, 14) | Reason: Go Home | CurrPos: (46, 60)
2026-01-22 23:18:59,714 - [DEBUG] - [AI_MOVE_Bot 3] Set Destination: (4, 14) | Reason: Go Home | CurrPos: (46, 60)
2026-01-22 23:18:59,719 - [DEBUG] - [AI_MOVE_Bot 4] Set Destination: (43, 34) | Reason: Go Home | CurrPos: (52, 49)
2026-01-22 23:18:59,719 - [DEBUG] - [AI_MOVE_Bot 4] Set Destination: (43, 34) | Reason: Go Home | CurrPos: (52, 49)
2026-01-22 23:18:59,818 - [DEBUG] - [AI_MOVE_Bot 6] Set Destination: (14, 90) | Reason: Go Home | CurrPos: (51, 40)
2026-01-22 23:18:59,818 - [DEBUG] - [AI_MOVE_Bot 6] Set Destination: (14, 90) | Reason: Go Home | CurrPos: (51, 40)
2026-01-22 23:18:59,951 - [DEBUG] - [AI_MOVE_Bot 6] Set Destination: (95, 54) | Reason: Go Home | CurrPos: (51, 39)
2026-01-22 23:18:59,951 - [DEBUG] - [AI_MOVE_Bot 6] Set Destination: (95, 54) | Reason: Go Home | CurrPos: (51, 39)
2026-01-22 23:19:00,087 - [DEBUG] - [AI_MOVE_Bot 6] Set Destination: (96, 55) | Reason: Go Home | CurrPos: (51, 40)
2026-01-22 23:19:00,087 - [DEBUG] - [AI_MOVE_Bot 6] Set Destination: (96, 55) | Reason: Go Home | CurrPos: (51, 40)
2026-01-22 23:19:00,223 - [DEBUG] - [AI_MOVE_Bot 3] Set Destination: (14, 90) | Reason: Go Home | CurrPos: (46, 57)
2026-01-22 23:19:00,223 - [DEBUG] - [AI_MOVE_Bot 3] Set Destination: (14, 90) | Reason: Go Home | CurrPos: (46, 57)
2026-01-22 23:19:00,252 - [DEBUG] - [AI_MOVE_Bot 4] Set Destination: (89, 56) | Reason: Go Home | CurrPos: (48, 49)
2026-01-22 23:19:00,252 - [DEBUG] - [AI_MOVE_Bot 4] Set Destination: (89, 56) | Reason: Go Home | CurrPos: (48, 49)
2026-01-22 23:19:00,449 - [DEBUG] - [AI_MOVE_Bot 6] Set Destination: (87, 55) | Reason: Go Home | CurrPos: (51, 42)
2026-01-22 23:19:00,449 - [DEBUG] - [AI_MOVE_Bot 6] Set Destination: (87, 55) | Reason: Go Home | CurrPos: (51, 42)
2026-01-22 23:19:00,611 - [DEBUG] - [AI_MOVE_Bot 6] Set Destination: (33, 35) | Reason: Go Home | CurrPos: (51, 43)
2026-01-22 23:19:00,611 - [DEBUG] - [AI_MOVE_Bot 6] Set Destination: (33, 35) | Reason: Go Home | CurrPos: (51, 43)
2026-01-22 23:19:00,957 - [DEBUG] - [AI_MOVE_Bot 4] Set Destination: (90, 56) | Reason: Go Home | CurrPos: (51, 51)
2026-01-22 23:19:00,957 - [DEBUG] - [AI_MOVE_Bot 4] Set Destination: (90, 56) | Reason: Go Home | CurrPos: (51, 51)
2026-01-22 23:19:01,480 - [DEBUG] - [AI_MOVE_Bot 6] Set Destination: (33, 36) | Reason: Go Home | CurrPos: (51, 48)
2026-01-22 23:19:01,480 - [DEBUG] - [AI_MOVE_Bot 6] Set Destination: (33, 36) | Reason: Go Home | CurrPos: (51, 48)
2026-01-22 23:19:01,632 - [DEBUG] - [AI_MOVE_Bot 4] Set Destination: (89, 56) | Reason: Go Home | CurrPos: (55, 51)
2026-01-22 23:19:01,632 - [DEBUG] - [AI_MOVE_Bot 4] Set Destination: (89, 56) | Reason: Go Home | CurrPos: (55, 51)
2026-01-22 23:19:02,083 - [DEBUG] - [AI_MOVE_Bot 4] Set Destination: (90, 56) | Reason: Go Home | CurrPos: (58, 51)
2026-01-22 23:19:02,083 - [DEBUG] - [AI_MOVE_Bot 4] Set Destination: (90, 56) | Reason: Go Home | CurrPos: (58, 51)
2026-01-22 23:19:02,409 - [DEBUG] - [AI_MOVE_Bot 6] Set Destination: (33, 35) | Reason: Go Home | CurrPos: (45, 49)
2026-01-22 23:19:02,409 - [DEBUG] - [AI_MOVE_Bot 6] Set Destination: (33, 35) | Reason: Go Home | CurrPos: (45, 49)
2026-01-22 23:19:02,442 - [DEBUG] - [AI_MOVE_Bot 4] Set Destination: (6, 40) | Reason: Go Home | CurrPos: (60, 51)
2026-01-22 23:19:02,442 - [DEBUG] - [AI_MOVE_Bot 4] Set Destination: (6, 40) | Reason: Go Home | CurrPos: (60, 51)
2026-01-22 23:19:02,744 - [DEBUG] - [AI_MOVE_Bot 4] Set Destination: (5, 40) | Reason: Go Home | CurrPos: (59, 51)
2026-01-22 23:19:02,744 - [DEBUG] - [AI_MOVE_Bot 4] Set Destination: (5, 40) | Reason: Go Home | CurrPos: (59, 51)
2026-01-22 23:19:02,896 - [DEBUG] - [AI_MOVE_Bot 4] Set Destination: (60, 59) | Reason: Go Home | CurrPos: (58, 51)
2026-01-22 23:19:02,896 - [DEBUG] - [AI_MOVE_Bot 4] Set Destination: (60, 59) | Reason: Go Home | CurrPos: (58, 51)
2026-01-22 23:19:03,295 - [DEBUG] - [AI_MOVE_Bot 6] Set Destination: (33, 35) | Reason: Go Home | CurrPos: (40, 49)
2026-01-22 23:19:03,295 - [DEBUG] - [AI_MOVE_Bot 6] Set Destination: (33, 35) | Reason: Go Home | CurrPos: (40, 49)
2026-01-22 23:19:03,343 - [DEBUG] - [AI_MOVE_Bot 4] Set Destination: (94, 57) | Reason: Go Home | CurrPos: (55, 51)
2026-01-22 23:19:03,343 - [DEBUG] - [AI_MOVE_Bot 4] Set Destination: (94, 57) | Reason: Go Home | CurrPos: (55, 51)
2026-01-22 23:19:03,477 - [DEBUG] - [AI_MOVE_Bot 6] Set Destination: (32, 35) | Reason: Go Home | CurrPos: (38, 49)
2026-01-22 23:19:03,477 - [DEBUG] - [AI_MOVE_Bot 6] Set Destination: (32, 35) | Reason: Go Home | CurrPos: (38, 49)
2026-01-22 23:19:03,628 - [DEBUG] - [AI_MOVE_Bot 6] Set Destination: (90, 55) | Reason: Go Home | CurrPos: (37, 49)
2026-01-22 23:19:03,628 - [DEBUG] - [AI_MOVE_Bot 6] Set Destination: (90, 55) | Reason: Go Home | CurrPos: (37, 49)
2026-01-22 23:19:03,778 - [DEBUG] - [AI_MOVE_Bot 6] Set Destination: (34, 22) | Reason: Go Home | CurrPos: (36, 49)
2026-01-22 23:19:03,778 - [DEBUG] - [AI_MOVE_Bot 6] Set Destination: (34, 22) | Reason: Go Home | CurrPos: (36, 49)
2026-01-22 23:19:03,792 - [DEBUG] - [AI_MOVE_Bot 3] Set Destination: (14, 91) | Reason: Go Home | CurrPos: (42, 72)
2026-01-22 23:19:03,792 - [DEBUG] - [AI_MOVE_Bot 3] Set Destination: (14, 91) | Reason: Go Home | CurrPos: (42, 72)
2026-01-22 23:19:04,016 - [DEBUG] - [AI_MOVE_Bot 3] Set Destination: (14, 90) | Reason: Go Home | CurrPos: (41, 71)
2026-01-22 23:19:04,016 - [DEBUG] - [AI_MOVE_Bot 3] Set Destination: (14, 90) | Reason: Go Home | CurrPos: (41, 71)
2026-01-22 23:19:04,016 - [DEBUG] - [AI_MOVE_Bot 4] Set Destination: (94, 58) | Reason: Go Home | CurrPos: (59, 51)
2026-01-22 23:19:04,016 - [DEBUG] - [AI_MOVE_Bot 4] Set Destination: (94, 58) | Reason: Go Home | CurrPos: (59, 51)
2026-01-22 23:19:04,106 - [DEBUG] - [AI_MOVE_Bot 6] Set Destination: (45, 62) | Reason: Go Home | CurrPos: (34, 49)
2026-01-22 23:19:04,106 - [DEBUG] - [AI_MOVE_Bot 6] Set Destination: (45, 62) | Reason: Go Home | CurrPos: (34, 49)
2026-01-22 23:19:04,211 - [DEBUG] - [AI_MOVE_Bot 6] Set Destination: (44, 63) | Reason: Go Home | CurrPos: (35, 49)
2026-01-22 23:19:04,211 - [DEBUG] - [AI_MOVE_Bot 6] Set Destination: (44, 63) | Reason: Go Home | CurrPos: (35, 49)
2026-01-22 23:19:04,229 - [DEBUG] - [AI_MOVE_Bot 6] Set Destination: (36, 32) | Reason: Go Home | CurrPos: (35, 49)
2026-01-22 23:19:04,229 - [DEBUG] - [AI_MOVE_Bot 6] Set Destination: (36, 32) | Reason: Go Home | CurrPos: (35, 49)
2026-01-22 23:19:04,334 - [DEBUG] - [AI_MOVE_Bot 6] Set Destination: (96, 30) | Reason: Go Home | CurrPos: (35, 50)
2026-01-22 23:19:04,334 - [DEBUG] - [AI_MOVE_Bot 6] Set Destination: (96, 30) | Reason: Go Home | CurrPos: (35, 50)
2026-01-22 23:19:04,467 - [DEBUG] - [AI_MOVE_Bot 3] Set Destination: (27, 62) | Reason: Go Home | CurrPos: (38, 71)
2026-01-22 23:19:04,467 - [DEBUG] - [AI_MOVE_Bot 3] Set Destination: (27, 62) | Reason: Go Home | CurrPos: (38, 71)
2026-01-22 23:19:04,541 - [DEBUG] - [AI_MOVE_Bot 4] Set Destination: (94, 57) | Reason: Go Home | CurrPos: (63, 51)
2026-01-22 23:19:04,541 - [DEBUG] - [AI_MOVE_Bot 4] Set Destination: (94, 57) | Reason: Go Home | CurrPos: (63, 51)
2026-01-22 23:19:04,676 - [DEBUG] - [AI_MOVE_Bot 6] Set Destination: (59, 69) | Reason: Go Home | CurrPos: (35, 52)
2026-01-22 23:19:04,676 - [DEBUG] - [AI_MOVE_Bot 6] Set Destination: (59, 69) | Reason: Go Home | CurrPos: (35, 52)
2026-01-22 23:19:04,748 - [DEBUG] - [AI_MOVE_Bot 2] Set Destination: (96, 2) | Reason: Random Move | CurrPos: (68, 96)
2026-01-22 23:19:04,748 - [DEBUG] - [AI_MOVE_Bot 2] Set Destination: (96, 2) | Reason: Random Move | CurrPos: (68, 96)
2026-01-22 23:19:05,156 - [DEBUG] - [AI_MOVE_Bot 3] Set Destination: (27, 63) | Reason: Go Home | CurrPos: (42, 72)
2026-01-22 23:19:05,156 - [DEBUG] - [AI_MOVE_Bot 3] Set Destination: (27, 63) | Reason: Go Home | CurrPos: (42, 72)
2026-01-22 23:19:05,264 - [DEBUG] - [AI_MOVE_Bot 3] Set Destination: (27, 62) | Reason: Go Home | CurrPos: (42, 72)
2026-01-22 23:19:05,264 - [DEBUG] - [AI_MOVE_Bot 3] Set Destination: (27, 62) | Reason: Go Home | CurrPos: (42, 72)
2026-01-22 23:19:05,280 - [DEBUG] - [AI_MOVE_Bot 3] Set Destination: (4, 62) | Reason: Go Home | CurrPos: (43, 72)
2026-01-22 23:19:05,280 - [DEBUG] - [AI_MOVE_Bot 3] Set Destination: (4, 62) | Reason: Go Home | CurrPos: (43, 72)
2026-01-22 23:19:05,431 - [DEBUG] - [AI_MOVE_Bot 3] Set Destination: (58, 22) | Reason: Go Home | CurrPos: (44, 72)
2026-01-22 23:19:05,431 - [DEBUG] - [AI_MOVE_Bot 3] Set Destination: (58, 22) | Reason: Go Home | CurrPos: (44, 72)
2026-01-22 23:19:05,515 - [DEBUG] - [AI_MOVE_Bot 6] Set Destination: (59, 68) | Reason: Go Home | CurrPos: (39, 54)
2026-01-22 23:19:05,515 - [DEBUG] - [AI_MOVE_Bot 6] Set Destination: (59, 68) | Reason: Go Home | CurrPos: (39, 54)
2026-01-22 23:19:05,582 - [DEBUG] - [AI_MOVE_Bot 3] Set Destination: (5, 43) | Reason: Go Home | CurrPos: (44, 72)
2026-01-22 23:19:05,582 - [DEBUG] - [AI_MOVE_Bot 3] Set Destination: (5, 43) | Reason: Go Home | CurrPos: (44, 72)
2026-01-22 23:19:05,656 - [DEBUG] - [AI_MOVE_Bot 3] Set Destination: (23, 90) | Reason: Go Home | CurrPos: (45, 72)
2026-01-22 23:19:05,656 - [DEBUG] - [AI_MOVE_Bot 3] Set Destination: (23, 90) | Reason: Go Home | CurrPos: (45, 72)
2026-01-22 23:19:05,937 - [DEBUG] - [AI_MOVE_Bot 6] Set Destination: (59, 69) | Reason: Go Home | CurrPos: (39, 56)
2026-01-22 23:19:05,937 - [DEBUG] - [AI_MOVE_Bot 6] Set Destination: (59, 69) | Reason: Go Home | CurrPos: (39, 56)
2026-01-22 23:19:06,057 - [DEBUG] - [AI_MOVE_Bot 3] Set Destination: (6, 45) | Reason: Go Home | CurrPos: (47, 72)
2026-01-22 23:19:06,057 - [DEBUG] - [AI_MOVE_Bot 3] Set Destination: (6, 45) | Reason: Go Home | CurrPos: (47, 72)
2026-01-22 23:19:06,146 - [DEBUG] - [AI_MOVE_Bot 6] Set Destination: (23, 83) | Reason: Go Home | CurrPos: (40, 57)
2026-01-22 23:19:06,146 - [DEBUG] - [AI_MOVE_Bot 6] Set Destination: (23, 83) | Reason: Go Home | CurrPos: (40, 57)
2026-01-22 23:19:06,222 - [DEBUG] - [AI_MOVE_Bot 6] Set Destination: (24, 83) | Reason: Go Home | CurrPos: (40, 57)
2026-01-22 23:19:06,222 - [DEBUG] - [AI_MOVE_Bot 6] Set Destination: (24, 83) | Reason: Go Home | CurrPos: (40, 57)
2026-01-22 23:19:06,238 - [DEBUG] - [AI_MOVE_Bot 3] Set Destination: (6, 44) | Reason: Go Home | CurrPos: (48, 71)
2026-01-22 23:19:06,238 - [DEBUG] - [AI_MOVE_Bot 3] Set Destination: (6, 44) | Reason: Go Home | CurrPos: (48, 71)
2026-01-22 23:19:06,643 - [DEBUG] - [AI_MOVE_Bot 3] Set Destination: (35, 52) | Reason: Go Home | CurrPos: (47, 70)
2026-01-22 23:19:06,643 - [DEBUG] - [AI_MOVE_Bot 3] Set Destination: (35, 52) | Reason: Go Home | CurrPos: (47, 70)
2026-01-22 23:19:06,808 - [DEBUG] - [AI_MOVE_Bot 3] Set Destination: (35, 53) | Reason: Go Home | CurrPos: (46, 70)
2026-01-22 23:19:06,808 - [DEBUG] - [AI_MOVE_Bot 3] Set Destination: (35, 53) | Reason: Go Home | CurrPos: (46, 70)
2026-01-22 23:19:06,911 - [DEBUG] - [AI_MOVE_Bot 6] Set Destination: (4, 43) | Reason: Go Home | CurrPos: (44, 57)
2026-01-22 23:19:06,911 - [DEBUG] - [AI_MOVE_Bot 6] Set Destination: (4, 43) | Reason: Go Home | CurrPos: (44, 57)
2026-01-22 23:19:07,153 - [DEBUG] - [AI_MOVE_Bot 3] Set Destination: (6, 44) | Reason: Go Home | CurrPos: (46, 68)
2026-01-22 23:19:07,153 - [DEBUG] - [AI_MOVE_Bot 3] Set Destination: (6, 44) | Reason: Go Home | CurrPos: (46, 68)
2026-01-22 23:19:07,630 - [DEBUG] - [AI_MOVE_Bot 6] Set Destination: (4, 44) | Reason: Go Home | CurrPos: (40, 57)
2026-01-22 23:19:07,630 - [DEBUG] - [AI_MOVE_Bot 6] Set Destination: (4, 44) | Reason: Go Home | CurrPos: (40, 57)
2026-01-22 23:19:07,751 - [DEBUG] - [AI_MOVE_Bot 3] Set Destination: (6, 46) | Reason: Go Home | CurrPos: (42, 68)
2026-01-22 23:19:07,751 - [DEBUG] - [AI_MOVE_Bot 3] Set Destination: (6, 46) | Reason: Go Home | CurrPos: (42, 68)
2026-01-22 23:19:07,867 - [DEBUG] - [AI_MOVE_Bot 6] Set Destination: (4, 43) | Reason: Go Home | CurrPos: (39, 56)
2026-01-22 23:19:07,867 - [DEBUG] - [AI_MOVE_Bot 6] Set Destination: (4, 43) | Reason: Go Home | CurrPos: (39, 56)
2026-01-22 23:19:08,098 - [DEBUG] - [AI_MOVE_Bot 6] Set Destination: (68, 56) | Reason: Go Home | CurrPos: (39, 55)
2026-01-22 23:19:08,098 - [DEBUG] - [AI_MOVE_Bot 6] Set Destination: (68, 56) | Reason: Go Home | CurrPos: (39, 55)
2026-01-22 23:19:08,129 - [DEBUG] - [AI_MOVE_Bot 3] Set Destination: (7, 45) | Reason: Go Home | CurrPos: (41, 67)
2026-01-22 23:19:08,129 - [DEBUG] - [AI_MOVE_Bot 3] Set Destination: (7, 45) | Reason: Go Home | CurrPos: (41, 67)
2026-01-22 23:19:08,411 - [DEBUG] - [AI_MOVE_Bot 6] Set Destination: (10, 55) | Reason: Go Home | CurrPos: (39, 53)
2026-01-22 23:19:08,411 - [DEBUG] - [AI_MOVE_Bot 6] Set Destination: (10, 55) | Reason: Go Home | CurrPos: (39, 53)
2026-01-22 23:19:08,653 - [DEBUG] - [AI_MOVE_Bot 3] Set Destination: (80, 45) | Reason: Go Home | CurrPos: (40, 64)
2026-01-22 23:19:08,653 - [DEBUG] - [AI_MOVE_Bot 3] Set Destination: (80, 45) | Reason: Go Home | CurrPos: (40, 64)
2026-01-22 23:19:08,741 - [DEBUG] - [AI_MOVE_Bot 3] Set Destination: (81, 45) | Reason: Go Home | CurrPos: (41, 64)
2026-01-22 23:19:08,741 - [DEBUG] - [AI_MOVE_Bot 3] Set Destination: (81, 45) | Reason: Go Home | CurrPos: (41, 64)
2026-01-22 23:19:08,880 - [DEBUG] - [AI_MOVE_Bot 3] Set Destination: (35, 77) | Reason: Go Home | CurrPos: (42, 64)
2026-01-22 23:19:08,880 - [DEBUG] - [AI_MOVE_Bot 3] Set Destination: (35, 77) | Reason: Go Home | CurrPos: (42, 64)
2026-01-22 23:19:08,987 - [DEBUG] - [AI_MOVE_Bot 3] Set Destination: (37, 32) | Reason: Go Home | CurrPos: (42, 64)
2026-01-22 23:19:08,987 - [DEBUG] - [AI_MOVE_Bot 3] Set Destination: (37, 32) | Reason: Go Home | CurrPos: (42, 64)
2026-01-22 23:19:09,221 - [DEBUG] - [AI_MOVE_Bot 6] Set Destination: (11, 56) | Reason: Go Home | CurrPos: (35, 52)
2026-01-22 23:19:09,221 - [DEBUG] - [AI_MOVE_Bot 6] Set Destination: (11, 56) | Reason: Go Home | CurrPos: (35, 52)
2026-01-22 23:19:09,253 - [DEBUG] - [AI_MOVE_Bot 3] Set Destination: (90, 58) | Reason: Go Home | CurrPos: (44, 64)
2026-01-22 23:19:09,253 - [DEBUG] - [AI_MOVE_Bot 3] Set Destination: (90, 58) | Reason: Go Home | CurrPos: (44, 64)
