2026-01-21 15:13:31,286 - [INFO] - [DATA] Loaded 17 items.
2026-01-21 15:13:31,286 - [INFO] - [DATA] Loaded 110 tiles.
2026-01-21 15:13:31,286 - [INFO] - [DATA] Loaded 5 roles.
2026-01-21 15:13:31,567 - [INFO] - [SYSTEM] Game Engine Initializing...
2026-01-21 15:13:31,731 - [INFO] - [SYSTEM] Engine Loop Started
2026-01-21 15:13:46,204 - [INFO] - [PLAY] Entering PlayState...
2026-01-21 15:13:46,241 - [INFO] - [PLAYER] Initialized at (1472, 1664) Role: CITIZEN
2026-01-21 15:13:46,241 - [INFO] - [PLAYER] Role changed to SPECTATOR (None)
2026-01-21 15:13:46,283 - [INFO] - [NET] Auto-connecting to local server...
2026-01-21 15:13:46,285 - [INFO] - [NET] Connected! Initializing Spectator Mode...
2026-01-21 15:13:46,548 - [INFO] - [SYNC] Removed entity 1 (Not in server)
2026-01-21 15:13:46,554 - [INFO] - [SYNC] Removed entity 2 (Not in server)
2026-01-21 15:13:46,559 - [INFO] - [SYNC] Removed entity 3 (Not in server)
2026-01-21 15:13:46,564 - [INFO] - [SYNC] Removed entity 4 (Not in server)
2026-01-21 15:13:46,570 - [INFO] - [SYNC] Removed entity 5 (Not in server)
2026-01-21 15:13:46,576 - [INFO] - [SYNC] Removed entity 6 (Not in server)
2026-01-21 15:13:46,581 - [INFO] - [SYNC] Removed entity 7 (Not in server)
2026-01-21 15:13:46,586 - [INFO] - [SYNC] Removed entity 8 (Not in server)
2026-01-21 15:13:46,592 - [INFO] - [SYNC] Removed entity 9 (Not in server)
2026-01-21 15:13:46,598 - [INFO] - [SYNC] Removed entity 10 (Not in server)
2026-01-21 15:13:46,604 - [INFO] - [SYNC] Removed entity 11 (Not in server)
2026-01-21 15:13:46,609 - [INFO] - [SYNC] Removed entity 12 (Not in server)
2026-01-21 15:13:46,614 - [INFO] - [SYNC] Removed entity 13 (Not in server)
2026-01-21 15:13:46,617 - [INFO] - [SYNC] Removed entity 14 (Not in server)
2026-01-21 15:13:46,623 - [INFO] - [SYNC] Removed entity 15 (Not in server)
2026-01-21 15:13:46,624 - [INFO] - [SYNC] Added entity 0 (Player 1)
2026-01-21 15:13:46,624 - [INFO] - [SYNC] Added entity 0 (Player 1)
2026-01-21 15:13:46,625 - [INFO] - [SYNC] Added entity 1 (Bot 1)
2026-01-21 15:13:46,625 - [INFO] - [SYNC] Added entity 0 (Player 1)
2026-01-21 15:13:46,625 - [INFO] - [SYNC] Added entity 1 (Bot 1)
2026-01-21 15:13:46,625 - [INFO] - [SYNC] Added entity 2 (Bot 2)
2026-01-21 15:13:46,625 - [INFO] - [SYNC] Added entity 0 (Player 1)
2026-01-21 15:13:46,625 - [INFO] - [SYNC] Added entity 1 (Bot 1)
2026-01-21 15:13:46,625 - [INFO] - [SYNC] Added entity 2 (Bot 2)
2026-01-21 15:13:46,625 - [INFO] - [SYNC] Added entity 3 (Bot 3)
2026-01-21 15:13:46,625 - [INFO] - [SYNC] Added entity 0 (Player 1)
2026-01-21 15:13:46,625 - [INFO] - [SYNC] Added entity 1 (Bot 1)
2026-01-21 15:13:46,625 - [INFO] - [SYNC] Added entity 2 (Bot 2)
2026-01-21 15:13:46,625 - [INFO] - [SYNC] Added entity 3 (Bot 3)
2026-01-21 15:13:46,625 - [INFO] - [SYNC] Added entity 4 (Bot 4)
2026-01-21 15:13:46,625 - [INFO] - [SYNC] Added entity 0 (Player 1)
2026-01-21 15:13:46,626 - [INFO] - [SYNC] Added entity 1 (Bot 1)
2026-01-21 15:13:46,626 - [INFO] - [SYNC] Added entity 2 (Bot 2)
2026-01-21 15:13:46,626 - [INFO] - [SYNC] Added entity 3 (Bot 3)
2026-01-21 15:13:46,626 - [INFO] - [SYNC] Added entity 4 (Bot 4)
2026-01-21 15:13:46,626 - [INFO] - [SYNC] Added entity 5 (Bot 5)
2026-01-21 15:13:46,626 - [INFO] - [SYNC] Added entity 0 (Player 1)
2026-01-21 15:13:46,626 - [INFO] - [SYNC] Added entity 1 (Bot 1)
2026-01-21 15:13:46,626 - [INFO] - [SYNC] Added entity 2 (Bot 2)
2026-01-21 15:13:46,626 - [INFO] - [SYNC] Added entity 3 (Bot 3)
2026-01-21 15:13:46,626 - [INFO] - [SYNC] Added entity 4 (Bot 4)
2026-01-21 15:13:46,626 - [INFO] - [SYNC] Added entity 5 (Bot 5)
2026-01-21 15:13:46,626 - [INFO] - [SYNC] Added entity 6 (Bot 6)
2026-01-21 15:13:46,626 - [INFO] - [SYNC] Added entity 0 (Player 1)
2026-01-21 15:13:46,626 - [INFO] - [SYNC] Added entity 1 (Bot 1)
2026-01-21 15:13:46,626 - [INFO] - [SYNC] Added entity 2 (Bot 2)
2026-01-21 15:13:46,627 - [INFO] - [SYNC] Added entity 3 (Bot 3)
2026-01-21 15:13:46,627 - [INFO] - [SYNC] Added entity 4 (Bot 4)
2026-01-21 15:13:46,627 - [INFO] - [SYNC] Added entity 5 (Bot 5)
2026-01-21 15:13:46,627 - [INFO] - [SYNC] Added entity 6 (Bot 6)
2026-01-21 15:13:46,627 - [INFO] - [SYNC] Added entity 7 (Bot 7)
2026-01-21 15:13:46,628 - [INFO] - [SYNC] Added entity 0 (Player 1)
2026-01-21 15:13:46,628 - [INFO] - [SYNC] Added entity 1 (Bot 1)
2026-01-21 15:13:46,628 - [INFO] - [SYNC] Added entity 2 (Bot 2)
2026-01-21 15:13:46,628 - [INFO] - [SYNC] Added entity 3 (Bot 3)
2026-01-21 15:13:46,628 - [INFO] - [SYNC] Added entity 4 (Bot 4)
2026-01-21 15:13:46,629 - [INFO] - [SYNC] Added entity 5 (Bot 5)
2026-01-21 15:13:46,629 - [INFO] - [SYNC] Added entity 6 (Bot 6)
2026-01-21 15:13:46,629 - [INFO] - [SYNC] Added entity 7 (Bot 7)
2026-01-21 15:13:46,629 - [INFO] - [SYNC] Added entity 8 (Bot 8)
2026-01-21 15:13:46,629 - [INFO] - [SYNC] Added entity 0 (Player 1)
2026-01-21 15:13:46,629 - [INFO] - [SYNC] Added entity 1 (Bot 1)
2026-01-21 15:13:46,629 - [INFO] - [SYNC] Added entity 2 (Bot 2)
2026-01-21 15:13:46,629 - [INFO] - [SYNC] Added entity 3 (Bot 3)
2026-01-21 15:13:46,629 - [INFO] - [SYNC] Added entity 4 (Bot 4)
2026-01-21 15:13:46,629 - [INFO] - [SYNC] Added entity 5 (Bot 5)
2026-01-21 15:13:46,631 - [INFO] - [SYNC] Added entity 6 (Bot 6)
2026-01-21 15:13:46,631 - [INFO] - [SYNC] Added entity 7 (Bot 7)
2026-01-21 15:13:46,631 - [INFO] - [SYNC] Added entity 8 (Bot 8)
2026-01-21 15:13:46,631 - [INFO] - [SYNC] Added entity 9 (Bot 9)
2026-01-21 15:13:46,631 - [INFO] - [SYNC] Added entity 0 (Player 1)
2026-01-21 15:13:46,631 - [INFO] - [SYNC] Added entity 1 (Bot 1)
2026-01-21 15:13:46,631 - [INFO] - [SYNC] Added entity 2 (Bot 2)
2026-01-21 15:13:46,631 - [INFO] - [SYNC] Added entity 3 (Bot 3)
2026-01-21 15:13:46,631 - [INFO] - [SYNC] Added entity 4 (Bot 4)
2026-01-21 15:13:46,632 - [INFO] - [SYNC] Added entity 5 (Bot 5)
2026-01-21 15:13:46,632 - [INFO] - [SYNC] Added entity 6 (Bot 6)
2026-01-21 15:13:46,632 - [INFO] - [SYNC] Added entity 7 (Bot 7)
2026-01-21 15:13:46,632 - [INFO] - [SYNC] Added entity 8 (Bot 8)
2026-01-21 15:13:46,632 - [INFO] - [SYNC] Added entity 9 (Bot 9)
2026-01-21 15:13:46,632 - [INFO] - [SYNC] Added entity 10 (Bot 10)
2026-01-21 15:13:46,632 - [INFO] - [SYNC] Added entity 0 (Player 1)
2026-01-21 15:13:46,632 - [INFO] - [SYNC] Added entity 1 (Bot 1)
2026-01-21 15:13:46,632 - [INFO] - [SYNC] Added entity 2 (Bot 2)
2026-01-21 15:13:46,632 - [INFO] - [SYNC] Added entity 3 (Bot 3)
2026-01-21 15:13:46,633 - [INFO] - [SYNC] Added entity 4 (Bot 4)
2026-01-21 15:13:46,633 - [INFO] - [SYNC] Added entity 5 (Bot 5)
2026-01-21 15:13:46,633 - [INFO] - [SYNC] Added entity 6 (Bot 6)
2026-01-21 15:13:46,633 - [INFO] - [SYNC] Added entity 7 (Bot 7)
2026-01-21 15:13:46,633 - [INFO] - [SYNC] Added entity 8 (Bot 8)
2026-01-21 15:13:46,633 - [INFO] - [SYNC] Added entity 9 (Bot 9)
2026-01-21 15:13:46,633 - [INFO] - [SYNC] Added entity 10 (Bot 10)
2026-01-21 15:13:46,633 - [INFO] - [SYNC] Added entity 11 (Bot 11)
2026-01-21 15:13:46,633 - [INFO] - [SYNC] Added entity 0 (Player 1)
2026-01-21 15:13:46,633 - [INFO] - [SYNC] Added entity 1 (Bot 1)
2026-01-21 15:13:46,633 - [INFO] - [SYNC] Added entity 2 (Bot 2)
2026-01-21 15:13:46,634 - [INFO] - [SYNC] Added entity 3 (Bot 3)
2026-01-21 15:13:46,634 - [INFO] - [SYNC] Added entity 4 (Bot 4)
2026-01-21 15:13:46,634 - [INFO] - [SYNC] Added entity 5 (Bot 5)
2026-01-21 15:13:46,634 - [INFO] - [SYNC] Added entity 6 (Bot 6)
2026-01-21 15:13:46,634 - [INFO] - [SYNC] Added entity 7 (Bot 7)
2026-01-21 15:13:46,635 - [INFO] - [SYNC] Added entity 8 (Bot 8)
2026-01-21 15:13:46,636 - [INFO] - [SYNC] Added entity 9 (Bot 9)
2026-01-21 15:13:46,636 - [INFO] - [SYNC] Added entity 10 (Bot 10)
2026-01-21 15:13:46,636 - [INFO] - [SYNC] Added entity 11 (Bot 11)
2026-01-21 15:13:46,636 - [INFO] - [SYNC] Added entity 12 (Bot 12)
2026-01-21 15:13:46,636 - [INFO] - [SYNC] Added entity 0 (Player 1)
2026-01-21 15:13:46,636 - [INFO] - [SYNC] Added entity 1 (Bot 1)
2026-01-21 15:13:46,636 - [INFO] - [SYNC] Added entity 2 (Bot 2)
2026-01-21 15:13:46,637 - [INFO] - [SYNC] Added entity 3 (Bot 3)
2026-01-21 15:13:46,637 - [INFO] - [SYNC] Added entity 4 (Bot 4)
2026-01-21 15:13:46,637 - [INFO] - [SYNC] Added entity 5 (Bot 5)
2026-01-21 15:13:46,639 - [INFO] - [SYNC] Added entity 6 (Bot 6)
2026-01-21 15:13:46,639 - [INFO] - [SYNC] Added entity 7 (Bot 7)
2026-01-21 15:13:46,639 - [INFO] - [SYNC] Added entity 8 (Bot 8)
2026-01-21 15:13:46,639 - [INFO] - [SYNC] Added entity 9 (Bot 9)
2026-01-21 15:13:46,639 - [INFO] - [SYNC] Added entity 10 (Bot 10)
2026-01-21 15:13:46,639 - [INFO] - [SYNC] Added entity 11 (Bot 11)
2026-01-21 15:13:46,641 - [INFO] - [SYNC] Added entity 12 (Bot 12)
2026-01-21 15:13:46,641 - [INFO] - [SYNC] Added entity 13 (Bot 13)
2026-01-21 15:13:46,641 - [INFO] - [SYNC] Added entity 0 (Player 1)
2026-01-21 15:13:46,641 - [INFO] - [SYNC] Added entity 1 (Bot 1)
2026-01-21 15:13:46,641 - [INFO] - [SYNC] Added entity 2 (Bot 2)
2026-01-21 15:13:46,641 - [INFO] - [SYNC] Added entity 3 (Bot 3)
2026-01-21 15:13:46,641 - [INFO] - [SYNC] Added entity 4 (Bot 4)
2026-01-21 15:13:46,641 - [INFO] - [SYNC] Added entity 5 (Bot 5)
2026-01-21 15:13:46,641 - [INFO] - [SYNC] Added entity 6 (Bot 6)
2026-01-21 15:13:46,641 - [INFO] - [SYNC] Added entity 7 (Bot 7)
2026-01-21 15:13:46,641 - [INFO] - [SYNC] Added entity 8 (Bot 8)
2026-01-21 15:13:46,642 - [INFO] - [SYNC] Added entity 9 (Bot 9)
2026-01-21 15:13:46,642 - [INFO] - [SYNC] Added entity 10 (Bot 10)
2026-01-21 15:13:46,642 - [INFO] - [SYNC] Added entity 11 (Bot 11)
2026-01-21 15:13:46,643 - [INFO] - [SYNC] Added entity 12 (Bot 12)
2026-01-21 15:13:46,643 - [INFO] - [SYNC] Added entity 13 (Bot 13)
2026-01-21 15:13:46,643 - [INFO] - [SYNC] Added entity 14 (Bot 14)
2026-01-21 15:13:46,643 - [INFO] - [SYNC] Added entity 0 (Player 1)
2026-01-21 15:13:46,643 - [INFO] - [SYNC] Added entity 1 (Bot 1)
2026-01-21 15:13:46,643 - [INFO] - [SYNC] Added entity 2 (Bot 2)
2026-01-21 15:13:46,643 - [INFO] - [SYNC] Added entity 3 (Bot 3)
2026-01-21 15:13:46,643 - [INFO] - [SYNC] Added entity 4 (Bot 4)
2026-01-21 15:13:46,644 - [INFO] - [SYNC] Added entity 5 (Bot 5)
2026-01-21 15:13:46,645 - [INFO] - [SYNC] Added entity 6 (Bot 6)
2026-01-21 15:13:46,645 - [INFO] - [SYNC] Added entity 7 (Bot 7)
2026-01-21 15:13:46,645 - [INFO] - [SYNC] Added entity 8 (Bot 8)
2026-01-21 15:13:46,645 - [INFO] - [SYNC] Added entity 9 (Bot 9)
2026-01-21 15:13:46,645 - [INFO] - [SYNC] Added entity 10 (Bot 10)
2026-01-21 15:13:46,645 - [INFO] - [SYNC] Added entity 11 (Bot 11)
2026-01-21 15:13:46,645 - [INFO] - [SYNC] Added entity 12 (Bot 12)
2026-01-21 15:13:46,645 - [INFO] - [SYNC] Added entity 13 (Bot 13)
2026-01-21 15:13:46,645 - [INFO] - [SYNC] Added entity 14 (Bot 14)
2026-01-21 15:13:46,645 - [INFO] - [SYNC] Added entity 15 (Bot 15)
2026-01-21 15:13:46,726 - [INFO] - [NET] GAME_START: Syncing 16 entities.
2026-01-21 15:13:46,729 - [INFO] - [BOT_AI] [Player 1] Synchronizing role: CITIZEN -> POLICE
2026-01-21 15:13:46,729 - [INFO] - [BOT_AI] [Player 1] AI Tree rebuilt for POLICE(None)
2026-01-21 15:13:46,729 - [INFO] - [SYNC_SUCCESS] Synced Player 1: POLICE
2026-01-21 15:13:46,729 - [INFO] - [BOT_AI] [Bot 1] Synchronizing role: RANDOM -> MINER
2026-01-21 15:13:46,729 - [INFO] - [BOT_AI] [Bot 1] AI Tree rebuilt for CITIZEN(MINER)
2026-01-21 15:13:46,729 - [INFO] - [SYNC_SUCCESS] Synced Bot 1: MINER
2026-01-21 15:13:46,729 - [INFO] - [BOT_AI] [Bot 2] Synchronizing role: RANDOM -> DOCTOR
2026-01-21 15:13:46,730 - [INFO] - [BOT_AI] [Bot 2] AI Tree rebuilt for DOCTOR(None)
2026-01-21 15:13:46,731 - [INFO] - [SYNC_SUCCESS] Synced Bot 2: DOCTOR
2026-01-21 15:13:46,731 - [INFO] - [BOT_AI] [Bot 3] Synchronizing role: RANDOM -> FARMER
2026-01-21 15:13:46,731 - [INFO] - [BOT_AI] [Bot 3] AI Tree rebuilt for CITIZEN(FARMER)
2026-01-21 15:13:46,731 - [INFO] - [SYNC_SUCCESS] Synced Bot 3: FARMER
2026-01-21 15:13:46,731 - [INFO] - [BOT_AI] [Bot 4] Synchronizing role: RANDOM -> DOCTOR
2026-01-21 15:13:46,737 - [INFO] - [BOT_AI] [Bot 4] AI Tree rebuilt for DOCTOR(None)
2026-01-21 15:13:46,738 - [INFO] - [SYNC_SUCCESS] Synced Bot 4: DOCTOR
2026-01-21 15:13:46,738 - [INFO] - [BOT_AI] [Bot 5] Synchronizing role: RANDOM -> FISHER
2026-01-21 15:13:46,738 - [INFO] - [BOT_AI] [Bot 5] AI Tree rebuilt for CITIZEN(FISHER)
2026-01-21 15:13:46,738 - [INFO] - [SYNC_SUCCESS] Synced Bot 5: FISHER
2026-01-21 15:13:46,739 - [INFO] - [BOT_AI] [Bot 6] Synchronizing role: RANDOM -> DOCTOR
2026-01-21 15:13:46,739 - [INFO] - [BOT_AI] [Bot 6] AI Tree rebuilt for DOCTOR(None)
2026-01-21 15:13:46,739 - [INFO] - [SYNC_SUCCESS] Synced Bot 6: DOCTOR
2026-01-21 15:13:46,744 - [INFO] - [BOT_AI] [Bot 7] Synchronizing role: RANDOM -> POLICE
2026-01-21 15:13:46,748 - [INFO] - [BOT_AI] [Bot 7] AI Tree rebuilt for POLICE(None)
2026-01-21 15:13:46,749 - [INFO] - [SYNC_SUCCESS] Synced Bot 7: POLICE
2026-01-21 15:13:46,749 - [INFO] - [BOT_AI] [Bot 8] Synchronizing role: RANDOM -> DOCTOR
2026-01-21 15:13:46,749 - [INFO] - [BOT_AI] [Bot 8] AI Tree rebuilt for DOCTOR(None)
2026-01-21 15:13:46,749 - [INFO] - [SYNC_SUCCESS] Synced Bot 8: DOCTOR
2026-01-21 15:13:46,749 - [INFO] - [BOT_AI] [Bot 9] Synchronizing role: RANDOM -> FARMER
2026-01-21 15:13:46,749 - [INFO] - [BOT_AI] [Bot 9] AI Tree rebuilt for CITIZEN(FARMER)
2026-01-21 15:13:46,749 - [INFO] - [SYNC_SUCCESS] Synced Bot 9: FARMER
2026-01-21 15:13:46,750 - [INFO] - [BOT_AI] [Bot 10] Synchronizing role: RANDOM -> DOCTOR
2026-01-21 15:13:46,755 - [INFO] - [BOT_AI] [Bot 10] AI Tree rebuilt for DOCTOR(None)
2026-01-21 15:13:46,755 - [INFO] - [SYNC_SUCCESS] Synced Bot 10: DOCTOR
2026-01-21 15:13:46,755 - [INFO] - [BOT_AI] [Bot 11] Synchronizing role: RANDOM -> MINER
2026-01-21 15:13:46,755 - [INFO] - [BOT_AI] [Bot 11] AI Tree rebuilt for CITIZEN(MINER)
2026-01-21 15:13:46,755 - [INFO] - [SYNC_SUCCESS] Synced Bot 11: MINER
2026-01-21 15:13:46,761 - [INFO] - [BOT_AI] [Bot 12] Synchronizing role: RANDOM -> MAFIA
2026-01-21 15:13:46,765 - [INFO] - [BOT_AI] [Bot 12] AI Tree rebuilt for MAFIA(None)
2026-01-21 15:13:46,765 - [INFO] - [SYNC_SUCCESS] Synced Bot 12: MAFIA
2026-01-21 15:13:46,765 - [INFO] - [BOT_AI] [Bot 13] Synchronizing role: RANDOM -> MINER
2026-01-21 15:13:46,765 - [INFO] - [BOT_AI] [Bot 13] AI Tree rebuilt for CITIZEN(MINER)
2026-01-21 15:13:46,765 - [INFO] - [SYNC_SUCCESS] Synced Bot 13: MINER
2026-01-21 15:13:46,765 - [INFO] - [BOT_AI] [Bot 14] Synchronizing role: RANDOM -> DOCTOR
2026-01-21 15:13:46,765 - [INFO] - [BOT_AI] [Bot 14] AI Tree rebuilt for DOCTOR(None)
2026-01-21 15:13:46,765 - [INFO] - [SYNC_SUCCESS] Synced Bot 14: DOCTOR
2026-01-21 15:13:46,765 - [INFO] - [BOT_AI] [Bot 15] Synchronizing role: RANDOM -> POLICE
2026-01-21 15:13:46,771 - [INFO] - [BOT_AI] [Bot 15] AI Tree rebuilt for POLICE(None)
2026-01-21 15:13:46,771 - [INFO] - [SYNC_SUCCESS] Synced Bot 15: POLICE
2026-01-21 15:13:46,771 - [INFO] - [BOT_AI] [Bot 1] Synchronizing role: CITIZEN -> MINER
2026-01-21 15:13:46,771 - [INFO] - [BOT_AI] [Bot 1] AI Tree rebuilt for CITIZEN(MINER)
2026-01-21 15:13:46,771 - [INFO] - [REALTIME_SYNC] Entity Bot 1 -> MINER
2026-01-21 15:13:46,771 - [INFO] - [BOT_AI] [Bot 3] Synchronizing role: CITIZEN -> FARMER
2026-01-21 15:13:46,777 - [INFO] - [BOT_AI] [Bot 3] AI Tree rebuilt for CITIZEN(FARMER)
2026-01-21 15:13:46,781 - [INFO] - [REALTIME_SYNC] Entity Bot 3 -> FARMER
2026-01-21 15:13:46,781 - [INFO] - [BOT_AI] [Bot 5] Synchronizing role: CITIZEN -> FISHER
2026-01-21 15:13:46,781 - [INFO] - [BOT_AI] [Bot 5] AI Tree rebuilt for CITIZEN(FISHER)
2026-01-21 15:13:46,781 - [INFO] - [REALTIME_SYNC] Entity Bot 5 -> FISHER
2026-01-21 15:13:46,781 - [INFO] - [BOT_AI] [Bot 9] Synchronizing role: CITIZEN -> FARMER
2026-01-21 15:13:46,781 - [INFO] - [BOT_AI] [Bot 9] AI Tree rebuilt for CITIZEN(FARMER)
2026-01-21 15:13:46,781 - [INFO] - [REALTIME_SYNC] Entity Bot 9 -> FARMER
2026-01-21 15:13:46,787 - [INFO] - [BOT_AI] [Bot 11] Synchronizing role: CITIZEN -> MINER
2026-01-21 15:13:46,787 - [INFO] - [BOT_AI] [Bot 11] AI Tree rebuilt for CITIZEN(MINER)
2026-01-21 15:13:46,787 - [INFO] - [REALTIME_SYNC] Entity Bot 11 -> MINER
2026-01-21 15:13:46,787 - [INFO] - [BOT_AI] [Bot 13] Synchronizing role: CITIZEN -> MINER
2026-01-21 15:13:46,787 - [INFO] - [BOT_AI] [Bot 13] AI Tree rebuilt for CITIZEN(MINER)
2026-01-21 15:13:46,792 - [INFO] - [REALTIME_SYNC] Entity Bot 13 -> MINER
2026-01-21 15:13:47,669 - [INFO] - [BOT_AI] [Bot 1] Synchronizing role: CITIZEN -> MINER
2026-01-21 15:13:47,676 - [INFO] - [BOT_AI] [Bot 1] AI Tree rebuilt for CITIZEN(MINER)
2026-01-21 15:13:47,676 - [INFO] - [REALTIME_SYNC] Entity Bot 1 -> MINER
2026-01-21 15:13:47,676 - [INFO] - [BOT_AI] [Bot 3] Synchronizing role: CITIZEN -> FARMER
2026-01-21 15:13:47,676 - [INFO] - [BOT_AI] [Bot 3] AI Tree rebuilt for CITIZEN(FARMER)
2026-01-21 15:13:47,676 - [INFO] - [REALTIME_SYNC] Entity Bot 3 -> FARMER
2026-01-21 15:13:47,676 - [INFO] - [BOT_AI] [Bot 5] Synchronizing role: CITIZEN -> FISHER
2026-01-21 15:13:47,676 - [INFO] - [BOT_AI] [Bot 5] AI Tree rebuilt for CITIZEN(FISHER)
2026-01-21 15:13:47,676 - [INFO] - [REALTIME_SYNC] Entity Bot 5 -> FISHER
2026-01-21 15:13:47,676 - [INFO] - [BOT_AI] [Bot 9] Synchronizing role: CITIZEN -> FARMER
2026-01-21 15:13:47,676 - [INFO] - [BOT_AI] [Bot 9] AI Tree rebuilt for CITIZEN(FARMER)
2026-01-21 15:13:47,677 - [INFO] - [REALTIME_SYNC] Entity Bot 9 -> FARMER
2026-01-21 15:13:47,677 - [INFO] - [BOT_AI] [Bot 11] Synchronizing role: CITIZEN -> MINER
2026-01-21 15:13:47,677 - [INFO] - [BOT_AI] [Bot 11] AI Tree rebuilt for CITIZEN(MINER)
2026-01-21 15:13:47,677 - [INFO] - [REALTIME_SYNC] Entity Bot 11 -> MINER
2026-01-21 15:13:47,677 - [INFO] - [BOT_AI] [Bot 13] Synchronizing role: CITIZEN -> MINER
2026-01-21 15:13:47,677 - [INFO] - [BOT_AI] [Bot 13] AI Tree rebuilt for CITIZEN(MINER)
2026-01-21 15:13:47,677 - [INFO] - [REALTIME_SYNC] Entity Bot 13 -> MINER
2026-01-21 15:13:48,668 - [INFO] - [BOT_AI] [Bot 1] Synchronizing role: CITIZEN -> MINER
2026-01-21 15:13:48,674 - [INFO] - [BOT_AI] [Bot 1] AI Tree rebuilt for CITIZEN(MINER)
2026-01-21 15:13:48,680 - [INFO] - [REALTIME_SYNC] Entity Bot 1 -> MINER
2026-01-21 15:13:48,685 - [INFO] - [BOT_AI] [Bot 3] Synchronizing role: CITIZEN -> FARMER
2026-01-21 15:13:48,685 - [INFO] - [BOT_AI] [Bot 3] AI Tree rebuilt for CITIZEN(FARMER)
2026-01-21 15:13:48,685 - [INFO] - [REALTIME_SYNC] Entity Bot 3 -> FARMER
2026-01-21 15:13:48,685 - [INFO] - [BOT_AI] [Bot 5] Synchronizing role: CITIZEN -> FISHER
2026-01-21 15:13:48,686 - [INFO] - [BOT_AI] [Bot 5] AI Tree rebuilt for CITIZEN(FISHER)
2026-01-21 15:13:48,686 - [INFO] - [REALTIME_SYNC] Entity Bot 5 -> FISHER
2026-01-21 15:13:48,686 - [INFO] - [BOT_AI] [Bot 9] Synchronizing role: CITIZEN -> FARMER
2026-01-21 15:13:48,686 - [INFO] - [BOT_AI] [Bot 9] AI Tree rebuilt for CITIZEN(FARMER)
2026-01-21 15:13:48,686 - [INFO] - [REALTIME_SYNC] Entity Bot 9 -> FARMER
2026-01-21 15:13:48,686 - [INFO] - [BOT_AI] [Bot 11] Synchronizing role: CITIZEN -> MINER
2026-01-21 15:13:48,686 - [INFO] - [BOT_AI] [Bot 11] AI Tree rebuilt for CITIZEN(MINER)
2026-01-21 15:13:48,686 - [INFO] - [REALTIME_SYNC] Entity Bot 11 -> MINER
2026-01-21 15:13:48,686 - [INFO] - [BOT_AI] [Bot 13] Synchronizing role: CITIZEN -> MINER
2026-01-21 15:13:48,686 - [INFO] - [BOT_AI] [Bot 13] AI Tree rebuilt for CITIZEN(MINER)
2026-01-21 15:13:48,687 - [INFO] - [REALTIME_SYNC] Entity Bot 13 -> MINER
2026-01-21 15:13:49,716 - [INFO] - [BOT_AI] [Bot 1] Synchronizing role: CITIZEN -> MINER
2026-01-21 15:13:49,722 - [INFO] - [BOT_AI] [Bot 1] AI Tree rebuilt for CITIZEN(MINER)
2026-01-21 15:13:49,728 - [INFO] - [REALTIME_SYNC] Entity Bot 1 -> MINER
2026-01-21 15:13:49,733 - [INFO] - [BOT_AI] [Bot 3] Synchronizing role: CITIZEN -> FARMER
2026-01-21 15:13:49,738 - [INFO] - [BOT_AI] [Bot 3] AI Tree rebuilt for CITIZEN(FARMER)
2026-01-21 15:13:49,743 - [INFO] - [REALTIME_SYNC] Entity Bot 3 -> FARMER
2026-01-21 15:13:49,749 - [INFO] - [BOT_AI] [Bot 5] Synchronizing role: CITIZEN -> FISHER
2026-01-21 15:13:49,755 - [INFO] - [BOT_AI] [Bot 5] AI Tree rebuilt for CITIZEN(FISHER)
2026-01-21 15:13:49,761 - [INFO] - [REALTIME_SYNC] Entity Bot 5 -> FISHER
2026-01-21 15:13:49,766 - [INFO] - [BOT_AI] [Bot 9] Synchronizing role: CITIZEN -> FARMER
2026-01-21 15:13:49,771 - [INFO] - [BOT_AI] [Bot 9] AI Tree rebuilt for CITIZEN(FARMER)
2026-01-21 15:13:49,777 - [INFO] - [REALTIME_SYNC] Entity Bot 9 -> FARMER
2026-01-21 15:13:49,777 - [INFO] - [BOT_AI] [Bot 11] Synchronizing role: CITIZEN -> MINER
2026-01-21 15:13:49,777 - [INFO] - [BOT_AI] [Bot 11] AI Tree rebuilt for CITIZEN(MINER)
2026-01-21 15:13:49,777 - [INFO] - [REALTIME_SYNC] Entity Bot 11 -> MINER
2026-01-21 15:13:49,777 - [INFO] - [BOT_AI] [Bot 13] Synchronizing role: CITIZEN -> MINER
2026-01-21 15:13:49,777 - [INFO] - [BOT_AI] [Bot 13] AI Tree rebuilt for CITIZEN(MINER)
2026-01-21 15:13:49,777 - [INFO] - [REALTIME_SYNC] Entity Bot 13 -> MINER
2026-01-21 15:13:50,666 - [INFO] - [BOT_AI] [Bot 1] Synchronizing role: CITIZEN -> MINER
2026-01-21 15:13:50,672 - [INFO] - [BOT_AI] [Bot 1] AI Tree rebuilt for CITIZEN(MINER)
2026-01-21 15:13:50,677 - [INFO] - [REALTIME_SYNC] Entity Bot 1 -> MINER
2026-01-21 15:13:50,682 - [INFO] - [BOT_AI] [Bot 3] Synchronizing role: CITIZEN -> FARMER
2026-01-21 15:13:50,688 - [INFO] - [BOT_AI] [Bot 3] AI Tree rebuilt for CITIZEN(FARMER)
2026-01-21 15:13:50,694 - [INFO] - [REALTIME_SYNC] Entity Bot 3 -> FARMER
2026-01-21 15:13:50,694 - [INFO] - [BOT_AI] [Bot 5] Synchronizing role: CITIZEN -> FISHER
2026-01-21 15:13:50,694 - [INFO] - [BOT_AI] [Bot 5] AI Tree rebuilt for CITIZEN(FISHER)
2026-01-21 15:13:50,694 - [INFO] - [REALTIME_SYNC] Entity Bot 5 -> FISHER
2026-01-21 15:13:50,694 - [INFO] - [BOT_AI] [Bot 9] Synchronizing role: CITIZEN -> FARMER
2026-01-21 15:13:50,694 - [INFO] - [BOT_AI] [Bot 9] AI Tree rebuilt for CITIZEN(FARMER)
2026-01-21 15:13:50,694 - [INFO] - [REALTIME_SYNC] Entity Bot 9 -> FARMER
2026-01-21 15:13:50,694 - [INFO] - [BOT_AI] [Bot 11] Synchronizing role: CITIZEN -> MINER
2026-01-21 15:13:50,695 - [INFO] - [BOT_AI] [Bot 11] AI Tree rebuilt for CITIZEN(MINER)
2026-01-21 15:13:50,695 - [INFO] - [REALTIME_SYNC] Entity Bot 11 -> MINER
2026-01-21 15:13:50,695 - [INFO] - [BOT_AI] [Bot 13] Synchronizing role: CITIZEN -> MINER
2026-01-21 15:13:50,695 - [INFO] - [BOT_AI] [Bot 13] AI Tree rebuilt for CITIZEN(MINER)
2026-01-21 15:13:50,695 - [INFO] - [REALTIME_SYNC] Entity Bot 13 -> MINER
2026-01-21 15:13:51,671 - [INFO] - [BOT_AI] [Bot 1] Synchronizing role: CITIZEN -> MINER
2026-01-21 15:13:51,676 - [INFO] - [BOT_AI] [Bot 1] AI Tree rebuilt for CITIZEN(MINER)
2026-01-21 15:13:51,681 - [INFO] - [REALTIME_SYNC] Entity Bot 1 -> MINER
2026-01-21 15:13:51,681 - [INFO] - [BOT_AI] [Bot 3] Synchronizing role: CITIZEN -> FARMER
2026-01-21 15:13:51,681 - [INFO] - [BOT_AI] [Bot 3] AI Tree rebuilt for CITIZEN(FARMER)
2026-01-21 15:13:51,682 - [INFO] - [REALTIME_SYNC] Entity Bot 3 -> FARMER
2026-01-21 15:13:51,682 - [INFO] - [BOT_AI] [Bot 5] Synchronizing role: CITIZEN -> FISHER
2026-01-21 15:13:51,682 - [INFO] - [BOT_AI] [Bot 5] AI Tree rebuilt for CITIZEN(FISHER)
2026-01-21 15:13:51,682 - [INFO] - [REALTIME_SYNC] Entity Bot 5 -> FISHER
2026-01-21 15:13:51,682 - [INFO] - [BOT_AI] [Bot 9] Synchronizing role: CITIZEN -> FARMER
2026-01-21 15:13:51,682 - [INFO] - [BOT_AI] [Bot 9] AI Tree rebuilt for CITIZEN(FARMER)
2026-01-21 15:13:51,682 - [INFO] - [REALTIME_SYNC] Entity Bot 9 -> FARMER
2026-01-21 15:13:51,682 - [INFO] - [BOT_AI] [Bot 11] Synchronizing role: CITIZEN -> MINER
2026-01-21 15:13:51,682 - [INFO] - [BOT_AI] [Bot 11] AI Tree rebuilt for CITIZEN(MINER)
2026-01-21 15:13:51,682 - [INFO] - [REALTIME_SYNC] Entity Bot 11 -> MINER
2026-01-21 15:13:51,683 - [INFO] - [BOT_AI] [Bot 13] Synchronizing role: CITIZEN -> MINER
2026-01-21 15:13:51,691 - [INFO] - [BOT_AI] [Bot 13] AI Tree rebuilt for CITIZEN(MINER)
2026-01-21 15:13:51,691 - [INFO] - [REALTIME_SYNC] Entity Bot 13 -> MINER
2026-01-21 15:13:52,682 - [INFO] - [BOT_AI] [Bot 1] Synchronizing role: CITIZEN -> MINER
2026-01-21 15:13:52,687 - [INFO] - [BOT_AI] [Bot 1] AI Tree rebuilt for CITIZEN(MINER)
2026-01-21 15:13:52,692 - [INFO] - [REALTIME_SYNC] Entity Bot 1 -> MINER
2026-01-21 15:13:52,695 - [INFO] - [BOT_AI] [Bot 3] Synchronizing role: CITIZEN -> FARMER
2026-01-21 15:13:52,695 - [INFO] - [BOT_AI] [Bot 3] AI Tree rebuilt for CITIZEN(FARMER)
2026-01-21 15:13:52,695 - [INFO] - [REALTIME_SYNC] Entity Bot 3 -> FARMER
2026-01-21 15:13:52,695 - [INFO] - [BOT_AI] [Bot 5] Synchronizing role: CITIZEN -> FISHER
2026-01-21 15:13:52,695 - [INFO] - [BOT_AI] [Bot 5] AI Tree rebuilt for CITIZEN(FISHER)
2026-01-21 15:13:52,695 - [INFO] - [REALTIME_SYNC] Entity Bot 5 -> FISHER
2026-01-21 15:13:52,695 - [INFO] - [BOT_AI] [Bot 9] Synchronizing role: CITIZEN -> FARMER
2026-01-21 15:13:52,695 - [INFO] - [BOT_AI] [Bot 9] AI Tree rebuilt for CITIZEN(FARMER)
2026-01-21 15:13:52,696 - [INFO] - [REALTIME_SYNC] Entity Bot 9 -> FARMER
2026-01-21 15:13:52,696 - [INFO] - [BOT_AI] [Bot 11] Synchronizing role: CITIZEN -> MINER
2026-01-21 15:13:52,696 - [INFO] - [BOT_AI] [Bot 11] AI Tree rebuilt for CITIZEN(MINER)
2026-01-21 15:13:52,696 - [INFO] - [REALTIME_SYNC] Entity Bot 11 -> MINER
2026-01-21 15:13:52,696 - [INFO] - [BOT_AI] [Bot 13] Synchronizing role: CITIZEN -> MINER
2026-01-21 15:13:52,696 - [INFO] - [BOT_AI] [Bot 13] AI Tree rebuilt for CITIZEN(MINER)
2026-01-21 15:13:52,696 - [INFO] - [REALTIME_SYNC] Entity Bot 13 -> MINER
2026-01-21 15:13:53,658 - [INFO] - [SYSTEM] Engine Shutting Down
